[2025-05-07T19:33:00.596+0000] {taskinstance.py:1956} INFO - Dependencies all met for dep_context=non-requeueable deps ti=<TaskInstance: Simple_Corona_project.Spark_Processing manual__2025-05-07T19:32:57.875619+00:00 [queued]>
[2025-05-07T19:33:00.603+0000] {taskinstance.py:1956} INFO - Dependencies all met for dep_context=requeueable deps ti=<TaskInstance: Simple_Corona_project.Spark_Processing manual__2025-05-07T19:32:57.875619+00:00 [queued]>
[2025-05-07T19:33:00.604+0000] {taskinstance.py:2170} INFO - Starting attempt 1 of 1
[2025-05-07T19:33:00.615+0000] {taskinstance.py:2191} INFO - Executing <Task(BashOperator): Spark_Processing> on 2025-05-07 19:32:57.875619+00:00
[2025-05-07T19:33:00.619+0000] {standard_task_runner.py:60} INFO - Started process 313 to run task
[2025-05-07T19:33:00.622+0000] {standard_task_runner.py:87} INFO - Running: ['***', 'tasks', 'run', 'Simple_Corona_project', 'Spark_Processing', 'manual__2025-05-07T19:32:57.875619+00:00', '--job-id', '35', '--raw', '--subdir', 'DAGS_FOLDER/Project_tasks2.py', '--cfg-path', '/tmp/tmpxuchzcma']
[2025-05-07T19:33:00.623+0000] {standard_task_runner.py:88} INFO - Job 35: Subtask Spark_Processing
[2025-05-07T19:33:00.663+0000] {task_command.py:423} INFO - Running <TaskInstance: Simple_Corona_project.Spark_Processing manual__2025-05-07T19:32:57.875619+00:00 [running]> on host 1a616c0a8036
[2025-05-07T19:33:00.728+0000] {taskinstance.py:2480} INFO - Exporting env vars: AIRFLOW_CTX_DAG_OWNER='***' AIRFLOW_CTX_DAG_ID='Simple_Corona_project' AIRFLOW_CTX_TASK_ID='Spark_Processing' AIRFLOW_CTX_EXECUTION_DATE='2025-05-07T19:32:57.875619+00:00' AIRFLOW_CTX_TRY_NUMBER='1' AIRFLOW_CTX_DAG_RUN_ID='manual__2025-05-07T19:32:57.875619+00:00'
[2025-05-07T19:33:00.730+0000] {subprocess.py:63} INFO - Tmp dir root location: /tmp
[2025-05-07T19:33:00.731+0000] {subprocess.py:75} INFO - Running command: ['/usr/bin/bash', '-c', '\n        cd /opt/***/dags/CoronaProj/\n        spark-submit --jars "postgresql-42.7.5.jar" Spark_script_process.py']
[2025-05-07T19:33:00.738+0000] {subprocess.py:86} INFO - Output:
[2025-05-07T19:33:02.460+0000] {subprocess.py:93} INFO - 25/05/07 19:33:02 WARN NativeCodeLoader: Unable to load native-hadoop library for your platform... using builtin-java classes where applicable
[2025-05-07T19:33:03.408+0000] {subprocess.py:93} INFO - 25/05/07 19:33:03 INFO SparkContext: Running Spark version 3.5.5
[2025-05-07T19:33:03.408+0000] {subprocess.py:93} INFO - 25/05/07 19:33:03 INFO SparkContext: OS info Linux, 5.15.153.1-microsoft-standard-WSL2, amd64
[2025-05-07T19:33:03.409+0000] {subprocess.py:93} INFO - 25/05/07 19:33:03 INFO SparkContext: Java version 17.0.14
[2025-05-07T19:33:03.435+0000] {subprocess.py:93} INFO - 25/05/07 19:33:03 INFO ResourceUtils: ==============================================================
[2025-05-07T19:33:03.436+0000] {subprocess.py:93} INFO - 25/05/07 19:33:03 INFO ResourceUtils: No custom resources configured for spark.driver.
[2025-05-07T19:33:03.436+0000] {subprocess.py:93} INFO - 25/05/07 19:33:03 INFO ResourceUtils: ==============================================================
[2025-05-07T19:33:03.436+0000] {subprocess.py:93} INFO - 25/05/07 19:33:03 INFO SparkContext: Submitted application: CoronaProj
[2025-05-07T19:33:03.455+0000] {subprocess.py:93} INFO - 25/05/07 19:33:03 INFO ResourceProfile: Default ResourceProfile created, executor resources: Map(cores -> name: cores, amount: 1, script: , vendor: , memory -> name: memory, amount: 1024, script: , vendor: , offHeap -> name: offHeap, amount: 0, script: , vendor: ), task resources: Map(cpus -> name: cpus, amount: 1.0)
[2025-05-07T19:33:03.462+0000] {subprocess.py:93} INFO - 25/05/07 19:33:03 INFO ResourceProfile: Limiting resource is cpu
[2025-05-07T19:33:03.463+0000] {subprocess.py:93} INFO - 25/05/07 19:33:03 INFO ResourceProfileManager: Added ResourceProfile id: 0
[2025-05-07T19:33:03.521+0000] {subprocess.py:93} INFO - 25/05/07 19:33:03 INFO SecurityManager: Changing view acls to: ***
[2025-05-07T19:33:03.522+0000] {subprocess.py:93} INFO - 25/05/07 19:33:03 INFO SecurityManager: Changing modify acls to: ***
[2025-05-07T19:33:03.522+0000] {subprocess.py:93} INFO - 25/05/07 19:33:03 INFO SecurityManager: Changing view acls groups to:
[2025-05-07T19:33:03.522+0000] {subprocess.py:93} INFO - 25/05/07 19:33:03 INFO SecurityManager: Changing modify acls groups to:
[2025-05-07T19:33:03.523+0000] {subprocess.py:93} INFO - 25/05/07 19:33:03 INFO SecurityManager: SecurityManager: authentication disabled; ui acls disabled; users with view permissions: ***; groups with view permissions: EMPTY; users with modify permissions: ***; groups with modify permissions: EMPTY
[2025-05-07T19:33:03.742+0000] {subprocess.py:93} INFO - 25/05/07 19:33:03 INFO Utils: Successfully started service 'sparkDriver' on port 40705.
[2025-05-07T19:33:03.774+0000] {subprocess.py:93} INFO - 25/05/07 19:33:03 INFO SparkEnv: Registering MapOutputTracker
[2025-05-07T19:33:03.810+0000] {subprocess.py:93} INFO - 25/05/07 19:33:03 INFO SparkEnv: Registering BlockManagerMaster
[2025-05-07T19:33:03.831+0000] {subprocess.py:93} INFO - 25/05/07 19:33:03 INFO BlockManagerMasterEndpoint: Using org.apache.spark.storage.DefaultTopologyMapper for getting topology information
[2025-05-07T19:33:03.832+0000] {subprocess.py:93} INFO - 25/05/07 19:33:03 INFO BlockManagerMasterEndpoint: BlockManagerMasterEndpoint up
[2025-05-07T19:33:03.836+0000] {subprocess.py:93} INFO - 25/05/07 19:33:03 INFO SparkEnv: Registering BlockManagerMasterHeartbeat
[2025-05-07T19:33:03.865+0000] {subprocess.py:93} INFO - 25/05/07 19:33:03 INFO DiskBlockManager: Created local directory at /tmp/blockmgr-fd087377-8ccc-4d5e-b650-349ebd4507b4
[2025-05-07T19:33:03.889+0000] {subprocess.py:93} INFO - 25/05/07 19:33:03 INFO MemoryStore: MemoryStore started with capacity 434.4 MiB
[2025-05-07T19:33:03.904+0000] {subprocess.py:93} INFO - 25/05/07 19:33:03 INFO SparkEnv: Registering OutputCommitCoordinator
[2025-05-07T19:33:04.056+0000] {subprocess.py:93} INFO - 25/05/07 19:33:04 INFO JettyUtils: Start Jetty 0.0.0.0:4040 for SparkUI
[2025-05-07T19:33:04.117+0000] {subprocess.py:93} INFO - 25/05/07 19:33:04 INFO Utils: Successfully started service 'SparkUI' on port 4040.
[2025-05-07T19:33:04.172+0000] {subprocess.py:93} INFO - 25/05/07 19:33:04 ERROR SparkContext: Failed to add E:/Projects/Mini Practice Project Data Pipeline with ETL to Spark environment
[2025-05-07T19:33:04.173+0000] {subprocess.py:93} INFO - java.io.FileNotFoundException: Jar /opt/***/dags/CoronaProj/E:/Projects/Mini Practice Project Data Pipeline with ETL not found
[2025-05-07T19:33:04.173+0000] {subprocess.py:93} INFO - 	at org.apache.spark.SparkContext.addLocalJarFile$1(SparkContext.scala:2095)
[2025-05-07T19:33:04.174+0000] {subprocess.py:93} INFO - 	at org.apache.spark.SparkContext.addJar(SparkContext.scala:2151)
[2025-05-07T19:33:04.174+0000] {subprocess.py:93} INFO - 	at org.apache.spark.SparkContext.$anonfun$new$15(SparkContext.scala:521)
[2025-05-07T19:33:04.174+0000] {subprocess.py:93} INFO - 	at org.apache.spark.SparkContext.$anonfun$new$15$adapted(SparkContext.scala:521)
[2025-05-07T19:33:04.175+0000] {subprocess.py:93} INFO - 	at scala.collection.mutable.ResizableArray.foreach(ResizableArray.scala:62)
[2025-05-07T19:33:04.175+0000] {subprocess.py:93} INFO - 	at scala.collection.mutable.ResizableArray.foreach$(ResizableArray.scala:55)
[2025-05-07T19:33:04.175+0000] {subprocess.py:93} INFO - 	at scala.collection.mutable.ArrayBuffer.foreach(ArrayBuffer.scala:49)
[2025-05-07T19:33:04.176+0000] {subprocess.py:93} INFO - 	at org.apache.spark.SparkContext.<init>(SparkContext.scala:521)
[2025-05-07T19:33:04.176+0000] {subprocess.py:93} INFO - 	at org.apache.spark.api.java.JavaSparkContext.<init>(JavaSparkContext.scala:58)
[2025-05-07T19:33:04.176+0000] {subprocess.py:93} INFO - 	at java.base/jdk.internal.reflect.NativeConstructorAccessorImpl.newInstance0(Native Method)
[2025-05-07T19:33:04.177+0000] {subprocess.py:93} INFO - 	at java.base/jdk.internal.reflect.NativeConstructorAccessorImpl.newInstance(NativeConstructorAccessorImpl.java:77)
[2025-05-07T19:33:04.177+0000] {subprocess.py:93} INFO - 	at java.base/jdk.internal.reflect.DelegatingConstructorAccessorImpl.newInstance(DelegatingConstructorAccessorImpl.java:45)
[2025-05-07T19:33:04.178+0000] {subprocess.py:93} INFO - 	at java.base/java.lang.reflect.Constructor.newInstanceWithCaller(Constructor.java:500)
[2025-05-07T19:33:04.178+0000] {subprocess.py:93} INFO - 	at java.base/java.lang.reflect.Constructor.newInstance(Constructor.java:481)
[2025-05-07T19:33:04.179+0000] {subprocess.py:93} INFO - 	at py4j.reflection.MethodInvoker.invoke(MethodInvoker.java:247)
[2025-05-07T19:33:04.179+0000] {subprocess.py:93} INFO - 	at py4j.reflection.ReflectionEngine.invoke(ReflectionEngine.java:374)
[2025-05-07T19:33:04.180+0000] {subprocess.py:93} INFO - 	at py4j.Gateway.invoke(Gateway.java:238)
[2025-05-07T19:33:04.180+0000] {subprocess.py:93} INFO - 	at py4j.commands.ConstructorCommand.invokeConstructor(ConstructorCommand.java:80)
[2025-05-07T19:33:04.181+0000] {subprocess.py:93} INFO - 	at py4j.commands.ConstructorCommand.execute(ConstructorCommand.java:69)
[2025-05-07T19:33:04.181+0000] {subprocess.py:93} INFO - 	at py4j.ClientServerConnection.waitForCommands(ClientServerConnection.java:182)
[2025-05-07T19:33:04.181+0000] {subprocess.py:93} INFO - 	at py4j.ClientServerConnection.run(ClientServerConnection.java:106)
[2025-05-07T19:33:04.182+0000] {subprocess.py:93} INFO - 	at java.base/java.lang.Thread.run(Thread.java:840)
[2025-05-07T19:33:04.182+0000] {subprocess.py:93} INFO - 25/05/07 19:33:04 ERROR SparkContext: Failed to add Validation to Spark environment
[2025-05-07T19:33:04.182+0000] {subprocess.py:93} INFO - java.io.FileNotFoundException: Jar /opt/***/dags/CoronaProj/Validation not found
[2025-05-07T19:33:04.183+0000] {subprocess.py:93} INFO - 	at org.apache.spark.SparkContext.addLocalJarFile$1(SparkContext.scala:2095)
[2025-05-07T19:33:04.183+0000] {subprocess.py:93} INFO - 	at org.apache.spark.SparkContext.addJar(SparkContext.scala:2151)
[2025-05-07T19:33:04.184+0000] {subprocess.py:93} INFO - 	at org.apache.spark.SparkContext.$anonfun$new$15(SparkContext.scala:521)
[2025-05-07T19:33:04.184+0000] {subprocess.py:93} INFO - 	at org.apache.spark.SparkContext.$anonfun$new$15$adapted(SparkContext.scala:521)
[2025-05-07T19:33:04.185+0000] {subprocess.py:93} INFO - 	at scala.collection.mutable.ResizableArray.foreach(ResizableArray.scala:62)
[2025-05-07T19:33:04.185+0000] {subprocess.py:93} INFO - 	at scala.collection.mutable.ResizableArray.foreach$(ResizableArray.scala:55)
[2025-05-07T19:33:04.186+0000] {subprocess.py:93} INFO - 	at scala.collection.mutable.ArrayBuffer.foreach(ArrayBuffer.scala:49)
[2025-05-07T19:33:04.186+0000] {subprocess.py:93} INFO - 	at org.apache.spark.SparkContext.<init>(SparkContext.scala:521)
[2025-05-07T19:33:04.187+0000] {subprocess.py:93} INFO - 	at org.apache.spark.api.java.JavaSparkContext.<init>(JavaSparkContext.scala:58)
[2025-05-07T19:33:04.187+0000] {subprocess.py:93} INFO - 	at java.base/jdk.internal.reflect.NativeConstructorAccessorImpl.newInstance0(Native Method)
[2025-05-07T19:33:04.187+0000] {subprocess.py:93} INFO - 	at java.base/jdk.internal.reflect.NativeConstructorAccessorImpl.newInstance(NativeConstructorAccessorImpl.java:77)
[2025-05-07T19:33:04.188+0000] {subprocess.py:93} INFO - 	at java.base/jdk.internal.reflect.DelegatingConstructorAccessorImpl.newInstance(DelegatingConstructorAccessorImpl.java:45)
[2025-05-07T19:33:04.188+0000] {subprocess.py:93} INFO - 	at java.base/java.lang.reflect.Constructor.newInstanceWithCaller(Constructor.java:500)
[2025-05-07T19:33:04.189+0000] {subprocess.py:93} INFO - 	at java.base/java.lang.reflect.Constructor.newInstance(Constructor.java:481)
[2025-05-07T19:33:04.189+0000] {subprocess.py:93} INFO - 	at py4j.reflection.MethodInvoker.invoke(MethodInvoker.java:247)
[2025-05-07T19:33:04.189+0000] {subprocess.py:93} INFO - 	at py4j.reflection.ReflectionEngine.invoke(ReflectionEngine.java:374)
[2025-05-07T19:33:04.190+0000] {subprocess.py:93} INFO - 	at py4j.Gateway.invoke(Gateway.java:238)
[2025-05-07T19:33:04.191+0000] {subprocess.py:93} INFO - 	at py4j.commands.ConstructorCommand.invokeConstructor(ConstructorCommand.java:80)
[2025-05-07T19:33:04.191+0000] {subprocess.py:93} INFO - 	at py4j.commands.ConstructorCommand.execute(ConstructorCommand.java:69)
[2025-05-07T19:33:04.192+0000] {subprocess.py:93} INFO - 	at py4j.ClientServerConnection.waitForCommands(ClientServerConnection.java:182)
[2025-05-07T19:33:04.192+0000] {subprocess.py:93} INFO - 	at py4j.ClientServerConnection.run(ClientServerConnection.java:106)
[2025-05-07T19:33:04.192+0000] {subprocess.py:93} INFO - 	at java.base/java.lang.Thread.run(Thread.java:840)
[2025-05-07T19:33:04.192+0000] {subprocess.py:93} INFO - 25/05/07 19:33:04 ERROR SparkContext: Failed to add and Airflow/Spark_process/postgresql-42.7.5.jar to Spark environment
[2025-05-07T19:33:04.193+0000] {subprocess.py:93} INFO - java.io.FileNotFoundException: Jar /opt/***/dags/CoronaProj/and Airflow/Spark_process/postgresql-42.7.5.jar not found
[2025-05-07T19:33:04.193+0000] {subprocess.py:93} INFO - 	at org.apache.spark.SparkContext.addLocalJarFile$1(SparkContext.scala:2095)
[2025-05-07T19:33:04.193+0000] {subprocess.py:93} INFO - 	at org.apache.spark.SparkContext.addJar(SparkContext.scala:2151)
[2025-05-07T19:33:04.194+0000] {subprocess.py:93} INFO - 	at org.apache.spark.SparkContext.$anonfun$new$15(SparkContext.scala:521)
[2025-05-07T19:33:04.194+0000] {subprocess.py:93} INFO - 	at org.apache.spark.SparkContext.$anonfun$new$15$adapted(SparkContext.scala:521)
[2025-05-07T19:33:04.194+0000] {subprocess.py:93} INFO - 	at scala.collection.mutable.ResizableArray.foreach(ResizableArray.scala:62)
[2025-05-07T19:33:04.195+0000] {subprocess.py:93} INFO - 	at scala.collection.mutable.ResizableArray.foreach$(ResizableArray.scala:55)
[2025-05-07T19:33:04.195+0000] {subprocess.py:93} INFO - 	at scala.collection.mutable.ArrayBuffer.foreach(ArrayBuffer.scala:49)
[2025-05-07T19:33:04.196+0000] {subprocess.py:93} INFO - 	at org.apache.spark.SparkContext.<init>(SparkContext.scala:521)
[2025-05-07T19:33:04.196+0000] {subprocess.py:93} INFO - 	at org.apache.spark.api.java.JavaSparkContext.<init>(JavaSparkContext.scala:58)
[2025-05-07T19:33:04.197+0000] {subprocess.py:93} INFO - 	at java.base/jdk.internal.reflect.NativeConstructorAccessorImpl.newInstance0(Native Method)
[2025-05-07T19:33:04.197+0000] {subprocess.py:93} INFO - 	at java.base/jdk.internal.reflect.NativeConstructorAccessorImpl.newInstance(NativeConstructorAccessorImpl.java:77)
[2025-05-07T19:33:04.198+0000] {subprocess.py:93} INFO - 	at java.base/jdk.internal.reflect.DelegatingConstructorAccessorImpl.newInstance(DelegatingConstructorAccessorImpl.java:45)
[2025-05-07T19:33:04.198+0000] {subprocess.py:93} INFO - 	at java.base/java.lang.reflect.Constructor.newInstanceWithCaller(Constructor.java:500)
[2025-05-07T19:33:04.199+0000] {subprocess.py:93} INFO - 	at java.base/java.lang.reflect.Constructor.newInstance(Constructor.java:481)
[2025-05-07T19:33:04.199+0000] {subprocess.py:93} INFO - 	at py4j.reflection.MethodInvoker.invoke(MethodInvoker.java:247)
[2025-05-07T19:33:04.199+0000] {subprocess.py:93} INFO - 	at py4j.reflection.ReflectionEngine.invoke(ReflectionEngine.java:374)
[2025-05-07T19:33:04.200+0000] {subprocess.py:93} INFO - 	at py4j.Gateway.invoke(Gateway.java:238)
[2025-05-07T19:33:04.200+0000] {subprocess.py:93} INFO - 	at py4j.commands.ConstructorCommand.invokeConstructor(ConstructorCommand.java:80)
[2025-05-07T19:33:04.201+0000] {subprocess.py:93} INFO - 	at py4j.commands.ConstructorCommand.execute(ConstructorCommand.java:69)
[2025-05-07T19:33:04.201+0000] {subprocess.py:93} INFO - 	at py4j.ClientServerConnection.waitForCommands(ClientServerConnection.java:182)
[2025-05-07T19:33:04.202+0000] {subprocess.py:93} INFO - 	at py4j.ClientServerConnection.run(ClientServerConnection.java:106)
[2025-05-07T19:33:04.202+0000] {subprocess.py:93} INFO - 	at java.base/java.lang.Thread.run(Thread.java:840)
[2025-05-07T19:33:04.238+0000] {subprocess.py:93} INFO - 25/05/07 19:33:04 INFO Executor: Starting executor ID driver on host 1a616c0a8036
[2025-05-07T19:33:04.239+0000] {subprocess.py:93} INFO - 25/05/07 19:33:04 INFO Executor: OS info Linux, 5.15.153.1-microsoft-standard-WSL2, amd64
[2025-05-07T19:33:04.239+0000] {subprocess.py:93} INFO - 25/05/07 19:33:04 INFO Executor: Java version 17.0.14
[2025-05-07T19:33:04.244+0000] {subprocess.py:93} INFO - 25/05/07 19:33:04 INFO Executor: Starting executor with user classpath (userClassPathFirst = false): ''
[2025-05-07T19:33:04.245+0000] {subprocess.py:93} INFO - 25/05/07 19:33:04 INFO Executor: Created or updated repl class loader org.apache.spark.util.MutableURLClassLoader@1850bc5b for default.
[2025-05-07T19:33:04.266+0000] {subprocess.py:93} INFO - 25/05/07 19:33:04 INFO Utils: Successfully started service 'org.apache.spark.network.netty.NettyBlockTransferService' on port 33191.
[2025-05-07T19:33:04.266+0000] {subprocess.py:93} INFO - 25/05/07 19:33:04 INFO NettyBlockTransferService: Server created on 1a616c0a8036:33191
[2025-05-07T19:33:04.269+0000] {subprocess.py:93} INFO - 25/05/07 19:33:04 INFO BlockManager: Using org.apache.spark.storage.RandomBlockReplicationPolicy for block replication policy
[2025-05-07T19:33:04.276+0000] {subprocess.py:93} INFO - 25/05/07 19:33:04 INFO BlockManagerMaster: Registering BlockManager BlockManagerId(driver, 1a616c0a8036, 33191, None)
[2025-05-07T19:33:04.279+0000] {subprocess.py:93} INFO - 25/05/07 19:33:04 INFO BlockManagerMasterEndpoint: Registering block manager 1a616c0a8036:33191 with 434.4 MiB RAM, BlockManagerId(driver, 1a616c0a8036, 33191, None)
[2025-05-07T19:33:04.282+0000] {subprocess.py:93} INFO - 25/05/07 19:33:04 INFO BlockManagerMaster: Registered BlockManager BlockManagerId(driver, 1a616c0a8036, 33191, None)
[2025-05-07T19:33:04.283+0000] {subprocess.py:93} INFO - 25/05/07 19:33:04 INFO BlockManager: Initialized BlockManager: BlockManagerId(driver, 1a616c0a8036, 33191, None)
[2025-05-07T19:33:04.677+0000] {subprocess.py:93} INFO - 25/05/07 19:33:04 INFO SharedState: Setting hive.metastore.warehouse.dir ('null') to the value of spark.sql.warehouse.dir.
[2025-05-07T19:33:04.679+0000] {subprocess.py:93} INFO - 25/05/07 19:33:04 INFO SharedState: Warehouse path is 'file:/opt/***/dags/CoronaProj/spark-warehouse'.
[2025-05-07T19:33:05.421+0000] {subprocess.py:93} INFO - 25/05/07 19:33:05 INFO InMemoryFileIndex: It took 45 ms to list leaf files for 1 paths.
[2025-05-07T19:33:05.568+0000] {subprocess.py:93} INFO - 25/05/07 19:33:05 INFO MemoryStore: Block broadcast_0 stored as values in memory (estimated size 200.6 KiB, free 434.2 MiB)
[2025-05-07T19:33:05.623+0000] {subprocess.py:93} INFO - 25/05/07 19:33:05 INFO MemoryStore: Block broadcast_0_piece0 stored as bytes in memory (estimated size 34.5 KiB, free 434.2 MiB)
[2025-05-07T19:33:05.625+0000] {subprocess.py:93} INFO - 25/05/07 19:33:05 INFO BlockManagerInfo: Added broadcast_0_piece0 in memory on 1a616c0a8036:33191 (size: 34.5 KiB, free: 434.4 MiB)
[2025-05-07T19:33:05.628+0000] {subprocess.py:93} INFO - 25/05/07 19:33:05 INFO SparkContext: Created broadcast 0 from json at NativeMethodAccessorImpl.java:0
[2025-05-07T19:33:05.916+0000] {subprocess.py:93} INFO - 25/05/07 19:33:05 INFO FileInputFormat: Total input files to process : 1
[2025-05-07T19:33:05.920+0000] {subprocess.py:93} INFO - 25/05/07 19:33:05 INFO FileInputFormat: Total input files to process : 1
[2025-05-07T19:33:05.933+0000] {subprocess.py:93} INFO - 25/05/07 19:33:05 INFO SparkContext: Starting job: json at NativeMethodAccessorImpl.java:0
[2025-05-07T19:33:05.946+0000] {subprocess.py:93} INFO - 25/05/07 19:33:05 INFO DAGScheduler: Got job 0 (json at NativeMethodAccessorImpl.java:0) with 1 output partitions
[2025-05-07T19:33:05.946+0000] {subprocess.py:93} INFO - 25/05/07 19:33:05 INFO DAGScheduler: Final stage: ResultStage 0 (json at NativeMethodAccessorImpl.java:0)
[2025-05-07T19:33:05.946+0000] {subprocess.py:93} INFO - 25/05/07 19:33:05 INFO DAGScheduler: Parents of final stage: List()
[2025-05-07T19:33:05.947+0000] {subprocess.py:93} INFO - 25/05/07 19:33:05 INFO DAGScheduler: Missing parents: List()
[2025-05-07T19:33:05.951+0000] {subprocess.py:93} INFO - 25/05/07 19:33:05 INFO DAGScheduler: Submitting ResultStage 0 (MapPartitionsRDD[2] at json at NativeMethodAccessorImpl.java:0), which has no missing parents
[2025-05-07T19:33:05.991+0000] {subprocess.py:93} INFO - 25/05/07 19:33:05 INFO MemoryStore: Block broadcast_1 stored as values in memory (estimated size 9.3 KiB, free 434.2 MiB)
[2025-05-07T19:33:05.999+0000] {subprocess.py:93} INFO - 25/05/07 19:33:05 INFO MemoryStore: Block broadcast_1_piece0 stored as bytes in memory (estimated size 5.0 KiB, free 434.2 MiB)
[2025-05-07T19:33:05.999+0000] {subprocess.py:93} INFO - 25/05/07 19:33:05 INFO BlockManagerInfo: Added broadcast_1_piece0 in memory on 1a616c0a8036:33191 (size: 5.0 KiB, free: 434.4 MiB)
[2025-05-07T19:33:06.001+0000] {subprocess.py:93} INFO - 25/05/07 19:33:06 INFO SparkContext: Created broadcast 1 from broadcast at DAGScheduler.scala:1585
[2025-05-07T19:33:06.017+0000] {subprocess.py:93} INFO - 25/05/07 19:33:06 INFO DAGScheduler: Submitting 1 missing tasks from ResultStage 0 (MapPartitionsRDD[2] at json at NativeMethodAccessorImpl.java:0) (first 15 tasks are for partitions Vector(0))
[2025-05-07T19:33:06.018+0000] {subprocess.py:93} INFO - 25/05/07 19:33:06 INFO TaskSchedulerImpl: Adding task set 0.0 with 1 tasks resource profile 0
[2025-05-07T19:33:06.055+0000] {subprocess.py:93} INFO - 25/05/07 19:33:06 INFO TaskSetManager: Starting task 0.0 in stage 0.0 (TID 0) (1a616c0a8036, executor driver, partition 0, PROCESS_LOCAL, 9134 bytes)
[2025-05-07T19:33:06.069+0000] {subprocess.py:93} INFO - 25/05/07 19:33:06 INFO Executor: Running task 0.0 in stage 0.0 (TID 0)
[2025-05-07T19:33:06.130+0000] {subprocess.py:93} INFO - 25/05/07 19:33:06 INFO BinaryFileRDD: Input split: Paths:/opt/***/dags/CoronaProj/data.json:0+213782
[2025-05-07T19:33:06.284+0000] {subprocess.py:93} INFO - 25/05/07 19:33:06 INFO Executor: Finished task 0.0 in stage 0.0 (TID 0). 2714 bytes result sent to driver
[2025-05-07T19:33:06.292+0000] {subprocess.py:93} INFO - 25/05/07 19:33:06 INFO TaskSetManager: Finished task 0.0 in stage 0.0 (TID 0) in 248 ms on 1a616c0a8036 (executor driver) (1/1)
[2025-05-07T19:33:06.294+0000] {subprocess.py:93} INFO - 25/05/07 19:33:06 INFO TaskSchedulerImpl: Removed TaskSet 0.0, whose tasks have all completed, from pool
[2025-05-07T19:33:06.298+0000] {subprocess.py:93} INFO - 25/05/07 19:33:06 INFO DAGScheduler: ResultStage 0 (json at NativeMethodAccessorImpl.java:0) finished in 0.333 s
[2025-05-07T19:33:06.300+0000] {subprocess.py:93} INFO - 25/05/07 19:33:06 INFO DAGScheduler: Job 0 is finished. Cancelling potential speculative or zombie tasks for this job
[2025-05-07T19:33:06.301+0000] {subprocess.py:93} INFO - 25/05/07 19:33:06 INFO TaskSchedulerImpl: Killing all running tasks in stage 0: Stage finished
[2025-05-07T19:33:06.302+0000] {subprocess.py:93} INFO - 25/05/07 19:33:06 INFO DAGScheduler: Job 0 finished: json at NativeMethodAccessorImpl.java:0, took 0.368969 s
[2025-05-07T19:33:06.720+0000] {subprocess.py:93} INFO - 25/05/07 19:33:06 INFO BlockManagerInfo: Removed broadcast_1_piece0 on 1a616c0a8036:33191 in memory (size: 5.0 KiB, free: 434.4 MiB)
[2025-05-07T19:33:07.425+0000] {subprocess.py:93} INFO - 25/05/07 19:33:07 INFO FileSourceStrategy: Pushed Filters: IsNotNull(cases),IsNotNull(deaths),IsNotNull(recovered),GreaterThanOrEqual(cases,0),GreaterThanOrEqual(deaths,0),GreaterThanOrEqual(recovered,0)
[2025-05-07T19:33:07.427+0000] {subprocess.py:93} INFO - 25/05/07 19:33:07 INFO FileSourceStrategy: Post-Scan Filters: isnotnull(cases#2L),isnotnull(deaths#9L),isnotnull(recovered#15L),(cases#2L >= 0),(deaths#9L >= 0),(recovered#15L >= 0),atleastnnonnulls(6, continent#4, country#5, cases#2L, deaths#9L, recovered#15L, cast(from_unixtime(cast((cast(updated#22L as double) / 1000.0) as bigint), yyyy-MM-dd HH:mm:ss, Some(Africa/Cairo)) as timestamp))
[2025-05-07T19:33:07.794+0000] {subprocess.py:93} INFO - 25/05/07 19:33:07 INFO CodeGenerator: Code generated in 178.098281 ms
[2025-05-07T19:33:07.803+0000] {subprocess.py:93} INFO - 25/05/07 19:33:07 INFO MemoryStore: Block broadcast_2 stored as values in memory (estimated size 200.1 KiB, free 434.0 MiB)
[2025-05-07T19:33:07.813+0000] {subprocess.py:93} INFO - 25/05/07 19:33:07 INFO MemoryStore: Block broadcast_2_piece0 stored as bytes in memory (estimated size 34.5 KiB, free 433.9 MiB)
[2025-05-07T19:33:07.815+0000] {subprocess.py:93} INFO - 25/05/07 19:33:07 INFO BlockManagerInfo: Added broadcast_2_piece0 in memory on 1a616c0a8036:33191 (size: 34.5 KiB, free: 434.3 MiB)
[2025-05-07T19:33:07.817+0000] {subprocess.py:93} INFO - 25/05/07 19:33:07 INFO SparkContext: Created broadcast 2 from count at NativeMethodAccessorImpl.java:0
[2025-05-07T19:33:07.829+0000] {subprocess.py:93} INFO - 25/05/07 19:33:07 INFO FileSourceScanExec: Planning scan with bin packing, max size: 4194304 bytes, open cost is considered as scanning 4194304 bytes.
[2025-05-07T19:33:07.883+0000] {subprocess.py:93} INFO - 25/05/07 19:33:07 INFO DAGScheduler: Registering RDD 6 (count at NativeMethodAccessorImpl.java:0) as input to shuffle 0
[2025-05-07T19:33:07.886+0000] {subprocess.py:93} INFO - 25/05/07 19:33:07 INFO DAGScheduler: Got map stage job 1 (count at NativeMethodAccessorImpl.java:0) with 1 output partitions
[2025-05-07T19:33:07.886+0000] {subprocess.py:93} INFO - 25/05/07 19:33:07 INFO DAGScheduler: Final stage: ShuffleMapStage 1 (count at NativeMethodAccessorImpl.java:0)
[2025-05-07T19:33:07.887+0000] {subprocess.py:93} INFO - 25/05/07 19:33:07 INFO DAGScheduler: Parents of final stage: List()
[2025-05-07T19:33:07.887+0000] {subprocess.py:93} INFO - 25/05/07 19:33:07 INFO DAGScheduler: Missing parents: List()
[2025-05-07T19:33:07.889+0000] {subprocess.py:93} INFO - 25/05/07 19:33:07 INFO DAGScheduler: Submitting ShuffleMapStage 1 (MapPartitionsRDD[6] at count at NativeMethodAccessorImpl.java:0), which has no missing parents
[2025-05-07T19:33:07.941+0000] {subprocess.py:93} INFO - 25/05/07 19:33:07 INFO MemoryStore: Block broadcast_3 stored as values in memory (estimated size 22.5 KiB, free 433.9 MiB)
[2025-05-07T19:33:07.943+0000] {subprocess.py:93} INFO - 25/05/07 19:33:07 INFO MemoryStore: Block broadcast_3_piece0 stored as bytes in memory (estimated size 10.3 KiB, free 433.9 MiB)
[2025-05-07T19:33:07.944+0000] {subprocess.py:93} INFO - 25/05/07 19:33:07 INFO BlockManagerInfo: Added broadcast_3_piece0 in memory on 1a616c0a8036:33191 (size: 10.3 KiB, free: 434.3 MiB)
[2025-05-07T19:33:07.945+0000] {subprocess.py:93} INFO - 25/05/07 19:33:07 INFO SparkContext: Created broadcast 3 from broadcast at DAGScheduler.scala:1585
[2025-05-07T19:33:07.947+0000] {subprocess.py:93} INFO - 25/05/07 19:33:07 INFO DAGScheduler: Submitting 1 missing tasks from ShuffleMapStage 1 (MapPartitionsRDD[6] at count at NativeMethodAccessorImpl.java:0) (first 15 tasks are for partitions Vector(0))
[2025-05-07T19:33:07.947+0000] {subprocess.py:93} INFO - 25/05/07 19:33:07 INFO TaskSchedulerImpl: Adding task set 1.0 with 1 tasks resource profile 0
[2025-05-07T19:33:07.954+0000] {subprocess.py:93} INFO - 25/05/07 19:33:07 INFO TaskSetManager: Starting task 0.0 in stage 1.0 (TID 1) (1a616c0a8036, executor driver, partition 0, PROCESS_LOCAL, 9596 bytes)
[2025-05-07T19:33:07.956+0000] {subprocess.py:93} INFO - 25/05/07 19:33:07 INFO Executor: Running task 0.0 in stage 1.0 (TID 1)
[2025-05-07T19:33:08.041+0000] {subprocess.py:93} INFO - 25/05/07 19:33:08 INFO CodeGenerator: Code generated in 37.47938 ms
[2025-05-07T19:33:08.053+0000] {subprocess.py:93} INFO - 25/05/07 19:33:08 INFO FileScanRDD: Reading File path: file:///opt/***/dags/CoronaProj/data.json, range: 0-213782, partition values: [empty row]
[2025-05-07T19:33:08.090+0000] {subprocess.py:93} INFO - 25/05/07 19:33:08 INFO CodeGenerator: Code generated in 23.334397 ms
[2025-05-07T19:33:08.126+0000] {subprocess.py:93} INFO - 25/05/07 19:33:08 INFO CodeGenerator: Code generated in 6.421619 ms
[2025-05-07T19:33:08.138+0000] {subprocess.py:93} INFO - 25/05/07 19:33:08 INFO CodeGenerator: Code generated in 9.848636 ms
[2025-05-07T19:33:08.146+0000] {subprocess.py:93} INFO - 25/05/07 19:33:08 INFO CodeGenerator: Code generated in 5.407985 ms
[2025-05-07T19:33:08.239+0000] {subprocess.py:93} INFO - 25/05/07 19:33:08 INFO Executor: Finished task 0.0 in stage 1.0 (TID 1). 2070 bytes result sent to driver
[2025-05-07T19:33:08.243+0000] {subprocess.py:93} INFO - 25/05/07 19:33:08 INFO TaskSetManager: Finished task 0.0 in stage 1.0 (TID 1) in 294 ms on 1a616c0a8036 (executor driver) (1/1)
[2025-05-07T19:33:08.244+0000] {subprocess.py:93} INFO - 25/05/07 19:33:08 INFO TaskSchedulerImpl: Removed TaskSet 1.0, whose tasks have all completed, from pool
[2025-05-07T19:33:08.244+0000] {subprocess.py:93} INFO - 25/05/07 19:33:08 INFO DAGScheduler: ShuffleMapStage 1 (count at NativeMethodAccessorImpl.java:0) finished in 0.350 s
[2025-05-07T19:33:08.245+0000] {subprocess.py:93} INFO - 25/05/07 19:33:08 INFO DAGScheduler: looking for newly runnable stages
[2025-05-07T19:33:08.245+0000] {subprocess.py:93} INFO - 25/05/07 19:33:08 INFO DAGScheduler: running: Set()
[2025-05-07T19:33:08.246+0000] {subprocess.py:93} INFO - 25/05/07 19:33:08 INFO DAGScheduler: waiting: Set()
[2025-05-07T19:33:08.246+0000] {subprocess.py:93} INFO - 25/05/07 19:33:08 INFO DAGScheduler: failed: Set()
[2025-05-07T19:33:08.276+0000] {subprocess.py:93} INFO - 25/05/07 19:33:08 INFO CodeGenerator: Code generated in 8.298383 ms
[2025-05-07T19:33:08.305+0000] {subprocess.py:93} INFO - 25/05/07 19:33:08 INFO SparkContext: Starting job: count at NativeMethodAccessorImpl.java:0
[2025-05-07T19:33:08.307+0000] {subprocess.py:93} INFO - 25/05/07 19:33:08 INFO DAGScheduler: Got job 2 (count at NativeMethodAccessorImpl.java:0) with 1 output partitions
[2025-05-07T19:33:08.308+0000] {subprocess.py:93} INFO - 25/05/07 19:33:08 INFO DAGScheduler: Final stage: ResultStage 3 (count at NativeMethodAccessorImpl.java:0)
[2025-05-07T19:33:08.308+0000] {subprocess.py:93} INFO - 25/05/07 19:33:08 INFO DAGScheduler: Parents of final stage: List(ShuffleMapStage 2)
[2025-05-07T19:33:08.309+0000] {subprocess.py:93} INFO - 25/05/07 19:33:08 INFO DAGScheduler: Missing parents: List()
[2025-05-07T19:33:08.309+0000] {subprocess.py:93} INFO - 25/05/07 19:33:08 INFO DAGScheduler: Submitting ResultStage 3 (MapPartitionsRDD[9] at count at NativeMethodAccessorImpl.java:0), which has no missing parents
[2025-05-07T19:33:08.317+0000] {subprocess.py:93} INFO - 25/05/07 19:33:08 INFO MemoryStore: Block broadcast_4 stored as values in memory (estimated size 12.5 KiB, free 433.9 MiB)
[2025-05-07T19:33:08.319+0000] {subprocess.py:93} INFO - 25/05/07 19:33:08 INFO MemoryStore: Block broadcast_4_piece0 stored as bytes in memory (estimated size 5.9 KiB, free 433.9 MiB)
[2025-05-07T19:33:08.319+0000] {subprocess.py:93} INFO - 25/05/07 19:33:08 INFO BlockManagerInfo: Added broadcast_4_piece0 in memory on 1a616c0a8036:33191 (size: 5.9 KiB, free: 434.3 MiB)
[2025-05-07T19:33:08.320+0000] {subprocess.py:93} INFO - 25/05/07 19:33:08 INFO SparkContext: Created broadcast 4 from broadcast at DAGScheduler.scala:1585
[2025-05-07T19:33:08.321+0000] {subprocess.py:93} INFO - 25/05/07 19:33:08 INFO DAGScheduler: Submitting 1 missing tasks from ResultStage 3 (MapPartitionsRDD[9] at count at NativeMethodAccessorImpl.java:0) (first 15 tasks are for partitions Vector(0))
[2025-05-07T19:33:08.322+0000] {subprocess.py:93} INFO - 25/05/07 19:33:08 INFO TaskSchedulerImpl: Adding task set 3.0 with 1 tasks resource profile 0
[2025-05-07T19:33:08.326+0000] {subprocess.py:93} INFO - 25/05/07 19:33:08 INFO TaskSetManager: Starting task 0.0 in stage 3.0 (TID 2) (1a616c0a8036, executor driver, partition 0, NODE_LOCAL, 8999 bytes)
[2025-05-07T19:33:08.327+0000] {subprocess.py:93} INFO - 25/05/07 19:33:08 INFO Executor: Running task 0.0 in stage 3.0 (TID 2)
[2025-05-07T19:33:08.356+0000] {subprocess.py:93} INFO - 25/05/07 19:33:08 INFO ShuffleBlockFetcherIterator: Getting 1 (60.0 B) non-empty blocks including 1 (60.0 B) local and 0 (0.0 B) host-local and 0 (0.0 B) push-merged-local and 0 (0.0 B) remote blocks
[2025-05-07T19:33:08.358+0000] {subprocess.py:93} INFO - 25/05/07 19:33:08 INFO ShuffleBlockFetcherIterator: Started 0 remote fetches in 7 ms
[2025-05-07T19:33:08.376+0000] {subprocess.py:93} INFO - 25/05/07 19:33:08 INFO BlockManagerInfo: Removed broadcast_3_piece0 on 1a616c0a8036:33191 in memory (size: 10.3 KiB, free: 434.3 MiB)
[2025-05-07T19:33:08.377+0000] {subprocess.py:93} INFO - 25/05/07 19:33:08 INFO CodeGenerator: Code generated in 16.153651 ms
[2025-05-07T19:33:08.397+0000] {subprocess.py:93} INFO - 25/05/07 19:33:08 INFO BlockManagerInfo: Removed broadcast_0_piece0 on 1a616c0a8036:33191 in memory (size: 34.5 KiB, free: 434.4 MiB)
[2025-05-07T19:33:08.400+0000] {subprocess.py:93} INFO - 25/05/07 19:33:08 INFO Executor: Finished task 0.0 in stage 3.0 (TID 2). 4081 bytes result sent to driver
[2025-05-07T19:33:08.403+0000] {subprocess.py:93} INFO - 25/05/07 19:33:08 INFO TaskSetManager: Finished task 0.0 in stage 3.0 (TID 2) in 78 ms on 1a616c0a8036 (executor driver) (1/1)
[2025-05-07T19:33:08.403+0000] {subprocess.py:93} INFO - 25/05/07 19:33:08 INFO TaskSchedulerImpl: Removed TaskSet 3.0, whose tasks have all completed, from pool
[2025-05-07T19:33:08.405+0000] {subprocess.py:93} INFO - 25/05/07 19:33:08 INFO DAGScheduler: ResultStage 3 (count at NativeMethodAccessorImpl.java:0) finished in 0.089 s
[2025-05-07T19:33:08.405+0000] {subprocess.py:93} INFO - 25/05/07 19:33:08 INFO DAGScheduler: Job 2 is finished. Cancelling potential speculative or zombie tasks for this job
[2025-05-07T19:33:08.406+0000] {subprocess.py:93} INFO - 25/05/07 19:33:08 INFO TaskSchedulerImpl: Killing all running tasks in stage 3: Stage finished
[2025-05-07T19:33:08.406+0000] {subprocess.py:93} INFO - 25/05/07 19:33:08 INFO DAGScheduler: Job 2 finished: count at NativeMethodAccessorImpl.java:0, took 0.100417 s
[2025-05-07T19:33:08.492+0000] {subprocess.py:93} INFO - 25/05/07 19:33:08 INFO FileSourceStrategy: Pushed Filters: IsNotNull(cases),IsNotNull(deaths),IsNotNull(recovered),GreaterThanOrEqual(cases,0),GreaterThanOrEqual(deaths,0),GreaterThanOrEqual(recovered,0)
[2025-05-07T19:33:08.493+0000] {subprocess.py:93} INFO - 25/05/07 19:33:08 INFO FileSourceStrategy: Post-Scan Filters: isnotnull(cases#2L),isnotnull(deaths#9L),isnotnull(recovered#15L),(cases#2L >= 0),(deaths#9L >= 0),(recovered#15L >= 0),atleastnnonnulls(6, continent#4, country#5, cases#2L, deaths#9L, recovered#15L, cast(from_unixtime(cast((cast(updated#22L as double) / 1000.0) as bigint), yyyy-MM-dd HH:mm:ss, Some(Africa/Cairo)) as timestamp))
[2025-05-07T19:33:08.588+0000] {subprocess.py:93} INFO - 25/05/07 19:33:08 INFO CodeGenerator: Code generated in 48.415852 ms
[2025-05-07T19:33:08.593+0000] {subprocess.py:93} INFO - 25/05/07 19:33:08 INFO MemoryStore: Block broadcast_5 stored as values in memory (estimated size 200.1 KiB, free 434.0 MiB)
[2025-05-07T19:33:08.603+0000] {subprocess.py:93} INFO - 25/05/07 19:33:08 INFO BlockManagerInfo: Removed broadcast_4_piece0 on 1a616c0a8036:33191 in memory (size: 5.9 KiB, free: 434.4 MiB)
[2025-05-07T19:33:08.606+0000] {subprocess.py:93} INFO - 25/05/07 19:33:08 INFO MemoryStore: Block broadcast_5_piece0 stored as bytes in memory (estimated size 34.5 KiB, free 433.9 MiB)
[2025-05-07T19:33:08.606+0000] {subprocess.py:93} INFO - 25/05/07 19:33:08 INFO BlockManagerInfo: Added broadcast_5_piece0 in memory on 1a616c0a8036:33191 (size: 34.5 KiB, free: 434.3 MiB)
[2025-05-07T19:33:08.607+0000] {subprocess.py:93} INFO - 25/05/07 19:33:08 INFO SparkContext: Created broadcast 5 from collect at /opt/***/dags/CoronaProj/Spark_script_process.py:52
[2025-05-07T19:33:08.608+0000] {subprocess.py:93} INFO - 25/05/07 19:33:08 INFO FileSourceScanExec: Planning scan with bin packing, max size: 4194304 bytes, open cost is considered as scanning 4194304 bytes.
[2025-05-07T19:33:08.646+0000] {subprocess.py:93} INFO - 25/05/07 19:33:08 INFO DAGScheduler: Registering RDD 13 (collect at /opt/***/dags/CoronaProj/Spark_script_process.py:52) as input to shuffle 1
[2025-05-07T19:33:08.646+0000] {subprocess.py:93} INFO - 25/05/07 19:33:08 INFO DAGScheduler: Got map stage job 3 (collect at /opt/***/dags/CoronaProj/Spark_script_process.py:52) with 1 output partitions
[2025-05-07T19:33:08.647+0000] {subprocess.py:93} INFO - 25/05/07 19:33:08 INFO DAGScheduler: Final stage: ShuffleMapStage 4 (collect at /opt/***/dags/CoronaProj/Spark_script_process.py:52)
[2025-05-07T19:33:08.647+0000] {subprocess.py:93} INFO - 25/05/07 19:33:08 INFO DAGScheduler: Parents of final stage: List()
[2025-05-07T19:33:08.648+0000] {subprocess.py:93} INFO - 25/05/07 19:33:08 INFO DAGScheduler: Missing parents: List()
[2025-05-07T19:33:08.648+0000] {subprocess.py:93} INFO - 25/05/07 19:33:08 INFO DAGScheduler: Submitting ShuffleMapStage 4 (MapPartitionsRDD[13] at collect at /opt/***/dags/CoronaProj/Spark_script_process.py:52), which has no missing parents
[2025-05-07T19:33:08.652+0000] {subprocess.py:93} INFO - 25/05/07 19:33:08 INFO MemoryStore: Block broadcast_6 stored as values in memory (estimated size 46.0 KiB, free 433.9 MiB)
[2025-05-07T19:33:08.657+0000] {subprocess.py:93} INFO - 25/05/07 19:33:08 INFO MemoryStore: Block broadcast_6_piece0 stored as bytes in memory (estimated size 20.9 KiB, free 433.9 MiB)
[2025-05-07T19:33:08.658+0000] {subprocess.py:93} INFO - 25/05/07 19:33:08 INFO BlockManagerInfo: Added broadcast_6_piece0 in memory on 1a616c0a8036:33191 (size: 20.9 KiB, free: 434.3 MiB)
[2025-05-07T19:33:08.659+0000] {subprocess.py:93} INFO - 25/05/07 19:33:08 INFO SparkContext: Created broadcast 6 from broadcast at DAGScheduler.scala:1585
[2025-05-07T19:33:08.660+0000] {subprocess.py:93} INFO - 25/05/07 19:33:08 INFO DAGScheduler: Submitting 1 missing tasks from ShuffleMapStage 4 (MapPartitionsRDD[13] at collect at /opt/***/dags/CoronaProj/Spark_script_process.py:52) (first 15 tasks are for partitions Vector(0))
[2025-05-07T19:33:08.661+0000] {subprocess.py:93} INFO - 25/05/07 19:33:08 INFO TaskSchedulerImpl: Adding task set 4.0 with 1 tasks resource profile 0
[2025-05-07T19:33:08.662+0000] {subprocess.py:93} INFO - 25/05/07 19:33:08 INFO TaskSetManager: Starting task 0.0 in stage 4.0 (TID 3) (1a616c0a8036, executor driver, partition 0, PROCESS_LOCAL, 9596 bytes)
[2025-05-07T19:33:08.663+0000] {subprocess.py:93} INFO - 25/05/07 19:33:08 INFO Executor: Running task 0.0 in stage 4.0 (TID 3)
[2025-05-07T19:33:08.703+0000] {subprocess.py:93} INFO - 25/05/07 19:33:08 INFO CodeGenerator: Code generated in 30.808352 ms
[2025-05-07T19:33:08.717+0000] {subprocess.py:93} INFO - 25/05/07 19:33:08 INFO CodeGenerator: Code generated in 8.568793 ms
[2025-05-07T19:33:08.724+0000] {subprocess.py:93} INFO - 25/05/07 19:33:08 INFO CodeGenerator: Code generated in 4.349448 ms
[2025-05-07T19:33:08.748+0000] {subprocess.py:93} INFO - 25/05/07 19:33:08 INFO CodeGenerator: Code generated in 8.182979 ms
[2025-05-07T19:33:08.755+0000] {subprocess.py:93} INFO - 25/05/07 19:33:08 INFO FileScanRDD: Reading File path: file:///opt/***/dags/CoronaProj/data.json, range: 0-213782, partition values: [empty row]
[2025-05-07T19:33:08.850+0000] {subprocess.py:93} INFO - 25/05/07 19:33:08 INFO Executor: Finished task 0.0 in stage 4.0 (TID 3). 2821 bytes result sent to driver
[2025-05-07T19:33:08.852+0000] {subprocess.py:93} INFO - 25/05/07 19:33:08 INFO TaskSetManager: Finished task 0.0 in stage 4.0 (TID 3) in 191 ms on 1a616c0a8036 (executor driver) (1/1)
[2025-05-07T19:33:08.853+0000] {subprocess.py:93} INFO - 25/05/07 19:33:08 INFO TaskSchedulerImpl: Removed TaskSet 4.0, whose tasks have all completed, from pool
[2025-05-07T19:33:08.853+0000] {subprocess.py:93} INFO - 25/05/07 19:33:08 INFO DAGScheduler: ShuffleMapStage 4 (collect at /opt/***/dags/CoronaProj/Spark_script_process.py:52) finished in 0.205 s
[2025-05-07T19:33:08.854+0000] {subprocess.py:93} INFO - 25/05/07 19:33:08 INFO DAGScheduler: looking for newly runnable stages
[2025-05-07T19:33:08.854+0000] {subprocess.py:93} INFO - 25/05/07 19:33:08 INFO DAGScheduler: running: Set()
[2025-05-07T19:33:08.854+0000] {subprocess.py:93} INFO - 25/05/07 19:33:08 INFO DAGScheduler: waiting: Set()
[2025-05-07T19:33:08.855+0000] {subprocess.py:93} INFO - 25/05/07 19:33:08 INFO DAGScheduler: failed: Set()
[2025-05-07T19:33:08.862+0000] {subprocess.py:93} INFO - 25/05/07 19:33:08 INFO ShufflePartitionsUtil: For shuffle(1), advisory target size: 67108864, actual target size 1048576, minimum partition size: 1048576
[2025-05-07T19:33:08.911+0000] {subprocess.py:93} INFO - 25/05/07 19:33:08 INFO CodeGenerator: Code generated in 22.665973 ms
[2025-05-07T19:33:08.930+0000] {subprocess.py:93} INFO - 25/05/07 19:33:08 INFO DAGScheduler: Registering RDD 16 (collect at /opt/***/dags/CoronaProj/Spark_script_process.py:52) as input to shuffle 2
[2025-05-07T19:33:08.931+0000] {subprocess.py:93} INFO - 25/05/07 19:33:08 INFO DAGScheduler: Got map stage job 4 (collect at /opt/***/dags/CoronaProj/Spark_script_process.py:52) with 1 output partitions
[2025-05-07T19:33:08.931+0000] {subprocess.py:93} INFO - 25/05/07 19:33:08 INFO DAGScheduler: Final stage: ShuffleMapStage 6 (collect at /opt/***/dags/CoronaProj/Spark_script_process.py:52)
[2025-05-07T19:33:08.932+0000] {subprocess.py:93} INFO - 25/05/07 19:33:08 INFO DAGScheduler: Parents of final stage: List(ShuffleMapStage 5)
[2025-05-07T19:33:08.933+0000] {subprocess.py:93} INFO - 25/05/07 19:33:08 INFO DAGScheduler: Missing parents: List()
[2025-05-07T19:33:08.934+0000] {subprocess.py:93} INFO - 25/05/07 19:33:08 INFO DAGScheduler: Submitting ShuffleMapStage 6 (MapPartitionsRDD[16] at collect at /opt/***/dags/CoronaProj/Spark_script_process.py:52), which has no missing parents
[2025-05-07T19:33:08.943+0000] {subprocess.py:93} INFO - 25/05/07 19:33:08 INFO MemoryStore: Block broadcast_7 stored as values in memory (estimated size 57.0 KiB, free 433.8 MiB)
[2025-05-07T19:33:08.945+0000] {subprocess.py:93} INFO - 25/05/07 19:33:08 INFO MemoryStore: Block broadcast_7_piece0 stored as bytes in memory (estimated size 24.8 KiB, free 433.8 MiB)
[2025-05-07T19:33:08.945+0000] {subprocess.py:93} INFO - 25/05/07 19:33:08 INFO BlockManagerInfo: Added broadcast_7_piece0 in memory on 1a616c0a8036:33191 (size: 24.8 KiB, free: 434.3 MiB)
[2025-05-07T19:33:08.946+0000] {subprocess.py:93} INFO - 25/05/07 19:33:08 INFO SparkContext: Created broadcast 7 from broadcast at DAGScheduler.scala:1585
[2025-05-07T19:33:08.947+0000] {subprocess.py:93} INFO - 25/05/07 19:33:08 INFO DAGScheduler: Submitting 1 missing tasks from ShuffleMapStage 6 (MapPartitionsRDD[16] at collect at /opt/***/dags/CoronaProj/Spark_script_process.py:52) (first 15 tasks are for partitions Vector(0))
[2025-05-07T19:33:08.948+0000] {subprocess.py:93} INFO - 25/05/07 19:33:08 INFO TaskSchedulerImpl: Adding task set 6.0 with 1 tasks resource profile 0
[2025-05-07T19:33:08.949+0000] {subprocess.py:93} INFO - 25/05/07 19:33:08 INFO TaskSetManager: Starting task 0.0 in stage 6.0 (TID 4) (1a616c0a8036, executor driver, partition 0, NODE_LOCAL, 8988 bytes)
[2025-05-07T19:33:08.949+0000] {subprocess.py:93} INFO - 25/05/07 19:33:08 INFO Executor: Running task 0.0 in stage 6.0 (TID 4)
[2025-05-07T19:33:08.961+0000] {subprocess.py:93} INFO - 25/05/07 19:33:08 INFO ShuffleBlockFetcherIterator: Getting 1 (12.3 KiB) non-empty blocks including 1 (12.3 KiB) local and 0 (0.0 B) host-local and 0 (0.0 B) push-merged-local and 0 (0.0 B) remote blocks
[2025-05-07T19:33:08.962+0000] {subprocess.py:93} INFO - 25/05/07 19:33:08 INFO ShuffleBlockFetcherIterator: Started 0 remote fetches in 2 ms
[2025-05-07T19:33:08.987+0000] {subprocess.py:93} INFO - 25/05/07 19:33:08 INFO CodeGenerator: Code generated in 25.200064 ms
[2025-05-07T19:33:09.004+0000] {subprocess.py:93} INFO - 25/05/07 19:33:09 INFO Executor: Finished task 0.0 in stage 6.0 (TID 4). 5651 bytes result sent to driver
[2025-05-07T19:33:09.005+0000] {subprocess.py:93} INFO - 25/05/07 19:33:09 INFO TaskSetManager: Finished task 0.0 in stage 6.0 (TID 4) in 57 ms on 1a616c0a8036 (executor driver) (1/1)
[2025-05-07T19:33:09.006+0000] {subprocess.py:93} INFO - 25/05/07 19:33:09 INFO TaskSchedulerImpl: Removed TaskSet 6.0, whose tasks have all completed, from pool
[2025-05-07T19:33:09.007+0000] {subprocess.py:93} INFO - 25/05/07 19:33:09 INFO DAGScheduler: ShuffleMapStage 6 (collect at /opt/***/dags/CoronaProj/Spark_script_process.py:52) finished in 0.068 s
[2025-05-07T19:33:09.007+0000] {subprocess.py:93} INFO - 25/05/07 19:33:09 INFO DAGScheduler: looking for newly runnable stages
[2025-05-07T19:33:09.008+0000] {subprocess.py:93} INFO - 25/05/07 19:33:09 INFO DAGScheduler: running: Set()
[2025-05-07T19:33:09.008+0000] {subprocess.py:93} INFO - 25/05/07 19:33:09 INFO DAGScheduler: waiting: Set()
[2025-05-07T19:33:09.008+0000] {subprocess.py:93} INFO - 25/05/07 19:33:09 INFO DAGScheduler: failed: Set()
[2025-05-07T19:33:09.022+0000] {subprocess.py:93} INFO - 25/05/07 19:33:09 INFO CodeGenerator: Code generated in 5.275781 ms
[2025-05-07T19:33:09.049+0000] {subprocess.py:93} INFO - 25/05/07 19:33:09 INFO SparkContext: Starting job: collect at /opt/***/dags/CoronaProj/Spark_script_process.py:52
[2025-05-07T19:33:09.051+0000] {subprocess.py:93} INFO - 25/05/07 19:33:09 INFO DAGScheduler: Got job 5 (collect at /opt/***/dags/CoronaProj/Spark_script_process.py:52) with 1 output partitions
[2025-05-07T19:33:09.051+0000] {subprocess.py:93} INFO - 25/05/07 19:33:09 INFO DAGScheduler: Final stage: ResultStage 9 (collect at /opt/***/dags/CoronaProj/Spark_script_process.py:52)
[2025-05-07T19:33:09.052+0000] {subprocess.py:93} INFO - 25/05/07 19:33:09 INFO DAGScheduler: Parents of final stage: List(ShuffleMapStage 8)
[2025-05-07T19:33:09.053+0000] {subprocess.py:93} INFO - 25/05/07 19:33:09 INFO DAGScheduler: Missing parents: List()
[2025-05-07T19:33:09.053+0000] {subprocess.py:93} INFO - 25/05/07 19:33:09 INFO DAGScheduler: Submitting ResultStage 9 (MapPartitionsRDD[19] at collect at /opt/***/dags/CoronaProj/Spark_script_process.py:52), which has no missing parents
[2025-05-07T19:33:09.054+0000] {subprocess.py:93} INFO - 25/05/07 19:33:09 INFO MemoryStore: Block broadcast_8 stored as values in memory (estimated size 12.5 KiB, free 433.8 MiB)
[2025-05-07T19:33:09.059+0000] {subprocess.py:93} INFO - 25/05/07 19:33:09 INFO MemoryStore: Block broadcast_8_piece0 stored as bytes in memory (estimated size 5.9 KiB, free 433.8 MiB)
[2025-05-07T19:33:09.059+0000] {subprocess.py:93} INFO - 25/05/07 19:33:09 INFO BlockManagerInfo: Added broadcast_8_piece0 in memory on 1a616c0a8036:33191 (size: 5.9 KiB, free: 434.3 MiB)
[2025-05-07T19:33:09.060+0000] {subprocess.py:93} INFO - 25/05/07 19:33:09 INFO BlockManagerInfo: Removed broadcast_7_piece0 on 1a616c0a8036:33191 in memory (size: 24.8 KiB, free: 434.3 MiB)
[2025-05-07T19:33:09.060+0000] {subprocess.py:93} INFO - 25/05/07 19:33:09 INFO SparkContext: Created broadcast 8 from broadcast at DAGScheduler.scala:1585
[2025-05-07T19:33:09.061+0000] {subprocess.py:93} INFO - 25/05/07 19:33:09 INFO DAGScheduler: Submitting 1 missing tasks from ResultStage 9 (MapPartitionsRDD[19] at collect at /opt/***/dags/CoronaProj/Spark_script_process.py:52) (first 15 tasks are for partitions Vector(0))
[2025-05-07T19:33:09.061+0000] {subprocess.py:93} INFO - 25/05/07 19:33:09 INFO TaskSchedulerImpl: Adding task set 9.0 with 1 tasks resource profile 0
[2025-05-07T19:33:09.062+0000] {subprocess.py:93} INFO - 25/05/07 19:33:09 INFO TaskSetManager: Starting task 0.0 in stage 9.0 (TID 5) (1a616c0a8036, executor driver, partition 0, NODE_LOCAL, 8999 bytes)
[2025-05-07T19:33:09.064+0000] {subprocess.py:93} INFO - 25/05/07 19:33:09 INFO Executor: Running task 0.0 in stage 9.0 (TID 5)
[2025-05-07T19:33:09.064+0000] {subprocess.py:93} INFO - 25/05/07 19:33:09 INFO BlockManagerInfo: Removed broadcast_6_piece0 on 1a616c0a8036:33191 in memory (size: 20.9 KiB, free: 434.3 MiB)
[2025-05-07T19:33:09.068+0000] {subprocess.py:93} INFO - 25/05/07 19:33:09 INFO ShuffleBlockFetcherIterator: Getting 1 (60.0 B) non-empty blocks including 1 (60.0 B) local and 0 (0.0 B) host-local and 0 (0.0 B) push-merged-local and 0 (0.0 B) remote blocks
[2025-05-07T19:33:09.068+0000] {subprocess.py:93} INFO - 25/05/07 19:33:09 INFO ShuffleBlockFetcherIterator: Started 0 remote fetches in 0 ms
[2025-05-07T19:33:09.074+0000] {subprocess.py:93} INFO - 25/05/07 19:33:09 INFO CodeGenerator: Code generated in 5.686896 ms
[2025-05-07T19:33:09.077+0000] {subprocess.py:93} INFO - 25/05/07 19:33:09 INFO Executor: Finished task 0.0 in stage 9.0 (TID 5). 3995 bytes result sent to driver
[2025-05-07T19:33:09.078+0000] {subprocess.py:93} INFO - 25/05/07 19:33:09 INFO TaskSetManager: Finished task 0.0 in stage 9.0 (TID 5) in 16 ms on 1a616c0a8036 (executor driver) (1/1)
[2025-05-07T19:33:09.078+0000] {subprocess.py:93} INFO - 25/05/07 19:33:09 INFO TaskSchedulerImpl: Removed TaskSet 9.0, whose tasks have all completed, from pool
[2025-05-07T19:33:09.080+0000] {subprocess.py:93} INFO - 25/05/07 19:33:09 INFO DAGScheduler: ResultStage 9 (collect at /opt/***/dags/CoronaProj/Spark_script_process.py:52) finished in 0.027 s
[2025-05-07T19:33:09.080+0000] {subprocess.py:93} INFO - 25/05/07 19:33:09 INFO DAGScheduler: Job 5 is finished. Cancelling potential speculative or zombie tasks for this job
[2025-05-07T19:33:09.081+0000] {subprocess.py:93} INFO - 25/05/07 19:33:09 INFO TaskSchedulerImpl: Killing all running tasks in stage 9: Stage finished
[2025-05-07T19:33:09.081+0000] {subprocess.py:93} INFO - 25/05/07 19:33:09 INFO DAGScheduler: Job 5 finished: collect at /opt/***/dags/CoronaProj/Spark_script_process.py:52, took 0.031093 s
[2025-05-07T19:33:09.100+0000] {subprocess.py:93} INFO - countries are unqiue
[2025-05-07T19:33:09.140+0000] {subprocess.py:93} INFO - Traceback (most recent call last):
[2025-05-07T19:33:09.141+0000] {subprocess.py:93} INFO -   File "/opt/***/dags/CoronaProj/Spark_script_process.py", line 70, in <module>
[2025-05-07T19:33:09.142+0000] {subprocess.py:93} INFO -     conn = psycopg2.connect(
[2025-05-07T19:33:09.143+0000] {subprocess.py:93} INFO -   File "/home/***/.local/lib/python3.10/site-packages/psycopg2/__init__.py", line 122, in connect
[2025-05-07T19:33:09.143+0000] {subprocess.py:93} INFO -     conn = _connect(dsn, connection_factory=connection_factory, **kwasync)
[2025-05-07T19:33:09.144+0000] {subprocess.py:93} INFO - psycopg2.OperationalError: connection to server at "localhost" (::1), port 5432 failed: Connection refused
[2025-05-07T19:33:09.144+0000] {subprocess.py:93} INFO - 	Is the server running on that host and accepting TCP/IP connections?
[2025-05-07T19:33:09.145+0000] {subprocess.py:93} INFO - connection to server at "localhost" (127.0.0.1), port 5432 failed: Connection refused
[2025-05-07T19:33:09.145+0000] {subprocess.py:93} INFO - 	Is the server running on that host and accepting TCP/IP connections?
[2025-05-07T19:33:09.145+0000] {subprocess.py:93} INFO - 
[2025-05-07T19:33:09.183+0000] {subprocess.py:93} INFO - 25/05/07 19:33:09 INFO SparkContext: Invoking stop() from shutdown hook
[2025-05-07T19:33:09.184+0000] {subprocess.py:93} INFO - 25/05/07 19:33:09 INFO SparkContext: SparkContext is stopping with exitCode 0.
[2025-05-07T19:33:09.193+0000] {subprocess.py:93} INFO - 25/05/07 19:33:09 INFO SparkUI: Stopped Spark web UI at http://1a616c0a8036:4040
[2025-05-07T19:33:09.202+0000] {subprocess.py:93} INFO - 25/05/07 19:33:09 INFO MapOutputTrackerMasterEndpoint: MapOutputTrackerMasterEndpoint stopped!
[2025-05-07T19:33:09.215+0000] {subprocess.py:93} INFO - 25/05/07 19:33:09 INFO MemoryStore: MemoryStore cleared
[2025-05-07T19:33:09.215+0000] {subprocess.py:93} INFO - 25/05/07 19:33:09 INFO BlockManager: BlockManager stopped
[2025-05-07T19:33:09.217+0000] {subprocess.py:93} INFO - 25/05/07 19:33:09 INFO BlockManagerMaster: BlockManagerMaster stopped
[2025-05-07T19:33:09.219+0000] {subprocess.py:93} INFO - 25/05/07 19:33:09 INFO OutputCommitCoordinator$OutputCommitCoordinatorEndpoint: OutputCommitCoordinator stopped!
[2025-05-07T19:33:09.226+0000] {subprocess.py:93} INFO - 25/05/07 19:33:09 INFO SparkContext: Successfully stopped SparkContext
[2025-05-07T19:33:09.227+0000] {subprocess.py:93} INFO - 25/05/07 19:33:09 INFO ShutdownHookManager: Shutdown hook called
[2025-05-07T19:33:09.227+0000] {subprocess.py:93} INFO - 25/05/07 19:33:09 INFO ShutdownHookManager: Deleting directory /tmp/spark-02f83819-046c-47ec-9eb2-1aee0fbdca7b/pyspark-f6c72db7-2428-4402-b73f-dce58ad34258
[2025-05-07T19:33:09.231+0000] {subprocess.py:93} INFO - 25/05/07 19:33:09 INFO ShutdownHookManager: Deleting directory /tmp/spark-28d17d46-6493-41fc-9068-4f80bf6941b4
[2025-05-07T19:33:09.234+0000] {subprocess.py:93} INFO - 25/05/07 19:33:09 INFO ShutdownHookManager: Deleting directory /tmp/spark-02f83819-046c-47ec-9eb2-1aee0fbdca7b
[2025-05-07T19:33:09.279+0000] {subprocess.py:97} INFO - Command exited with return code 1
[2025-05-07T19:33:09.288+0000] {taskinstance.py:2698} ERROR - Task failed with exception
Traceback (most recent call last):
  File "/home/airflow/.local/lib/python3.10/site-packages/airflow/models/taskinstance.py", line 433, in _execute_task
    result = execute_callable(context=context, **execute_callable_kwargs)
  File "/home/airflow/.local/lib/python3.10/site-packages/airflow/operators/bash.py", line 212, in execute
    raise AirflowException(
airflow.exceptions.AirflowException: Bash command failed. The command returned a non-zero exit code 1.
[2025-05-07T19:33:09.291+0000] {taskinstance.py:1138} INFO - Marking task as FAILED. dag_id=Simple_Corona_project, task_id=Spark_Processing, execution_date=20250507T193257, start_date=20250507T193300, end_date=20250507T193309
[2025-05-07T19:33:09.302+0000] {standard_task_runner.py:107} ERROR - Failed to execute job 35 for task Spark_Processing (Bash command failed. The command returned a non-zero exit code 1.; 313)
[2025-05-07T19:33:09.333+0000] {local_task_job_runner.py:234} INFO - Task exited with return code 1
[2025-05-07T19:33:09.357+0000] {taskinstance.py:3280} INFO - 0 downstream tasks scheduled from follow-on schedule check
