[2025-05-07T19:34:36.500+0000] {taskinstance.py:1956} INFO - Dependencies all met for dep_context=non-requeueable deps ti=<TaskInstance: Simple_Corona_project.Spark_Processing manual__2025-05-07T19:34:33.895572+00:00 [queued]>
[2025-05-07T19:34:36.507+0000] {taskinstance.py:1956} INFO - Dependencies all met for dep_context=requeueable deps ti=<TaskInstance: Simple_Corona_project.Spark_Processing manual__2025-05-07T19:34:33.895572+00:00 [queued]>
[2025-05-07T19:34:36.507+0000] {taskinstance.py:2170} INFO - Starting attempt 1 of 1
[2025-05-07T19:34:36.518+0000] {taskinstance.py:2191} INFO - Executing <Task(BashOperator): Spark_Processing> on 2025-05-07 19:34:33.895572+00:00
[2025-05-07T19:34:36.521+0000] {standard_task_runner.py:60} INFO - Started process 551 to run task
[2025-05-07T19:34:36.524+0000] {standard_task_runner.py:87} INFO - Running: ['***', 'tasks', 'run', 'Simple_Corona_project', 'Spark_Processing', 'manual__2025-05-07T19:34:33.895572+00:00', '--job-id', '37', '--raw', '--subdir', 'DAGS_FOLDER/Project_tasks2.py', '--cfg-path', '/tmp/tmphsx7r3j2']
[2025-05-07T19:34:36.525+0000] {standard_task_runner.py:88} INFO - Job 37: Subtask Spark_Processing
[2025-05-07T19:34:36.564+0000] {task_command.py:423} INFO - Running <TaskInstance: Simple_Corona_project.Spark_Processing manual__2025-05-07T19:34:33.895572+00:00 [running]> on host 1a616c0a8036
[2025-05-07T19:34:36.623+0000] {taskinstance.py:2480} INFO - Exporting env vars: AIRFLOW_CTX_DAG_OWNER='***' AIRFLOW_CTX_DAG_ID='Simple_Corona_project' AIRFLOW_CTX_TASK_ID='Spark_Processing' AIRFLOW_CTX_EXECUTION_DATE='2025-05-07T19:34:33.895572+00:00' AIRFLOW_CTX_TRY_NUMBER='1' AIRFLOW_CTX_DAG_RUN_ID='manual__2025-05-07T19:34:33.895572+00:00'
[2025-05-07T19:34:36.624+0000] {subprocess.py:63} INFO - Tmp dir root location: /tmp
[2025-05-07T19:34:36.625+0000] {subprocess.py:75} INFO - Running command: ['/usr/bin/bash', '-c', '\n        cd /opt/***/dags/CoronaProj/\n        spark-submit --jars "postgresql-42.7.5.jar" Spark_script_process.py']
[2025-05-07T19:34:36.632+0000] {subprocess.py:86} INFO - Output:
[2025-05-07T19:34:38.199+0000] {subprocess.py:93} INFO - 25/05/07 19:34:38 WARN NativeCodeLoader: Unable to load native-hadoop library for your platform... using builtin-java classes where applicable
[2025-05-07T19:34:39.125+0000] {subprocess.py:93} INFO - 25/05/07 19:34:39 INFO SparkContext: Running Spark version 3.5.5
[2025-05-07T19:34:39.126+0000] {subprocess.py:93} INFO - 25/05/07 19:34:39 INFO SparkContext: OS info Linux, 5.15.153.1-microsoft-standard-WSL2, amd64
[2025-05-07T19:34:39.126+0000] {subprocess.py:93} INFO - 25/05/07 19:34:39 INFO SparkContext: Java version 17.0.14
[2025-05-07T19:34:39.147+0000] {subprocess.py:93} INFO - 25/05/07 19:34:39 INFO ResourceUtils: ==============================================================
[2025-05-07T19:34:39.148+0000] {subprocess.py:93} INFO - 25/05/07 19:34:39 INFO ResourceUtils: No custom resources configured for spark.driver.
[2025-05-07T19:34:39.148+0000] {subprocess.py:93} INFO - 25/05/07 19:34:39 INFO ResourceUtils: ==============================================================
[2025-05-07T19:34:39.148+0000] {subprocess.py:93} INFO - 25/05/07 19:34:39 INFO SparkContext: Submitted application: CoronaProj
[2025-05-07T19:34:39.163+0000] {subprocess.py:93} INFO - 25/05/07 19:34:39 INFO ResourceProfile: Default ResourceProfile created, executor resources: Map(cores -> name: cores, amount: 1, script: , vendor: , memory -> name: memory, amount: 1024, script: , vendor: , offHeap -> name: offHeap, amount: 0, script: , vendor: ), task resources: Map(cpus -> name: cpus, amount: 1.0)
[2025-05-07T19:34:39.170+0000] {subprocess.py:93} INFO - 25/05/07 19:34:39 INFO ResourceProfile: Limiting resource is cpu
[2025-05-07T19:34:39.171+0000] {subprocess.py:93} INFO - 25/05/07 19:34:39 INFO ResourceProfileManager: Added ResourceProfile id: 0
[2025-05-07T19:34:39.208+0000] {subprocess.py:93} INFO - 25/05/07 19:34:39 INFO SecurityManager: Changing view acls to: ***
[2025-05-07T19:34:39.209+0000] {subprocess.py:93} INFO - 25/05/07 19:34:39 INFO SecurityManager: Changing modify acls to: ***
[2025-05-07T19:34:39.209+0000] {subprocess.py:93} INFO - 25/05/07 19:34:39 INFO SecurityManager: Changing view acls groups to:
[2025-05-07T19:34:39.209+0000] {subprocess.py:93} INFO - 25/05/07 19:34:39 INFO SecurityManager: Changing modify acls groups to:
[2025-05-07T19:34:39.210+0000] {subprocess.py:93} INFO - 25/05/07 19:34:39 INFO SecurityManager: SecurityManager: authentication disabled; ui acls disabled; users with view permissions: ***; groups with view permissions: EMPTY; users with modify permissions: ***; groups with modify permissions: EMPTY
[2025-05-07T19:34:39.365+0000] {subprocess.py:93} INFO - 25/05/07 19:34:39 INFO Utils: Successfully started service 'sparkDriver' on port 43205.
[2025-05-07T19:34:39.384+0000] {subprocess.py:93} INFO - 25/05/07 19:34:39 INFO SparkEnv: Registering MapOutputTracker
[2025-05-07T19:34:39.409+0000] {subprocess.py:93} INFO - 25/05/07 19:34:39 INFO SparkEnv: Registering BlockManagerMaster
[2025-05-07T19:34:39.423+0000] {subprocess.py:93} INFO - 25/05/07 19:34:39 INFO BlockManagerMasterEndpoint: Using org.apache.spark.storage.DefaultTopologyMapper for getting topology information
[2025-05-07T19:34:39.424+0000] {subprocess.py:93} INFO - 25/05/07 19:34:39 INFO BlockManagerMasterEndpoint: BlockManagerMasterEndpoint up
[2025-05-07T19:34:39.427+0000] {subprocess.py:93} INFO - 25/05/07 19:34:39 INFO SparkEnv: Registering BlockManagerMasterHeartbeat
[2025-05-07T19:34:39.445+0000] {subprocess.py:93} INFO - 25/05/07 19:34:39 INFO DiskBlockManager: Created local directory at /tmp/blockmgr-0ad4d762-d2bb-4605-b4d0-6112e2970e3a
[2025-05-07T19:34:39.456+0000] {subprocess.py:93} INFO - 25/05/07 19:34:39 INFO MemoryStore: MemoryStore started with capacity 434.4 MiB
[2025-05-07T19:34:39.474+0000] {subprocess.py:93} INFO - 25/05/07 19:34:39 INFO SparkEnv: Registering OutputCommitCoordinator
[2025-05-07T19:34:39.564+0000] {subprocess.py:93} INFO - 25/05/07 19:34:39 INFO JettyUtils: Start Jetty 0.0.0.0:4040 for SparkUI
[2025-05-07T19:34:39.616+0000] {subprocess.py:93} INFO - 25/05/07 19:34:39 INFO Utils: Successfully started service 'SparkUI' on port 4040.
[2025-05-07T19:34:39.646+0000] {subprocess.py:93} INFO - 25/05/07 19:34:39 ERROR SparkContext: Failed to add E:/Projects/Mini Practice Project Data Pipeline with ETL to Spark environment
[2025-05-07T19:34:39.646+0000] {subprocess.py:93} INFO - java.io.FileNotFoundException: Jar /opt/***/dags/CoronaProj/E:/Projects/Mini Practice Project Data Pipeline with ETL not found
[2025-05-07T19:34:39.647+0000] {subprocess.py:93} INFO - 	at org.apache.spark.SparkContext.addLocalJarFile$1(SparkContext.scala:2095)
[2025-05-07T19:34:39.647+0000] {subprocess.py:93} INFO - 	at org.apache.spark.SparkContext.addJar(SparkContext.scala:2151)
[2025-05-07T19:34:39.647+0000] {subprocess.py:93} INFO - 	at org.apache.spark.SparkContext.$anonfun$new$15(SparkContext.scala:521)
[2025-05-07T19:34:39.648+0000] {subprocess.py:93} INFO - 	at org.apache.spark.SparkContext.$anonfun$new$15$adapted(SparkContext.scala:521)
[2025-05-07T19:34:39.648+0000] {subprocess.py:93} INFO - 	at scala.collection.mutable.ResizableArray.foreach(ResizableArray.scala:62)
[2025-05-07T19:34:39.648+0000] {subprocess.py:93} INFO - 	at scala.collection.mutable.ResizableArray.foreach$(ResizableArray.scala:55)
[2025-05-07T19:34:39.648+0000] {subprocess.py:93} INFO - 	at scala.collection.mutable.ArrayBuffer.foreach(ArrayBuffer.scala:49)
[2025-05-07T19:34:39.649+0000] {subprocess.py:93} INFO - 	at org.apache.spark.SparkContext.<init>(SparkContext.scala:521)
[2025-05-07T19:34:39.649+0000] {subprocess.py:93} INFO - 	at org.apache.spark.api.java.JavaSparkContext.<init>(JavaSparkContext.scala:58)
[2025-05-07T19:34:39.649+0000] {subprocess.py:93} INFO - 	at java.base/jdk.internal.reflect.NativeConstructorAccessorImpl.newInstance0(Native Method)
[2025-05-07T19:34:39.650+0000] {subprocess.py:93} INFO - 	at java.base/jdk.internal.reflect.NativeConstructorAccessorImpl.newInstance(NativeConstructorAccessorImpl.java:77)
[2025-05-07T19:34:39.650+0000] {subprocess.py:93} INFO - 	at java.base/jdk.internal.reflect.DelegatingConstructorAccessorImpl.newInstance(DelegatingConstructorAccessorImpl.java:45)
[2025-05-07T19:34:39.650+0000] {subprocess.py:93} INFO - 	at java.base/java.lang.reflect.Constructor.newInstanceWithCaller(Constructor.java:500)
[2025-05-07T19:34:39.651+0000] {subprocess.py:93} INFO - 	at java.base/java.lang.reflect.Constructor.newInstance(Constructor.java:481)
[2025-05-07T19:34:39.651+0000] {subprocess.py:93} INFO - 	at py4j.reflection.MethodInvoker.invoke(MethodInvoker.java:247)
[2025-05-07T19:34:39.651+0000] {subprocess.py:93} INFO - 	at py4j.reflection.ReflectionEngine.invoke(ReflectionEngine.java:374)
[2025-05-07T19:34:39.652+0000] {subprocess.py:93} INFO - 	at py4j.Gateway.invoke(Gateway.java:238)
[2025-05-07T19:34:39.652+0000] {subprocess.py:93} INFO - 	at py4j.commands.ConstructorCommand.invokeConstructor(ConstructorCommand.java:80)
[2025-05-07T19:34:39.652+0000] {subprocess.py:93} INFO - 	at py4j.commands.ConstructorCommand.execute(ConstructorCommand.java:69)
[2025-05-07T19:34:39.653+0000] {subprocess.py:93} INFO - 	at py4j.ClientServerConnection.waitForCommands(ClientServerConnection.java:182)
[2025-05-07T19:34:39.653+0000] {subprocess.py:93} INFO - 	at py4j.ClientServerConnection.run(ClientServerConnection.java:106)
[2025-05-07T19:34:39.653+0000] {subprocess.py:93} INFO - 	at java.base/java.lang.Thread.run(Thread.java:840)
[2025-05-07T19:34:39.654+0000] {subprocess.py:93} INFO - 25/05/07 19:34:39 ERROR SparkContext: Failed to add Validation to Spark environment
[2025-05-07T19:34:39.654+0000] {subprocess.py:93} INFO - java.io.FileNotFoundException: Jar /opt/***/dags/CoronaProj/Validation not found
[2025-05-07T19:34:39.654+0000] {subprocess.py:93} INFO - 	at org.apache.spark.SparkContext.addLocalJarFile$1(SparkContext.scala:2095)
[2025-05-07T19:34:39.655+0000] {subprocess.py:93} INFO - 	at org.apache.spark.SparkContext.addJar(SparkContext.scala:2151)
[2025-05-07T19:34:39.655+0000] {subprocess.py:93} INFO - 	at org.apache.spark.SparkContext.$anonfun$new$15(SparkContext.scala:521)
[2025-05-07T19:34:39.656+0000] {subprocess.py:93} INFO - 	at org.apache.spark.SparkContext.$anonfun$new$15$adapted(SparkContext.scala:521)
[2025-05-07T19:34:39.656+0000] {subprocess.py:93} INFO - 	at scala.collection.mutable.ResizableArray.foreach(ResizableArray.scala:62)
[2025-05-07T19:34:39.656+0000] {subprocess.py:93} INFO - 	at scala.collection.mutable.ResizableArray.foreach$(ResizableArray.scala:55)
[2025-05-07T19:34:39.657+0000] {subprocess.py:93} INFO - 	at scala.collection.mutable.ArrayBuffer.foreach(ArrayBuffer.scala:49)
[2025-05-07T19:34:39.657+0000] {subprocess.py:93} INFO - 	at org.apache.spark.SparkContext.<init>(SparkContext.scala:521)
[2025-05-07T19:34:39.657+0000] {subprocess.py:93} INFO - 	at org.apache.spark.api.java.JavaSparkContext.<init>(JavaSparkContext.scala:58)
[2025-05-07T19:34:39.657+0000] {subprocess.py:93} INFO - 	at java.base/jdk.internal.reflect.NativeConstructorAccessorImpl.newInstance0(Native Method)
[2025-05-07T19:34:39.658+0000] {subprocess.py:93} INFO - 	at java.base/jdk.internal.reflect.NativeConstructorAccessorImpl.newInstance(NativeConstructorAccessorImpl.java:77)
[2025-05-07T19:34:39.658+0000] {subprocess.py:93} INFO - 	at java.base/jdk.internal.reflect.DelegatingConstructorAccessorImpl.newInstance(DelegatingConstructorAccessorImpl.java:45)
[2025-05-07T19:34:39.658+0000] {subprocess.py:93} INFO - 	at java.base/java.lang.reflect.Constructor.newInstanceWithCaller(Constructor.java:500)
[2025-05-07T19:34:39.658+0000] {subprocess.py:93} INFO - 	at java.base/java.lang.reflect.Constructor.newInstance(Constructor.java:481)
[2025-05-07T19:34:39.659+0000] {subprocess.py:93} INFO - 	at py4j.reflection.MethodInvoker.invoke(MethodInvoker.java:247)
[2025-05-07T19:34:39.659+0000] {subprocess.py:93} INFO - 	at py4j.reflection.ReflectionEngine.invoke(ReflectionEngine.java:374)
[2025-05-07T19:34:39.659+0000] {subprocess.py:93} INFO - 	at py4j.Gateway.invoke(Gateway.java:238)
[2025-05-07T19:34:39.660+0000] {subprocess.py:93} INFO - 	at py4j.commands.ConstructorCommand.invokeConstructor(ConstructorCommand.java:80)
[2025-05-07T19:34:39.660+0000] {subprocess.py:93} INFO - 	at py4j.commands.ConstructorCommand.execute(ConstructorCommand.java:69)
[2025-05-07T19:34:39.660+0000] {subprocess.py:93} INFO - 	at py4j.ClientServerConnection.waitForCommands(ClientServerConnection.java:182)
[2025-05-07T19:34:39.661+0000] {subprocess.py:93} INFO - 	at py4j.ClientServerConnection.run(ClientServerConnection.java:106)
[2025-05-07T19:34:39.661+0000] {subprocess.py:93} INFO - 	at java.base/java.lang.Thread.run(Thread.java:840)
[2025-05-07T19:34:39.661+0000] {subprocess.py:93} INFO - 25/05/07 19:34:39 ERROR SparkContext: Failed to add and Airflow/Spark_process/postgresql-42.7.5.jar to Spark environment
[2025-05-07T19:34:39.662+0000] {subprocess.py:93} INFO - java.io.FileNotFoundException: Jar /opt/***/dags/CoronaProj/and Airflow/Spark_process/postgresql-42.7.5.jar not found
[2025-05-07T19:34:39.662+0000] {subprocess.py:93} INFO - 	at org.apache.spark.SparkContext.addLocalJarFile$1(SparkContext.scala:2095)
[2025-05-07T19:34:39.662+0000] {subprocess.py:93} INFO - 	at org.apache.spark.SparkContext.addJar(SparkContext.scala:2151)
[2025-05-07T19:34:39.663+0000] {subprocess.py:93} INFO - 	at org.apache.spark.SparkContext.$anonfun$new$15(SparkContext.scala:521)
[2025-05-07T19:34:39.663+0000] {subprocess.py:93} INFO - 	at org.apache.spark.SparkContext.$anonfun$new$15$adapted(SparkContext.scala:521)
[2025-05-07T19:34:39.664+0000] {subprocess.py:93} INFO - 	at scala.collection.mutable.ResizableArray.foreach(ResizableArray.scala:62)
[2025-05-07T19:34:39.664+0000] {subprocess.py:93} INFO - 	at scala.collection.mutable.ResizableArray.foreach$(ResizableArray.scala:55)
[2025-05-07T19:34:39.664+0000] {subprocess.py:93} INFO - 	at scala.collection.mutable.ArrayBuffer.foreach(ArrayBuffer.scala:49)
[2025-05-07T19:34:39.665+0000] {subprocess.py:93} INFO - 	at org.apache.spark.SparkContext.<init>(SparkContext.scala:521)
[2025-05-07T19:34:39.665+0000] {subprocess.py:93} INFO - 	at org.apache.spark.api.java.JavaSparkContext.<init>(JavaSparkContext.scala:58)
[2025-05-07T19:34:39.665+0000] {subprocess.py:93} INFO - 	at java.base/jdk.internal.reflect.NativeConstructorAccessorImpl.newInstance0(Native Method)
[2025-05-07T19:34:39.666+0000] {subprocess.py:93} INFO - 	at java.base/jdk.internal.reflect.NativeConstructorAccessorImpl.newInstance(NativeConstructorAccessorImpl.java:77)
[2025-05-07T19:34:39.666+0000] {subprocess.py:93} INFO - 	at java.base/jdk.internal.reflect.DelegatingConstructorAccessorImpl.newInstance(DelegatingConstructorAccessorImpl.java:45)
[2025-05-07T19:34:39.666+0000] {subprocess.py:93} INFO - 	at java.base/java.lang.reflect.Constructor.newInstanceWithCaller(Constructor.java:500)
[2025-05-07T19:34:39.667+0000] {subprocess.py:93} INFO - 	at java.base/java.lang.reflect.Constructor.newInstance(Constructor.java:481)
[2025-05-07T19:34:39.667+0000] {subprocess.py:93} INFO - 	at py4j.reflection.MethodInvoker.invoke(MethodInvoker.java:247)
[2025-05-07T19:34:39.668+0000] {subprocess.py:93} INFO - 	at py4j.reflection.ReflectionEngine.invoke(ReflectionEngine.java:374)
[2025-05-07T19:34:39.668+0000] {subprocess.py:93} INFO - 	at py4j.Gateway.invoke(Gateway.java:238)
[2025-05-07T19:34:39.668+0000] {subprocess.py:93} INFO - 	at py4j.commands.ConstructorCommand.invokeConstructor(ConstructorCommand.java:80)
[2025-05-07T19:34:39.669+0000] {subprocess.py:93} INFO - 	at py4j.commands.ConstructorCommand.execute(ConstructorCommand.java:69)
[2025-05-07T19:34:39.669+0000] {subprocess.py:93} INFO - 	at py4j.ClientServerConnection.waitForCommands(ClientServerConnection.java:182)
[2025-05-07T19:34:39.669+0000] {subprocess.py:93} INFO - 	at py4j.ClientServerConnection.run(ClientServerConnection.java:106)
[2025-05-07T19:34:39.670+0000] {subprocess.py:93} INFO - 	at java.base/java.lang.Thread.run(Thread.java:840)
[2025-05-07T19:34:39.697+0000] {subprocess.py:93} INFO - 25/05/07 19:34:39 INFO Executor: Starting executor ID driver on host 1a616c0a8036
[2025-05-07T19:34:39.698+0000] {subprocess.py:93} INFO - 25/05/07 19:34:39 INFO Executor: OS info Linux, 5.15.153.1-microsoft-standard-WSL2, amd64
[2025-05-07T19:34:39.698+0000] {subprocess.py:93} INFO - 25/05/07 19:34:39 INFO Executor: Java version 17.0.14
[2025-05-07T19:34:39.703+0000] {subprocess.py:93} INFO - 25/05/07 19:34:39 INFO Executor: Starting executor with user classpath (userClassPathFirst = false): ''
[2025-05-07T19:34:39.704+0000] {subprocess.py:93} INFO - 25/05/07 19:34:39 INFO Executor: Created or updated repl class loader org.apache.spark.util.MutableURLClassLoader@1850bc5b for default.
[2025-05-07T19:34:39.721+0000] {subprocess.py:93} INFO - 25/05/07 19:34:39 INFO Utils: Successfully started service 'org.apache.spark.network.netty.NettyBlockTransferService' on port 37439.
[2025-05-07T19:34:39.721+0000] {subprocess.py:93} INFO - 25/05/07 19:34:39 INFO NettyBlockTransferService: Server created on 1a616c0a8036:37439
[2025-05-07T19:34:39.722+0000] {subprocess.py:93} INFO - 25/05/07 19:34:39 INFO BlockManager: Using org.apache.spark.storage.RandomBlockReplicationPolicy for block replication policy
[2025-05-07T19:34:39.726+0000] {subprocess.py:93} INFO - 25/05/07 19:34:39 INFO BlockManagerMaster: Registering BlockManager BlockManagerId(driver, 1a616c0a8036, 37439, None)
[2025-05-07T19:34:39.729+0000] {subprocess.py:93} INFO - 25/05/07 19:34:39 INFO BlockManagerMasterEndpoint: Registering block manager 1a616c0a8036:37439 with 434.4 MiB RAM, BlockManagerId(driver, 1a616c0a8036, 37439, None)
[2025-05-07T19:34:39.731+0000] {subprocess.py:93} INFO - 25/05/07 19:34:39 INFO BlockManagerMaster: Registered BlockManager BlockManagerId(driver, 1a616c0a8036, 37439, None)
[2025-05-07T19:34:39.732+0000] {subprocess.py:93} INFO - 25/05/07 19:34:39 INFO BlockManager: Initialized BlockManager: BlockManagerId(driver, 1a616c0a8036, 37439, None)
[2025-05-07T19:34:40.006+0000] {subprocess.py:93} INFO - 25/05/07 19:34:40 INFO SharedState: Setting hive.metastore.warehouse.dir ('null') to the value of spark.sql.warehouse.dir.
[2025-05-07T19:34:40.008+0000] {subprocess.py:93} INFO - 25/05/07 19:34:40 INFO SharedState: Warehouse path is 'file:/opt/***/dags/CoronaProj/spark-warehouse'.
[2025-05-07T19:34:40.552+0000] {subprocess.py:93} INFO - 25/05/07 19:34:40 INFO InMemoryFileIndex: It took 30 ms to list leaf files for 1 paths.
[2025-05-07T19:34:40.669+0000] {subprocess.py:93} INFO - 25/05/07 19:34:40 INFO MemoryStore: Block broadcast_0 stored as values in memory (estimated size 200.6 KiB, free 434.2 MiB)
[2025-05-07T19:34:40.714+0000] {subprocess.py:93} INFO - 25/05/07 19:34:40 INFO MemoryStore: Block broadcast_0_piece0 stored as bytes in memory (estimated size 34.6 KiB, free 434.2 MiB)
[2025-05-07T19:34:40.716+0000] {subprocess.py:93} INFO - 25/05/07 19:34:40 INFO BlockManagerInfo: Added broadcast_0_piece0 in memory on 1a616c0a8036:37439 (size: 34.6 KiB, free: 434.4 MiB)
[2025-05-07T19:34:40.719+0000] {subprocess.py:93} INFO - 25/05/07 19:34:40 INFO SparkContext: Created broadcast 0 from json at NativeMethodAccessorImpl.java:0
[2025-05-07T19:34:40.963+0000] {subprocess.py:93} INFO - 25/05/07 19:34:40 INFO FileInputFormat: Total input files to process : 1
[2025-05-07T19:34:40.967+0000] {subprocess.py:93} INFO - 25/05/07 19:34:40 INFO FileInputFormat: Total input files to process : 1
[2025-05-07T19:34:40.978+0000] {subprocess.py:93} INFO - 25/05/07 19:34:40 INFO SparkContext: Starting job: json at NativeMethodAccessorImpl.java:0
[2025-05-07T19:34:40.989+0000] {subprocess.py:93} INFO - 25/05/07 19:34:40 INFO DAGScheduler: Got job 0 (json at NativeMethodAccessorImpl.java:0) with 1 output partitions
[2025-05-07T19:34:40.990+0000] {subprocess.py:93} INFO - 25/05/07 19:34:40 INFO DAGScheduler: Final stage: ResultStage 0 (json at NativeMethodAccessorImpl.java:0)
[2025-05-07T19:34:40.990+0000] {subprocess.py:93} INFO - 25/05/07 19:34:40 INFO DAGScheduler: Parents of final stage: List()
[2025-05-07T19:34:40.991+0000] {subprocess.py:93} INFO - 25/05/07 19:34:40 INFO DAGScheduler: Missing parents: List()
[2025-05-07T19:34:40.994+0000] {subprocess.py:93} INFO - 25/05/07 19:34:40 INFO DAGScheduler: Submitting ResultStage 0 (MapPartitionsRDD[2] at json at NativeMethodAccessorImpl.java:0), which has no missing parents
[2025-05-07T19:34:41.027+0000] {subprocess.py:93} INFO - 25/05/07 19:34:41 INFO MemoryStore: Block broadcast_1 stored as values in memory (estimated size 9.3 KiB, free 434.2 MiB)
[2025-05-07T19:34:41.033+0000] {subprocess.py:93} INFO - 25/05/07 19:34:41 INFO MemoryStore: Block broadcast_1_piece0 stored as bytes in memory (estimated size 5.0 KiB, free 434.2 MiB)
[2025-05-07T19:34:41.034+0000] {subprocess.py:93} INFO - 25/05/07 19:34:41 INFO BlockManagerInfo: Added broadcast_1_piece0 in memory on 1a616c0a8036:37439 (size: 5.0 KiB, free: 434.4 MiB)
[2025-05-07T19:34:41.035+0000] {subprocess.py:93} INFO - 25/05/07 19:34:41 INFO SparkContext: Created broadcast 1 from broadcast at DAGScheduler.scala:1585
[2025-05-07T19:34:41.048+0000] {subprocess.py:93} INFO - 25/05/07 19:34:41 INFO DAGScheduler: Submitting 1 missing tasks from ResultStage 0 (MapPartitionsRDD[2] at json at NativeMethodAccessorImpl.java:0) (first 15 tasks are for partitions Vector(0))
[2025-05-07T19:34:41.049+0000] {subprocess.py:93} INFO - 25/05/07 19:34:41 INFO TaskSchedulerImpl: Adding task set 0.0 with 1 tasks resource profile 0
[2025-05-07T19:34:41.082+0000] {subprocess.py:93} INFO - 25/05/07 19:34:41 INFO TaskSetManager: Starting task 0.0 in stage 0.0 (TID 0) (1a616c0a8036, executor driver, partition 0, PROCESS_LOCAL, 9134 bytes)
[2025-05-07T19:34:41.093+0000] {subprocess.py:93} INFO - 25/05/07 19:34:41 INFO Executor: Running task 0.0 in stage 0.0 (TID 0)
[2025-05-07T19:34:41.142+0000] {subprocess.py:93} INFO - 25/05/07 19:34:41 INFO BinaryFileRDD: Input split: Paths:/opt/***/dags/CoronaProj/data.json:0+213782
[2025-05-07T19:34:41.319+0000] {subprocess.py:93} INFO - 25/05/07 19:34:41 INFO Executor: Finished task 0.0 in stage 0.0 (TID 0). 2671 bytes result sent to driver
[2025-05-07T19:34:41.328+0000] {subprocess.py:93} INFO - 25/05/07 19:34:41 INFO TaskSetManager: Finished task 0.0 in stage 0.0 (TID 0) in 255 ms on 1a616c0a8036 (executor driver) (1/1)
[2025-05-07T19:34:41.330+0000] {subprocess.py:93} INFO - 25/05/07 19:34:41 INFO TaskSchedulerImpl: Removed TaskSet 0.0, whose tasks have all completed, from pool
[2025-05-07T19:34:41.334+0000] {subprocess.py:93} INFO - 25/05/07 19:34:41 INFO DAGScheduler: ResultStage 0 (json at NativeMethodAccessorImpl.java:0) finished in 0.330 s
[2025-05-07T19:34:41.336+0000] {subprocess.py:93} INFO - 25/05/07 19:34:41 INFO DAGScheduler: Job 0 is finished. Cancelling potential speculative or zombie tasks for this job
[2025-05-07T19:34:41.337+0000] {subprocess.py:93} INFO - 25/05/07 19:34:41 INFO TaskSchedulerImpl: Killing all running tasks in stage 0: Stage finished
[2025-05-07T19:34:41.338+0000] {subprocess.py:93} INFO - 25/05/07 19:34:41 INFO DAGScheduler: Job 0 finished: json at NativeMethodAccessorImpl.java:0, took 0.359872 s
[2025-05-07T19:34:41.555+0000] {subprocess.py:93} INFO - 25/05/07 19:34:41 INFO BlockManagerInfo: Removed broadcast_0_piece0 on 1a616c0a8036:37439 in memory (size: 34.6 KiB, free: 434.4 MiB)
[2025-05-07T19:34:41.560+0000] {subprocess.py:93} INFO - 25/05/07 19:34:41 INFO BlockManagerInfo: Removed broadcast_1_piece0 on 1a616c0a8036:37439 in memory (size: 5.0 KiB, free: 434.4 MiB)
[2025-05-07T19:34:42.370+0000] {subprocess.py:93} INFO - 25/05/07 19:34:42 INFO FileSourceStrategy: Pushed Filters: IsNotNull(cases),IsNotNull(deaths),IsNotNull(recovered),GreaterThanOrEqual(cases,0),GreaterThanOrEqual(deaths,0),GreaterThanOrEqual(recovered,0)
[2025-05-07T19:34:42.372+0000] {subprocess.py:93} INFO - 25/05/07 19:34:42 INFO FileSourceStrategy: Post-Scan Filters: isnotnull(cases#2L),isnotnull(deaths#9L),isnotnull(recovered#15L),(cases#2L >= 0),(deaths#9L >= 0),(recovered#15L >= 0),atleastnnonnulls(6, continent#4, country#5, cases#2L, deaths#9L, recovered#15L, cast(from_unixtime(cast((cast(updated#22L as double) / 1000.0) as bigint), yyyy-MM-dd HH:mm:ss, Some(Africa/Cairo)) as timestamp))
[2025-05-07T19:34:42.689+0000] {subprocess.py:93} INFO - 25/05/07 19:34:42 INFO CodeGenerator: Code generated in 151.500069 ms
[2025-05-07T19:34:42.695+0000] {subprocess.py:93} INFO - 25/05/07 19:34:42 INFO MemoryStore: Block broadcast_2 stored as values in memory (estimated size 200.1 KiB, free 434.2 MiB)
[2025-05-07T19:34:42.710+0000] {subprocess.py:93} INFO - 25/05/07 19:34:42 INFO MemoryStore: Block broadcast_2_piece0 stored as bytes in memory (estimated size 34.6 KiB, free 434.2 MiB)
[2025-05-07T19:34:42.711+0000] {subprocess.py:93} INFO - 25/05/07 19:34:42 INFO BlockManagerInfo: Added broadcast_2_piece0 in memory on 1a616c0a8036:37439 (size: 34.6 KiB, free: 434.4 MiB)
[2025-05-07T19:34:42.713+0000] {subprocess.py:93} INFO - 25/05/07 19:34:42 INFO SparkContext: Created broadcast 2 from count at NativeMethodAccessorImpl.java:0
[2025-05-07T19:34:42.729+0000] {subprocess.py:93} INFO - 25/05/07 19:34:42 INFO FileSourceScanExec: Planning scan with bin packing, max size: 4194304 bytes, open cost is considered as scanning 4194304 bytes.
[2025-05-07T19:34:42.760+0000] {subprocess.py:93} INFO - 25/05/07 19:34:42 INFO DAGScheduler: Registering RDD 6 (count at NativeMethodAccessorImpl.java:0) as input to shuffle 0
[2025-05-07T19:34:42.763+0000] {subprocess.py:93} INFO - 25/05/07 19:34:42 INFO DAGScheduler: Got map stage job 1 (count at NativeMethodAccessorImpl.java:0) with 1 output partitions
[2025-05-07T19:34:42.764+0000] {subprocess.py:93} INFO - 25/05/07 19:34:42 INFO DAGScheduler: Final stage: ShuffleMapStage 1 (count at NativeMethodAccessorImpl.java:0)
[2025-05-07T19:34:42.764+0000] {subprocess.py:93} INFO - 25/05/07 19:34:42 INFO DAGScheduler: Parents of final stage: List()
[2025-05-07T19:34:42.764+0000] {subprocess.py:93} INFO - 25/05/07 19:34:42 INFO DAGScheduler: Missing parents: List()
[2025-05-07T19:34:42.765+0000] {subprocess.py:93} INFO - 25/05/07 19:34:42 INFO DAGScheduler: Submitting ShuffleMapStage 1 (MapPartitionsRDD[6] at count at NativeMethodAccessorImpl.java:0), which has no missing parents
[2025-05-07T19:34:42.800+0000] {subprocess.py:93} INFO - 25/05/07 19:34:42 INFO MemoryStore: Block broadcast_3 stored as values in memory (estimated size 22.5 KiB, free 434.1 MiB)
[2025-05-07T19:34:42.805+0000] {subprocess.py:93} INFO - 25/05/07 19:34:42 INFO MemoryStore: Block broadcast_3_piece0 stored as bytes in memory (estimated size 10.3 KiB, free 434.1 MiB)
[2025-05-07T19:34:42.806+0000] {subprocess.py:93} INFO - 25/05/07 19:34:42 INFO BlockManagerInfo: Added broadcast_3_piece0 in memory on 1a616c0a8036:37439 (size: 10.3 KiB, free: 434.4 MiB)
[2025-05-07T19:34:42.807+0000] {subprocess.py:93} INFO - 25/05/07 19:34:42 INFO SparkContext: Created broadcast 3 from broadcast at DAGScheduler.scala:1585
[2025-05-07T19:34:42.809+0000] {subprocess.py:93} INFO - 25/05/07 19:34:42 INFO DAGScheduler: Submitting 1 missing tasks from ShuffleMapStage 1 (MapPartitionsRDD[6] at count at NativeMethodAccessorImpl.java:0) (first 15 tasks are for partitions Vector(0))
[2025-05-07T19:34:42.809+0000] {subprocess.py:93} INFO - 25/05/07 19:34:42 INFO TaskSchedulerImpl: Adding task set 1.0 with 1 tasks resource profile 0
[2025-05-07T19:34:42.813+0000] {subprocess.py:93} INFO - 25/05/07 19:34:42 INFO TaskSetManager: Starting task 0.0 in stage 1.0 (TID 1) (1a616c0a8036, executor driver, partition 0, PROCESS_LOCAL, 9596 bytes)
[2025-05-07T19:34:42.814+0000] {subprocess.py:93} INFO - 25/05/07 19:34:42 INFO Executor: Running task 0.0 in stage 1.0 (TID 1)
[2025-05-07T19:34:42.868+0000] {subprocess.py:93} INFO - 25/05/07 19:34:42 INFO CodeGenerator: Code generated in 22.794178 ms
[2025-05-07T19:34:42.875+0000] {subprocess.py:93} INFO - 25/05/07 19:34:42 INFO FileScanRDD: Reading File path: file:///opt/***/dags/CoronaProj/data.json, range: 0-213782, partition values: [empty row]
[2025-05-07T19:34:42.899+0000] {subprocess.py:93} INFO - 25/05/07 19:34:42 INFO CodeGenerator: Code generated in 15.883442 ms
[2025-05-07T19:34:42.919+0000] {subprocess.py:93} INFO - 25/05/07 19:34:42 INFO CodeGenerator: Code generated in 6.43172 ms
[2025-05-07T19:34:42.927+0000] {subprocess.py:93} INFO - 25/05/07 19:34:42 INFO CodeGenerator: Code generated in 5.990705 ms
[2025-05-07T19:34:42.936+0000] {subprocess.py:93} INFO - 25/05/07 19:34:42 INFO CodeGenerator: Code generated in 5.346882 ms
[2025-05-07T19:34:43.034+0000] {subprocess.py:93} INFO - 25/05/07 19:34:43 INFO Executor: Finished task 0.0 in stage 1.0 (TID 1). 2027 bytes result sent to driver
[2025-05-07T19:34:43.036+0000] {subprocess.py:93} INFO - 25/05/07 19:34:43 INFO TaskSetManager: Finished task 0.0 in stage 1.0 (TID 1) in 226 ms on 1a616c0a8036 (executor driver) (1/1)
[2025-05-07T19:34:43.037+0000] {subprocess.py:93} INFO - 25/05/07 19:34:43 INFO TaskSchedulerImpl: Removed TaskSet 1.0, whose tasks have all completed, from pool
[2025-05-07T19:34:43.039+0000] {subprocess.py:93} INFO - 25/05/07 19:34:43 INFO DAGScheduler: ShuffleMapStage 1 (count at NativeMethodAccessorImpl.java:0) finished in 0.270 s
[2025-05-07T19:34:43.040+0000] {subprocess.py:93} INFO - 25/05/07 19:34:43 INFO DAGScheduler: looking for newly runnable stages
[2025-05-07T19:34:43.040+0000] {subprocess.py:93} INFO - 25/05/07 19:34:43 INFO DAGScheduler: running: Set()
[2025-05-07T19:34:43.041+0000] {subprocess.py:93} INFO - 25/05/07 19:34:43 INFO DAGScheduler: waiting: Set()
[2025-05-07T19:34:43.042+0000] {subprocess.py:93} INFO - 25/05/07 19:34:43 INFO DAGScheduler: failed: Set()
[2025-05-07T19:34:43.083+0000] {subprocess.py:93} INFO - 25/05/07 19:34:43 INFO CodeGenerator: Code generated in 12.528028 ms
[2025-05-07T19:34:43.117+0000] {subprocess.py:93} INFO - 25/05/07 19:34:43 INFO SparkContext: Starting job: count at NativeMethodAccessorImpl.java:0
[2025-05-07T19:34:43.119+0000] {subprocess.py:93} INFO - 25/05/07 19:34:43 INFO DAGScheduler: Got job 2 (count at NativeMethodAccessorImpl.java:0) with 1 output partitions
[2025-05-07T19:34:43.120+0000] {subprocess.py:93} INFO - 25/05/07 19:34:43 INFO DAGScheduler: Final stage: ResultStage 3 (count at NativeMethodAccessorImpl.java:0)
[2025-05-07T19:34:43.121+0000] {subprocess.py:93} INFO - 25/05/07 19:34:43 INFO DAGScheduler: Parents of final stage: List(ShuffleMapStage 2)
[2025-05-07T19:34:43.121+0000] {subprocess.py:93} INFO - 25/05/07 19:34:43 INFO DAGScheduler: Missing parents: List()
[2025-05-07T19:34:43.122+0000] {subprocess.py:93} INFO - 25/05/07 19:34:43 INFO DAGScheduler: Submitting ResultStage 3 (MapPartitionsRDD[9] at count at NativeMethodAccessorImpl.java:0), which has no missing parents
[2025-05-07T19:34:43.129+0000] {subprocess.py:93} INFO - 25/05/07 19:34:43 INFO MemoryStore: Block broadcast_4 stored as values in memory (estimated size 12.5 KiB, free 434.1 MiB)
[2025-05-07T19:34:43.138+0000] {subprocess.py:93} INFO - 25/05/07 19:34:43 INFO MemoryStore: Block broadcast_4_piece0 stored as bytes in memory (estimated size 5.9 KiB, free 434.1 MiB)
[2025-05-07T19:34:43.138+0000] {subprocess.py:93} INFO - 25/05/07 19:34:43 INFO BlockManagerInfo: Added broadcast_4_piece0 in memory on 1a616c0a8036:37439 (size: 5.9 KiB, free: 434.4 MiB)
[2025-05-07T19:34:43.139+0000] {subprocess.py:93} INFO - 25/05/07 19:34:43 INFO SparkContext: Created broadcast 4 from broadcast at DAGScheduler.scala:1585
[2025-05-07T19:34:43.140+0000] {subprocess.py:93} INFO - 25/05/07 19:34:43 INFO BlockManagerInfo: Removed broadcast_3_piece0 on 1a616c0a8036:37439 in memory (size: 10.3 KiB, free: 434.4 MiB)
[2025-05-07T19:34:43.140+0000] {subprocess.py:93} INFO - 25/05/07 19:34:43 INFO DAGScheduler: Submitting 1 missing tasks from ResultStage 3 (MapPartitionsRDD[9] at count at NativeMethodAccessorImpl.java:0) (first 15 tasks are for partitions Vector(0))
[2025-05-07T19:34:43.141+0000] {subprocess.py:93} INFO - 25/05/07 19:34:43 INFO TaskSchedulerImpl: Adding task set 3.0 with 1 tasks resource profile 0
[2025-05-07T19:34:43.145+0000] {subprocess.py:93} INFO - 25/05/07 19:34:43 INFO TaskSetManager: Starting task 0.0 in stage 3.0 (TID 2) (1a616c0a8036, executor driver, partition 0, NODE_LOCAL, 8999 bytes)
[2025-05-07T19:34:43.146+0000] {subprocess.py:93} INFO - 25/05/07 19:34:43 INFO Executor: Running task 0.0 in stage 3.0 (TID 2)
[2025-05-07T19:34:43.184+0000] {subprocess.py:93} INFO - 25/05/07 19:34:43 INFO ShuffleBlockFetcherIterator: Getting 1 (60.0 B) non-empty blocks including 1 (60.0 B) local and 0 (0.0 B) host-local and 0 (0.0 B) push-merged-local and 0 (0.0 B) remote blocks
[2025-05-07T19:34:43.186+0000] {subprocess.py:93} INFO - 25/05/07 19:34:43 INFO ShuffleBlockFetcherIterator: Started 0 remote fetches in 11 ms
[2025-05-07T19:34:43.202+0000] {subprocess.py:93} INFO - 25/05/07 19:34:43 INFO CodeGenerator: Code generated in 12.774235 ms
[2025-05-07T19:34:43.215+0000] {subprocess.py:93} INFO - 25/05/07 19:34:43 INFO Executor: Finished task 0.0 in stage 3.0 (TID 2). 4038 bytes result sent to driver
[2025-05-07T19:34:43.218+0000] {subprocess.py:93} INFO - 25/05/07 19:34:43 INFO TaskSetManager: Finished task 0.0 in stage 3.0 (TID 2) in 74 ms on 1a616c0a8036 (executor driver) (1/1)
[2025-05-07T19:34:43.218+0000] {subprocess.py:93} INFO - 25/05/07 19:34:43 INFO TaskSchedulerImpl: Removed TaskSet 3.0, whose tasks have all completed, from pool
[2025-05-07T19:34:43.219+0000] {subprocess.py:93} INFO - 25/05/07 19:34:43 INFO DAGScheduler: ResultStage 3 (count at NativeMethodAccessorImpl.java:0) finished in 0.092 s
[2025-05-07T19:34:43.220+0000] {subprocess.py:93} INFO - 25/05/07 19:34:43 INFO DAGScheduler: Job 2 is finished. Cancelling potential speculative or zombie tasks for this job
[2025-05-07T19:34:43.221+0000] {subprocess.py:93} INFO - 25/05/07 19:34:43 INFO TaskSchedulerImpl: Killing all running tasks in stage 3: Stage finished
[2025-05-07T19:34:43.221+0000] {subprocess.py:93} INFO - 25/05/07 19:34:43 INFO DAGScheduler: Job 2 finished: count at NativeMethodAccessorImpl.java:0, took 0.103153 s
[2025-05-07T19:34:43.333+0000] {subprocess.py:93} INFO - 25/05/07 19:34:43 INFO FileSourceStrategy: Pushed Filters: IsNotNull(cases),IsNotNull(deaths),IsNotNull(recovered),GreaterThanOrEqual(cases,0),GreaterThanOrEqual(deaths,0),GreaterThanOrEqual(recovered,0)
[2025-05-07T19:34:43.334+0000] {subprocess.py:93} INFO - 25/05/07 19:34:43 INFO FileSourceStrategy: Post-Scan Filters: isnotnull(cases#2L),isnotnull(deaths#9L),isnotnull(recovered#15L),(cases#2L >= 0),(deaths#9L >= 0),(recovered#15L >= 0),atleastnnonnulls(6, continent#4, country#5, cases#2L, deaths#9L, recovered#15L, cast(from_unixtime(cast((cast(updated#22L as double) / 1000.0) as bigint), yyyy-MM-dd HH:mm:ss, Some(Africa/Cairo)) as timestamp))
[2025-05-07T19:34:43.440+0000] {subprocess.py:93} INFO - 25/05/07 19:34:43 INFO CodeGenerator: Code generated in 50.890736 ms
[2025-05-07T19:34:43.446+0000] {subprocess.py:93} INFO - 25/05/07 19:34:43 INFO MemoryStore: Block broadcast_5 stored as values in memory (estimated size 200.1 KiB, free 434.0 MiB)
[2025-05-07T19:34:43.456+0000] {subprocess.py:93} INFO - 25/05/07 19:34:43 INFO BlockManagerInfo: Removed broadcast_4_piece0 on 1a616c0a8036:37439 in memory (size: 5.9 KiB, free: 434.4 MiB)
[2025-05-07T19:34:43.464+0000] {subprocess.py:93} INFO - 25/05/07 19:34:43 INFO MemoryStore: Block broadcast_5_piece0 stored as bytes in memory (estimated size 34.6 KiB, free 433.9 MiB)
[2025-05-07T19:34:43.465+0000] {subprocess.py:93} INFO - 25/05/07 19:34:43 INFO BlockManagerInfo: Added broadcast_5_piece0 in memory on 1a616c0a8036:37439 (size: 34.6 KiB, free: 434.3 MiB)
[2025-05-07T19:34:43.465+0000] {subprocess.py:93} INFO - 25/05/07 19:34:43 INFO SparkContext: Created broadcast 5 from collect at /opt/***/dags/CoronaProj/Spark_script_process.py:52
[2025-05-07T19:34:43.466+0000] {subprocess.py:93} INFO - 25/05/07 19:34:43 INFO FileSourceScanExec: Planning scan with bin packing, max size: 4194304 bytes, open cost is considered as scanning 4194304 bytes.
[2025-05-07T19:34:43.500+0000] {subprocess.py:93} INFO - 25/05/07 19:34:43 INFO DAGScheduler: Registering RDD 13 (collect at /opt/***/dags/CoronaProj/Spark_script_process.py:52) as input to shuffle 1
[2025-05-07T19:34:43.500+0000] {subprocess.py:93} INFO - 25/05/07 19:34:43 INFO DAGScheduler: Got map stage job 3 (collect at /opt/***/dags/CoronaProj/Spark_script_process.py:52) with 1 output partitions
[2025-05-07T19:34:43.500+0000] {subprocess.py:93} INFO - 25/05/07 19:34:43 INFO DAGScheduler: Final stage: ShuffleMapStage 4 (collect at /opt/***/dags/CoronaProj/Spark_script_process.py:52)
[2025-05-07T19:34:43.501+0000] {subprocess.py:93} INFO - 25/05/07 19:34:43 INFO DAGScheduler: Parents of final stage: List()
[2025-05-07T19:34:43.501+0000] {subprocess.py:93} INFO - 25/05/07 19:34:43 INFO DAGScheduler: Missing parents: List()
[2025-05-07T19:34:43.502+0000] {subprocess.py:93} INFO - 25/05/07 19:34:43 INFO DAGScheduler: Submitting ShuffleMapStage 4 (MapPartitionsRDD[13] at collect at /opt/***/dags/CoronaProj/Spark_script_process.py:52), which has no missing parents
[2025-05-07T19:34:43.504+0000] {subprocess.py:93} INFO - 25/05/07 19:34:43 INFO MemoryStore: Block broadcast_6 stored as values in memory (estimated size 46.0 KiB, free 433.9 MiB)
[2025-05-07T19:34:43.509+0000] {subprocess.py:93} INFO - 25/05/07 19:34:43 INFO MemoryStore: Block broadcast_6_piece0 stored as bytes in memory (estimated size 20.9 KiB, free 433.9 MiB)
[2025-05-07T19:34:43.510+0000] {subprocess.py:93} INFO - 25/05/07 19:34:43 INFO BlockManagerInfo: Added broadcast_6_piece0 in memory on 1a616c0a8036:37439 (size: 20.9 KiB, free: 434.3 MiB)
[2025-05-07T19:34:43.510+0000] {subprocess.py:93} INFO - 25/05/07 19:34:43 INFO SparkContext: Created broadcast 6 from broadcast at DAGScheduler.scala:1585
[2025-05-07T19:34:43.511+0000] {subprocess.py:93} INFO - 25/05/07 19:34:43 INFO DAGScheduler: Submitting 1 missing tasks from ShuffleMapStage 4 (MapPartitionsRDD[13] at collect at /opt/***/dags/CoronaProj/Spark_script_process.py:52) (first 15 tasks are for partitions Vector(0))
[2025-05-07T19:34:43.511+0000] {subprocess.py:93} INFO - 25/05/07 19:34:43 INFO TaskSchedulerImpl: Adding task set 4.0 with 1 tasks resource profile 0
[2025-05-07T19:34:43.512+0000] {subprocess.py:93} INFO - 25/05/07 19:34:43 INFO TaskSetManager: Starting task 0.0 in stage 4.0 (TID 3) (1a616c0a8036, executor driver, partition 0, PROCESS_LOCAL, 9596 bytes)
[2025-05-07T19:34:43.513+0000] {subprocess.py:93} INFO - 25/05/07 19:34:43 INFO Executor: Running task 0.0 in stage 4.0 (TID 3)
[2025-05-07T19:34:43.563+0000] {subprocess.py:93} INFO - 25/05/07 19:34:43 INFO CodeGenerator: Code generated in 40.637987 ms
[2025-05-07T19:34:43.580+0000] {subprocess.py:93} INFO - 25/05/07 19:34:43 INFO CodeGenerator: Code generated in 10.812869 ms
[2025-05-07T19:34:43.589+0000] {subprocess.py:93} INFO - 25/05/07 19:34:43 INFO CodeGenerator: Code generated in 6.189311 ms
[2025-05-07T19:34:43.605+0000] {subprocess.py:93} INFO - 25/05/07 19:34:43 INFO CodeGenerator: Code generated in 5.28408 ms
[2025-05-07T19:34:43.611+0000] {subprocess.py:93} INFO - 25/05/07 19:34:43 INFO FileScanRDD: Reading File path: file:///opt/***/dags/CoronaProj/data.json, range: 0-213782, partition values: [empty row]
[2025-05-07T19:34:43.704+0000] {subprocess.py:93} INFO - 25/05/07 19:34:43 INFO Executor: Finished task 0.0 in stage 4.0 (TID 3). 2821 bytes result sent to driver
[2025-05-07T19:34:43.706+0000] {subprocess.py:93} INFO - 25/05/07 19:34:43 INFO TaskSetManager: Finished task 0.0 in stage 4.0 (TID 3) in 193 ms on 1a616c0a8036 (executor driver) (1/1)
[2025-05-07T19:34:43.706+0000] {subprocess.py:93} INFO - 25/05/07 19:34:43 INFO TaskSchedulerImpl: Removed TaskSet 4.0, whose tasks have all completed, from pool
[2025-05-07T19:34:43.707+0000] {subprocess.py:93} INFO - 25/05/07 19:34:43 INFO DAGScheduler: ShuffleMapStage 4 (collect at /opt/***/dags/CoronaProj/Spark_script_process.py:52) finished in 0.205 s
[2025-05-07T19:34:43.707+0000] {subprocess.py:93} INFO - 25/05/07 19:34:43 INFO DAGScheduler: looking for newly runnable stages
[2025-05-07T19:34:43.708+0000] {subprocess.py:93} INFO - 25/05/07 19:34:43 INFO DAGScheduler: running: Set()
[2025-05-07T19:34:43.708+0000] {subprocess.py:93} INFO - 25/05/07 19:34:43 INFO DAGScheduler: waiting: Set()
[2025-05-07T19:34:43.709+0000] {subprocess.py:93} INFO - 25/05/07 19:34:43 INFO DAGScheduler: failed: Set()
[2025-05-07T19:34:43.717+0000] {subprocess.py:93} INFO - 25/05/07 19:34:43 INFO ShufflePartitionsUtil: For shuffle(1), advisory target size: 67108864, actual target size 1048576, minimum partition size: 1048576
[2025-05-07T19:34:43.773+0000] {subprocess.py:93} INFO - 25/05/07 19:34:43 INFO CodeGenerator: Code generated in 23.459901 ms
[2025-05-07T19:34:43.791+0000] {subprocess.py:93} INFO - 25/05/07 19:34:43 INFO DAGScheduler: Registering RDD 16 (collect at /opt/***/dags/CoronaProj/Spark_script_process.py:52) as input to shuffle 2
[2025-05-07T19:34:43.792+0000] {subprocess.py:93} INFO - 25/05/07 19:34:43 INFO DAGScheduler: Got map stage job 4 (collect at /opt/***/dags/CoronaProj/Spark_script_process.py:52) with 1 output partitions
[2025-05-07T19:34:43.793+0000] {subprocess.py:93} INFO - 25/05/07 19:34:43 INFO DAGScheduler: Final stage: ShuffleMapStage 6 (collect at /opt/***/dags/CoronaProj/Spark_script_process.py:52)
[2025-05-07T19:34:43.793+0000] {subprocess.py:93} INFO - 25/05/07 19:34:43 INFO DAGScheduler: Parents of final stage: List(ShuffleMapStage 5)
[2025-05-07T19:34:43.793+0000] {subprocess.py:93} INFO - 25/05/07 19:34:43 INFO DAGScheduler: Missing parents: List()
[2025-05-07T19:34:43.794+0000] {subprocess.py:93} INFO - 25/05/07 19:34:43 INFO DAGScheduler: Submitting ShuffleMapStage 6 (MapPartitionsRDD[16] at collect at /opt/***/dags/CoronaProj/Spark_script_process.py:52), which has no missing parents
[2025-05-07T19:34:43.804+0000] {subprocess.py:93} INFO - 25/05/07 19:34:43 INFO MemoryStore: Block broadcast_7 stored as values in memory (estimated size 57.0 KiB, free 433.8 MiB)
[2025-05-07T19:34:43.810+0000] {subprocess.py:93} INFO - 25/05/07 19:34:43 INFO MemoryStore: Block broadcast_7_piece0 stored as bytes in memory (estimated size 24.8 KiB, free 433.8 MiB)
[2025-05-07T19:34:43.811+0000] {subprocess.py:93} INFO - 25/05/07 19:34:43 INFO BlockManagerInfo: Added broadcast_7_piece0 in memory on 1a616c0a8036:37439 (size: 24.8 KiB, free: 434.3 MiB)
[2025-05-07T19:34:43.812+0000] {subprocess.py:93} INFO - 25/05/07 19:34:43 INFO BlockManagerInfo: Removed broadcast_6_piece0 on 1a616c0a8036:37439 in memory (size: 20.9 KiB, free: 434.3 MiB)
[2025-05-07T19:34:43.812+0000] {subprocess.py:93} INFO - 25/05/07 19:34:43 INFO SparkContext: Created broadcast 7 from broadcast at DAGScheduler.scala:1585
[2025-05-07T19:34:43.813+0000] {subprocess.py:93} INFO - 25/05/07 19:34:43 INFO DAGScheduler: Submitting 1 missing tasks from ShuffleMapStage 6 (MapPartitionsRDD[16] at collect at /opt/***/dags/CoronaProj/Spark_script_process.py:52) (first 15 tasks are for partitions Vector(0))
[2025-05-07T19:34:43.813+0000] {subprocess.py:93} INFO - 25/05/07 19:34:43 INFO TaskSchedulerImpl: Adding task set 6.0 with 1 tasks resource profile 0
[2025-05-07T19:34:43.814+0000] {subprocess.py:93} INFO - 25/05/07 19:34:43 INFO TaskSetManager: Starting task 0.0 in stage 6.0 (TID 4) (1a616c0a8036, executor driver, partition 0, NODE_LOCAL, 8988 bytes)
[2025-05-07T19:34:43.815+0000] {subprocess.py:93} INFO - 25/05/07 19:34:43 INFO Executor: Running task 0.0 in stage 6.0 (TID 4)
[2025-05-07T19:34:43.826+0000] {subprocess.py:93} INFO - 25/05/07 19:34:43 INFO ShuffleBlockFetcherIterator: Getting 1 (12.3 KiB) non-empty blocks including 1 (12.3 KiB) local and 0 (0.0 B) host-local and 0 (0.0 B) push-merged-local and 0 (0.0 B) remote blocks
[2025-05-07T19:34:43.827+0000] {subprocess.py:93} INFO - 25/05/07 19:34:43 INFO ShuffleBlockFetcherIterator: Started 0 remote fetches in 1 ms
[2025-05-07T19:34:43.848+0000] {subprocess.py:93} INFO - 25/05/07 19:34:43 INFO CodeGenerator: Code generated in 20.826411 ms
[2025-05-07T19:34:43.867+0000] {subprocess.py:93} INFO - 25/05/07 19:34:43 INFO Executor: Finished task 0.0 in stage 6.0 (TID 4). 5651 bytes result sent to driver
[2025-05-07T19:34:43.869+0000] {subprocess.py:93} INFO - 25/05/07 19:34:43 INFO TaskSetManager: Finished task 0.0 in stage 6.0 (TID 4) in 54 ms on 1a616c0a8036 (executor driver) (1/1)
[2025-05-07T19:34:43.869+0000] {subprocess.py:93} INFO - 25/05/07 19:34:43 INFO TaskSchedulerImpl: Removed TaskSet 6.0, whose tasks have all completed, from pool
[2025-05-07T19:34:43.871+0000] {subprocess.py:93} INFO - 25/05/07 19:34:43 INFO DAGScheduler: ShuffleMapStage 6 (collect at /opt/***/dags/CoronaProj/Spark_script_process.py:52) finished in 0.069 s
[2025-05-07T19:34:43.871+0000] {subprocess.py:93} INFO - 25/05/07 19:34:43 INFO DAGScheduler: looking for newly runnable stages
[2025-05-07T19:34:43.872+0000] {subprocess.py:93} INFO - 25/05/07 19:34:43 INFO DAGScheduler: running: Set()
[2025-05-07T19:34:43.873+0000] {subprocess.py:93} INFO - 25/05/07 19:34:43 INFO DAGScheduler: waiting: Set()
[2025-05-07T19:34:43.873+0000] {subprocess.py:93} INFO - 25/05/07 19:34:43 INFO DAGScheduler: failed: Set()
[2025-05-07T19:34:43.892+0000] {subprocess.py:93} INFO - 25/05/07 19:34:43 INFO CodeGenerator: Code generated in 6.345216 ms
[2025-05-07T19:34:43.917+0000] {subprocess.py:93} INFO - 25/05/07 19:34:43 INFO SparkContext: Starting job: collect at /opt/***/dags/CoronaProj/Spark_script_process.py:52
[2025-05-07T19:34:43.918+0000] {subprocess.py:93} INFO - 25/05/07 19:34:43 INFO DAGScheduler: Got job 5 (collect at /opt/***/dags/CoronaProj/Spark_script_process.py:52) with 1 output partitions
[2025-05-07T19:34:43.919+0000] {subprocess.py:93} INFO - 25/05/07 19:34:43 INFO DAGScheduler: Final stage: ResultStage 9 (collect at /opt/***/dags/CoronaProj/Spark_script_process.py:52)
[2025-05-07T19:34:43.919+0000] {subprocess.py:93} INFO - 25/05/07 19:34:43 INFO DAGScheduler: Parents of final stage: List(ShuffleMapStage 8)
[2025-05-07T19:34:43.919+0000] {subprocess.py:93} INFO - 25/05/07 19:34:43 INFO DAGScheduler: Missing parents: List()
[2025-05-07T19:34:43.920+0000] {subprocess.py:93} INFO - 25/05/07 19:34:43 INFO DAGScheduler: Submitting ResultStage 9 (MapPartitionsRDD[19] at collect at /opt/***/dags/CoronaProj/Spark_script_process.py:52), which has no missing parents
[2025-05-07T19:34:43.921+0000] {subprocess.py:93} INFO - 25/05/07 19:34:43 INFO MemoryStore: Block broadcast_8 stored as values in memory (estimated size 12.5 KiB, free 433.8 MiB)
[2025-05-07T19:34:43.922+0000] {subprocess.py:93} INFO - 25/05/07 19:34:43 INFO MemoryStore: Block broadcast_8_piece0 stored as bytes in memory (estimated size 5.9 KiB, free 433.8 MiB)
[2025-05-07T19:34:43.923+0000] {subprocess.py:93} INFO - 25/05/07 19:34:43 INFO BlockManagerInfo: Added broadcast_8_piece0 in memory on 1a616c0a8036:37439 (size: 5.9 KiB, free: 434.3 MiB)
[2025-05-07T19:34:43.924+0000] {subprocess.py:93} INFO - 25/05/07 19:34:43 INFO SparkContext: Created broadcast 8 from broadcast at DAGScheduler.scala:1585
[2025-05-07T19:34:43.925+0000] {subprocess.py:93} INFO - 25/05/07 19:34:43 INFO DAGScheduler: Submitting 1 missing tasks from ResultStage 9 (MapPartitionsRDD[19] at collect at /opt/***/dags/CoronaProj/Spark_script_process.py:52) (first 15 tasks are for partitions Vector(0))
[2025-05-07T19:34:43.925+0000] {subprocess.py:93} INFO - 25/05/07 19:34:43 INFO TaskSchedulerImpl: Adding task set 9.0 with 1 tasks resource profile 0
[2025-05-07T19:34:43.925+0000] {subprocess.py:93} INFO - 25/05/07 19:34:43 INFO TaskSetManager: Starting task 0.0 in stage 9.0 (TID 5) (1a616c0a8036, executor driver, partition 0, NODE_LOCAL, 8999 bytes)
[2025-05-07T19:34:43.926+0000] {subprocess.py:93} INFO - 25/05/07 19:34:43 INFO Executor: Running task 0.0 in stage 9.0 (TID 5)
[2025-05-07T19:34:43.930+0000] {subprocess.py:93} INFO - 25/05/07 19:34:43 INFO ShuffleBlockFetcherIterator: Getting 1 (60.0 B) non-empty blocks including 1 (60.0 B) local and 0 (0.0 B) host-local and 0 (0.0 B) push-merged-local and 0 (0.0 B) remote blocks
[2025-05-07T19:34:43.931+0000] {subprocess.py:93} INFO - 25/05/07 19:34:43 INFO ShuffleBlockFetcherIterator: Started 0 remote fetches in 1 ms
[2025-05-07T19:34:43.937+0000] {subprocess.py:93} INFO - 25/05/07 19:34:43 INFO CodeGenerator: Code generated in 5.805298 ms
[2025-05-07T19:34:43.940+0000] {subprocess.py:93} INFO - 25/05/07 19:34:43 INFO Executor: Finished task 0.0 in stage 9.0 (TID 5). 3995 bytes result sent to driver
[2025-05-07T19:34:43.942+0000] {subprocess.py:93} INFO - 25/05/07 19:34:43 INFO TaskSetManager: Finished task 0.0 in stage 9.0 (TID 5) in 17 ms on 1a616c0a8036 (executor driver) (1/1)
[2025-05-07T19:34:43.942+0000] {subprocess.py:93} INFO - 25/05/07 19:34:43 INFO TaskSchedulerImpl: Removed TaskSet 9.0, whose tasks have all completed, from pool
[2025-05-07T19:34:43.943+0000] {subprocess.py:93} INFO - 25/05/07 19:34:43 INFO DAGScheduler: ResultStage 9 (collect at /opt/***/dags/CoronaProj/Spark_script_process.py:52) finished in 0.024 s
[2025-05-07T19:34:43.943+0000] {subprocess.py:93} INFO - 25/05/07 19:34:43 INFO DAGScheduler: Job 5 is finished. Cancelling potential speculative or zombie tasks for this job
[2025-05-07T19:34:43.944+0000] {subprocess.py:93} INFO - 25/05/07 19:34:43 INFO TaskSchedulerImpl: Killing all running tasks in stage 9: Stage finished
[2025-05-07T19:34:43.944+0000] {subprocess.py:93} INFO - 25/05/07 19:34:43 INFO DAGScheduler: Job 5 finished: collect at /opt/***/dags/CoronaProj/Spark_script_process.py:52, took 0.026850 s
[2025-05-07T19:34:43.962+0000] {subprocess.py:93} INFO - countries are unqiue
[2025-05-07T19:34:44.102+0000] {subprocess.py:93} INFO - Traceback (most recent call last):
[2025-05-07T19:34:44.103+0000] {subprocess.py:93} INFO -   File "/opt/***/dags/CoronaProj/Spark_script_process.py", line 108, in <module>
[2025-05-07T19:34:44.104+0000] {subprocess.py:93} INFO -     df_clean.write.save(f"{datetime.now()}/data.csv")
[2025-05-07T19:34:44.104+0000] {subprocess.py:93} INFO -   File "/home/***/.local/lib/python3.10/site-packages/pyspark/python/lib/pyspark.zip/pyspark/sql/readwriter.py", line 1463, in save
[2025-05-07T19:34:44.104+0000] {subprocess.py:93} INFO -   File "/home/***/.local/lib/python3.10/site-packages/pyspark/python/lib/py4j-0.10.9.7-src.zip/py4j/java_gateway.py", line 1322, in __call__
[2025-05-07T19:34:44.105+0000] {subprocess.py:93} INFO -   File "/home/***/.local/lib/python3.10/site-packages/pyspark/python/lib/pyspark.zip/pyspark/errors/exceptions/captured.py", line 185, in deco
[2025-05-07T19:34:44.110+0000] {subprocess.py:93} INFO - pyspark.errors.exceptions.captured.IllegalArgumentException: java.net.URISyntaxException: Relative path in absolute URI: 2025-05-07 19:34:44.060243/data.csv
[2025-05-07T19:34:44.147+0000] {subprocess.py:93} INFO - 25/05/07 19:34:44 INFO SparkContext: Invoking stop() from shutdown hook
[2025-05-07T19:34:44.147+0000] {subprocess.py:93} INFO - 25/05/07 19:34:44 INFO SparkContext: SparkContext is stopping with exitCode 0.
[2025-05-07T19:34:44.155+0000] {subprocess.py:93} INFO - 25/05/07 19:34:44 INFO SparkUI: Stopped Spark web UI at http://1a616c0a8036:4040
[2025-05-07T19:34:44.163+0000] {subprocess.py:93} INFO - 25/05/07 19:34:44 INFO MapOutputTrackerMasterEndpoint: MapOutputTrackerMasterEndpoint stopped!
[2025-05-07T19:34:44.176+0000] {subprocess.py:93} INFO - 25/05/07 19:34:44 INFO MemoryStore: MemoryStore cleared
[2025-05-07T19:34:44.176+0000] {subprocess.py:93} INFO - 25/05/07 19:34:44 INFO BlockManager: BlockManager stopped
[2025-05-07T19:34:44.179+0000] {subprocess.py:93} INFO - 25/05/07 19:34:44 INFO BlockManagerMaster: BlockManagerMaster stopped
[2025-05-07T19:34:44.181+0000] {subprocess.py:93} INFO - 25/05/07 19:34:44 INFO OutputCommitCoordinator$OutputCommitCoordinatorEndpoint: OutputCommitCoordinator stopped!
[2025-05-07T19:34:44.188+0000] {subprocess.py:93} INFO - 25/05/07 19:34:44 INFO SparkContext: Successfully stopped SparkContext
[2025-05-07T19:34:44.189+0000] {subprocess.py:93} INFO - 25/05/07 19:34:44 INFO ShutdownHookManager: Shutdown hook called
[2025-05-07T19:34:44.189+0000] {subprocess.py:93} INFO - 25/05/07 19:34:44 INFO ShutdownHookManager: Deleting directory /tmp/spark-1a849a61-57a1-4598-b38b-8d334ab42938/pyspark-11d7fd02-1c5c-45a9-b14d-dc430dbf8825
[2025-05-07T19:34:44.192+0000] {subprocess.py:93} INFO - 25/05/07 19:34:44 INFO ShutdownHookManager: Deleting directory /tmp/spark-67abb1cc-890d-4d8e-ad4c-1f7595c3ef1a
[2025-05-07T19:34:44.195+0000] {subprocess.py:93} INFO - 25/05/07 19:34:44 INFO ShutdownHookManager: Deleting directory /tmp/spark-1a849a61-57a1-4598-b38b-8d334ab42938
[2025-05-07T19:34:44.240+0000] {subprocess.py:97} INFO - Command exited with return code 1
[2025-05-07T19:34:44.249+0000] {taskinstance.py:2698} ERROR - Task failed with exception
Traceback (most recent call last):
  File "/home/airflow/.local/lib/python3.10/site-packages/airflow/models/taskinstance.py", line 433, in _execute_task
    result = execute_callable(context=context, **execute_callable_kwargs)
  File "/home/airflow/.local/lib/python3.10/site-packages/airflow/operators/bash.py", line 212, in execute
    raise AirflowException(
airflow.exceptions.AirflowException: Bash command failed. The command returned a non-zero exit code 1.
[2025-05-07T19:34:44.252+0000] {taskinstance.py:1138} INFO - Marking task as FAILED. dag_id=Simple_Corona_project, task_id=Spark_Processing, execution_date=20250507T193433, start_date=20250507T193436, end_date=20250507T193444
[2025-05-07T19:34:44.263+0000] {standard_task_runner.py:107} ERROR - Failed to execute job 37 for task Spark_Processing (Bash command failed. The command returned a non-zero exit code 1.; 551)
[2025-05-07T19:34:44.273+0000] {local_task_job_runner.py:234} INFO - Task exited with return code 1
[2025-05-07T19:34:44.287+0000] {taskinstance.py:3280} INFO - 0 downstream tasks scheduled from follow-on schedule check
