[2025-05-07T19:20:18.587+0000] {manager.py:469} INFO - Processing files using up to 2 processes at a time 
[2025-05-07T19:20:18.590+0000] {manager.py:470} INFO - Process each file at most once every 30 seconds
[2025-05-07T19:20:18.591+0000] {manager.py:471} INFO - Checking for new files in /opt/airflow/dags every 300 seconds
[2025-05-07T19:20:18.594+0000] {manager.py:738} INFO - Searching for files in /opt/airflow/dags
[2025-05-07T19:20:19.834+0000] {manager.py:741} INFO - There are 2 files in /opt/airflow/dags
[2025-05-07T19:20:20.525+0000] {manager.py:879} INFO - 
================================================================================
DAG File Processing Stats

File Path                                             PID  Runtime      # DAGs    # Errors  Last Runtime    Last Run
--------------------------------------------------  -----  ---------  --------  ----------  --------------  ----------
/opt/airflow/dags/Project_tasks2.py                    34  0.28s             0           0
/opt/airflow/dags/CoronaProj/postgresql-42.7.5.jar     35  0.05s             0           0
================================================================================
[2025-05-07T19:20:50.944+0000] {manager.py:879} INFO - 
================================================================================
DAG File Processing Stats

File Path                                             PID  Runtime      # DAGs    # Errors  Last Runtime    Last Run
--------------------------------------------------  -----  ---------  --------  ----------  --------------  -------------------
/opt/airflow/dags/CoronaProj/postgresql-42.7.5.jar     43  0.00s             0           0  0.07s           2025-05-07T19:20:20
/opt/airflow/dags/Project_tasks2.py                                          1           0  0.19s           2025-05-07T19:20:50
================================================================================
[2025-05-07T19:21:21.375+0000] {manager.py:879} INFO - 
================================================================================
DAG File Processing Stats

File Path                                             PID  Runtime      # DAGs    # Errors  Last Runtime    Last Run
--------------------------------------------------  -----  ---------  --------  ----------  --------------  -------------------
/opt/airflow/dags/CoronaProj/postgresql-42.7.5.jar     51  0.00s             0           0  0.05s           2025-05-07T19:20:50
/opt/airflow/dags/Project_tasks2.py                                          1           0  0.19s           2025-05-07T19:21:21
================================================================================
[2025-05-07T19:21:51.816+0000] {manager.py:879} INFO - 
================================================================================
DAG File Processing Stats

File Path                                             PID  Runtime      # DAGs    # Errors  Last Runtime    Last Run
--------------------------------------------------  -----  ---------  --------  ----------  --------------  -------------------
/opt/airflow/dags/CoronaProj/postgresql-42.7.5.jar     59  0.00s             0           0  0.05s           2025-05-07T19:21:21
/opt/airflow/dags/Project_tasks2.py                                          1           0  0.19s           2025-05-07T19:21:51
================================================================================
[2025-05-07T19:22:22.251+0000] {manager.py:879} INFO - 
================================================================================
DAG File Processing Stats

File Path                                             PID  Runtime      # DAGs    # Errors  Last Runtime    Last Run
--------------------------------------------------  -----  ---------  --------  ----------  --------------  -------------------
/opt/airflow/dags/CoronaProj/postgresql-42.7.5.jar     67  0.00s             0           0  0.05s           2025-05-07T19:21:51
/opt/airflow/dags/Project_tasks2.py                                          1           0  0.19s           2025-05-07T19:22:22
================================================================================
[2025-05-07T19:22:52.670+0000] {manager.py:879} INFO - 
================================================================================
DAG File Processing Stats

File Path                                             PID  Runtime      # DAGs    # Errors  Last Runtime    Last Run
--------------------------------------------------  -----  ---------  --------  ----------  --------------  -------------------
/opt/airflow/dags/CoronaProj/postgresql-42.7.5.jar     75  0.00s             0           0  0.05s           2025-05-07T19:22:22
/opt/airflow/dags/Project_tasks2.py                                          1           0  0.19s           2025-05-07T19:22:52
================================================================================
[2025-05-07T19:23:23.081+0000] {manager.py:879} INFO - 
================================================================================
DAG File Processing Stats

File Path                                             PID  Runtime      # DAGs    # Errors  Last Runtime    Last Run
--------------------------------------------------  -----  ---------  --------  ----------  --------------  -------------------
/opt/airflow/dags/CoronaProj/postgresql-42.7.5.jar     83  0.00s             0           0  0.05s           2025-05-07T19:22:52
/opt/airflow/dags/Project_tasks2.py                                          1           0  0.19s           2025-05-07T19:23:23
================================================================================
[2025-05-07T19:23:53.465+0000] {manager.py:879} INFO - 
================================================================================
DAG File Processing Stats

File Path                                             PID  Runtime      # DAGs    # Errors  Last Runtime    Last Run
--------------------------------------------------  -----  ---------  --------  ----------  --------------  -------------------
/opt/airflow/dags/CoronaProj/postgresql-42.7.5.jar     91  0.00s             0           0  0.05s           2025-05-07T19:23:23
/opt/airflow/dags/Project_tasks2.py                                          1           0  0.18s           2025-05-07T19:23:53
================================================================================
[2025-05-07T19:24:23.858+0000] {manager.py:879} INFO - 
================================================================================
DAG File Processing Stats

File Path                                             PID  Runtime      # DAGs    # Errors  Last Runtime    Last Run
--------------------------------------------------  -----  ---------  --------  ----------  --------------  -------------------
/opt/airflow/dags/CoronaProj/postgresql-42.7.5.jar     99  0.00s             0           0  0.05s           2025-05-07T19:23:53
/opt/airflow/dags/Project_tasks2.py                                          1           0  0.19s           2025-05-07T19:24:23
================================================================================
[2025-05-07T19:24:54.279+0000] {manager.py:879} INFO - 
================================================================================
DAG File Processing Stats

File Path                                             PID  Runtime      # DAGs    # Errors  Last Runtime    Last Run
--------------------------------------------------  -----  ---------  --------  ----------  --------------  -------------------
/opt/airflow/dags/CoronaProj/postgresql-42.7.5.jar    107  0.00s             0           0  0.05s           2025-05-07T19:24:23
/opt/airflow/dags/Project_tasks2.py                                          1           0  0.19s           2025-05-07T19:24:54
================================================================================
[2025-05-07T19:25:19.434+0000] {manager.py:738} INFO - Searching for files in /opt/airflow/dags
[2025-05-07T19:25:19.832+0000] {manager.py:741} INFO - There are 2 files in /opt/airflow/dags
[2025-05-07T19:25:25.279+0000] {manager.py:879} INFO - 
================================================================================
DAG File Processing Stats

File Path                                             PID  Runtime      # DAGs    # Errors  Last Runtime    Last Run
--------------------------------------------------  -----  ---------  --------  ----------  --------------  -------------------
/opt/airflow/dags/CoronaProj/postgresql-42.7.5.jar    116  0.00s             0           0  0.05s           2025-05-07T19:24:54
/opt/airflow/dags/Project_tasks2.py                                          1           0  0.18s           2025-05-07T19:25:25
================================================================================
[2025-05-07T19:25:55.677+0000] {manager.py:879} INFO - 
================================================================================
DAG File Processing Stats

File Path                                             PID  Runtime      # DAGs    # Errors  Last Runtime    Last Run
--------------------------------------------------  -----  ---------  --------  ----------  --------------  -------------------
/opt/airflow/dags/CoronaProj/postgresql-42.7.5.jar    124  0.00s             0           0  0.05s           2025-05-07T19:25:25
/opt/airflow/dags/Project_tasks2.py                                          1           0  0.18s           2025-05-07T19:25:55
================================================================================
[2025-05-07T19:26:26.066+0000] {manager.py:879} INFO - 
================================================================================
DAG File Processing Stats

File Path                                             PID  Runtime      # DAGs    # Errors  Last Runtime    Last Run
--------------------------------------------------  -----  ---------  --------  ----------  --------------  -------------------
/opt/airflow/dags/CoronaProj/postgresql-42.7.5.jar    132  0.00s             0           0  0.05s           2025-05-07T19:25:55
/opt/airflow/dags/Project_tasks2.py                                          1           0  0.19s           2025-05-07T19:26:26
================================================================================
[2025-05-07T19:26:56.478+0000] {manager.py:879} INFO - 
================================================================================
DAG File Processing Stats

File Path                                             PID  Runtime      # DAGs    # Errors  Last Runtime    Last Run
--------------------------------------------------  -----  ---------  --------  ----------  --------------  -------------------
/opt/airflow/dags/CoronaProj/postgresql-42.7.5.jar    140  0.00s             0           0  0.05s           2025-05-07T19:26:26
/opt/airflow/dags/Project_tasks2.py                                          1           0  0.20s           2025-05-07T19:26:56
================================================================================
[2025-05-07T19:27:26.881+0000] {manager.py:879} INFO - 
================================================================================
DAG File Processing Stats

File Path                                             PID  Runtime      # DAGs    # Errors  Last Runtime    Last Run
--------------------------------------------------  -----  ---------  --------  ----------  --------------  -------------------
/opt/airflow/dags/CoronaProj/postgresql-42.7.5.jar    148  0.00s             0           0  0.05s           2025-05-07T19:26:56
/opt/airflow/dags/Project_tasks2.py                                          1           0  0.19s           2025-05-07T19:27:26
================================================================================
[2025-05-07T19:27:57.296+0000] {manager.py:879} INFO - 
================================================================================
DAG File Processing Stats

File Path                                             PID  Runtime      # DAGs    # Errors  Last Runtime    Last Run
--------------------------------------------------  -----  ---------  --------  ----------  --------------  -------------------
/opt/airflow/dags/CoronaProj/postgresql-42.7.5.jar    156  0.00s             0           0  0.05s           2025-05-07T19:27:26
/opt/airflow/dags/Project_tasks2.py                                          1           0  0.20s           2025-05-07T19:27:57
================================================================================
[2025-05-07T19:28:27.710+0000] {manager.py:879} INFO - 
================================================================================
DAG File Processing Stats

File Path                                             PID  Runtime      # DAGs    # Errors  Last Runtime    Last Run
--------------------------------------------------  -----  ---------  --------  ----------  --------------  -------------------
/opt/airflow/dags/CoronaProj/postgresql-42.7.5.jar    164  0.00s             0           0  0.05s           2025-05-07T19:27:57
/opt/airflow/dags/Project_tasks2.py                                          1           0  0.19s           2025-05-07T19:28:27
================================================================================
[2025-05-07T19:28:58.118+0000] {manager.py:879} INFO - 
================================================================================
DAG File Processing Stats

File Path                                             PID  Runtime      # DAGs    # Errors  Last Runtime    Last Run
--------------------------------------------------  -----  ---------  --------  ----------  --------------  -------------------
/opt/airflow/dags/CoronaProj/postgresql-42.7.5.jar    172  0.00s             0           0  0.05s           2025-05-07T19:28:27
/opt/airflow/dags/Project_tasks2.py                                          1           0  0.19s           2025-05-07T19:28:58
================================================================================
[2025-05-07T19:29:28.525+0000] {manager.py:879} INFO - 
================================================================================
DAG File Processing Stats

File Path                                             PID  Runtime      # DAGs    # Errors  Last Runtime    Last Run
--------------------------------------------------  -----  ---------  --------  ----------  --------------  -------------------
/opt/airflow/dags/CoronaProj/postgresql-42.7.5.jar    180  0.00s             0           0  0.05s           2025-05-07T19:28:58
/opt/airflow/dags/Project_tasks2.py                                          1           0  0.19s           2025-05-07T19:29:28
================================================================================
[2025-05-07T19:29:58.930+0000] {manager.py:879} INFO - 
================================================================================
DAG File Processing Stats

File Path                                             PID  Runtime      # DAGs    # Errors  Last Runtime    Last Run
--------------------------------------------------  -----  ---------  --------  ----------  --------------  -------------------
/opt/airflow/dags/CoronaProj/postgresql-42.7.5.jar    188  0.00s             0           0  0.05s           2025-05-07T19:29:28
/opt/airflow/dags/Project_tasks2.py                                          1           0  0.19s           2025-05-07T19:29:58
================================================================================
[2025-05-07T19:30:20.075+0000] {manager.py:738} INFO - Searching for files in /opt/airflow/dags
[2025-05-07T19:30:20.430+0000] {manager.py:741} INFO - There are 2 files in /opt/airflow/dags
[2025-05-07T19:30:29.869+0000] {manager.py:879} INFO - 
================================================================================
DAG File Processing Stats

File Path                                             PID  Runtime      # DAGs    # Errors  Last Runtime    Last Run
--------------------------------------------------  -----  ---------  --------  ----------  --------------  -------------------
/opt/airflow/dags/CoronaProj/postgresql-42.7.5.jar    196  0.00s             0           0  0.05s           2025-05-07T19:29:58
/opt/airflow/dags/Project_tasks2.py                                          1           0  0.19s           2025-05-07T19:30:29
================================================================================
[2025-05-07T19:31:00.259+0000] {manager.py:879} INFO - 
================================================================================
DAG File Processing Stats

File Path                                             PID  Runtime      # DAGs    # Errors  Last Runtime    Last Run
--------------------------------------------------  -----  ---------  --------  ----------  --------------  -------------------
/opt/airflow/dags/CoronaProj/postgresql-42.7.5.jar    204  0.00s             0           0  0.05s           2025-05-07T19:30:29
/opt/airflow/dags/Project_tasks2.py                                          1           0  0.19s           2025-05-07T19:31:00
================================================================================
[2025-05-07T19:31:30.657+0000] {manager.py:879} INFO - 
================================================================================
DAG File Processing Stats

File Path                                             PID  Runtime      # DAGs    # Errors  Last Runtime    Last Run
--------------------------------------------------  -----  ---------  --------  ----------  --------------  -------------------
/opt/airflow/dags/CoronaProj/postgresql-42.7.5.jar    212  0.00s             0           0  0.05s           2025-05-07T19:31:00
/opt/airflow/dags/Project_tasks2.py                                          1           0  0.18s           2025-05-07T19:31:24
================================================================================
[2025-05-07T19:32:01.103+0000] {manager.py:879} INFO - 
================================================================================
DAG File Processing Stats

File Path                                             PID  Runtime      # DAGs    # Errors  Last Runtime    Last Run
--------------------------------------------------  -----  ---------  --------  ----------  --------------  -------------------
/opt/airflow/dags/CoronaProj/postgresql-42.7.5.jar    220  0.00s             0           0  0.05s           2025-05-07T19:31:30
/opt/airflow/dags/Project_tasks2.py                                          1           0  0.11s           2025-05-07T19:31:54
================================================================================
[2025-05-07T19:32:31.574+0000] {manager.py:879} INFO - 
================================================================================
DAG File Processing Stats

File Path                                             PID  Runtime      # DAGs    # Errors  Last Runtime    Last Run
--------------------------------------------------  -----  ---------  --------  ----------  --------------  -------------------
/opt/airflow/dags/CoronaProj/postgresql-42.7.5.jar    228  0.00s             0           0  0.05s           2025-05-07T19:32:01
/opt/airflow/dags/Project_tasks2.py                                          1           0  0.10s           2025-05-07T19:32:25
================================================================================
[2025-05-07T19:33:02.032+0000] {manager.py:879} INFO - 
================================================================================
DAG File Processing Stats

File Path                                             PID  Runtime      # DAGs    # Errors  Last Runtime    Last Run
--------------------------------------------------  -----  ---------  --------  ----------  --------------  -------------------
/opt/airflow/dags/CoronaProj/postgresql-42.7.5.jar    242  0.00s             0           0  0.05s           2025-05-07T19:32:31
/opt/airflow/dags/Project_tasks2.py                                          1           0  0.10s           2025-05-07T19:32:55
================================================================================
[2025-05-07T19:33:32.462+0000] {manager.py:879} INFO - 
================================================================================
DAG File Processing Stats

File Path                                             PID  Runtime      # DAGs    # Errors  Last Runtime    Last Run
--------------------------------------------------  -----  ---------  --------  ----------  --------------  -------------------
/opt/airflow/dags/CoronaProj/postgresql-42.7.5.jar    250  0.00s             0           0  0.06s           2025-05-07T19:33:02
/opt/airflow/dags/Project_tasks2.py                                          1           0  0.10s           2025-05-07T19:33:26
================================================================================
[2025-05-07T19:34:02.913+0000] {manager.py:879} INFO - 
================================================================================
DAG File Processing Stats

File Path                                             PID  Runtime      # DAGs    # Errors  Last Runtime    Last Run
--------------------------------------------------  -----  ---------  --------  ----------  --------------  -------------------
/opt/airflow/dags/CoronaProj/postgresql-42.7.5.jar    258  0.00s             0           0  0.05s           2025-05-07T19:33:32
/opt/airflow/dags/Project_tasks2.py                                          1           0  0.10s           2025-05-07T19:33:56
================================================================================
[2025-05-07T19:34:33.364+0000] {manager.py:879} INFO - 
================================================================================
DAG File Processing Stats

File Path                                             PID  Runtime      # DAGs    # Errors  Last Runtime    Last Run
--------------------------------------------------  -----  ---------  --------  ----------  --------------  -------------------
/opt/airflow/dags/CoronaProj/postgresql-42.7.5.jar    266  0.00s             0           0  0.05s           2025-05-07T19:34:02
/opt/airflow/dags/Project_tasks2.py                                          1           0  0.10s           2025-05-07T19:34:27
================================================================================
[2025-05-07T19:35:03.765+0000] {manager.py:879} INFO - 
================================================================================
DAG File Processing Stats

File Path                                             PID  Runtime      # DAGs    # Errors  Last Runtime    Last Run
--------------------------------------------------  -----  ---------  --------  ----------  --------------  -------------------
/opt/airflow/dags/CoronaProj/postgresql-42.7.5.jar    274  0.00s             0           0  0.05s           2025-05-07T19:34:33
/opt/airflow/dags/Project_tasks2.py                                          1           0  0.09s           2025-05-07T19:34:57
================================================================================
[2025-05-07T19:35:20.902+0000] {manager.py:738} INFO - Searching for files in /opt/airflow/dags
[2025-05-07T19:35:21.344+0000] {manager.py:741} INFO - There are 2 files in /opt/airflow/dags
[2025-05-07T19:35:34.825+0000] {manager.py:879} INFO - 
================================================================================
DAG File Processing Stats

File Path                                             PID  Runtime      # DAGs    # Errors  Last Runtime    Last Run
--------------------------------------------------  -----  ---------  --------  ----------  --------------  -------------------
/opt/airflow/dags/CoronaProj/postgresql-42.7.5.jar    282  0.00s             0           0  0.05s           2025-05-07T19:35:03
/opt/airflow/dags/Project_tasks2.py                                          1           0  0.09s           2025-05-07T19:35:28
================================================================================
[2025-05-07T19:36:05.252+0000] {manager.py:879} INFO - 
================================================================================
DAG File Processing Stats

File Path                                             PID  Runtime      # DAGs    # Errors  Last Runtime    Last Run
--------------------------------------------------  -----  ---------  --------  ----------  --------------  -------------------
/opt/airflow/dags/CoronaProj/postgresql-42.7.5.jar    290  0.00s             0           0  0.05s           2025-05-07T19:35:34
/opt/airflow/dags/Project_tasks2.py                                          1           0  0.10s           2025-05-07T19:35:59
================================================================================
[2025-05-07T19:36:35.675+0000] {manager.py:879} INFO - 
================================================================================
DAG File Processing Stats

File Path                                             PID  Runtime      # DAGs    # Errors  Last Runtime    Last Run
--------------------------------------------------  -----  ---------  --------  ----------  --------------  -------------------
/opt/airflow/dags/CoronaProj/postgresql-42.7.5.jar    298  0.00s             0           0  0.05s           2025-05-07T19:36:05
/opt/airflow/dags/Project_tasks2.py                                          1           0  0.13s           2025-05-07T19:36:29
================================================================================
[2025-05-07T19:37:06.138+0000] {manager.py:879} INFO - 
================================================================================
DAG File Processing Stats

File Path                                             PID  Runtime      # DAGs    # Errors  Last Runtime    Last Run
--------------------------------------------------  -----  ---------  --------  ----------  --------------  -------------------
/opt/airflow/dags/CoronaProj/postgresql-42.7.5.jar    306  0.00s             0           0  0.05s           2025-05-07T19:36:35
/opt/airflow/dags/Project_tasks2.py                                          1           0  0.09s           2025-05-07T19:36:59
================================================================================
[2025-05-07T19:37:36.607+0000] {manager.py:879} INFO - 
================================================================================
DAG File Processing Stats

File Path                                             PID  Runtime      # DAGs    # Errors  Last Runtime    Last Run
--------------------------------------------------  -----  ---------  --------  ----------  --------------  -------------------
/opt/airflow/dags/CoronaProj/postgresql-42.7.5.jar    315  0.00s             0           0  0.05s           2025-05-07T19:37:06
/opt/airflow/dags/Project_tasks2.py                                          1           0  0.10s           2025-05-07T19:37:30
================================================================================
[2025-05-07T19:38:07.062+0000] {manager.py:879} INFO - 
================================================================================
DAG File Processing Stats

File Path                                             PID  Runtime      # DAGs    # Errors  Last Runtime    Last Run
--------------------------------------------------  -----  ---------  --------  ----------  --------------  -------------------
/opt/airflow/dags/CoronaProj/postgresql-42.7.5.jar    323  0.00s             0           0  0.05s           2025-05-07T19:37:36
/opt/airflow/dags/Project_tasks2.py                                          1           0  0.10s           2025-05-07T19:38:00
================================================================================
[2025-05-07T19:38:37.474+0000] {manager.py:879} INFO - 
================================================================================
DAG File Processing Stats

File Path                                             PID  Runtime      # DAGs    # Errors  Last Runtime    Last Run
--------------------------------------------------  -----  ---------  --------  ----------  --------------  -------------------
/opt/airflow/dags/CoronaProj/postgresql-42.7.5.jar    331  0.00s             0           0  0.05s           2025-05-07T19:38:07
/opt/airflow/dags/Project_tasks2.py                                          1           0  0.10s           2025-05-07T19:38:31
================================================================================
[2025-05-07T19:39:07.925+0000] {manager.py:879} INFO - 
================================================================================
DAG File Processing Stats

File Path                                             PID  Runtime      # DAGs    # Errors  Last Runtime    Last Run
--------------------------------------------------  -----  ---------  --------  ----------  --------------  -------------------
/opt/airflow/dags/CoronaProj/postgresql-42.7.5.jar    339  0.00s             0           0  0.05s           2025-05-07T19:38:37
/opt/airflow/dags/Project_tasks2.py                                          1           0  0.09s           2025-05-07T19:39:01
================================================================================
[2025-05-07T19:39:38.343+0000] {manager.py:879} INFO - 
================================================================================
DAG File Processing Stats

File Path                                             PID  Runtime      # DAGs    # Errors  Last Runtime    Last Run
--------------------------------------------------  -----  ---------  --------  ----------  --------------  -------------------
/opt/airflow/dags/CoronaProj/postgresql-42.7.5.jar    347  0.00s             0           0  0.05s           2025-05-07T19:39:07
/opt/airflow/dags/Project_tasks2.py                                          1           0  0.11s           2025-05-07T19:39:32
================================================================================
[2025-05-07T19:40:08.793+0000] {manager.py:879} INFO - 
================================================================================
DAG File Processing Stats

File Path                                             PID  Runtime      # DAGs    # Errors  Last Runtime    Last Run
--------------------------------------------------  -----  ---------  --------  ----------  --------------  -------------------
/opt/airflow/dags/CoronaProj/postgresql-42.7.5.jar    355  0.00s             0           0  0.05s           2025-05-07T19:39:38
/opt/airflow/dags/Project_tasks2.py                                          1           0  0.10s           2025-05-07T19:40:02
================================================================================
[2025-05-07T19:40:20.916+0000] {manager.py:738} INFO - Searching for files in /opt/airflow/dags
[2025-05-07T19:40:21.484+0000] {manager.py:741} INFO - There are 3 files in /opt/airflow/dags
[2025-05-07T19:40:39.077+0000] {manager.py:879} INFO - 
================================================================================
DAG File Processing Stats

File Path                                               PID  Runtime      # DAGs    # Errors  Last Runtime    Last Run
----------------------------------------------------  -----  ---------  --------  ----------  --------------  -------------------
/opt/airflow/dags/CoronaProj/postgresql-42.7.5.jar      526  0.00s             0           0  0.05s           2025-05-07T19:40:08
/opt/airflow/dags/CoronaProj/Spark_script_process.py                           0           1  3.98s           2025-05-07T19:40:25
/opt/airflow/dags/Project_tasks2.py                                            1           0  0.09s           2025-05-07T19:40:32
================================================================================
[2025-05-07T19:41:09.595+0000] {manager.py:879} INFO - 
================================================================================
DAG File Processing Stats

File Path                                               PID  Runtime      # DAGs    # Errors  Last Runtime    Last Run
----------------------------------------------------  -----  ---------  --------  ----------  --------------  -------------------
/opt/airflow/dags/CoronaProj/postgresql-42.7.5.jar      697  0.00s             0           0  0.05s           2025-05-07T19:40:39
/opt/airflow/dags/CoronaProj/Spark_script_process.py                           0           1  3.90s           2025-05-07T19:41:00
/opt/airflow/dags/Project_tasks2.py                                            1           0  0.18s           2025-05-07T19:41:04
================================================================================
[2025-05-07T19:41:40.040+0000] {manager.py:879} INFO - 
================================================================================
DAG File Processing Stats

File Path                                               PID  Runtime      # DAGs    # Errors  Last Runtime    Last Run
----------------------------------------------------  -----  ---------  --------  ----------  --------------  -------------------
/opt/airflow/dags/CoronaProj/postgresql-42.7.5.jar      868  0.00s             0           0  0.08s           2025-05-07T19:41:09
/opt/airflow/dags/CoronaProj/Spark_script_process.py                           0           1  3.96s           2025-05-07T19:41:34
/opt/airflow/dags/Project_tasks2.py                                            1           0  0.10s           2025-05-07T19:41:34
================================================================================
[2025-05-07T19:42:10.603+0000] {manager.py:879} INFO - 
================================================================================
DAG File Processing Stats

File Path                                               PID  Runtime      # DAGs    # Errors  Last Runtime    Last Run
----------------------------------------------------  -----  ---------  --------  ----------  --------------  -------------------
/opt/airflow/dags/CoronaProj/postgresql-42.7.5.jar     1038  0.00s             0           0  0.05s           2025-05-07T19:41:40
/opt/airflow/dags/CoronaProj/Spark_script_process.py                           0           1  4.18s           2025-05-07T19:42:09
/opt/airflow/dags/Project_tasks2.py                                            1           0  0.12s           2025-05-07T19:42:05
================================================================================
[2025-05-07T19:42:41.088+0000] {manager.py:879} INFO - 
================================================================================
DAG File Processing Stats

File Path                                               PID  Runtime      # DAGs    # Errors  Last Runtime    Last Run
----------------------------------------------------  -----  ---------  --------  ----------  --------------  -------------------
/opt/airflow/dags/CoronaProj/postgresql-42.7.5.jar     1098  0.00s             0           0  0.05s           2025-05-07T19:42:10
/opt/airflow/dags/CoronaProj/Spark_script_process.py   1046  1.20s             0           1  4.18s           2025-05-07T19:42:09
/opt/airflow/dags/Project_tasks2.py                                            1           0  0.09s           2025-05-07T19:42:35
================================================================================
[2025-05-07T19:43:11.403+0000] {manager.py:879} INFO - 
================================================================================
DAG File Processing Stats

File Path                                               PID  Runtime      # DAGs    # Errors  Last Runtime    Last Run
----------------------------------------------------  -----  ---------  --------  ----------  --------------  -------------------
/opt/airflow/dags/CoronaProj/postgresql-42.7.5.jar     1380  0.00s             0           0  0.05s           2025-05-07T19:42:41
/opt/airflow/dags/CoronaProj/Spark_script_process.py                           0           1  3.88s           2025-05-07T19:42:51
/opt/airflow/dags/Project_tasks2.py                                            1           0  0.10s           2025-05-07T19:43:06
================================================================================
[2025-05-07T19:43:41.738+0000] {manager.py:879} INFO - 
================================================================================
DAG File Processing Stats

File Path                                               PID  Runtime      # DAGs    # Errors  Last Runtime    Last Run
----------------------------------------------------  -----  ---------  --------  ----------  --------------  -------------------
/opt/airflow/dags/CoronaProj/postgresql-42.7.5.jar     1551  0.00s             0           0  0.05s           2025-05-07T19:43:11
/opt/airflow/dags/CoronaProj/Spark_script_process.py                           0           1  3.91s           2025-05-07T19:43:25
/opt/airflow/dags/Project_tasks2.py                                            1           0  0.10s           2025-05-07T19:43:36
================================================================================
[2025-05-07T19:44:11.788+0000] {manager.py:879} INFO - 
================================================================================
DAG File Processing Stats

File Path                                             PID    Runtime      # DAGs    # Errors  Last Runtime    Last Run
----------------------------------------------------  -----  ---------  --------  ----------  --------------  -------------------
/opt/airflow/dags/CoronaProj/postgresql-42.7.5.jar                             0           0  0.05s           2025-05-07T19:43:41
/opt/airflow/dags/CoronaProj/Spark_script_process.py                           0           1  3.70s           2025-05-07T19:43:59
/opt/airflow/dags/Project_tasks2.py                                            1           0  0.10s           2025-05-07T19:44:06
================================================================================
[2025-05-07T19:44:42.150+0000] {manager.py:879} INFO - 
================================================================================
DAG File Processing Stats

File Path                                             PID    Runtime      # DAGs    # Errors  Last Runtime    Last Run
----------------------------------------------------  -----  ---------  --------  ----------  --------------  -------------------
/opt/airflow/dags/CoronaProj/postgresql-42.7.5.jar                             0           0  0.05s           2025-05-07T19:44:12
/opt/airflow/dags/CoronaProj/Spark_script_process.py                           0           1  3.54s           2025-05-07T19:44:33
/opt/airflow/dags/Project_tasks2.py                                            1           0  0.09s           2025-05-07T19:44:37
================================================================================
[2025-05-07T19:45:12.466+0000] {manager.py:879} INFO - 
================================================================================
DAG File Processing Stats

File Path                                             PID    Runtime      # DAGs    # Errors  Last Runtime    Last Run
----------------------------------------------------  -----  ---------  --------  ----------  --------------  -------------------
/opt/airflow/dags/CoronaProj/postgresql-42.7.5.jar                             0           0  0.05s           2025-05-07T19:44:43
/opt/airflow/dags/CoronaProj/Spark_script_process.py                           0           1  3.88s           2025-05-07T19:45:08
/opt/airflow/dags/Project_tasks2.py                                            1           0  0.11s           2025-05-07T19:45:07
================================================================================
[2025-05-07T19:45:21.690+0000] {manager.py:738} INFO - Searching for files in /opt/airflow/dags
[2025-05-07T19:45:22.372+0000] {manager.py:741} INFO - There are 3 files in /opt/airflow/dags
[2025-05-07T19:45:42.797+0000] {manager.py:879} INFO - 
================================================================================
DAG File Processing Stats

File Path                                             PID    Runtime      # DAGs    # Errors  Last Runtime    Last Run
----------------------------------------------------  -----  ---------  --------  ----------  --------------  -------------------
/opt/airflow/dags/CoronaProj/postgresql-42.7.5.jar                             0           0  0.05s           2025-05-07T19:45:13
/opt/airflow/dags/CoronaProj/Spark_script_process.py                           0           1  3.76s           2025-05-07T19:45:42
/opt/airflow/dags/Project_tasks2.py                                            1           0  0.10s           2025-05-07T19:45:38
================================================================================
[2025-05-07T19:46:13.263+0000] {manager.py:879} INFO - 
================================================================================
DAG File Processing Stats

File Path                                               PID  Runtime      # DAGs    # Errors  Last Runtime    Last Run
----------------------------------------------------  -----  ---------  --------  ----------  --------------  -------------------
/opt/airflow/dags/CoronaProj/postgresql-42.7.5.jar                             0           0  0.05s           2025-05-07T19:45:44
/opt/airflow/dags/CoronaProj/Spark_script_process.py   2239  0.00s             0           1  3.76s           2025-05-07T19:45:42
/opt/airflow/dags/Project_tasks2.py                                            1           0  0.09s           2025-05-07T19:46:09
================================================================================
[2025-05-07T19:46:43.763+0000] {manager.py:879} INFO - 
================================================================================
DAG File Processing Stats

File Path                                             PID    Runtime      # DAGs    # Errors  Last Runtime    Last Run
----------------------------------------------------  -----  ---------  --------  ----------  --------------  -------------------
/opt/airflow/dags/CoronaProj/postgresql-42.7.5.jar                             0           0  0.05s           2025-05-07T19:46:14
/opt/airflow/dags/CoronaProj/Spark_script_process.py                           0           1  3.72s           2025-05-07T19:46:16
/opt/airflow/dags/Project_tasks2.py                                            1           0  0.10s           2025-05-07T19:46:39
================================================================================
[2025-05-07T19:47:13.949+0000] {manager.py:879} INFO - 
================================================================================
DAG File Processing Stats

File Path                                             PID    Runtime      # DAGs    # Errors  Last Runtime    Last Run
----------------------------------------------------  -----  ---------  --------  ----------  --------------  -------------------
/opt/airflow/dags/CoronaProj/postgresql-42.7.5.jar                             0           0  0.05s           2025-05-07T19:46:44
/opt/airflow/dags/CoronaProj/Spark_script_process.py                           0           1  3.73s           2025-05-07T19:46:50
/opt/airflow/dags/Project_tasks2.py                                            1           0  0.09s           2025-05-07T19:47:10
================================================================================
[2025-05-07T19:47:44.292+0000] {manager.py:879} INFO - 
================================================================================
DAG File Processing Stats

File Path                                             PID    Runtime      # DAGs    # Errors  Last Runtime    Last Run
----------------------------------------------------  -----  ---------  --------  ----------  --------------  -------------------
/opt/airflow/dags/CoronaProj/postgresql-42.7.5.jar                             0           0  0.05s           2025-05-07T19:47:15
/opt/airflow/dags/CoronaProj/Spark_script_process.py                           0           1  3.85s           2025-05-07T19:47:25
/opt/airflow/dags/Project_tasks2.py                                            1           0  0.09s           2025-05-07T19:47:40
================================================================================
[2025-05-07T19:48:14.449+0000] {manager.py:879} INFO - 
================================================================================
DAG File Processing Stats

File Path                                             PID    Runtime      # DAGs    # Errors  Last Runtime    Last Run
----------------------------------------------------  -----  ---------  --------  ----------  --------------  -------------------
/opt/airflow/dags/CoronaProj/postgresql-42.7.5.jar                             0           0  0.05s           2025-05-07T19:47:45
/opt/airflow/dags/CoronaProj/Spark_script_process.py                           0           1  3.74s           2025-05-07T19:47:59
/opt/airflow/dags/Project_tasks2.py                                            1           0  0.09s           2025-05-07T19:48:10
================================================================================
[2025-05-07T19:48:44.598+0000] {manager.py:879} INFO - 
================================================================================
DAG File Processing Stats

File Path                                             PID    Runtime      # DAGs    # Errors  Last Runtime    Last Run
----------------------------------------------------  -----  ---------  --------  ----------  --------------  -------------------
/opt/airflow/dags/CoronaProj/postgresql-42.7.5.jar                             0           0  0.05s           2025-05-07T19:48:15
/opt/airflow/dags/CoronaProj/Spark_script_process.py                           0           1  3.63s           2025-05-07T19:48:33
/opt/airflow/dags/Project_tasks2.py                                            1           0  0.09s           2025-05-07T19:48:40
================================================================================
[2025-05-07T19:49:14.771+0000] {manager.py:879} INFO - 
================================================================================
DAG File Processing Stats

File Path                                             PID    Runtime      # DAGs    # Errors  Last Runtime    Last Run
----------------------------------------------------  -----  ---------  --------  ----------  --------------  -------------------
/opt/airflow/dags/CoronaProj/postgresql-42.7.5.jar                             0           0  0.05s           2025-05-07T19:48:46
/opt/airflow/dags/CoronaProj/Spark_script_process.py                           0           1  3.74s           2025-05-07T19:49:07
/opt/airflow/dags/Project_tasks2.py                                            1           0  0.10s           2025-05-07T19:49:10
================================================================================
[2025-05-07T19:49:44.902+0000] {manager.py:879} INFO - 
================================================================================
DAG File Processing Stats

File Path                                             PID    Runtime      # DAGs    # Errors  Last Runtime    Last Run
----------------------------------------------------  -----  ---------  --------  ----------  --------------  -------------------
/opt/airflow/dags/CoronaProj/postgresql-42.7.5.jar                             0           0  0.05s           2025-05-07T19:49:17
/opt/airflow/dags/CoronaProj/Spark_script_process.py                           0           1  3.64s           2025-05-07T19:49:41
/opt/airflow/dags/Project_tasks2.py                                            1           0  0.10s           2025-05-07T19:49:41
================================================================================
[2025-05-07T19:50:14.911+0000] {manager.py:879} INFO - 
================================================================================
DAG File Processing Stats

File Path                                               PID  Runtime      # DAGs    # Errors  Last Runtime    Last Run
----------------------------------------------------  -----  ---------  --------  ----------  --------------  -------------------
/opt/airflow/dags/CoronaProj/postgresql-42.7.5.jar                             0           0  0.05s           2025-05-07T19:49:47
/opt/airflow/dags/CoronaProj/Spark_script_process.py   3440  3.01s             0           1  3.64s           2025-05-07T19:49:41
/opt/airflow/dags/Project_tasks2.py                                            1           0  0.09s           2025-05-07T19:50:11
================================================================================
[2025-05-07T19:50:20.094+0000] {manager.py:451} INFO - Exiting gracefully upon receiving signal 15
