[2025-05-07T19:38:14.604+0000] {taskinstance.py:1956} INFO - Dependencies all met for dep_context=non-requeueable deps ti=<TaskInstance: Simple_Corona_project.Spark_Processing manual__2025-05-07T19:38:12.511487+00:00 [queued]>
[2025-05-07T19:38:14.611+0000] {taskinstance.py:1956} INFO - Dependencies all met for dep_context=requeueable deps ti=<TaskInstance: Simple_Corona_project.Spark_Processing manual__2025-05-07T19:38:12.511487+00:00 [queued]>
[2025-05-07T19:38:14.612+0000] {taskinstance.py:2170} INFO - Starting attempt 1 of 1
[2025-05-07T19:38:14.623+0000] {taskinstance.py:2191} INFO - Executing <Task(BashOperator): Spark_Processing> on 2025-05-07 19:38:12.511487+00:00
[2025-05-07T19:38:14.627+0000] {standard_task_runner.py:60} INFO - Started process 1071 to run task
[2025-05-07T19:38:14.631+0000] {standard_task_runner.py:87} INFO - Running: ['***', 'tasks', 'run', 'Simple_Corona_project', 'Spark_Processing', 'manual__2025-05-07T19:38:12.511487+00:00', '--job-id', '41', '--raw', '--subdir', 'DAGS_FOLDER/Project_tasks2.py', '--cfg-path', '/tmp/tmpr228wu86']
[2025-05-07T19:38:14.632+0000] {standard_task_runner.py:88} INFO - Job 41: Subtask Spark_Processing
[2025-05-07T19:38:14.673+0000] {task_command.py:423} INFO - Running <TaskInstance: Simple_Corona_project.Spark_Processing manual__2025-05-07T19:38:12.511487+00:00 [running]> on host 1a616c0a8036
[2025-05-07T19:38:14.736+0000] {taskinstance.py:2480} INFO - Exporting env vars: AIRFLOW_CTX_DAG_OWNER='***' AIRFLOW_CTX_DAG_ID='Simple_Corona_project' AIRFLOW_CTX_TASK_ID='Spark_Processing' AIRFLOW_CTX_EXECUTION_DATE='2025-05-07T19:38:12.511487+00:00' AIRFLOW_CTX_TRY_NUMBER='1' AIRFLOW_CTX_DAG_RUN_ID='manual__2025-05-07T19:38:12.511487+00:00'
[2025-05-07T19:38:14.737+0000] {subprocess.py:63} INFO - Tmp dir root location: /tmp
[2025-05-07T19:38:14.738+0000] {subprocess.py:75} INFO - Running command: ['/usr/bin/bash', '-c', '\n        cd /opt/***/dags/CoronaProj/\n        spark-submit --jars "postgresql-42.7.5.jar" Spark_script_process.py']
[2025-05-07T19:38:14.745+0000] {subprocess.py:86} INFO - Output:
[2025-05-07T19:38:16.353+0000] {subprocess.py:93} INFO - 25/05/07 19:38:16 WARN NativeCodeLoader: Unable to load native-hadoop library for your platform... using builtin-java classes where applicable
[2025-05-07T19:38:17.300+0000] {subprocess.py:93} INFO - 25/05/07 19:38:17 INFO SparkContext: Running Spark version 3.5.5
[2025-05-07T19:38:17.301+0000] {subprocess.py:93} INFO - 25/05/07 19:38:17 INFO SparkContext: OS info Linux, 5.15.153.1-microsoft-standard-WSL2, amd64
[2025-05-07T19:38:17.302+0000] {subprocess.py:93} INFO - 25/05/07 19:38:17 INFO SparkContext: Java version 17.0.14
[2025-05-07T19:38:17.341+0000] {subprocess.py:93} INFO - 25/05/07 19:38:17 INFO ResourceUtils: ==============================================================
[2025-05-07T19:38:17.341+0000] {subprocess.py:93} INFO - 25/05/07 19:38:17 INFO ResourceUtils: No custom resources configured for spark.driver.
[2025-05-07T19:38:17.342+0000] {subprocess.py:93} INFO - 25/05/07 19:38:17 INFO ResourceUtils: ==============================================================
[2025-05-07T19:38:17.342+0000] {subprocess.py:93} INFO - 25/05/07 19:38:17 INFO SparkContext: Submitted application: CoronaProj
[2025-05-07T19:38:17.367+0000] {subprocess.py:93} INFO - 25/05/07 19:38:17 INFO ResourceProfile: Default ResourceProfile created, executor resources: Map(cores -> name: cores, amount: 1, script: , vendor: , memory -> name: memory, amount: 1024, script: , vendor: , offHeap -> name: offHeap, amount: 0, script: , vendor: ), task resources: Map(cpus -> name: cpus, amount: 1.0)
[2025-05-07T19:38:17.376+0000] {subprocess.py:93} INFO - 25/05/07 19:38:17 INFO ResourceProfile: Limiting resource is cpu
[2025-05-07T19:38:17.377+0000] {subprocess.py:93} INFO - 25/05/07 19:38:17 INFO ResourceProfileManager: Added ResourceProfile id: 0
[2025-05-07T19:38:17.429+0000] {subprocess.py:93} INFO - 25/05/07 19:38:17 INFO SecurityManager: Changing view acls to: ***
[2025-05-07T19:38:17.429+0000] {subprocess.py:93} INFO - 25/05/07 19:38:17 INFO SecurityManager: Changing modify acls to: ***
[2025-05-07T19:38:17.430+0000] {subprocess.py:93} INFO - 25/05/07 19:38:17 INFO SecurityManager: Changing view acls groups to:
[2025-05-07T19:38:17.430+0000] {subprocess.py:93} INFO - 25/05/07 19:38:17 INFO SecurityManager: Changing modify acls groups to:
[2025-05-07T19:38:17.430+0000] {subprocess.py:93} INFO - 25/05/07 19:38:17 INFO SecurityManager: SecurityManager: authentication disabled; ui acls disabled; users with view permissions: ***; groups with view permissions: EMPTY; users with modify permissions: ***; groups with modify permissions: EMPTY
[2025-05-07T19:38:17.654+0000] {subprocess.py:93} INFO - 25/05/07 19:38:17 INFO Utils: Successfully started service 'sparkDriver' on port 38041.
[2025-05-07T19:38:17.675+0000] {subprocess.py:93} INFO - 25/05/07 19:38:17 INFO SparkEnv: Registering MapOutputTracker
[2025-05-07T19:38:17.703+0000] {subprocess.py:93} INFO - 25/05/07 19:38:17 INFO SparkEnv: Registering BlockManagerMaster
[2025-05-07T19:38:17.718+0000] {subprocess.py:93} INFO - 25/05/07 19:38:17 INFO BlockManagerMasterEndpoint: Using org.apache.spark.storage.DefaultTopologyMapper for getting topology information
[2025-05-07T19:38:17.719+0000] {subprocess.py:93} INFO - 25/05/07 19:38:17 INFO BlockManagerMasterEndpoint: BlockManagerMasterEndpoint up
[2025-05-07T19:38:17.722+0000] {subprocess.py:93} INFO - 25/05/07 19:38:17 INFO SparkEnv: Registering BlockManagerMasterHeartbeat
[2025-05-07T19:38:17.743+0000] {subprocess.py:93} INFO - 25/05/07 19:38:17 INFO DiskBlockManager: Created local directory at /tmp/blockmgr-0dffa06b-3a5f-4aaf-bda4-f0667e6de294
[2025-05-07T19:38:17.767+0000] {subprocess.py:93} INFO - 25/05/07 19:38:17 INFO MemoryStore: MemoryStore started with capacity 434.4 MiB
[2025-05-07T19:38:17.780+0000] {subprocess.py:93} INFO - 25/05/07 19:38:17 INFO SparkEnv: Registering OutputCommitCoordinator
[2025-05-07T19:38:17.893+0000] {subprocess.py:93} INFO - 25/05/07 19:38:17 INFO JettyUtils: Start Jetty 0.0.0.0:4040 for SparkUI
[2025-05-07T19:38:17.964+0000] {subprocess.py:93} INFO - 25/05/07 19:38:17 INFO Utils: Successfully started service 'SparkUI' on port 4040.
[2025-05-07T19:38:18.003+0000] {subprocess.py:93} INFO - 25/05/07 19:38:18 ERROR SparkContext: Failed to add /opt/***/dags/CryptoScripts/postgresql-42.7.5.jar to Spark environment
[2025-05-07T19:38:18.004+0000] {subprocess.py:93} INFO - java.io.FileNotFoundException: Jar /opt/***/dags/CryptoScripts/postgresql-42.7.5.jar not found
[2025-05-07T19:38:18.005+0000] {subprocess.py:93} INFO - 	at org.apache.spark.SparkContext.addLocalJarFile$1(SparkContext.scala:2095)
[2025-05-07T19:38:18.006+0000] {subprocess.py:93} INFO - 	at org.apache.spark.SparkContext.addJar(SparkContext.scala:2151)
[2025-05-07T19:38:18.007+0000] {subprocess.py:93} INFO - 	at org.apache.spark.SparkContext.$anonfun$new$15(SparkContext.scala:521)
[2025-05-07T19:38:18.008+0000] {subprocess.py:93} INFO - 	at org.apache.spark.SparkContext.$anonfun$new$15$adapted(SparkContext.scala:521)
[2025-05-07T19:38:18.008+0000] {subprocess.py:93} INFO - 	at scala.collection.mutable.ResizableArray.foreach(ResizableArray.scala:62)
[2025-05-07T19:38:18.009+0000] {subprocess.py:93} INFO - 	at scala.collection.mutable.ResizableArray.foreach$(ResizableArray.scala:55)
[2025-05-07T19:38:18.009+0000] {subprocess.py:93} INFO - 	at scala.collection.mutable.ArrayBuffer.foreach(ArrayBuffer.scala:49)
[2025-05-07T19:38:18.010+0000] {subprocess.py:93} INFO - 	at org.apache.spark.SparkContext.<init>(SparkContext.scala:521)
[2025-05-07T19:38:18.010+0000] {subprocess.py:93} INFO - 	at org.apache.spark.api.java.JavaSparkContext.<init>(JavaSparkContext.scala:58)
[2025-05-07T19:38:18.011+0000] {subprocess.py:93} INFO - 	at java.base/jdk.internal.reflect.NativeConstructorAccessorImpl.newInstance0(Native Method)
[2025-05-07T19:38:18.011+0000] {subprocess.py:93} INFO - 	at java.base/jdk.internal.reflect.NativeConstructorAccessorImpl.newInstance(NativeConstructorAccessorImpl.java:77)
[2025-05-07T19:38:18.012+0000] {subprocess.py:93} INFO - 	at java.base/jdk.internal.reflect.DelegatingConstructorAccessorImpl.newInstance(DelegatingConstructorAccessorImpl.java:45)
[2025-05-07T19:38:18.012+0000] {subprocess.py:93} INFO - 	at java.base/java.lang.reflect.Constructor.newInstanceWithCaller(Constructor.java:500)
[2025-05-07T19:38:18.013+0000] {subprocess.py:93} INFO - 	at java.base/java.lang.reflect.Constructor.newInstance(Constructor.java:481)
[2025-05-07T19:38:18.013+0000] {subprocess.py:93} INFO - 	at py4j.reflection.MethodInvoker.invoke(MethodInvoker.java:247)
[2025-05-07T19:38:18.013+0000] {subprocess.py:93} INFO - 	at py4j.reflection.ReflectionEngine.invoke(ReflectionEngine.java:374)
[2025-05-07T19:38:18.014+0000] {subprocess.py:93} INFO - 	at py4j.Gateway.invoke(Gateway.java:238)
[2025-05-07T19:38:18.014+0000] {subprocess.py:93} INFO - 	at py4j.commands.ConstructorCommand.invokeConstructor(ConstructorCommand.java:80)
[2025-05-07T19:38:18.014+0000] {subprocess.py:93} INFO - 	at py4j.commands.ConstructorCommand.execute(ConstructorCommand.java:69)
[2025-05-07T19:38:18.015+0000] {subprocess.py:93} INFO - 	at py4j.ClientServerConnection.waitForCommands(ClientServerConnection.java:182)
[2025-05-07T19:38:18.015+0000] {subprocess.py:93} INFO - 	at py4j.ClientServerConnection.run(ClientServerConnection.java:106)
[2025-05-07T19:38:18.016+0000] {subprocess.py:93} INFO - 	at java.base/java.lang.Thread.run(Thread.java:840)
[2025-05-07T19:38:18.066+0000] {subprocess.py:93} INFO - 25/05/07 19:38:18 INFO Executor: Starting executor ID driver on host 1a616c0a8036
[2025-05-07T19:38:18.066+0000] {subprocess.py:93} INFO - 25/05/07 19:38:18 INFO Executor: OS info Linux, 5.15.153.1-microsoft-standard-WSL2, amd64
[2025-05-07T19:38:18.067+0000] {subprocess.py:93} INFO - 25/05/07 19:38:18 INFO Executor: Java version 17.0.14
[2025-05-07T19:38:18.072+0000] {subprocess.py:93} INFO - 25/05/07 19:38:18 INFO Executor: Starting executor with user classpath (userClassPathFirst = false): ''
[2025-05-07T19:38:18.072+0000] {subprocess.py:93} INFO - 25/05/07 19:38:18 INFO Executor: Created or updated repl class loader org.apache.spark.util.MutableURLClassLoader@71a33842 for default.
[2025-05-07T19:38:18.095+0000] {subprocess.py:93} INFO - 25/05/07 19:38:18 INFO Utils: Successfully started service 'org.apache.spark.network.netty.NettyBlockTransferService' on port 37355.
[2025-05-07T19:38:18.096+0000] {subprocess.py:93} INFO - 25/05/07 19:38:18 INFO NettyBlockTransferService: Server created on 1a616c0a8036:37355
[2025-05-07T19:38:18.097+0000] {subprocess.py:93} INFO - 25/05/07 19:38:18 INFO BlockManager: Using org.apache.spark.storage.RandomBlockReplicationPolicy for block replication policy
[2025-05-07T19:38:18.102+0000] {subprocess.py:93} INFO - 25/05/07 19:38:18 INFO BlockManagerMaster: Registering BlockManager BlockManagerId(driver, 1a616c0a8036, 37355, None)
[2025-05-07T19:38:18.106+0000] {subprocess.py:93} INFO - 25/05/07 19:38:18 INFO BlockManagerMasterEndpoint: Registering block manager 1a616c0a8036:37355 with 434.4 MiB RAM, BlockManagerId(driver, 1a616c0a8036, 37355, None)
[2025-05-07T19:38:18.108+0000] {subprocess.py:93} INFO - 25/05/07 19:38:18 INFO BlockManagerMaster: Registered BlockManager BlockManagerId(driver, 1a616c0a8036, 37355, None)
[2025-05-07T19:38:18.109+0000] {subprocess.py:93} INFO - 25/05/07 19:38:18 INFO BlockManager: Initialized BlockManager: BlockManagerId(driver, 1a616c0a8036, 37355, None)
[2025-05-07T19:38:18.416+0000] {subprocess.py:93} INFO - 25/05/07 19:38:18 INFO SharedState: Setting hive.metastore.warehouse.dir ('null') to the value of spark.sql.warehouse.dir.
[2025-05-07T19:38:18.418+0000] {subprocess.py:93} INFO - 25/05/07 19:38:18 INFO SharedState: Warehouse path is 'file:/opt/***/dags/CoronaProj/spark-warehouse'.
[2025-05-07T19:38:19.213+0000] {subprocess.py:93} INFO - 25/05/07 19:38:19 INFO InMemoryFileIndex: It took 40 ms to list leaf files for 1 paths.
[2025-05-07T19:38:19.346+0000] {subprocess.py:93} INFO - 25/05/07 19:38:19 INFO MemoryStore: Block broadcast_0 stored as values in memory (estimated size 200.6 KiB, free 434.2 MiB)
[2025-05-07T19:38:19.399+0000] {subprocess.py:93} INFO - 25/05/07 19:38:19 INFO MemoryStore: Block broadcast_0_piece0 stored as bytes in memory (estimated size 34.5 KiB, free 434.2 MiB)
[2025-05-07T19:38:19.401+0000] {subprocess.py:93} INFO - 25/05/07 19:38:19 INFO BlockManagerInfo: Added broadcast_0_piece0 in memory on 1a616c0a8036:37355 (size: 34.5 KiB, free: 434.4 MiB)
[2025-05-07T19:38:19.404+0000] {subprocess.py:93} INFO - 25/05/07 19:38:19 INFO SparkContext: Created broadcast 0 from json at NativeMethodAccessorImpl.java:0
[2025-05-07T19:38:19.679+0000] {subprocess.py:93} INFO - 25/05/07 19:38:19 INFO FileInputFormat: Total input files to process : 1
[2025-05-07T19:38:19.686+0000] {subprocess.py:93} INFO - 25/05/07 19:38:19 INFO FileInputFormat: Total input files to process : 1
[2025-05-07T19:38:19.699+0000] {subprocess.py:93} INFO - 25/05/07 19:38:19 INFO SparkContext: Starting job: json at NativeMethodAccessorImpl.java:0
[2025-05-07T19:38:19.712+0000] {subprocess.py:93} INFO - 25/05/07 19:38:19 INFO DAGScheduler: Got job 0 (json at NativeMethodAccessorImpl.java:0) with 1 output partitions
[2025-05-07T19:38:19.713+0000] {subprocess.py:93} INFO - 25/05/07 19:38:19 INFO DAGScheduler: Final stage: ResultStage 0 (json at NativeMethodAccessorImpl.java:0)
[2025-05-07T19:38:19.713+0000] {subprocess.py:93} INFO - 25/05/07 19:38:19 INFO DAGScheduler: Parents of final stage: List()
[2025-05-07T19:38:19.714+0000] {subprocess.py:93} INFO - 25/05/07 19:38:19 INFO DAGScheduler: Missing parents: List()
[2025-05-07T19:38:19.717+0000] {subprocess.py:93} INFO - 25/05/07 19:38:19 INFO DAGScheduler: Submitting ResultStage 0 (MapPartitionsRDD[2] at json at NativeMethodAccessorImpl.java:0), which has no missing parents
[2025-05-07T19:38:19.757+0000] {subprocess.py:93} INFO - 25/05/07 19:38:19 INFO MemoryStore: Block broadcast_1 stored as values in memory (estimated size 9.3 KiB, free 434.2 MiB)
[2025-05-07T19:38:19.765+0000] {subprocess.py:93} INFO - 25/05/07 19:38:19 INFO MemoryStore: Block broadcast_1_piece0 stored as bytes in memory (estimated size 5.0 KiB, free 434.2 MiB)
[2025-05-07T19:38:19.766+0000] {subprocess.py:93} INFO - 25/05/07 19:38:19 INFO BlockManagerInfo: Added broadcast_1_piece0 in memory on 1a616c0a8036:37355 (size: 5.0 KiB, free: 434.4 MiB)
[2025-05-07T19:38:19.767+0000] {subprocess.py:93} INFO - 25/05/07 19:38:19 INFO SparkContext: Created broadcast 1 from broadcast at DAGScheduler.scala:1585
[2025-05-07T19:38:19.783+0000] {subprocess.py:93} INFO - 25/05/07 19:38:19 INFO DAGScheduler: Submitting 1 missing tasks from ResultStage 0 (MapPartitionsRDD[2] at json at NativeMethodAccessorImpl.java:0) (first 15 tasks are for partitions Vector(0))
[2025-05-07T19:38:19.784+0000] {subprocess.py:93} INFO - 25/05/07 19:38:19 INFO TaskSchedulerImpl: Adding task set 0.0 with 1 tasks resource profile 0
[2025-05-07T19:38:19.817+0000] {subprocess.py:93} INFO - 25/05/07 19:38:19 INFO TaskSetManager: Starting task 0.0 in stage 0.0 (TID 0) (1a616c0a8036, executor driver, partition 0, PROCESS_LOCAL, 9134 bytes)
[2025-05-07T19:38:19.831+0000] {subprocess.py:93} INFO - 25/05/07 19:38:19 INFO Executor: Running task 0.0 in stage 0.0 (TID 0)
[2025-05-07T19:38:19.887+0000] {subprocess.py:93} INFO - 25/05/07 19:38:19 INFO BinaryFileRDD: Input split: Paths:/opt/***/dags/CoronaProj/data.json:0+213782
[2025-05-07T19:38:20.051+0000] {subprocess.py:93} INFO - 25/05/07 19:38:20 INFO Executor: Finished task 0.0 in stage 0.0 (TID 0). 2714 bytes result sent to driver
[2025-05-07T19:38:20.060+0000] {subprocess.py:93} INFO - 25/05/07 19:38:20 INFO TaskSetManager: Finished task 0.0 in stage 0.0 (TID 0) in 253 ms on 1a616c0a8036 (executor driver) (1/1)
[2025-05-07T19:38:20.063+0000] {subprocess.py:93} INFO - 25/05/07 19:38:20 INFO TaskSchedulerImpl: Removed TaskSet 0.0, whose tasks have all completed, from pool
[2025-05-07T19:38:20.066+0000] {subprocess.py:93} INFO - 25/05/07 19:38:20 INFO DAGScheduler: ResultStage 0 (json at NativeMethodAccessorImpl.java:0) finished in 0.340 s
[2025-05-07T19:38:20.069+0000] {subprocess.py:93} INFO - 25/05/07 19:38:20 INFO DAGScheduler: Job 0 is finished. Cancelling potential speculative or zombie tasks for this job
[2025-05-07T19:38:20.069+0000] {subprocess.py:93} INFO - 25/05/07 19:38:20 INFO TaskSchedulerImpl: Killing all running tasks in stage 0: Stage finished
[2025-05-07T19:38:20.071+0000] {subprocess.py:93} INFO - 25/05/07 19:38:20 INFO DAGScheduler: Job 0 finished: json at NativeMethodAccessorImpl.java:0, took 0.371782 s
[2025-05-07T19:38:20.534+0000] {subprocess.py:93} INFO - 25/05/07 19:38:20 INFO BlockManagerInfo: Removed broadcast_1_piece0 on 1a616c0a8036:37355 in memory (size: 5.0 KiB, free: 434.4 MiB)
[2025-05-07T19:38:21.275+0000] {subprocess.py:93} INFO - 25/05/07 19:38:21 INFO FileSourceStrategy: Pushed Filters: IsNotNull(cases),IsNotNull(deaths),IsNotNull(recovered),GreaterThanOrEqual(cases,0),GreaterThanOrEqual(deaths,0),GreaterThanOrEqual(recovered,0)
[2025-05-07T19:38:21.277+0000] {subprocess.py:93} INFO - 25/05/07 19:38:21 INFO FileSourceStrategy: Post-Scan Filters: isnotnull(cases#2L),isnotnull(deaths#9L),isnotnull(recovered#15L),(cases#2L >= 0),(deaths#9L >= 0),(recovered#15L >= 0),atleastnnonnulls(6, continent#4, country#5, cases#2L, deaths#9L, recovered#15L, cast(from_unixtime(cast((cast(updated#22L as double) / 1000.0) as bigint), yyyy-MM-dd HH:mm:ss, Some(Africa/Cairo)) as timestamp))
[2025-05-07T19:38:21.658+0000] {subprocess.py:93} INFO - 25/05/07 19:38:21 INFO CodeGenerator: Code generated in 188.069688 ms
[2025-05-07T19:38:21.667+0000] {subprocess.py:93} INFO - 25/05/07 19:38:21 INFO MemoryStore: Block broadcast_2 stored as values in memory (estimated size 200.0 KiB, free 434.0 MiB)
[2025-05-07T19:38:21.683+0000] {subprocess.py:93} INFO - 25/05/07 19:38:21 INFO MemoryStore: Block broadcast_2_piece0 stored as bytes in memory (estimated size 34.5 KiB, free 433.9 MiB)
[2025-05-07T19:38:21.684+0000] {subprocess.py:93} INFO - 25/05/07 19:38:21 INFO BlockManagerInfo: Added broadcast_2_piece0 in memory on 1a616c0a8036:37355 (size: 34.5 KiB, free: 434.3 MiB)
[2025-05-07T19:38:21.686+0000] {subprocess.py:93} INFO - 25/05/07 19:38:21 INFO SparkContext: Created broadcast 2 from count at NativeMethodAccessorImpl.java:0
[2025-05-07T19:38:21.701+0000] {subprocess.py:93} INFO - 25/05/07 19:38:21 INFO BlockManagerInfo: Removed broadcast_0_piece0 on 1a616c0a8036:37355 in memory (size: 34.5 KiB, free: 434.4 MiB)
[2025-05-07T19:38:21.706+0000] {subprocess.py:93} INFO - 25/05/07 19:38:21 INFO FileSourceScanExec: Planning scan with bin packing, max size: 4194304 bytes, open cost is considered as scanning 4194304 bytes.
[2025-05-07T19:38:21.753+0000] {subprocess.py:93} INFO - 25/05/07 19:38:21 INFO DAGScheduler: Registering RDD 6 (count at NativeMethodAccessorImpl.java:0) as input to shuffle 0
[2025-05-07T19:38:21.756+0000] {subprocess.py:93} INFO - 25/05/07 19:38:21 INFO DAGScheduler: Got map stage job 1 (count at NativeMethodAccessorImpl.java:0) with 1 output partitions
[2025-05-07T19:38:21.756+0000] {subprocess.py:93} INFO - 25/05/07 19:38:21 INFO DAGScheduler: Final stage: ShuffleMapStage 1 (count at NativeMethodAccessorImpl.java:0)
[2025-05-07T19:38:21.757+0000] {subprocess.py:93} INFO - 25/05/07 19:38:21 INFO DAGScheduler: Parents of final stage: List()
[2025-05-07T19:38:21.757+0000] {subprocess.py:93} INFO - 25/05/07 19:38:21 INFO DAGScheduler: Missing parents: List()
[2025-05-07T19:38:21.759+0000] {subprocess.py:93} INFO - 25/05/07 19:38:21 INFO DAGScheduler: Submitting ShuffleMapStage 1 (MapPartitionsRDD[6] at count at NativeMethodAccessorImpl.java:0), which has no missing parents
[2025-05-07T19:38:21.806+0000] {subprocess.py:93} INFO - 25/05/07 19:38:21 INFO MemoryStore: Block broadcast_3 stored as values in memory (estimated size 22.5 KiB, free 434.1 MiB)
[2025-05-07T19:38:21.812+0000] {subprocess.py:93} INFO - 25/05/07 19:38:21 INFO MemoryStore: Block broadcast_3_piece0 stored as bytes in memory (estimated size 10.3 KiB, free 434.1 MiB)
[2025-05-07T19:38:21.812+0000] {subprocess.py:93} INFO - 25/05/07 19:38:21 INFO BlockManagerInfo: Added broadcast_3_piece0 in memory on 1a616c0a8036:37355 (size: 10.3 KiB, free: 434.4 MiB)
[2025-05-07T19:38:21.813+0000] {subprocess.py:93} INFO - 25/05/07 19:38:21 INFO SparkContext: Created broadcast 3 from broadcast at DAGScheduler.scala:1585
[2025-05-07T19:38:21.817+0000] {subprocess.py:93} INFO - 25/05/07 19:38:21 INFO DAGScheduler: Submitting 1 missing tasks from ShuffleMapStage 1 (MapPartitionsRDD[6] at count at NativeMethodAccessorImpl.java:0) (first 15 tasks are for partitions Vector(0))
[2025-05-07T19:38:21.817+0000] {subprocess.py:93} INFO - 25/05/07 19:38:21 INFO TaskSchedulerImpl: Adding task set 1.0 with 1 tasks resource profile 0
[2025-05-07T19:38:21.830+0000] {subprocess.py:93} INFO - 25/05/07 19:38:21 INFO TaskSetManager: Starting task 0.0 in stage 1.0 (TID 1) (1a616c0a8036, executor driver, partition 0, PROCESS_LOCAL, 9596 bytes)
[2025-05-07T19:38:21.831+0000] {subprocess.py:93} INFO - 25/05/07 19:38:21 INFO Executor: Running task 0.0 in stage 1.0 (TID 1)
[2025-05-07T19:38:21.932+0000] {subprocess.py:93} INFO - 25/05/07 19:38:21 INFO CodeGenerator: Code generated in 47.174353 ms
[2025-05-07T19:38:21.943+0000] {subprocess.py:93} INFO - 25/05/07 19:38:21 INFO FileScanRDD: Reading File path: file:///opt/***/dags/CoronaProj/data.json, range: 0-213782, partition values: [empty row]
[2025-05-07T19:38:21.977+0000] {subprocess.py:93} INFO - 25/05/07 19:38:21 INFO CodeGenerator: Code generated in 20.555764 ms
[2025-05-07T19:38:22.003+0000] {subprocess.py:93} INFO - 25/05/07 19:38:22 INFO CodeGenerator: Code generated in 7.077963 ms
[2025-05-07T19:38:22.012+0000] {subprocess.py:93} INFO - 25/05/07 19:38:22 INFO CodeGenerator: Code generated in 5.872118 ms
[2025-05-07T19:38:22.020+0000] {subprocess.py:93} INFO - 25/05/07 19:38:22 INFO CodeGenerator: Code generated in 5.11509 ms
[2025-05-07T19:38:22.107+0000] {subprocess.py:93} INFO - 25/05/07 19:38:22 INFO Executor: Finished task 0.0 in stage 1.0 (TID 1). 2027 bytes result sent to driver
[2025-05-07T19:38:22.110+0000] {subprocess.py:93} INFO - 25/05/07 19:38:22 INFO TaskSetManager: Finished task 0.0 in stage 1.0 (TID 1) in 290 ms on 1a616c0a8036 (executor driver) (1/1)
[2025-05-07T19:38:22.110+0000] {subprocess.py:93} INFO - 25/05/07 19:38:22 INFO TaskSchedulerImpl: Removed TaskSet 1.0, whose tasks have all completed, from pool
[2025-05-07T19:38:22.113+0000] {subprocess.py:93} INFO - 25/05/07 19:38:22 INFO DAGScheduler: ShuffleMapStage 1 (count at NativeMethodAccessorImpl.java:0) finished in 0.349 s
[2025-05-07T19:38:22.115+0000] {subprocess.py:93} INFO - 25/05/07 19:38:22 INFO DAGScheduler: looking for newly runnable stages
[2025-05-07T19:38:22.115+0000] {subprocess.py:93} INFO - 25/05/07 19:38:22 INFO DAGScheduler: running: Set()
[2025-05-07T19:38:22.116+0000] {subprocess.py:93} INFO - 25/05/07 19:38:22 INFO DAGScheduler: waiting: Set()
[2025-05-07T19:38:22.116+0000] {subprocess.py:93} INFO - 25/05/07 19:38:22 INFO DAGScheduler: failed: Set()
[2025-05-07T19:38:22.151+0000] {subprocess.py:93} INFO - 25/05/07 19:38:22 INFO CodeGenerator: Code generated in 11.242618 ms
[2025-05-07T19:38:22.179+0000] {subprocess.py:93} INFO - 25/05/07 19:38:22 INFO SparkContext: Starting job: count at NativeMethodAccessorImpl.java:0
[2025-05-07T19:38:22.181+0000] {subprocess.py:93} INFO - 25/05/07 19:38:22 INFO DAGScheduler: Got job 2 (count at NativeMethodAccessorImpl.java:0) with 1 output partitions
[2025-05-07T19:38:22.182+0000] {subprocess.py:93} INFO - 25/05/07 19:38:22 INFO DAGScheduler: Final stage: ResultStage 3 (count at NativeMethodAccessorImpl.java:0)
[2025-05-07T19:38:22.182+0000] {subprocess.py:93} INFO - 25/05/07 19:38:22 INFO DAGScheduler: Parents of final stage: List(ShuffleMapStage 2)
[2025-05-07T19:38:22.184+0000] {subprocess.py:93} INFO - 25/05/07 19:38:22 INFO DAGScheduler: Missing parents: List()
[2025-05-07T19:38:22.185+0000] {subprocess.py:93} INFO - 25/05/07 19:38:22 INFO DAGScheduler: Submitting ResultStage 3 (MapPartitionsRDD[9] at count at NativeMethodAccessorImpl.java:0), which has no missing parents
[2025-05-07T19:38:22.190+0000] {subprocess.py:93} INFO - 25/05/07 19:38:22 INFO MemoryStore: Block broadcast_4 stored as values in memory (estimated size 12.5 KiB, free 434.1 MiB)
[2025-05-07T19:38:22.193+0000] {subprocess.py:93} INFO - 25/05/07 19:38:22 INFO MemoryStore: Block broadcast_4_piece0 stored as bytes in memory (estimated size 5.9 KiB, free 434.1 MiB)
[2025-05-07T19:38:22.195+0000] {subprocess.py:93} INFO - 25/05/07 19:38:22 INFO BlockManagerInfo: Added broadcast_4_piece0 in memory on 1a616c0a8036:37355 (size: 5.9 KiB, free: 434.4 MiB)
[2025-05-07T19:38:22.196+0000] {subprocess.py:93} INFO - 25/05/07 19:38:22 INFO SparkContext: Created broadcast 4 from broadcast at DAGScheduler.scala:1585
[2025-05-07T19:38:22.196+0000] {subprocess.py:93} INFO - 25/05/07 19:38:22 INFO DAGScheduler: Submitting 1 missing tasks from ResultStage 3 (MapPartitionsRDD[9] at count at NativeMethodAccessorImpl.java:0) (first 15 tasks are for partitions Vector(0))
[2025-05-07T19:38:22.196+0000] {subprocess.py:93} INFO - 25/05/07 19:38:22 INFO TaskSchedulerImpl: Adding task set 3.0 with 1 tasks resource profile 0
[2025-05-07T19:38:22.199+0000] {subprocess.py:93} INFO - 25/05/07 19:38:22 INFO TaskSetManager: Starting task 0.0 in stage 3.0 (TID 2) (1a616c0a8036, executor driver, partition 0, NODE_LOCAL, 8999 bytes)
[2025-05-07T19:38:22.200+0000] {subprocess.py:93} INFO - 25/05/07 19:38:22 INFO Executor: Running task 0.0 in stage 3.0 (TID 2)
[2025-05-07T19:38:22.232+0000] {subprocess.py:93} INFO - 25/05/07 19:38:22 INFO ShuffleBlockFetcherIterator: Getting 1 (60.0 B) non-empty blocks including 1 (60.0 B) local and 0 (0.0 B) host-local and 0 (0.0 B) push-merged-local and 0 (0.0 B) remote blocks
[2025-05-07T19:38:22.235+0000] {subprocess.py:93} INFO - 25/05/07 19:38:22 INFO ShuffleBlockFetcherIterator: Started 0 remote fetches in 9 ms
[2025-05-07T19:38:22.246+0000] {subprocess.py:93} INFO - 25/05/07 19:38:22 INFO CodeGenerator: Code generated in 8.050299 ms
[2025-05-07T19:38:22.257+0000] {subprocess.py:93} INFO - 25/05/07 19:38:22 INFO Executor: Finished task 0.0 in stage 3.0 (TID 2). 4038 bytes result sent to driver
[2025-05-07T19:38:22.260+0000] {subprocess.py:93} INFO - 25/05/07 19:38:22 INFO TaskSetManager: Finished task 0.0 in stage 3.0 (TID 2) in 61 ms on 1a616c0a8036 (executor driver) (1/1)
[2025-05-07T19:38:22.260+0000] {subprocess.py:93} INFO - 25/05/07 19:38:22 INFO TaskSchedulerImpl: Removed TaskSet 3.0, whose tasks have all completed, from pool
[2025-05-07T19:38:22.261+0000] {subprocess.py:93} INFO - 25/05/07 19:38:22 INFO DAGScheduler: ResultStage 3 (count at NativeMethodAccessorImpl.java:0) finished in 0.073 s
[2025-05-07T19:38:22.262+0000] {subprocess.py:93} INFO - 25/05/07 19:38:22 INFO DAGScheduler: Job 2 is finished. Cancelling potential speculative or zombie tasks for this job
[2025-05-07T19:38:22.262+0000] {subprocess.py:93} INFO - 25/05/07 19:38:22 INFO TaskSchedulerImpl: Killing all running tasks in stage 3: Stage finished
[2025-05-07T19:38:22.263+0000] {subprocess.py:93} INFO - 25/05/07 19:38:22 INFO DAGScheduler: Job 2 finished: count at NativeMethodAccessorImpl.java:0, took 0.082474 s
[2025-05-07T19:38:22.273+0000] {subprocess.py:93} INFO - 25/05/07 19:38:22 INFO BlockManagerInfo: Removed broadcast_3_piece0 on 1a616c0a8036:37355 in memory (size: 10.3 KiB, free: 434.4 MiB)
[2025-05-07T19:38:22.277+0000] {subprocess.py:93} INFO - 25/05/07 19:38:22 INFO BlockManagerInfo: Removed broadcast_4_piece0 on 1a616c0a8036:37355 in memory (size: 5.9 KiB, free: 434.4 MiB)
[2025-05-07T19:38:22.369+0000] {subprocess.py:93} INFO - 25/05/07 19:38:22 INFO FileSourceStrategy: Pushed Filters: IsNotNull(cases),IsNotNull(deaths),IsNotNull(recovered),GreaterThanOrEqual(cases,0),GreaterThanOrEqual(deaths,0),GreaterThanOrEqual(recovered,0)
[2025-05-07T19:38:22.370+0000] {subprocess.py:93} INFO - 25/05/07 19:38:22 INFO FileSourceStrategy: Post-Scan Filters: isnotnull(cases#2L),isnotnull(deaths#9L),isnotnull(recovered#15L),(cases#2L >= 0),(deaths#9L >= 0),(recovered#15L >= 0),atleastnnonnulls(6, continent#4, country#5, cases#2L, deaths#9L, recovered#15L, cast(from_unixtime(cast((cast(updated#22L as double) / 1000.0) as bigint), yyyy-MM-dd HH:mm:ss, Some(Africa/Cairo)) as timestamp))
[2025-05-07T19:38:22.474+0000] {subprocess.py:93} INFO - 25/05/07 19:38:22 INFO CodeGenerator: Code generated in 51.012396 ms
[2025-05-07T19:38:22.481+0000] {subprocess.py:93} INFO - 25/05/07 19:38:22 INFO MemoryStore: Block broadcast_5 stored as values in memory (estimated size 200.0 KiB, free 434.0 MiB)
[2025-05-07T19:38:22.496+0000] {subprocess.py:93} INFO - 25/05/07 19:38:22 INFO MemoryStore: Block broadcast_5_piece0 stored as bytes in memory (estimated size 34.5 KiB, free 433.9 MiB)
[2025-05-07T19:38:22.497+0000] {subprocess.py:93} INFO - 25/05/07 19:38:22 INFO BlockManagerInfo: Added broadcast_5_piece0 in memory on 1a616c0a8036:37355 (size: 34.5 KiB, free: 434.3 MiB)
[2025-05-07T19:38:22.498+0000] {subprocess.py:93} INFO - 25/05/07 19:38:22 INFO SparkContext: Created broadcast 5 from collect at /opt/***/dags/CoronaProj/Spark_script_process.py:52
[2025-05-07T19:38:22.501+0000] {subprocess.py:93} INFO - 25/05/07 19:38:22 INFO FileSourceScanExec: Planning scan with bin packing, max size: 4194304 bytes, open cost is considered as scanning 4194304 bytes.
[2025-05-07T19:38:22.528+0000] {subprocess.py:93} INFO - 25/05/07 19:38:22 INFO BlockManagerInfo: Removed broadcast_2_piece0 on 1a616c0a8036:37355 in memory (size: 34.5 KiB, free: 434.4 MiB)
[2025-05-07T19:38:22.559+0000] {subprocess.py:93} INFO - 25/05/07 19:38:22 INFO DAGScheduler: Registering RDD 13 (collect at /opt/***/dags/CoronaProj/Spark_script_process.py:52) as input to shuffle 1
[2025-05-07T19:38:22.559+0000] {subprocess.py:93} INFO - 25/05/07 19:38:22 INFO DAGScheduler: Got map stage job 3 (collect at /opt/***/dags/CoronaProj/Spark_script_process.py:52) with 1 output partitions
[2025-05-07T19:38:22.560+0000] {subprocess.py:93} INFO - 25/05/07 19:38:22 INFO DAGScheduler: Final stage: ShuffleMapStage 4 (collect at /opt/***/dags/CoronaProj/Spark_script_process.py:52)
[2025-05-07T19:38:22.560+0000] {subprocess.py:93} INFO - 25/05/07 19:38:22 INFO DAGScheduler: Parents of final stage: List()
[2025-05-07T19:38:22.561+0000] {subprocess.py:93} INFO - 25/05/07 19:38:22 INFO DAGScheduler: Missing parents: List()
[2025-05-07T19:38:22.561+0000] {subprocess.py:93} INFO - 25/05/07 19:38:22 INFO DAGScheduler: Submitting ShuffleMapStage 4 (MapPartitionsRDD[13] at collect at /opt/***/dags/CoronaProj/Spark_script_process.py:52), which has no missing parents
[2025-05-07T19:38:22.565+0000] {subprocess.py:93} INFO - 25/05/07 19:38:22 INFO MemoryStore: Block broadcast_6 stored as values in memory (estimated size 46.0 KiB, free 434.1 MiB)
[2025-05-07T19:38:22.567+0000] {subprocess.py:93} INFO - 25/05/07 19:38:22 INFO MemoryStore: Block broadcast_6_piece0 stored as bytes in memory (estimated size 20.9 KiB, free 434.1 MiB)
[2025-05-07T19:38:22.567+0000] {subprocess.py:93} INFO - 25/05/07 19:38:22 INFO BlockManagerInfo: Added broadcast_6_piece0 in memory on 1a616c0a8036:37355 (size: 20.9 KiB, free: 434.3 MiB)
[2025-05-07T19:38:22.568+0000] {subprocess.py:93} INFO - 25/05/07 19:38:22 INFO SparkContext: Created broadcast 6 from broadcast at DAGScheduler.scala:1585
[2025-05-07T19:38:22.569+0000] {subprocess.py:93} INFO - 25/05/07 19:38:22 INFO DAGScheduler: Submitting 1 missing tasks from ShuffleMapStage 4 (MapPartitionsRDD[13] at collect at /opt/***/dags/CoronaProj/Spark_script_process.py:52) (first 15 tasks are for partitions Vector(0))
[2025-05-07T19:38:22.570+0000] {subprocess.py:93} INFO - 25/05/07 19:38:22 INFO TaskSchedulerImpl: Adding task set 4.0 with 1 tasks resource profile 0
[2025-05-07T19:38:22.572+0000] {subprocess.py:93} INFO - 25/05/07 19:38:22 INFO TaskSetManager: Starting task 0.0 in stage 4.0 (TID 3) (1a616c0a8036, executor driver, partition 0, PROCESS_LOCAL, 9596 bytes)
[2025-05-07T19:38:22.573+0000] {subprocess.py:93} INFO - 25/05/07 19:38:22 INFO Executor: Running task 0.0 in stage 4.0 (TID 3)
[2025-05-07T19:38:22.626+0000] {subprocess.py:93} INFO - 25/05/07 19:38:22 INFO CodeGenerator: Code generated in 40.003086 ms
[2025-05-07T19:38:22.640+0000] {subprocess.py:93} INFO - 25/05/07 19:38:22 INFO CodeGenerator: Code generated in 8.730924 ms
[2025-05-07T19:38:22.649+0000] {subprocess.py:93} INFO - 25/05/07 19:38:22 INFO CodeGenerator: Code generated in 5.205493 ms
[2025-05-07T19:38:22.665+0000] {subprocess.py:93} INFO - 25/05/07 19:38:22 INFO CodeGenerator: Code generated in 5.947321 ms
[2025-05-07T19:38:22.672+0000] {subprocess.py:93} INFO - 25/05/07 19:38:22 INFO FileScanRDD: Reading File path: file:///opt/***/dags/CoronaProj/data.json, range: 0-213782, partition values: [empty row]
[2025-05-07T19:38:22.810+0000] {subprocess.py:93} INFO - 25/05/07 19:38:22 INFO Executor: Finished task 0.0 in stage 4.0 (TID 3). 2821 bytes result sent to driver
[2025-05-07T19:38:22.813+0000] {subprocess.py:93} INFO - 25/05/07 19:38:22 INFO TaskSetManager: Finished task 0.0 in stage 4.0 (TID 3) in 241 ms on 1a616c0a8036 (executor driver) (1/1)
[2025-05-07T19:38:22.813+0000] {subprocess.py:93} INFO - 25/05/07 19:38:22 INFO TaskSchedulerImpl: Removed TaskSet 4.0, whose tasks have all completed, from pool
[2025-05-07T19:38:22.815+0000] {subprocess.py:93} INFO - 25/05/07 19:38:22 INFO DAGScheduler: ShuffleMapStage 4 (collect at /opt/***/dags/CoronaProj/Spark_script_process.py:52) finished in 0.253 s
[2025-05-07T19:38:22.816+0000] {subprocess.py:93} INFO - 25/05/07 19:38:22 INFO DAGScheduler: looking for newly runnable stages
[2025-05-07T19:38:22.816+0000] {subprocess.py:93} INFO - 25/05/07 19:38:22 INFO DAGScheduler: running: Set()
[2025-05-07T19:38:22.817+0000] {subprocess.py:93} INFO - 25/05/07 19:38:22 INFO DAGScheduler: waiting: Set()
[2025-05-07T19:38:22.817+0000] {subprocess.py:93} INFO - 25/05/07 19:38:22 INFO DAGScheduler: failed: Set()
[2025-05-07T19:38:22.827+0000] {subprocess.py:93} INFO - 25/05/07 19:38:22 INFO ShufflePartitionsUtil: For shuffle(1), advisory target size: 67108864, actual target size 1048576, minimum partition size: 1048576
[2025-05-07T19:38:22.882+0000] {subprocess.py:93} INFO - 25/05/07 19:38:22 INFO CodeGenerator: Code generated in 27.658527 ms
[2025-05-07T19:38:22.906+0000] {subprocess.py:93} INFO - 25/05/07 19:38:22 INFO DAGScheduler: Registering RDD 16 (collect at /opt/***/dags/CoronaProj/Spark_script_process.py:52) as input to shuffle 2
[2025-05-07T19:38:22.907+0000] {subprocess.py:93} INFO - 25/05/07 19:38:22 INFO DAGScheduler: Got map stage job 4 (collect at /opt/***/dags/CoronaProj/Spark_script_process.py:52) with 1 output partitions
[2025-05-07T19:38:22.908+0000] {subprocess.py:93} INFO - 25/05/07 19:38:22 INFO DAGScheduler: Final stage: ShuffleMapStage 6 (collect at /opt/***/dags/CoronaProj/Spark_script_process.py:52)
[2025-05-07T19:38:22.908+0000] {subprocess.py:93} INFO - 25/05/07 19:38:22 INFO DAGScheduler: Parents of final stage: List(ShuffleMapStage 5)
[2025-05-07T19:38:22.909+0000] {subprocess.py:93} INFO - 25/05/07 19:38:22 INFO DAGScheduler: Missing parents: List()
[2025-05-07T19:38:22.909+0000] {subprocess.py:93} INFO - 25/05/07 19:38:22 INFO DAGScheduler: Submitting ShuffleMapStage 6 (MapPartitionsRDD[16] at collect at /opt/***/dags/CoronaProj/Spark_script_process.py:52), which has no missing parents
[2025-05-07T19:38:22.919+0000] {subprocess.py:93} INFO - 25/05/07 19:38:22 INFO MemoryStore: Block broadcast_7 stored as values in memory (estimated size 57.0 KiB, free 434.1 MiB)
[2025-05-07T19:38:22.920+0000] {subprocess.py:93} INFO - 25/05/07 19:38:22 INFO MemoryStore: Block broadcast_7_piece0 stored as bytes in memory (estimated size 24.8 KiB, free 434.0 MiB)
[2025-05-07T19:38:22.920+0000] {subprocess.py:93} INFO - 25/05/07 19:38:22 INFO BlockManagerInfo: Added broadcast_7_piece0 in memory on 1a616c0a8036:37355 (size: 24.8 KiB, free: 434.3 MiB)
[2025-05-07T19:38:22.921+0000] {subprocess.py:93} INFO - 25/05/07 19:38:22 INFO SparkContext: Created broadcast 7 from broadcast at DAGScheduler.scala:1585
[2025-05-07T19:38:22.922+0000] {subprocess.py:93} INFO - 25/05/07 19:38:22 INFO DAGScheduler: Submitting 1 missing tasks from ShuffleMapStage 6 (MapPartitionsRDD[16] at collect at /opt/***/dags/CoronaProj/Spark_script_process.py:52) (first 15 tasks are for partitions Vector(0))
[2025-05-07T19:38:22.922+0000] {subprocess.py:93} INFO - 25/05/07 19:38:22 INFO TaskSchedulerImpl: Adding task set 6.0 with 1 tasks resource profile 0
[2025-05-07T19:38:22.923+0000] {subprocess.py:93} INFO - 25/05/07 19:38:22 INFO TaskSetManager: Starting task 0.0 in stage 6.0 (TID 4) (1a616c0a8036, executor driver, partition 0, NODE_LOCAL, 8988 bytes)
[2025-05-07T19:38:22.925+0000] {subprocess.py:93} INFO - 25/05/07 19:38:22 INFO Executor: Running task 0.0 in stage 6.0 (TID 4)
[2025-05-07T19:38:22.945+0000] {subprocess.py:93} INFO - 25/05/07 19:38:22 INFO ShuffleBlockFetcherIterator: Getting 1 (12.3 KiB) non-empty blocks including 1 (12.3 KiB) local and 0 (0.0 B) host-local and 0 (0.0 B) push-merged-local and 0 (0.0 B) remote blocks
[2025-05-07T19:38:22.946+0000] {subprocess.py:93} INFO - 25/05/07 19:38:22 INFO ShuffleBlockFetcherIterator: Started 0 remote fetches in 4 ms
[2025-05-07T19:38:22.970+0000] {subprocess.py:93} INFO - 25/05/07 19:38:22 INFO CodeGenerator: Code generated in 24.432808 ms
[2025-05-07T19:38:22.989+0000] {subprocess.py:93} INFO - 25/05/07 19:38:22 INFO Executor: Finished task 0.0 in stage 6.0 (TID 4). 5651 bytes result sent to driver
[2025-05-07T19:38:22.993+0000] {subprocess.py:93} INFO - 25/05/07 19:38:22 INFO TaskSetManager: Finished task 0.0 in stage 6.0 (TID 4) in 69 ms on 1a616c0a8036 (executor driver) (1/1)
[2025-05-07T19:38:22.993+0000] {subprocess.py:93} INFO - 25/05/07 19:38:22 INFO TaskSchedulerImpl: Removed TaskSet 6.0, whose tasks have all completed, from pool
[2025-05-07T19:38:22.994+0000] {subprocess.py:93} INFO - 25/05/07 19:38:22 INFO DAGScheduler: ShuffleMapStage 6 (collect at /opt/***/dags/CoronaProj/Spark_script_process.py:52) finished in 0.078 s
[2025-05-07T19:38:22.994+0000] {subprocess.py:93} INFO - 25/05/07 19:38:22 INFO DAGScheduler: looking for newly runnable stages
[2025-05-07T19:38:22.995+0000] {subprocess.py:93} INFO - 25/05/07 19:38:22 INFO DAGScheduler: running: Set()
[2025-05-07T19:38:22.995+0000] {subprocess.py:93} INFO - 25/05/07 19:38:22 INFO DAGScheduler: waiting: Set()
[2025-05-07T19:38:22.996+0000] {subprocess.py:93} INFO - 25/05/07 19:38:22 INFO DAGScheduler: failed: Set()
[2025-05-07T19:38:23.013+0000] {subprocess.py:93} INFO - 25/05/07 19:38:23 INFO CodeGenerator: Code generated in 5.917719 ms
[2025-05-07T19:38:23.024+0000] {subprocess.py:93} INFO - 25/05/07 19:38:23 INFO SparkContext: Starting job: collect at /opt/***/dags/CoronaProj/Spark_script_process.py:52
[2025-05-07T19:38:23.026+0000] {subprocess.py:93} INFO - 25/05/07 19:38:23 INFO DAGScheduler: Got job 5 (collect at /opt/***/dags/CoronaProj/Spark_script_process.py:52) with 1 output partitions
[2025-05-07T19:38:23.027+0000] {subprocess.py:93} INFO - 25/05/07 19:38:23 INFO DAGScheduler: Final stage: ResultStage 9 (collect at /opt/***/dags/CoronaProj/Spark_script_process.py:52)
[2025-05-07T19:38:23.027+0000] {subprocess.py:93} INFO - 25/05/07 19:38:23 INFO DAGScheduler: Parents of final stage: List(ShuffleMapStage 8)
[2025-05-07T19:38:23.028+0000] {subprocess.py:93} INFO - 25/05/07 19:38:23 INFO DAGScheduler: Missing parents: List()
[2025-05-07T19:38:23.028+0000] {subprocess.py:93} INFO - 25/05/07 19:38:23 INFO DAGScheduler: Submitting ResultStage 9 (MapPartitionsRDD[19] at collect at /opt/***/dags/CoronaProj/Spark_script_process.py:52), which has no missing parents
[2025-05-07T19:38:23.029+0000] {subprocess.py:93} INFO - 25/05/07 19:38:23 INFO MemoryStore: Block broadcast_8 stored as values in memory (estimated size 12.5 KiB, free 434.0 MiB)
[2025-05-07T19:38:23.030+0000] {subprocess.py:93} INFO - 25/05/07 19:38:23 INFO MemoryStore: Block broadcast_8_piece0 stored as bytes in memory (estimated size 5.9 KiB, free 434.0 MiB)
[2025-05-07T19:38:23.030+0000] {subprocess.py:93} INFO - 25/05/07 19:38:23 INFO BlockManagerInfo: Added broadcast_8_piece0 in memory on 1a616c0a8036:37355 (size: 5.9 KiB, free: 434.3 MiB)
[2025-05-07T19:38:23.031+0000] {subprocess.py:93} INFO - 25/05/07 19:38:23 INFO SparkContext: Created broadcast 8 from broadcast at DAGScheduler.scala:1585
[2025-05-07T19:38:23.031+0000] {subprocess.py:93} INFO - 25/05/07 19:38:23 INFO DAGScheduler: Submitting 1 missing tasks from ResultStage 9 (MapPartitionsRDD[19] at collect at /opt/***/dags/CoronaProj/Spark_script_process.py:52) (first 15 tasks are for partitions Vector(0))
[2025-05-07T19:38:23.032+0000] {subprocess.py:93} INFO - 25/05/07 19:38:23 INFO TaskSchedulerImpl: Adding task set 9.0 with 1 tasks resource profile 0
[2025-05-07T19:38:23.035+0000] {subprocess.py:93} INFO - 25/05/07 19:38:23 INFO TaskSetManager: Starting task 0.0 in stage 9.0 (TID 5) (1a616c0a8036, executor driver, partition 0, NODE_LOCAL, 8999 bytes)
[2025-05-07T19:38:23.035+0000] {subprocess.py:93} INFO - 25/05/07 19:38:23 INFO Executor: Running task 0.0 in stage 9.0 (TID 5)
[2025-05-07T19:38:23.038+0000] {subprocess.py:93} INFO - 25/05/07 19:38:23 INFO ShuffleBlockFetcherIterator: Getting 1 (60.0 B) non-empty blocks including 1 (60.0 B) local and 0 (0.0 B) host-local and 0 (0.0 B) push-merged-local and 0 (0.0 B) remote blocks
[2025-05-07T19:38:23.039+0000] {subprocess.py:93} INFO - 25/05/07 19:38:23 INFO ShuffleBlockFetcherIterator: Started 0 remote fetches in 0 ms
[2025-05-07T19:38:23.048+0000] {subprocess.py:93} INFO - 25/05/07 19:38:23 INFO CodeGenerator: Code generated in 9.114639 ms
[2025-05-07T19:38:23.051+0000] {subprocess.py:93} INFO - 25/05/07 19:38:23 INFO Executor: Finished task 0.0 in stage 9.0 (TID 5). 3995 bytes result sent to driver
[2025-05-07T19:38:23.053+0000] {subprocess.py:93} INFO - 25/05/07 19:38:23 INFO TaskSetManager: Finished task 0.0 in stage 9.0 (TID 5) in 21 ms on 1a616c0a8036 (executor driver) (1/1)
[2025-05-07T19:38:23.054+0000] {subprocess.py:93} INFO - 25/05/07 19:38:23 INFO TaskSchedulerImpl: Removed TaskSet 9.0, whose tasks have all completed, from pool
[2025-05-07T19:38:23.054+0000] {subprocess.py:93} INFO - 25/05/07 19:38:23 INFO DAGScheduler: ResultStage 9 (collect at /opt/***/dags/CoronaProj/Spark_script_process.py:52) finished in 0.026 s
[2025-05-07T19:38:23.055+0000] {subprocess.py:93} INFO - 25/05/07 19:38:23 INFO DAGScheduler: Job 5 is finished. Cancelling potential speculative or zombie tasks for this job
[2025-05-07T19:38:23.055+0000] {subprocess.py:93} INFO - 25/05/07 19:38:23 INFO TaskSchedulerImpl: Killing all running tasks in stage 9: Stage finished
[2025-05-07T19:38:23.055+0000] {subprocess.py:93} INFO - 25/05/07 19:38:23 INFO DAGScheduler: Job 5 finished: collect at /opt/***/dags/CoronaProj/Spark_script_process.py:52, took 0.030291 s
[2025-05-07T19:38:23.070+0000] {subprocess.py:93} INFO - countries are unqiue
[2025-05-07T19:38:23.224+0000] {subprocess.py:93} INFO - 25/05/07 19:38:23 INFO FileSourceStrategy: Pushed Filters: IsNotNull(cases),IsNotNull(deaths),IsNotNull(recovered),GreaterThanOrEqual(cases,0),GreaterThanOrEqual(deaths,0),GreaterThanOrEqual(recovered,0)
[2025-05-07T19:38:23.225+0000] {subprocess.py:93} INFO - 25/05/07 19:38:23 INFO FileSourceStrategy: Post-Scan Filters: isnotnull(cases#2L),isnotnull(deaths#9L),isnotnull(recovered#15L),(cases#2L >= 0),(deaths#9L >= 0),(recovered#15L >= 0),atleastnnonnulls(6, continent#4, country#5, cases#2L, deaths#9L, recovered#15L, cast(from_unixtime(cast((cast(updated#22L as double) / 1000.0) as bigint), yyyy-MM-dd HH:mm:ss, Some(Africa/Cairo)) as timestamp))
[2025-05-07T19:38:23.259+0000] {subprocess.py:93} INFO - 25/05/07 19:38:23 INFO ParquetUtils: Using default output committer for Parquet: org.apache.parquet.hadoop.ParquetOutputCommitter
[2025-05-07T19:38:23.268+0000] {subprocess.py:93} INFO - 25/05/07 19:38:23 INFO FileOutputCommitter: File Output Committer Algorithm version is 1
[2025-05-07T19:38:23.268+0000] {subprocess.py:93} INFO - 25/05/07 19:38:23 INFO FileOutputCommitter: FileOutputCommitter skip cleanup _temporary folders under output directory:false, ignore cleanup failures: false
[2025-05-07T19:38:23.269+0000] {subprocess.py:93} INFO - 25/05/07 19:38:23 INFO SQLHadoopMapReduceCommitProtocol: Using user defined output committer class org.apache.parquet.hadoop.ParquetOutputCommitter
[2025-05-07T19:38:23.269+0000] {subprocess.py:93} INFO - 25/05/07 19:38:23 INFO FileOutputCommitter: File Output Committer Algorithm version is 1
[2025-05-07T19:38:23.269+0000] {subprocess.py:93} INFO - 25/05/07 19:38:23 INFO FileOutputCommitter: FileOutputCommitter skip cleanup _temporary folders under output directory:false, ignore cleanup failures: false
[2025-05-07T19:38:23.270+0000] {subprocess.py:93} INFO - 25/05/07 19:38:23 INFO SQLHadoopMapReduceCommitProtocol: Using output committer class org.apache.parquet.hadoop.ParquetOutputCommitter
[2025-05-07T19:38:23.351+0000] {subprocess.py:93} INFO - 25/05/07 19:38:23 INFO CodeGenerator: Code generated in 16.176101 ms
[2025-05-07T19:38:23.356+0000] {subprocess.py:93} INFO - 25/05/07 19:38:23 INFO MemoryStore: Block broadcast_9 stored as values in memory (estimated size 200.0 KiB, free 433.8 MiB)
[2025-05-07T19:38:23.367+0000] {subprocess.py:93} INFO - 25/05/07 19:38:23 INFO MemoryStore: Block broadcast_9_piece0 stored as bytes in memory (estimated size 34.5 KiB, free 433.8 MiB)
[2025-05-07T19:38:23.368+0000] {subprocess.py:93} INFO - 25/05/07 19:38:23 INFO BlockManagerInfo: Added broadcast_9_piece0 in memory on 1a616c0a8036:37355 (size: 34.5 KiB, free: 434.3 MiB)
[2025-05-07T19:38:23.369+0000] {subprocess.py:93} INFO - 25/05/07 19:38:23 INFO SparkContext: Created broadcast 9 from save at NativeMethodAccessorImpl.java:0
[2025-05-07T19:38:23.370+0000] {subprocess.py:93} INFO - 25/05/07 19:38:23 INFO FileSourceScanExec: Planning scan with bin packing, max size: 4194304 bytes, open cost is considered as scanning 4194304 bytes.
[2025-05-07T19:38:23.382+0000] {subprocess.py:93} INFO - 25/05/07 19:38:23 INFO SparkContext: Starting job: save at NativeMethodAccessorImpl.java:0
[2025-05-07T19:38:23.385+0000] {subprocess.py:93} INFO - 25/05/07 19:38:23 INFO DAGScheduler: Got job 6 (save at NativeMethodAccessorImpl.java:0) with 1 output partitions
[2025-05-07T19:38:23.387+0000] {subprocess.py:93} INFO - 25/05/07 19:38:23 INFO DAGScheduler: Final stage: ResultStage 10 (save at NativeMethodAccessorImpl.java:0)
[2025-05-07T19:38:23.387+0000] {subprocess.py:93} INFO - 25/05/07 19:38:23 INFO DAGScheduler: Parents of final stage: List()
[2025-05-07T19:38:23.388+0000] {subprocess.py:93} INFO - 25/05/07 19:38:23 INFO DAGScheduler: Missing parents: List()
[2025-05-07T19:38:23.388+0000] {subprocess.py:93} INFO - 25/05/07 19:38:23 INFO DAGScheduler: Submitting ResultStage 10 (MapPartitionsRDD[23] at save at NativeMethodAccessorImpl.java:0), which has no missing parents
[2025-05-07T19:38:23.409+0000] {subprocess.py:93} INFO - 25/05/07 19:38:23 INFO MemoryStore: Block broadcast_10 stored as values in memory (estimated size 223.4 KiB, free 433.6 MiB)
[2025-05-07T19:38:23.411+0000] {subprocess.py:93} INFO - 25/05/07 19:38:23 INFO MemoryStore: Block broadcast_10_piece0 stored as bytes in memory (estimated size 80.3 KiB, free 433.5 MiB)
[2025-05-07T19:38:23.412+0000] {subprocess.py:93} INFO - 25/05/07 19:38:23 INFO BlockManagerInfo: Added broadcast_10_piece0 in memory on 1a616c0a8036:37355 (size: 80.3 KiB, free: 434.2 MiB)
[2025-05-07T19:38:23.412+0000] {subprocess.py:93} INFO - 25/05/07 19:38:23 INFO SparkContext: Created broadcast 10 from broadcast at DAGScheduler.scala:1585
[2025-05-07T19:38:23.413+0000] {subprocess.py:93} INFO - 25/05/07 19:38:23 INFO DAGScheduler: Submitting 1 missing tasks from ResultStage 10 (MapPartitionsRDD[23] at save at NativeMethodAccessorImpl.java:0) (first 15 tasks are for partitions Vector(0))
[2025-05-07T19:38:23.413+0000] {subprocess.py:93} INFO - 25/05/07 19:38:23 INFO TaskSchedulerImpl: Adding task set 10.0 with 1 tasks resource profile 0
[2025-05-07T19:38:23.414+0000] {subprocess.py:93} INFO - 25/05/07 19:38:23 INFO TaskSetManager: Starting task 0.0 in stage 10.0 (TID 6) (1a616c0a8036, executor driver, partition 0, PROCESS_LOCAL, 9607 bytes)
[2025-05-07T19:38:23.415+0000] {subprocess.py:93} INFO - 25/05/07 19:38:23 INFO Executor: Running task 0.0 in stage 10.0 (TID 6)
[2025-05-07T19:38:23.449+0000] {subprocess.py:93} INFO - 25/05/07 19:38:23 INFO CodeGenerator: Code generated in 13.73321 ms
[2025-05-07T19:38:23.451+0000] {subprocess.py:93} INFO - 25/05/07 19:38:23 INFO FileOutputCommitter: File Output Committer Algorithm version is 1
[2025-05-07T19:38:23.452+0000] {subprocess.py:93} INFO - 25/05/07 19:38:23 INFO FileOutputCommitter: FileOutputCommitter skip cleanup _temporary folders under output directory:false, ignore cleanup failures: false
[2025-05-07T19:38:23.452+0000] {subprocess.py:93} INFO - 25/05/07 19:38:23 INFO SQLHadoopMapReduceCommitProtocol: Using user defined output committer class org.apache.parquet.hadoop.ParquetOutputCommitter
[2025-05-07T19:38:23.453+0000] {subprocess.py:93} INFO - 25/05/07 19:38:23 INFO FileOutputCommitter: File Output Committer Algorithm version is 1
[2025-05-07T19:38:23.453+0000] {subprocess.py:93} INFO - 25/05/07 19:38:23 INFO FileOutputCommitter: FileOutputCommitter skip cleanup _temporary folders under output directory:false, ignore cleanup failures: false
[2025-05-07T19:38:23.454+0000] {subprocess.py:93} INFO - 25/05/07 19:38:23 INFO SQLHadoopMapReduceCommitProtocol: Using output committer class org.apache.parquet.hadoop.ParquetOutputCommitter
[2025-05-07T19:38:23.457+0000] {subprocess.py:93} INFO - 25/05/07 19:38:23 INFO CodecConfig: Compression: SNAPPY
[2025-05-07T19:38:23.460+0000] {subprocess.py:93} INFO - 25/05/07 19:38:23 INFO CodecConfig: Compression: SNAPPY
[2025-05-07T19:38:23.474+0000] {subprocess.py:93} INFO - 25/05/07 19:38:23 INFO ParquetOutputFormat: ParquetRecordWriter [block size: 134217728b, row group padding size: 8388608b, validating: false]
[2025-05-07T19:38:23.507+0000] {subprocess.py:93} INFO - 25/05/07 19:38:23 INFO ParquetWriteSupport: Initialized Parquet WriteSupport with Catalyst schema:
[2025-05-07T19:38:23.508+0000] {subprocess.py:93} INFO - {
[2025-05-07T19:38:23.508+0000] {subprocess.py:93} INFO -   "type" : "struct",
[2025-05-07T19:38:23.509+0000] {subprocess.py:93} INFO -   "fields" : [ {
[2025-05-07T19:38:23.509+0000] {subprocess.py:93} INFO -     "name" : "continent",
[2025-05-07T19:38:23.509+0000] {subprocess.py:93} INFO -     "type" : "string",
[2025-05-07T19:38:23.509+0000] {subprocess.py:93} INFO -     "nullable" : true,
[2025-05-07T19:38:23.510+0000] {subprocess.py:93} INFO -     "metadata" : { }
[2025-05-07T19:38:23.510+0000] {subprocess.py:93} INFO -   }, {
[2025-05-07T19:38:23.510+0000] {subprocess.py:93} INFO -     "name" : "country",
[2025-05-07T19:38:23.511+0000] {subprocess.py:93} INFO -     "type" : "string",
[2025-05-07T19:38:23.511+0000] {subprocess.py:93} INFO -     "nullable" : true,
[2025-05-07T19:38:23.511+0000] {subprocess.py:93} INFO -     "metadata" : { }
[2025-05-07T19:38:23.512+0000] {subprocess.py:93} INFO -   }, {
[2025-05-07T19:38:23.512+0000] {subprocess.py:93} INFO -     "name" : "cases",
[2025-05-07T19:38:23.512+0000] {subprocess.py:93} INFO -     "type" : "long",
[2025-05-07T19:38:23.513+0000] {subprocess.py:93} INFO -     "nullable" : true,
[2025-05-07T19:38:23.514+0000] {subprocess.py:93} INFO -     "metadata" : { }
[2025-05-07T19:38:23.515+0000] {subprocess.py:93} INFO -   }, {
[2025-05-07T19:38:23.515+0000] {subprocess.py:93} INFO -     "name" : "deaths",
[2025-05-07T19:38:23.516+0000] {subprocess.py:93} INFO -     "type" : "long",
[2025-05-07T19:38:23.516+0000] {subprocess.py:93} INFO -     "nullable" : true,
[2025-05-07T19:38:23.516+0000] {subprocess.py:93} INFO -     "metadata" : { }
[2025-05-07T19:38:23.517+0000] {subprocess.py:93} INFO -   }, {
[2025-05-07T19:38:23.517+0000] {subprocess.py:93} INFO -     "name" : "recovered",
[2025-05-07T19:38:23.517+0000] {subprocess.py:93} INFO -     "type" : "long",
[2025-05-07T19:38:23.518+0000] {subprocess.py:93} INFO -     "nullable" : true,
[2025-05-07T19:38:23.518+0000] {subprocess.py:93} INFO -     "metadata" : { }
[2025-05-07T19:38:23.518+0000] {subprocess.py:93} INFO -   }, {
[2025-05-07T19:38:23.519+0000] {subprocess.py:93} INFO -     "name" : "egypt_time",
[2025-05-07T19:38:23.519+0000] {subprocess.py:93} INFO -     "type" : "timestamp",
[2025-05-07T19:38:23.519+0000] {subprocess.py:93} INFO -     "nullable" : true,
[2025-05-07T19:38:23.520+0000] {subprocess.py:93} INFO -     "metadata" : { }
[2025-05-07T19:38:23.520+0000] {subprocess.py:93} INFO -   } ]
[2025-05-07T19:38:23.520+0000] {subprocess.py:93} INFO - }
[2025-05-07T19:38:23.520+0000] {subprocess.py:93} INFO - and corresponding Parquet message type:
[2025-05-07T19:38:23.521+0000] {subprocess.py:93} INFO - message spark_schema {
[2025-05-07T19:38:23.521+0000] {subprocess.py:93} INFO -   optional binary continent (STRING);
[2025-05-07T19:38:23.521+0000] {subprocess.py:93} INFO -   optional binary country (STRING);
[2025-05-07T19:38:23.522+0000] {subprocess.py:93} INFO -   optional int64 cases;
[2025-05-07T19:38:23.522+0000] {subprocess.py:93} INFO -   optional int64 deaths;
[2025-05-07T19:38:23.522+0000] {subprocess.py:93} INFO -   optional int64 recovered;
[2025-05-07T19:38:23.523+0000] {subprocess.py:93} INFO -   optional int96 egypt_time;
[2025-05-07T19:38:23.523+0000] {subprocess.py:93} INFO - }
[2025-05-07T19:38:23.524+0000] {subprocess.py:93} INFO - 
[2025-05-07T19:38:23.524+0000] {subprocess.py:93} INFO - 
[2025-05-07T19:38:23.619+0000] {subprocess.py:93} INFO - 25/05/07 19:38:23 INFO CodecPool: Got brand-new compressor [.snappy]
[2025-05-07T19:38:23.767+0000] {subprocess.py:93} INFO - 25/05/07 19:38:23 INFO FileScanRDD: Reading File path: file:///opt/***/dags/CoronaProj/data.json, range: 0-213782, partition values: [empty row]
[2025-05-07T19:38:24.160+0000] {subprocess.py:93} INFO - 25/05/07 19:38:24 INFO BlockManagerInfo: Removed broadcast_8_piece0 on 1a616c0a8036:37355 in memory (size: 5.9 KiB, free: 434.2 MiB)
[2025-05-07T19:38:24.165+0000] {subprocess.py:93} INFO - 25/05/07 19:38:24 INFO BlockManagerInfo: Removed broadcast_7_piece0 on 1a616c0a8036:37355 in memory (size: 24.8 KiB, free: 434.2 MiB)
[2025-05-07T19:38:24.196+0000] {subprocess.py:93} INFO - 25/05/07 19:38:24 INFO FileOutputCommitter: Saved output of task 'attempt_202505071938237073915735642828954_0010_m_000000_6' to file:/opt/***/dags/CoronaProj/GeneratedData/2025-05-07 19:38:23.163560/data.csv/_temporary/0/task_202505071938237073915735642828954_0010_m_000000
[2025-05-07T19:38:24.197+0000] {subprocess.py:93} INFO - 25/05/07 19:38:24 INFO SparkHadoopMapRedUtil: attempt_202505071938237073915735642828954_0010_m_000000_6: Committed. Elapsed time: 35 ms.
[2025-05-07T19:38:24.202+0000] {subprocess.py:93} INFO - 25/05/07 19:38:24 INFO Executor: Finished task 0.0 in stage 10.0 (TID 6). 2669 bytes result sent to driver
[2025-05-07T19:38:24.203+0000] {subprocess.py:93} INFO - 25/05/07 19:38:24 INFO TaskSetManager: Finished task 0.0 in stage 10.0 (TID 6) in 789 ms on 1a616c0a8036 (executor driver) (1/1)
[2025-05-07T19:38:24.204+0000] {subprocess.py:93} INFO - 25/05/07 19:38:24 INFO TaskSchedulerImpl: Removed TaskSet 10.0, whose tasks have all completed, from pool
[2025-05-07T19:38:24.204+0000] {subprocess.py:93} INFO - 25/05/07 19:38:24 INFO DAGScheduler: ResultStage 10 (save at NativeMethodAccessorImpl.java:0) finished in 0.816 s
[2025-05-07T19:38:24.204+0000] {subprocess.py:93} INFO - 25/05/07 19:38:24 INFO DAGScheduler: Job 6 is finished. Cancelling potential speculative or zombie tasks for this job
[2025-05-07T19:38:24.205+0000] {subprocess.py:93} INFO - 25/05/07 19:38:24 INFO TaskSchedulerImpl: Killing all running tasks in stage 10: Stage finished
[2025-05-07T19:38:24.205+0000] {subprocess.py:93} INFO - 25/05/07 19:38:24 INFO DAGScheduler: Job 6 finished: save at NativeMethodAccessorImpl.java:0, took 0.822928 s
[2025-05-07T19:38:24.207+0000] {subprocess.py:93} INFO - 25/05/07 19:38:24 INFO FileFormatWriter: Start to commit write Job 4983ff31-f0e6-44e3-9403-f2a7e637cd2f.
[2025-05-07T19:38:24.355+0000] {subprocess.py:93} INFO - 25/05/07 19:38:24 INFO FileFormatWriter: Write Job 4983ff31-f0e6-44e3-9403-f2a7e637cd2f committed. Elapsed time: 146 ms.
[2025-05-07T19:38:24.358+0000] {subprocess.py:93} INFO - 25/05/07 19:38:24 INFO FileFormatWriter: Finished processing stats for write job 4983ff31-f0e6-44e3-9403-f2a7e637cd2f.
[2025-05-07T19:38:24.514+0000] {subprocess.py:93} INFO - Traceback (most recent call last):
[2025-05-07T19:38:24.515+0000] {subprocess.py:93} INFO -   File "/opt/***/dags/CoronaProj/Spark_script_process.py", line 118, in <module>
[2025-05-07T19:38:24.516+0000] {subprocess.py:93} INFO -     .save()
[2025-05-07T19:38:24.517+0000] {subprocess.py:93} INFO -   File "/home/***/.local/lib/python3.10/site-packages/pyspark/python/lib/pyspark.zip/pyspark/sql/readwriter.py", line 1461, in save
[2025-05-07T19:38:24.517+0000] {subprocess.py:93} INFO -   File "/home/***/.local/lib/python3.10/site-packages/pyspark/python/lib/py4j-0.10.9.7-src.zip/py4j/java_gateway.py", line 1322, in __call__
[2025-05-07T19:38:24.518+0000] {subprocess.py:93} INFO -   File "/home/***/.local/lib/python3.10/site-packages/pyspark/python/lib/pyspark.zip/pyspark/errors/exceptions/captured.py", line 179, in deco
[2025-05-07T19:38:24.518+0000] {subprocess.py:93} INFO -   File "/home/***/.local/lib/python3.10/site-packages/pyspark/python/lib/py4j-0.10.9.7-src.zip/py4j/protocol.py", line 326, in get_return_value
[2025-05-07T19:38:24.519+0000] {subprocess.py:93} INFO - py4j.protocol.Py4JJavaError: An error occurred while calling o87.save.
[2025-05-07T19:38:24.519+0000] {subprocess.py:93} INFO - : org.postgresql.util.PSQLException: Connection to localhost:5432 refused. Check that the hostname and port are correct and that the postmaster is accepting TCP/IP connections.
[2025-05-07T19:38:24.519+0000] {subprocess.py:93} INFO - 	at org.postgresql.core.v3.ConnectionFactoryImpl.openConnectionImpl(ConnectionFactoryImpl.java:352)
[2025-05-07T19:38:24.520+0000] {subprocess.py:93} INFO - 	at org.postgresql.core.ConnectionFactory.openConnection(ConnectionFactory.java:54)
[2025-05-07T19:38:24.520+0000] {subprocess.py:93} INFO - 	at org.postgresql.jdbc.PgConnection.<init>(PgConnection.java:273)
[2025-05-07T19:38:24.520+0000] {subprocess.py:93} INFO - 	at org.postgresql.Driver.makeConnection(Driver.java:446)
[2025-05-07T19:38:24.520+0000] {subprocess.py:93} INFO - 	at org.postgresql.Driver.connect(Driver.java:298)
[2025-05-07T19:38:24.522+0000] {subprocess.py:93} INFO - 	at org.apache.spark.sql.execution.datasources.jdbc.connection.BasicConnectionProvider.getConnection(BasicConnectionProvider.scala:49)
[2025-05-07T19:38:24.523+0000] {subprocess.py:93} INFO - 	at org.apache.spark.sql.execution.datasources.jdbc.connection.ConnectionProviderBase.create(ConnectionProvider.scala:102)
[2025-05-07T19:38:24.523+0000] {subprocess.py:93} INFO - 	at org.apache.spark.sql.jdbc.JdbcDialect.$anonfun$createConnectionFactory$1(JdbcDialects.scala:161)
[2025-05-07T19:38:24.523+0000] {subprocess.py:93} INFO - 	at org.apache.spark.sql.jdbc.JdbcDialect.$anonfun$createConnectionFactory$1$adapted(JdbcDialects.scala:157)
[2025-05-07T19:38:24.524+0000] {subprocess.py:93} INFO - 	at org.apache.spark.sql.execution.datasources.jdbc.JdbcRelationProvider.createRelation(JdbcRelationProvider.scala:50)
[2025-05-07T19:38:24.524+0000] {subprocess.py:93} INFO - 	at org.apache.spark.sql.execution.datasources.SaveIntoDataSourceCommand.run(SaveIntoDataSourceCommand.scala:48)
[2025-05-07T19:38:24.524+0000] {subprocess.py:93} INFO - 	at org.apache.spark.sql.execution.command.ExecutedCommandExec.sideEffectResult$lzycompute(commands.scala:75)
[2025-05-07T19:38:24.525+0000] {subprocess.py:93} INFO - 	at org.apache.spark.sql.execution.command.ExecutedCommandExec.sideEffectResult(commands.scala:73)
[2025-05-07T19:38:24.525+0000] {subprocess.py:93} INFO - 	at org.apache.spark.sql.execution.command.ExecutedCommandExec.executeCollect(commands.scala:84)
[2025-05-07T19:38:24.525+0000] {subprocess.py:93} INFO - 	at org.apache.spark.sql.execution.QueryExecution$$anonfun$eagerlyExecuteCommands$1.$anonfun$applyOrElse$1(QueryExecution.scala:107)
[2025-05-07T19:38:24.525+0000] {subprocess.py:93} INFO - 	at org.apache.spark.sql.execution.SQLExecution$.$anonfun$withNewExecutionId$6(SQLExecution.scala:125)
[2025-05-07T19:38:24.526+0000] {subprocess.py:93} INFO - 	at org.apache.spark.sql.execution.SQLExecution$.withSQLConfPropagated(SQLExecution.scala:201)
[2025-05-07T19:38:24.526+0000] {subprocess.py:93} INFO - 	at org.apache.spark.sql.execution.SQLExecution$.$anonfun$withNewExecutionId$1(SQLExecution.scala:108)
[2025-05-07T19:38:24.526+0000] {subprocess.py:93} INFO - 	at org.apache.spark.sql.SparkSession.withActive(SparkSession.scala:900)
[2025-05-07T19:38:24.526+0000] {subprocess.py:93} INFO - 	at org.apache.spark.sql.execution.SQLExecution$.withNewExecutionId(SQLExecution.scala:66)
[2025-05-07T19:38:24.527+0000] {subprocess.py:93} INFO - 	at org.apache.spark.sql.execution.QueryExecution$$anonfun$eagerlyExecuteCommands$1.applyOrElse(QueryExecution.scala:107)
[2025-05-07T19:38:24.527+0000] {subprocess.py:93} INFO - 	at org.apache.spark.sql.execution.QueryExecution$$anonfun$eagerlyExecuteCommands$1.applyOrElse(QueryExecution.scala:98)
[2025-05-07T19:38:24.527+0000] {subprocess.py:93} INFO - 	at org.apache.spark.sql.catalyst.trees.TreeNode.$anonfun$transformDownWithPruning$1(TreeNode.scala:461)
[2025-05-07T19:38:24.527+0000] {subprocess.py:93} INFO - 	at org.apache.spark.sql.catalyst.trees.CurrentOrigin$.withOrigin(origin.scala:76)
[2025-05-07T19:38:24.528+0000] {subprocess.py:93} INFO - 	at org.apache.spark.sql.catalyst.trees.TreeNode.transformDownWithPruning(TreeNode.scala:461)
[2025-05-07T19:38:24.528+0000] {subprocess.py:93} INFO - 	at org.apache.spark.sql.catalyst.plans.logical.LogicalPlan.org$apache$spark$sql$catalyst$plans$logical$AnalysisHelper$$super$transformDownWithPruning(LogicalPlan.scala:32)
[2025-05-07T19:38:24.528+0000] {subprocess.py:93} INFO - 	at org.apache.spark.sql.catalyst.plans.logical.AnalysisHelper.transformDownWithPruning(AnalysisHelper.scala:267)
[2025-05-07T19:38:24.528+0000] {subprocess.py:93} INFO - 	at org.apache.spark.sql.catalyst.plans.logical.AnalysisHelper.transformDownWithPruning$(AnalysisHelper.scala:263)
[2025-05-07T19:38:24.529+0000] {subprocess.py:93} INFO - 	at org.apache.spark.sql.catalyst.plans.logical.LogicalPlan.transformDownWithPruning(LogicalPlan.scala:32)
[2025-05-07T19:38:24.529+0000] {subprocess.py:93} INFO - 	at org.apache.spark.sql.catalyst.plans.logical.LogicalPlan.transformDownWithPruning(LogicalPlan.scala:32)
[2025-05-07T19:38:24.529+0000] {subprocess.py:93} INFO - 	at org.apache.spark.sql.catalyst.trees.TreeNode.transformDown(TreeNode.scala:437)
[2025-05-07T19:38:24.530+0000] {subprocess.py:93} INFO - 	at org.apache.spark.sql.execution.QueryExecution.eagerlyExecuteCommands(QueryExecution.scala:98)
[2025-05-07T19:38:24.530+0000] {subprocess.py:93} INFO - 	at org.apache.spark.sql.execution.QueryExecution.commandExecuted$lzycompute(QueryExecution.scala:85)
[2025-05-07T19:38:24.530+0000] {subprocess.py:93} INFO - 	at org.apache.spark.sql.execution.QueryExecution.commandExecuted(QueryExecution.scala:83)
[2025-05-07T19:38:24.530+0000] {subprocess.py:93} INFO - 	at org.apache.spark.sql.execution.QueryExecution.assertCommandExecuted(QueryExecution.scala:142)
[2025-05-07T19:38:24.531+0000] {subprocess.py:93} INFO - 	at org.apache.spark.sql.DataFrameWriter.runCommand(DataFrameWriter.scala:869)
[2025-05-07T19:38:24.531+0000] {subprocess.py:93} INFO - 	at org.apache.spark.sql.DataFrameWriter.saveToV1Source(DataFrameWriter.scala:391)
[2025-05-07T19:38:24.531+0000] {subprocess.py:93} INFO - 	at org.apache.spark.sql.DataFrameWriter.saveInternal(DataFrameWriter.scala:364)
[2025-05-07T19:38:24.531+0000] {subprocess.py:93} INFO - 	at org.apache.spark.sql.DataFrameWriter.save(DataFrameWriter.scala:251)
[2025-05-07T19:38:24.532+0000] {subprocess.py:93} INFO - 	at java.base/jdk.internal.reflect.NativeMethodAccessorImpl.invoke0(Native Method)
[2025-05-07T19:38:24.532+0000] {subprocess.py:93} INFO - 	at java.base/jdk.internal.reflect.NativeMethodAccessorImpl.invoke(NativeMethodAccessorImpl.java:77)
[2025-05-07T19:38:24.532+0000] {subprocess.py:93} INFO - 	at java.base/jdk.internal.reflect.DelegatingMethodAccessorImpl.invoke(DelegatingMethodAccessorImpl.java:43)
[2025-05-07T19:38:24.532+0000] {subprocess.py:93} INFO - 	at java.base/java.lang.reflect.Method.invoke(Method.java:569)
[2025-05-07T19:38:24.533+0000] {subprocess.py:93} INFO - 	at py4j.reflection.MethodInvoker.invoke(MethodInvoker.java:244)
[2025-05-07T19:38:24.533+0000] {subprocess.py:93} INFO - 	at py4j.reflection.ReflectionEngine.invoke(ReflectionEngine.java:374)
[2025-05-07T19:38:24.533+0000] {subprocess.py:93} INFO - 	at py4j.Gateway.invoke(Gateway.java:282)
[2025-05-07T19:38:24.533+0000] {subprocess.py:93} INFO - 	at py4j.commands.AbstractCommand.invokeMethod(AbstractCommand.java:132)
[2025-05-07T19:38:24.534+0000] {subprocess.py:93} INFO - 	at py4j.commands.CallCommand.execute(CallCommand.java:79)
[2025-05-07T19:38:24.534+0000] {subprocess.py:93} INFO - 	at py4j.ClientServerConnection.waitForCommands(ClientServerConnection.java:182)
[2025-05-07T19:38:24.534+0000] {subprocess.py:93} INFO - 	at py4j.ClientServerConnection.run(ClientServerConnection.java:106)
[2025-05-07T19:38:24.535+0000] {subprocess.py:93} INFO - 	at java.base/java.lang.Thread.run(Thread.java:840)
[2025-05-07T19:38:24.535+0000] {subprocess.py:93} INFO - Caused by: java.net.ConnectException: Connection refused
[2025-05-07T19:38:24.535+0000] {subprocess.py:93} INFO - 	at java.base/sun.nio.ch.Net.pollConnect(Native Method)
[2025-05-07T19:38:24.536+0000] {subprocess.py:93} INFO - 	at java.base/sun.nio.ch.Net.pollConnectNow(Net.java:672)
[2025-05-07T19:38:24.536+0000] {subprocess.py:93} INFO - 	at java.base/sun.nio.ch.NioSocketImpl.timedFinishConnect(NioSocketImpl.java:547)
[2025-05-07T19:38:24.536+0000] {subprocess.py:93} INFO - 	at java.base/sun.nio.ch.NioSocketImpl.connect(NioSocketImpl.java:602)
[2025-05-07T19:38:24.536+0000] {subprocess.py:93} INFO - 	at java.base/java.net.SocksSocketImpl.connect(SocksSocketImpl.java:327)
[2025-05-07T19:38:24.537+0000] {subprocess.py:93} INFO - 	at java.base/java.net.Socket.connect(Socket.java:633)
[2025-05-07T19:38:24.537+0000] {subprocess.py:93} INFO - 	at org.postgresql.core.PGStream.createSocket(PGStream.java:260)
[2025-05-07T19:38:24.537+0000] {subprocess.py:93} INFO - 	at org.postgresql.core.PGStream.<init>(PGStream.java:121)
[2025-05-07T19:38:24.538+0000] {subprocess.py:93} INFO - 	at org.postgresql.core.v3.ConnectionFactoryImpl.tryConnect(ConnectionFactoryImpl.java:140)
[2025-05-07T19:38:24.538+0000] {subprocess.py:93} INFO - 	at org.postgresql.core.v3.ConnectionFactoryImpl.openConnectionImpl(ConnectionFactoryImpl.java:268)
[2025-05-07T19:38:24.539+0000] {subprocess.py:93} INFO - 	... 50 more
[2025-05-07T19:38:24.539+0000] {subprocess.py:93} INFO - 
[2025-05-07T19:38:24.563+0000] {subprocess.py:93} INFO - 25/05/07 19:38:24 INFO SparkContext: Invoking stop() from shutdown hook
[2025-05-07T19:38:24.563+0000] {subprocess.py:93} INFO - 25/05/07 19:38:24 INFO SparkContext: SparkContext is stopping with exitCode 0.
[2025-05-07T19:38:24.571+0000] {subprocess.py:93} INFO - 25/05/07 19:38:24 INFO SparkUI: Stopped Spark web UI at http://1a616c0a8036:4040
[2025-05-07T19:38:24.580+0000] {subprocess.py:93} INFO - 25/05/07 19:38:24 INFO MapOutputTrackerMasterEndpoint: MapOutputTrackerMasterEndpoint stopped!
[2025-05-07T19:38:24.592+0000] {subprocess.py:93} INFO - 25/05/07 19:38:24 INFO MemoryStore: MemoryStore cleared
[2025-05-07T19:38:24.592+0000] {subprocess.py:93} INFO - 25/05/07 19:38:24 INFO BlockManager: BlockManager stopped
[2025-05-07T19:38:24.595+0000] {subprocess.py:93} INFO - 25/05/07 19:38:24 INFO BlockManagerMaster: BlockManagerMaster stopped
[2025-05-07T19:38:24.596+0000] {subprocess.py:93} INFO - 25/05/07 19:38:24 INFO OutputCommitCoordinator$OutputCommitCoordinatorEndpoint: OutputCommitCoordinator stopped!
[2025-05-07T19:38:24.603+0000] {subprocess.py:93} INFO - 25/05/07 19:38:24 INFO SparkContext: Successfully stopped SparkContext
[2025-05-07T19:38:24.604+0000] {subprocess.py:93} INFO - 25/05/07 19:38:24 INFO ShutdownHookManager: Shutdown hook called
[2025-05-07T19:38:24.604+0000] {subprocess.py:93} INFO - 25/05/07 19:38:24 INFO ShutdownHookManager: Deleting directory /tmp/spark-92292864-754b-4395-aa4d-e45260fea372
[2025-05-07T19:38:24.608+0000] {subprocess.py:93} INFO - 25/05/07 19:38:24 INFO ShutdownHookManager: Deleting directory /tmp/spark-15a8bceb-e415-4b52-9219-a88f3f123f49
[2025-05-07T19:38:24.612+0000] {subprocess.py:93} INFO - 25/05/07 19:38:24 INFO ShutdownHookManager: Deleting directory /tmp/spark-92292864-754b-4395-aa4d-e45260fea372/pyspark-32b963f8-12ea-40eb-836e-701734e30366
[2025-05-07T19:38:24.644+0000] {subprocess.py:97} INFO - Command exited with return code 1
[2025-05-07T19:38:24.654+0000] {taskinstance.py:2698} ERROR - Task failed with exception
Traceback (most recent call last):
  File "/home/airflow/.local/lib/python3.10/site-packages/airflow/models/taskinstance.py", line 433, in _execute_task
    result = execute_callable(context=context, **execute_callable_kwargs)
  File "/home/airflow/.local/lib/python3.10/site-packages/airflow/operators/bash.py", line 212, in execute
    raise AirflowException(
airflow.exceptions.AirflowException: Bash command failed. The command returned a non-zero exit code 1.
[2025-05-07T19:38:24.657+0000] {taskinstance.py:1138} INFO - Marking task as FAILED. dag_id=Simple_Corona_project, task_id=Spark_Processing, execution_date=20250507T193812, start_date=20250507T193814, end_date=20250507T193824
[2025-05-07T19:38:24.668+0000] {standard_task_runner.py:107} ERROR - Failed to execute job 41 for task Spark_Processing (Bash command failed. The command returned a non-zero exit code 1.; 1071)
[2025-05-07T19:38:24.711+0000] {local_task_job_runner.py:234} INFO - Task exited with return code 1
[2025-05-07T19:38:24.725+0000] {taskinstance.py:3280} INFO - 0 downstream tasks scheduled from follow-on schedule check
