[2025-05-07T19:36:23.614+0000] {taskinstance.py:1956} INFO - Dependencies all met for dep_context=non-requeueable deps ti=<TaskInstance: Simple_Corona_project.Spark_Processing manual__2025-05-07T19:36:20.966700+00:00 [queued]>
[2025-05-07T19:36:23.622+0000] {taskinstance.py:1956} INFO - Dependencies all met for dep_context=requeueable deps ti=<TaskInstance: Simple_Corona_project.Spark_Processing manual__2025-05-07T19:36:20.966700+00:00 [queued]>
[2025-05-07T19:36:23.623+0000] {taskinstance.py:2170} INFO - Starting attempt 1 of 1
[2025-05-07T19:36:23.635+0000] {taskinstance.py:2191} INFO - Executing <Task(BashOperator): Spark_Processing> on 2025-05-07 19:36:20.966700+00:00
[2025-05-07T19:36:23.638+0000] {standard_task_runner.py:60} INFO - Started process 783 to run task
[2025-05-07T19:36:23.642+0000] {standard_task_runner.py:87} INFO - Running: ['***', 'tasks', 'run', 'Simple_Corona_project', 'Spark_Processing', 'manual__2025-05-07T19:36:20.966700+00:00', '--job-id', '39', '--raw', '--subdir', 'DAGS_FOLDER/Project_tasks2.py', '--cfg-path', '/tmp/tmp6l42ffh7']
[2025-05-07T19:36:23.643+0000] {standard_task_runner.py:88} INFO - Job 39: Subtask Spark_Processing
[2025-05-07T19:36:23.684+0000] {task_command.py:423} INFO - Running <TaskInstance: Simple_Corona_project.Spark_Processing manual__2025-05-07T19:36:20.966700+00:00 [running]> on host 1a616c0a8036
[2025-05-07T19:36:23.747+0000] {taskinstance.py:2480} INFO - Exporting env vars: AIRFLOW_CTX_DAG_OWNER='***' AIRFLOW_CTX_DAG_ID='Simple_Corona_project' AIRFLOW_CTX_TASK_ID='Spark_Processing' AIRFLOW_CTX_EXECUTION_DATE='2025-05-07T19:36:20.966700+00:00' AIRFLOW_CTX_TRY_NUMBER='1' AIRFLOW_CTX_DAG_RUN_ID='manual__2025-05-07T19:36:20.966700+00:00'
[2025-05-07T19:36:23.748+0000] {subprocess.py:63} INFO - Tmp dir root location: /tmp
[2025-05-07T19:36:23.749+0000] {subprocess.py:75} INFO - Running command: ['/usr/bin/bash', '-c', '\n        cd /opt/***/dags/CoronaProj/\n        spark-submit --jars "postgresql-42.7.5.jar" Spark_script_process.py']
[2025-05-07T19:36:23.756+0000] {subprocess.py:86} INFO - Output:
[2025-05-07T19:36:25.364+0000] {subprocess.py:93} INFO - 25/05/07 19:36:25 WARN NativeCodeLoader: Unable to load native-hadoop library for your platform... using builtin-java classes where applicable
[2025-05-07T19:36:26.243+0000] {subprocess.py:93} INFO - 25/05/07 19:36:26 INFO SparkContext: Running Spark version 3.5.5
[2025-05-07T19:36:26.243+0000] {subprocess.py:93} INFO - 25/05/07 19:36:26 INFO SparkContext: OS info Linux, 5.15.153.1-microsoft-standard-WSL2, amd64
[2025-05-07T19:36:26.243+0000] {subprocess.py:93} INFO - 25/05/07 19:36:26 INFO SparkContext: Java version 17.0.14
[2025-05-07T19:36:26.267+0000] {subprocess.py:93} INFO - 25/05/07 19:36:26 INFO ResourceUtils: ==============================================================
[2025-05-07T19:36:26.268+0000] {subprocess.py:93} INFO - 25/05/07 19:36:26 INFO ResourceUtils: No custom resources configured for spark.driver.
[2025-05-07T19:36:26.268+0000] {subprocess.py:93} INFO - 25/05/07 19:36:26 INFO ResourceUtils: ==============================================================
[2025-05-07T19:36:26.268+0000] {subprocess.py:93} INFO - 25/05/07 19:36:26 INFO SparkContext: Submitted application: CoronaProj
[2025-05-07T19:36:26.285+0000] {subprocess.py:93} INFO - 25/05/07 19:36:26 INFO ResourceProfile: Default ResourceProfile created, executor resources: Map(cores -> name: cores, amount: 1, script: , vendor: , memory -> name: memory, amount: 1024, script: , vendor: , offHeap -> name: offHeap, amount: 0, script: , vendor: ), task resources: Map(cpus -> name: cpus, amount: 1.0)
[2025-05-07T19:36:26.292+0000] {subprocess.py:93} INFO - 25/05/07 19:36:26 INFO ResourceProfile: Limiting resource is cpu
[2025-05-07T19:36:26.293+0000] {subprocess.py:93} INFO - 25/05/07 19:36:26 INFO ResourceProfileManager: Added ResourceProfile id: 0
[2025-05-07T19:36:26.333+0000] {subprocess.py:93} INFO - 25/05/07 19:36:26 INFO SecurityManager: Changing view acls to: ***
[2025-05-07T19:36:26.334+0000] {subprocess.py:93} INFO - 25/05/07 19:36:26 INFO SecurityManager: Changing modify acls to: ***
[2025-05-07T19:36:26.334+0000] {subprocess.py:93} INFO - 25/05/07 19:36:26 INFO SecurityManager: Changing view acls groups to:
[2025-05-07T19:36:26.334+0000] {subprocess.py:93} INFO - 25/05/07 19:36:26 INFO SecurityManager: Changing modify acls groups to:
[2025-05-07T19:36:26.335+0000] {subprocess.py:93} INFO - 25/05/07 19:36:26 INFO SecurityManager: SecurityManager: authentication disabled; ui acls disabled; users with view permissions: ***; groups with view permissions: EMPTY; users with modify permissions: ***; groups with modify permissions: EMPTY
[2025-05-07T19:36:26.501+0000] {subprocess.py:93} INFO - 25/05/07 19:36:26 INFO Utils: Successfully started service 'sparkDriver' on port 33117.
[2025-05-07T19:36:26.523+0000] {subprocess.py:93} INFO - 25/05/07 19:36:26 INFO SparkEnv: Registering MapOutputTracker
[2025-05-07T19:36:26.552+0000] {subprocess.py:93} INFO - 25/05/07 19:36:26 INFO SparkEnv: Registering BlockManagerMaster
[2025-05-07T19:36:26.567+0000] {subprocess.py:93} INFO - 25/05/07 19:36:26 INFO BlockManagerMasterEndpoint: Using org.apache.spark.storage.DefaultTopologyMapper for getting topology information
[2025-05-07T19:36:26.567+0000] {subprocess.py:93} INFO - 25/05/07 19:36:26 INFO BlockManagerMasterEndpoint: BlockManagerMasterEndpoint up
[2025-05-07T19:36:26.570+0000] {subprocess.py:93} INFO - 25/05/07 19:36:26 INFO SparkEnv: Registering BlockManagerMasterHeartbeat
[2025-05-07T19:36:26.587+0000] {subprocess.py:93} INFO - 25/05/07 19:36:26 INFO DiskBlockManager: Created local directory at /tmp/blockmgr-cd21bf53-0bc5-4ef3-a0a2-b513be0c3ba9
[2025-05-07T19:36:26.608+0000] {subprocess.py:93} INFO - 25/05/07 19:36:26 INFO MemoryStore: MemoryStore started with capacity 434.4 MiB
[2025-05-07T19:36:26.619+0000] {subprocess.py:93} INFO - 25/05/07 19:36:26 INFO SparkEnv: Registering OutputCommitCoordinator
[2025-05-07T19:36:26.716+0000] {subprocess.py:93} INFO - 25/05/07 19:36:26 INFO JettyUtils: Start Jetty 0.0.0.0:4040 for SparkUI
[2025-05-07T19:36:26.771+0000] {subprocess.py:93} INFO - 25/05/07 19:36:26 INFO Utils: Successfully started service 'SparkUI' on port 4040.
[2025-05-07T19:36:26.804+0000] {subprocess.py:93} INFO - 25/05/07 19:36:26 ERROR SparkContext: Failed to add E:/Projects/Mini Practice Project Data Pipeline with ETL to Spark environment
[2025-05-07T19:36:26.805+0000] {subprocess.py:93} INFO - java.io.FileNotFoundException: Jar /opt/***/dags/CoronaProj/E:/Projects/Mini Practice Project Data Pipeline with ETL not found
[2025-05-07T19:36:26.805+0000] {subprocess.py:93} INFO - 	at org.apache.spark.SparkContext.addLocalJarFile$1(SparkContext.scala:2095)
[2025-05-07T19:36:26.805+0000] {subprocess.py:93} INFO - 	at org.apache.spark.SparkContext.addJar(SparkContext.scala:2151)
[2025-05-07T19:36:26.805+0000] {subprocess.py:93} INFO - 	at org.apache.spark.SparkContext.$anonfun$new$15(SparkContext.scala:521)
[2025-05-07T19:36:26.806+0000] {subprocess.py:93} INFO - 	at org.apache.spark.SparkContext.$anonfun$new$15$adapted(SparkContext.scala:521)
[2025-05-07T19:36:26.806+0000] {subprocess.py:93} INFO - 	at scala.collection.mutable.ResizableArray.foreach(ResizableArray.scala:62)
[2025-05-07T19:36:26.807+0000] {subprocess.py:93} INFO - 	at scala.collection.mutable.ResizableArray.foreach$(ResizableArray.scala:55)
[2025-05-07T19:36:26.807+0000] {subprocess.py:93} INFO - 	at scala.collection.mutable.ArrayBuffer.foreach(ArrayBuffer.scala:49)
[2025-05-07T19:36:26.807+0000] {subprocess.py:93} INFO - 	at org.apache.spark.SparkContext.<init>(SparkContext.scala:521)
[2025-05-07T19:36:26.808+0000] {subprocess.py:93} INFO - 	at org.apache.spark.api.java.JavaSparkContext.<init>(JavaSparkContext.scala:58)
[2025-05-07T19:36:26.808+0000] {subprocess.py:93} INFO - 	at java.base/jdk.internal.reflect.NativeConstructorAccessorImpl.newInstance0(Native Method)
[2025-05-07T19:36:26.808+0000] {subprocess.py:93} INFO - 	at java.base/jdk.internal.reflect.NativeConstructorAccessorImpl.newInstance(NativeConstructorAccessorImpl.java:77)
[2025-05-07T19:36:26.808+0000] {subprocess.py:93} INFO - 	at java.base/jdk.internal.reflect.DelegatingConstructorAccessorImpl.newInstance(DelegatingConstructorAccessorImpl.java:45)
[2025-05-07T19:36:26.809+0000] {subprocess.py:93} INFO - 	at java.base/java.lang.reflect.Constructor.newInstanceWithCaller(Constructor.java:500)
[2025-05-07T19:36:26.809+0000] {subprocess.py:93} INFO - 	at java.base/java.lang.reflect.Constructor.newInstance(Constructor.java:481)
[2025-05-07T19:36:26.810+0000] {subprocess.py:93} INFO - 	at py4j.reflection.MethodInvoker.invoke(MethodInvoker.java:247)
[2025-05-07T19:36:26.810+0000] {subprocess.py:93} INFO - 	at py4j.reflection.ReflectionEngine.invoke(ReflectionEngine.java:374)
[2025-05-07T19:36:26.810+0000] {subprocess.py:93} INFO - 	at py4j.Gateway.invoke(Gateway.java:238)
[2025-05-07T19:36:26.811+0000] {subprocess.py:93} INFO - 	at py4j.commands.ConstructorCommand.invokeConstructor(ConstructorCommand.java:80)
[2025-05-07T19:36:26.811+0000] {subprocess.py:93} INFO - 	at py4j.commands.ConstructorCommand.execute(ConstructorCommand.java:69)
[2025-05-07T19:36:26.811+0000] {subprocess.py:93} INFO - 	at py4j.ClientServerConnection.waitForCommands(ClientServerConnection.java:182)
[2025-05-07T19:36:26.813+0000] {subprocess.py:93} INFO - 	at py4j.ClientServerConnection.run(ClientServerConnection.java:106)
[2025-05-07T19:36:26.814+0000] {subprocess.py:93} INFO - 	at java.base/java.lang.Thread.run(Thread.java:840)
[2025-05-07T19:36:26.814+0000] {subprocess.py:93} INFO - 25/05/07 19:36:26 ERROR SparkContext: Failed to add Validation to Spark environment
[2025-05-07T19:36:26.814+0000] {subprocess.py:93} INFO - java.io.FileNotFoundException: Jar /opt/***/dags/CoronaProj/Validation not found
[2025-05-07T19:36:26.815+0000] {subprocess.py:93} INFO - 	at org.apache.spark.SparkContext.addLocalJarFile$1(SparkContext.scala:2095)
[2025-05-07T19:36:26.815+0000] {subprocess.py:93} INFO - 	at org.apache.spark.SparkContext.addJar(SparkContext.scala:2151)
[2025-05-07T19:36:26.815+0000] {subprocess.py:93} INFO - 	at org.apache.spark.SparkContext.$anonfun$new$15(SparkContext.scala:521)
[2025-05-07T19:36:26.816+0000] {subprocess.py:93} INFO - 	at org.apache.spark.SparkContext.$anonfun$new$15$adapted(SparkContext.scala:521)
[2025-05-07T19:36:26.816+0000] {subprocess.py:93} INFO - 	at scala.collection.mutable.ResizableArray.foreach(ResizableArray.scala:62)
[2025-05-07T19:36:26.816+0000] {subprocess.py:93} INFO - 	at scala.collection.mutable.ResizableArray.foreach$(ResizableArray.scala:55)
[2025-05-07T19:36:26.816+0000] {subprocess.py:93} INFO - 	at scala.collection.mutable.ArrayBuffer.foreach(ArrayBuffer.scala:49)
[2025-05-07T19:36:26.817+0000] {subprocess.py:93} INFO - 	at org.apache.spark.SparkContext.<init>(SparkContext.scala:521)
[2025-05-07T19:36:26.817+0000] {subprocess.py:93} INFO - 	at org.apache.spark.api.java.JavaSparkContext.<init>(JavaSparkContext.scala:58)
[2025-05-07T19:36:26.817+0000] {subprocess.py:93} INFO - 	at java.base/jdk.internal.reflect.NativeConstructorAccessorImpl.newInstance0(Native Method)
[2025-05-07T19:36:26.817+0000] {subprocess.py:93} INFO - 	at java.base/jdk.internal.reflect.NativeConstructorAccessorImpl.newInstance(NativeConstructorAccessorImpl.java:77)
[2025-05-07T19:36:26.818+0000] {subprocess.py:93} INFO - 	at java.base/jdk.internal.reflect.DelegatingConstructorAccessorImpl.newInstance(DelegatingConstructorAccessorImpl.java:45)
[2025-05-07T19:36:26.818+0000] {subprocess.py:93} INFO - 	at java.base/java.lang.reflect.Constructor.newInstanceWithCaller(Constructor.java:500)
[2025-05-07T19:36:26.818+0000] {subprocess.py:93} INFO - 	at java.base/java.lang.reflect.Constructor.newInstance(Constructor.java:481)
[2025-05-07T19:36:26.818+0000] {subprocess.py:93} INFO - 	at py4j.reflection.MethodInvoker.invoke(MethodInvoker.java:247)
[2025-05-07T19:36:26.819+0000] {subprocess.py:93} INFO - 	at py4j.reflection.ReflectionEngine.invoke(ReflectionEngine.java:374)
[2025-05-07T19:36:26.819+0000] {subprocess.py:93} INFO - 	at py4j.Gateway.invoke(Gateway.java:238)
[2025-05-07T19:36:26.819+0000] {subprocess.py:93} INFO - 	at py4j.commands.ConstructorCommand.invokeConstructor(ConstructorCommand.java:80)
[2025-05-07T19:36:26.820+0000] {subprocess.py:93} INFO - 	at py4j.commands.ConstructorCommand.execute(ConstructorCommand.java:69)
[2025-05-07T19:36:26.820+0000] {subprocess.py:93} INFO - 	at py4j.ClientServerConnection.waitForCommands(ClientServerConnection.java:182)
[2025-05-07T19:36:26.821+0000] {subprocess.py:93} INFO - 	at py4j.ClientServerConnection.run(ClientServerConnection.java:106)
[2025-05-07T19:36:26.821+0000] {subprocess.py:93} INFO - 	at java.base/java.lang.Thread.run(Thread.java:840)
[2025-05-07T19:36:26.821+0000] {subprocess.py:93} INFO - 25/05/07 19:36:26 ERROR SparkContext: Failed to add and Airflow/Spark_process/postgresql-42.7.5.jar to Spark environment
[2025-05-07T19:36:26.822+0000] {subprocess.py:93} INFO - java.io.FileNotFoundException: Jar /opt/***/dags/CoronaProj/and Airflow/Spark_process/postgresql-42.7.5.jar not found
[2025-05-07T19:36:26.822+0000] {subprocess.py:93} INFO - 	at org.apache.spark.SparkContext.addLocalJarFile$1(SparkContext.scala:2095)
[2025-05-07T19:36:26.823+0000] {subprocess.py:93} INFO - 	at org.apache.spark.SparkContext.addJar(SparkContext.scala:2151)
[2025-05-07T19:36:26.823+0000] {subprocess.py:93} INFO - 	at org.apache.spark.SparkContext.$anonfun$new$15(SparkContext.scala:521)
[2025-05-07T19:36:26.824+0000] {subprocess.py:93} INFO - 	at org.apache.spark.SparkContext.$anonfun$new$15$adapted(SparkContext.scala:521)
[2025-05-07T19:36:26.824+0000] {subprocess.py:93} INFO - 	at scala.collection.mutable.ResizableArray.foreach(ResizableArray.scala:62)
[2025-05-07T19:36:26.824+0000] {subprocess.py:93} INFO - 	at scala.collection.mutable.ResizableArray.foreach$(ResizableArray.scala:55)
[2025-05-07T19:36:26.825+0000] {subprocess.py:93} INFO - 	at scala.collection.mutable.ArrayBuffer.foreach(ArrayBuffer.scala:49)
[2025-05-07T19:36:26.825+0000] {subprocess.py:93} INFO - 	at org.apache.spark.SparkContext.<init>(SparkContext.scala:521)
[2025-05-07T19:36:26.825+0000] {subprocess.py:93} INFO - 	at org.apache.spark.api.java.JavaSparkContext.<init>(JavaSparkContext.scala:58)
[2025-05-07T19:36:26.825+0000] {subprocess.py:93} INFO - 	at java.base/jdk.internal.reflect.NativeConstructorAccessorImpl.newInstance0(Native Method)
[2025-05-07T19:36:26.826+0000] {subprocess.py:93} INFO - 	at java.base/jdk.internal.reflect.NativeConstructorAccessorImpl.newInstance(NativeConstructorAccessorImpl.java:77)
[2025-05-07T19:36:26.826+0000] {subprocess.py:93} INFO - 	at java.base/jdk.internal.reflect.DelegatingConstructorAccessorImpl.newInstance(DelegatingConstructorAccessorImpl.java:45)
[2025-05-07T19:36:26.826+0000] {subprocess.py:93} INFO - 	at java.base/java.lang.reflect.Constructor.newInstanceWithCaller(Constructor.java:500)
[2025-05-07T19:36:26.827+0000] {subprocess.py:93} INFO - 	at java.base/java.lang.reflect.Constructor.newInstance(Constructor.java:481)
[2025-05-07T19:36:26.827+0000] {subprocess.py:93} INFO - 	at py4j.reflection.MethodInvoker.invoke(MethodInvoker.java:247)
[2025-05-07T19:36:26.828+0000] {subprocess.py:93} INFO - 	at py4j.reflection.ReflectionEngine.invoke(ReflectionEngine.java:374)
[2025-05-07T19:36:26.828+0000] {subprocess.py:93} INFO - 	at py4j.Gateway.invoke(Gateway.java:238)
[2025-05-07T19:36:26.828+0000] {subprocess.py:93} INFO - 	at py4j.commands.ConstructorCommand.invokeConstructor(ConstructorCommand.java:80)
[2025-05-07T19:36:26.829+0000] {subprocess.py:93} INFO - 	at py4j.commands.ConstructorCommand.execute(ConstructorCommand.java:69)
[2025-05-07T19:36:26.829+0000] {subprocess.py:93} INFO - 	at py4j.ClientServerConnection.waitForCommands(ClientServerConnection.java:182)
[2025-05-07T19:36:26.829+0000] {subprocess.py:93} INFO - 	at py4j.ClientServerConnection.run(ClientServerConnection.java:106)
[2025-05-07T19:36:26.829+0000] {subprocess.py:93} INFO - 	at java.base/java.lang.Thread.run(Thread.java:840)
[2025-05-07T19:36:26.858+0000] {subprocess.py:93} INFO - 25/05/07 19:36:26 INFO Executor: Starting executor ID driver on host 1a616c0a8036
[2025-05-07T19:36:26.859+0000] {subprocess.py:93} INFO - 25/05/07 19:36:26 INFO Executor: OS info Linux, 5.15.153.1-microsoft-standard-WSL2, amd64
[2025-05-07T19:36:26.859+0000] {subprocess.py:93} INFO - 25/05/07 19:36:26 INFO Executor: Java version 17.0.14
[2025-05-07T19:36:26.864+0000] {subprocess.py:93} INFO - 25/05/07 19:36:26 INFO Executor: Starting executor with user classpath (userClassPathFirst = false): ''
[2025-05-07T19:36:26.864+0000] {subprocess.py:93} INFO - 25/05/07 19:36:26 INFO Executor: Created or updated repl class loader org.apache.spark.util.MutableURLClassLoader@1850bc5b for default.
[2025-05-07T19:36:26.881+0000] {subprocess.py:93} INFO - 25/05/07 19:36:26 INFO Utils: Successfully started service 'org.apache.spark.network.netty.NettyBlockTransferService' on port 40683.
[2025-05-07T19:36:26.882+0000] {subprocess.py:93} INFO - 25/05/07 19:36:26 INFO NettyBlockTransferService: Server created on 1a616c0a8036:40683
[2025-05-07T19:36:26.883+0000] {subprocess.py:93} INFO - 25/05/07 19:36:26 INFO BlockManager: Using org.apache.spark.storage.RandomBlockReplicationPolicy for block replication policy
[2025-05-07T19:36:26.887+0000] {subprocess.py:93} INFO - 25/05/07 19:36:26 INFO BlockManagerMaster: Registering BlockManager BlockManagerId(driver, 1a616c0a8036, 40683, None)
[2025-05-07T19:36:26.889+0000] {subprocess.py:93} INFO - 25/05/07 19:36:26 INFO BlockManagerMasterEndpoint: Registering block manager 1a616c0a8036:40683 with 434.4 MiB RAM, BlockManagerId(driver, 1a616c0a8036, 40683, None)
[2025-05-07T19:36:26.891+0000] {subprocess.py:93} INFO - 25/05/07 19:36:26 INFO BlockManagerMaster: Registered BlockManager BlockManagerId(driver, 1a616c0a8036, 40683, None)
[2025-05-07T19:36:26.892+0000] {subprocess.py:93} INFO - 25/05/07 19:36:26 INFO BlockManager: Initialized BlockManager: BlockManagerId(driver, 1a616c0a8036, 40683, None)
[2025-05-07T19:36:27.192+0000] {subprocess.py:93} INFO - 25/05/07 19:36:27 INFO SharedState: Setting hive.metastore.warehouse.dir ('null') to the value of spark.sql.warehouse.dir.
[2025-05-07T19:36:27.194+0000] {subprocess.py:93} INFO - 25/05/07 19:36:27 INFO SharedState: Warehouse path is 'file:/opt/***/dags/CoronaProj/spark-warehouse'.
[2025-05-07T19:36:27.797+0000] {subprocess.py:93} INFO - 25/05/07 19:36:27 INFO InMemoryFileIndex: It took 34 ms to list leaf files for 1 paths.
[2025-05-07T19:36:27.915+0000] {subprocess.py:93} INFO - 25/05/07 19:36:27 INFO MemoryStore: Block broadcast_0 stored as values in memory (estimated size 200.6 KiB, free 434.2 MiB)
[2025-05-07T19:36:27.961+0000] {subprocess.py:93} INFO - 25/05/07 19:36:27 INFO MemoryStore: Block broadcast_0_piece0 stored as bytes in memory (estimated size 34.6 KiB, free 434.2 MiB)
[2025-05-07T19:36:27.963+0000] {subprocess.py:93} INFO - 25/05/07 19:36:27 INFO BlockManagerInfo: Added broadcast_0_piece0 in memory on 1a616c0a8036:40683 (size: 34.6 KiB, free: 434.4 MiB)
[2025-05-07T19:36:27.967+0000] {subprocess.py:93} INFO - 25/05/07 19:36:27 INFO SparkContext: Created broadcast 0 from json at NativeMethodAccessorImpl.java:0
[2025-05-07T19:36:28.237+0000] {subprocess.py:93} INFO - 25/05/07 19:36:28 INFO FileInputFormat: Total input files to process : 1
[2025-05-07T19:36:28.243+0000] {subprocess.py:93} INFO - 25/05/07 19:36:28 INFO FileInputFormat: Total input files to process : 1
[2025-05-07T19:36:28.256+0000] {subprocess.py:93} INFO - 25/05/07 19:36:28 INFO SparkContext: Starting job: json at NativeMethodAccessorImpl.java:0
[2025-05-07T19:36:28.271+0000] {subprocess.py:93} INFO - 25/05/07 19:36:28 INFO DAGScheduler: Got job 0 (json at NativeMethodAccessorImpl.java:0) with 1 output partitions
[2025-05-07T19:36:28.271+0000] {subprocess.py:93} INFO - 25/05/07 19:36:28 INFO DAGScheduler: Final stage: ResultStage 0 (json at NativeMethodAccessorImpl.java:0)
[2025-05-07T19:36:28.272+0000] {subprocess.py:93} INFO - 25/05/07 19:36:28 INFO DAGScheduler: Parents of final stage: List()
[2025-05-07T19:36:28.273+0000] {subprocess.py:93} INFO - 25/05/07 19:36:28 INFO DAGScheduler: Missing parents: List()
[2025-05-07T19:36:28.277+0000] {subprocess.py:93} INFO - 25/05/07 19:36:28 INFO DAGScheduler: Submitting ResultStage 0 (MapPartitionsRDD[2] at json at NativeMethodAccessorImpl.java:0), which has no missing parents
[2025-05-07T19:36:28.321+0000] {subprocess.py:93} INFO - 25/05/07 19:36:28 INFO MemoryStore: Block broadcast_1 stored as values in memory (estimated size 9.3 KiB, free 434.2 MiB)
[2025-05-07T19:36:28.328+0000] {subprocess.py:93} INFO - 25/05/07 19:36:28 INFO MemoryStore: Block broadcast_1_piece0 stored as bytes in memory (estimated size 5.0 KiB, free 434.2 MiB)
[2025-05-07T19:36:28.329+0000] {subprocess.py:93} INFO - 25/05/07 19:36:28 INFO BlockManagerInfo: Added broadcast_1_piece0 in memory on 1a616c0a8036:40683 (size: 5.0 KiB, free: 434.4 MiB)
[2025-05-07T19:36:28.330+0000] {subprocess.py:93} INFO - 25/05/07 19:36:28 INFO SparkContext: Created broadcast 1 from broadcast at DAGScheduler.scala:1585
[2025-05-07T19:36:28.349+0000] {subprocess.py:93} INFO - 25/05/07 19:36:28 INFO DAGScheduler: Submitting 1 missing tasks from ResultStage 0 (MapPartitionsRDD[2] at json at NativeMethodAccessorImpl.java:0) (first 15 tasks are for partitions Vector(0))
[2025-05-07T19:36:28.350+0000] {subprocess.py:93} INFO - 25/05/07 19:36:28 INFO TaskSchedulerImpl: Adding task set 0.0 with 1 tasks resource profile 0
[2025-05-07T19:36:28.394+0000] {subprocess.py:93} INFO - 25/05/07 19:36:28 INFO TaskSetManager: Starting task 0.0 in stage 0.0 (TID 0) (1a616c0a8036, executor driver, partition 0, PROCESS_LOCAL, 9134 bytes)
[2025-05-07T19:36:28.407+0000] {subprocess.py:93} INFO - 25/05/07 19:36:28 INFO Executor: Running task 0.0 in stage 0.0 (TID 0)
[2025-05-07T19:36:28.471+0000] {subprocess.py:93} INFO - 25/05/07 19:36:28 INFO BinaryFileRDD: Input split: Paths:/opt/***/dags/CoronaProj/data.json:0+213782
[2025-05-07T19:36:28.641+0000] {subprocess.py:93} INFO - 25/05/07 19:36:28 INFO Executor: Finished task 0.0 in stage 0.0 (TID 0). 2714 bytes result sent to driver
[2025-05-07T19:36:28.650+0000] {subprocess.py:93} INFO - 25/05/07 19:36:28 INFO TaskSetManager: Finished task 0.0 in stage 0.0 (TID 0) in 267 ms on 1a616c0a8036 (executor driver) (1/1)
[2025-05-07T19:36:28.652+0000] {subprocess.py:93} INFO - 25/05/07 19:36:28 INFO TaskSchedulerImpl: Removed TaskSet 0.0, whose tasks have all completed, from pool
[2025-05-07T19:36:28.658+0000] {subprocess.py:93} INFO - 25/05/07 19:36:28 INFO DAGScheduler: ResultStage 0 (json at NativeMethodAccessorImpl.java:0) finished in 0.367 s
[2025-05-07T19:36:28.663+0000] {subprocess.py:93} INFO - 25/05/07 19:36:28 INFO DAGScheduler: Job 0 is finished. Cancelling potential speculative or zombie tasks for this job
[2025-05-07T19:36:28.664+0000] {subprocess.py:93} INFO - 25/05/07 19:36:28 INFO TaskSchedulerImpl: Killing all running tasks in stage 0: Stage finished
[2025-05-07T19:36:28.665+0000] {subprocess.py:93} INFO - 25/05/07 19:36:28 INFO DAGScheduler: Job 0 finished: json at NativeMethodAccessorImpl.java:0, took 0.408080 s
[2025-05-07T19:36:29.118+0000] {subprocess.py:93} INFO - 25/05/07 19:36:29 INFO BlockManagerInfo: Removed broadcast_1_piece0 on 1a616c0a8036:40683 in memory (size: 5.0 KiB, free: 434.4 MiB)
[2025-05-07T19:36:29.804+0000] {subprocess.py:93} INFO - 25/05/07 19:36:29 INFO FileSourceStrategy: Pushed Filters: IsNotNull(cases),IsNotNull(deaths),IsNotNull(recovered),GreaterThanOrEqual(cases,0),GreaterThanOrEqual(deaths,0),GreaterThanOrEqual(recovered,0)
[2025-05-07T19:36:29.806+0000] {subprocess.py:93} INFO - 25/05/07 19:36:29 INFO FileSourceStrategy: Post-Scan Filters: isnotnull(cases#2L),isnotnull(deaths#9L),isnotnull(recovered#15L),(cases#2L >= 0),(deaths#9L >= 0),(recovered#15L >= 0),atleastnnonnulls(6, continent#4, country#5, cases#2L, deaths#9L, recovered#15L, cast(from_unixtime(cast((cast(updated#22L as double) / 1000.0) as bigint), yyyy-MM-dd HH:mm:ss, Some(Africa/Cairo)) as timestamp))
[2025-05-07T19:36:30.142+0000] {subprocess.py:93} INFO - 25/05/07 19:36:30 INFO CodeGenerator: Code generated in 157.008569 ms
[2025-05-07T19:36:30.148+0000] {subprocess.py:93} INFO - 25/05/07 19:36:30 INFO MemoryStore: Block broadcast_2 stored as values in memory (estimated size 200.1 KiB, free 434.0 MiB)
[2025-05-07T19:36:30.158+0000] {subprocess.py:93} INFO - 25/05/07 19:36:30 INFO MemoryStore: Block broadcast_2_piece0 stored as bytes in memory (estimated size 34.5 KiB, free 433.9 MiB)
[2025-05-07T19:36:30.158+0000] {subprocess.py:93} INFO - 25/05/07 19:36:30 INFO BlockManagerInfo: Added broadcast_2_piece0 in memory on 1a616c0a8036:40683 (size: 34.5 KiB, free: 434.3 MiB)
[2025-05-07T19:36:30.160+0000] {subprocess.py:93} INFO - 25/05/07 19:36:30 INFO SparkContext: Created broadcast 2 from count at NativeMethodAccessorImpl.java:0
[2025-05-07T19:36:30.169+0000] {subprocess.py:93} INFO - 25/05/07 19:36:30 INFO FileSourceScanExec: Planning scan with bin packing, max size: 4194304 bytes, open cost is considered as scanning 4194304 bytes.
[2025-05-07T19:36:30.205+0000] {subprocess.py:93} INFO - 25/05/07 19:36:30 INFO DAGScheduler: Registering RDD 6 (count at NativeMethodAccessorImpl.java:0) as input to shuffle 0
[2025-05-07T19:36:30.208+0000] {subprocess.py:93} INFO - 25/05/07 19:36:30 INFO DAGScheduler: Got map stage job 1 (count at NativeMethodAccessorImpl.java:0) with 1 output partitions
[2025-05-07T19:36:30.208+0000] {subprocess.py:93} INFO - 25/05/07 19:36:30 INFO DAGScheduler: Final stage: ShuffleMapStage 1 (count at NativeMethodAccessorImpl.java:0)
[2025-05-07T19:36:30.209+0000] {subprocess.py:93} INFO - 25/05/07 19:36:30 INFO DAGScheduler: Parents of final stage: List()
[2025-05-07T19:36:30.209+0000] {subprocess.py:93} INFO - 25/05/07 19:36:30 INFO DAGScheduler: Missing parents: List()
[2025-05-07T19:36:30.210+0000] {subprocess.py:93} INFO - 25/05/07 19:36:30 INFO DAGScheduler: Submitting ShuffleMapStage 1 (MapPartitionsRDD[6] at count at NativeMethodAccessorImpl.java:0), which has no missing parents
[2025-05-07T19:36:30.245+0000] {subprocess.py:93} INFO - 25/05/07 19:36:30 INFO MemoryStore: Block broadcast_3 stored as values in memory (estimated size 22.5 KiB, free 433.9 MiB)
[2025-05-07T19:36:30.246+0000] {subprocess.py:93} INFO - 25/05/07 19:36:30 INFO MemoryStore: Block broadcast_3_piece0 stored as bytes in memory (estimated size 10.3 KiB, free 433.9 MiB)
[2025-05-07T19:36:30.246+0000] {subprocess.py:93} INFO - 25/05/07 19:36:30 INFO BlockManagerInfo: Added broadcast_3_piece0 in memory on 1a616c0a8036:40683 (size: 10.3 KiB, free: 434.3 MiB)
[2025-05-07T19:36:30.247+0000] {subprocess.py:93} INFO - 25/05/07 19:36:30 INFO SparkContext: Created broadcast 3 from broadcast at DAGScheduler.scala:1585
[2025-05-07T19:36:30.249+0000] {subprocess.py:93} INFO - 25/05/07 19:36:30 INFO DAGScheduler: Submitting 1 missing tasks from ShuffleMapStage 1 (MapPartitionsRDD[6] at count at NativeMethodAccessorImpl.java:0) (first 15 tasks are for partitions Vector(0))
[2025-05-07T19:36:30.249+0000] {subprocess.py:93} INFO - 25/05/07 19:36:30 INFO TaskSchedulerImpl: Adding task set 1.0 with 1 tasks resource profile 0
[2025-05-07T19:36:30.253+0000] {subprocess.py:93} INFO - 25/05/07 19:36:30 INFO TaskSetManager: Starting task 0.0 in stage 1.0 (TID 1) (1a616c0a8036, executor driver, partition 0, PROCESS_LOCAL, 9596 bytes)
[2025-05-07T19:36:30.255+0000] {subprocess.py:93} INFO - 25/05/07 19:36:30 INFO Executor: Running task 0.0 in stage 1.0 (TID 1)
[2025-05-07T19:36:30.309+0000] {subprocess.py:93} INFO - 25/05/07 19:36:30 INFO CodeGenerator: Code generated in 23.833331 ms
[2025-05-07T19:36:30.317+0000] {subprocess.py:93} INFO - 25/05/07 19:36:30 INFO FileScanRDD: Reading File path: file:///opt/***/dags/CoronaProj/data.json, range: 0-213782, partition values: [empty row]
[2025-05-07T19:36:30.340+0000] {subprocess.py:93} INFO - 25/05/07 19:36:30 INFO CodeGenerator: Code generated in 15.21793 ms
[2025-05-07T19:36:30.360+0000] {subprocess.py:93} INFO - 25/05/07 19:36:30 INFO CodeGenerator: Code generated in 6.214316 ms
[2025-05-07T19:36:30.368+0000] {subprocess.py:93} INFO - 25/05/07 19:36:30 INFO CodeGenerator: Code generated in 5.321485 ms
[2025-05-07T19:36:30.377+0000] {subprocess.py:93} INFO - 25/05/07 19:36:30 INFO CodeGenerator: Code generated in 5.45999 ms
[2025-05-07T19:36:30.462+0000] {subprocess.py:93} INFO - 25/05/07 19:36:30 INFO Executor: Finished task 0.0 in stage 1.0 (TID 1). 2027 bytes result sent to driver
[2025-05-07T19:36:30.465+0000] {subprocess.py:93} INFO - 25/05/07 19:36:30 INFO TaskSetManager: Finished task 0.0 in stage 1.0 (TID 1) in 215 ms on 1a616c0a8036 (executor driver) (1/1)
[2025-05-07T19:36:30.466+0000] {subprocess.py:93} INFO - 25/05/07 19:36:30 INFO TaskSchedulerImpl: Removed TaskSet 1.0, whose tasks have all completed, from pool
[2025-05-07T19:36:30.468+0000] {subprocess.py:93} INFO - 25/05/07 19:36:30 INFO DAGScheduler: ShuffleMapStage 1 (count at NativeMethodAccessorImpl.java:0) finished in 0.254 s
[2025-05-07T19:36:30.469+0000] {subprocess.py:93} INFO - 25/05/07 19:36:30 INFO DAGScheduler: looking for newly runnable stages
[2025-05-07T19:36:30.470+0000] {subprocess.py:93} INFO - 25/05/07 19:36:30 INFO DAGScheduler: running: Set()
[2025-05-07T19:36:30.470+0000] {subprocess.py:93} INFO - 25/05/07 19:36:30 INFO DAGScheduler: waiting: Set()
[2025-05-07T19:36:30.471+0000] {subprocess.py:93} INFO - 25/05/07 19:36:30 INFO DAGScheduler: failed: Set()
[2025-05-07T19:36:30.517+0000] {subprocess.py:93} INFO - 25/05/07 19:36:30 INFO CodeGenerator: Code generated in 12.854448 ms
[2025-05-07T19:36:30.547+0000] {subprocess.py:93} INFO - 25/05/07 19:36:30 INFO BlockManagerInfo: Removed broadcast_3_piece0 on 1a616c0a8036:40683 in memory (size: 10.3 KiB, free: 434.3 MiB)
[2025-05-07T19:36:30.549+0000] {subprocess.py:93} INFO - 25/05/07 19:36:30 INFO SparkContext: Starting job: count at NativeMethodAccessorImpl.java:0
[2025-05-07T19:36:30.552+0000] {subprocess.py:93} INFO - 25/05/07 19:36:30 INFO DAGScheduler: Got job 2 (count at NativeMethodAccessorImpl.java:0) with 1 output partitions
[2025-05-07T19:36:30.553+0000] {subprocess.py:93} INFO - 25/05/07 19:36:30 INFO DAGScheduler: Final stage: ResultStage 3 (count at NativeMethodAccessorImpl.java:0)
[2025-05-07T19:36:30.555+0000] {subprocess.py:93} INFO - 25/05/07 19:36:30 INFO DAGScheduler: Parents of final stage: List(ShuffleMapStage 2)
[2025-05-07T19:36:30.555+0000] {subprocess.py:93} INFO - 25/05/07 19:36:30 INFO DAGScheduler: Missing parents: List()
[2025-05-07T19:36:30.556+0000] {subprocess.py:93} INFO - 25/05/07 19:36:30 INFO DAGScheduler: Submitting ResultStage 3 (MapPartitionsRDD[9] at count at NativeMethodAccessorImpl.java:0), which has no missing parents
[2025-05-07T19:36:30.561+0000] {subprocess.py:93} INFO - 25/05/07 19:36:30 INFO MemoryStore: Block broadcast_4 stored as values in memory (estimated size 12.5 KiB, free 433.9 MiB)
[2025-05-07T19:36:30.565+0000] {subprocess.py:93} INFO - 25/05/07 19:36:30 INFO MemoryStore: Block broadcast_4_piece0 stored as bytes in memory (estimated size 5.9 KiB, free 433.9 MiB)
[2025-05-07T19:36:30.565+0000] {subprocess.py:93} INFO - 25/05/07 19:36:30 INFO BlockManagerInfo: Added broadcast_4_piece0 in memory on 1a616c0a8036:40683 (size: 5.9 KiB, free: 434.3 MiB)
[2025-05-07T19:36:30.566+0000] {subprocess.py:93} INFO - 25/05/07 19:36:30 INFO SparkContext: Created broadcast 4 from broadcast at DAGScheduler.scala:1585
[2025-05-07T19:36:30.567+0000] {subprocess.py:93} INFO - 25/05/07 19:36:30 INFO DAGScheduler: Submitting 1 missing tasks from ResultStage 3 (MapPartitionsRDD[9] at count at NativeMethodAccessorImpl.java:0) (first 15 tasks are for partitions Vector(0))
[2025-05-07T19:36:30.567+0000] {subprocess.py:93} INFO - 25/05/07 19:36:30 INFO TaskSchedulerImpl: Adding task set 3.0 with 1 tasks resource profile 0
[2025-05-07T19:36:30.573+0000] {subprocess.py:93} INFO - 25/05/07 19:36:30 INFO TaskSetManager: Starting task 0.0 in stage 3.0 (TID 2) (1a616c0a8036, executor driver, partition 0, NODE_LOCAL, 8999 bytes)
[2025-05-07T19:36:30.574+0000] {subprocess.py:93} INFO - 25/05/07 19:36:30 INFO Executor: Running task 0.0 in stage 3.0 (TID 2)
[2025-05-07T19:36:30.613+0000] {subprocess.py:93} INFO - 25/05/07 19:36:30 INFO BlockManagerInfo: Removed broadcast_0_piece0 on 1a616c0a8036:40683 in memory (size: 34.6 KiB, free: 434.4 MiB)
[2025-05-07T19:36:30.618+0000] {subprocess.py:93} INFO - 25/05/07 19:36:30 INFO ShuffleBlockFetcherIterator: Getting 1 (60.0 B) non-empty blocks including 1 (60.0 B) local and 0 (0.0 B) host-local and 0 (0.0 B) push-merged-local and 0 (0.0 B) remote blocks
[2025-05-07T19:36:30.622+0000] {subprocess.py:93} INFO - 25/05/07 19:36:30 INFO ShuffleBlockFetcherIterator: Started 0 remote fetches in 14 ms
[2025-05-07T19:36:30.633+0000] {subprocess.py:93} INFO - 25/05/07 19:36:30 INFO CodeGenerator: Code generated in 8.121683 ms
[2025-05-07T19:36:30.647+0000] {subprocess.py:93} INFO - 25/05/07 19:36:30 INFO Executor: Finished task 0.0 in stage 3.0 (TID 2). 4081 bytes result sent to driver
[2025-05-07T19:36:30.649+0000] {subprocess.py:93} INFO - 25/05/07 19:36:30 INFO TaskSetManager: Finished task 0.0 in stage 3.0 (TID 2) in 78 ms on 1a616c0a8036 (executor driver) (1/1)
[2025-05-07T19:36:30.650+0000] {subprocess.py:93} INFO - 25/05/07 19:36:30 INFO TaskSchedulerImpl: Removed TaskSet 3.0, whose tasks have all completed, from pool
[2025-05-07T19:36:30.651+0000] {subprocess.py:93} INFO - 25/05/07 19:36:30 INFO DAGScheduler: ResultStage 3 (count at NativeMethodAccessorImpl.java:0) finished in 0.091 s
[2025-05-07T19:36:30.652+0000] {subprocess.py:93} INFO - 25/05/07 19:36:30 INFO DAGScheduler: Job 2 is finished. Cancelling potential speculative or zombie tasks for this job
[2025-05-07T19:36:30.652+0000] {subprocess.py:93} INFO - 25/05/07 19:36:30 INFO TaskSchedulerImpl: Killing all running tasks in stage 3: Stage finished
[2025-05-07T19:36:30.652+0000] {subprocess.py:93} INFO - 25/05/07 19:36:30 INFO DAGScheduler: Job 2 finished: count at NativeMethodAccessorImpl.java:0, took 0.102696 s
[2025-05-07T19:36:30.744+0000] {subprocess.py:93} INFO - 25/05/07 19:36:30 INFO FileSourceStrategy: Pushed Filters: IsNotNull(cases),IsNotNull(deaths),IsNotNull(recovered),GreaterThanOrEqual(cases,0),GreaterThanOrEqual(deaths,0),GreaterThanOrEqual(recovered,0)
[2025-05-07T19:36:30.745+0000] {subprocess.py:93} INFO - 25/05/07 19:36:30 INFO FileSourceStrategy: Post-Scan Filters: isnotnull(cases#2L),isnotnull(deaths#9L),isnotnull(recovered#15L),(cases#2L >= 0),(deaths#9L >= 0),(recovered#15L >= 0),atleastnnonnulls(6, continent#4, country#5, cases#2L, deaths#9L, recovered#15L, cast(from_unixtime(cast((cast(updated#22L as double) / 1000.0) as bigint), yyyy-MM-dd HH:mm:ss, Some(Africa/Cairo)) as timestamp))
[2025-05-07T19:36:30.844+0000] {subprocess.py:93} INFO - 25/05/07 19:36:30 INFO CodeGenerator: Code generated in 50.53636 ms
[2025-05-07T19:36:30.849+0000] {subprocess.py:93} INFO - 25/05/07 19:36:30 INFO MemoryStore: Block broadcast_5 stored as values in memory (estimated size 200.1 KiB, free 434.0 MiB)
[2025-05-07T19:36:30.858+0000] {subprocess.py:93} INFO - 25/05/07 19:36:30 INFO BlockManagerInfo: Removed broadcast_4_piece0 on 1a616c0a8036:40683 in memory (size: 5.9 KiB, free: 434.4 MiB)
[2025-05-07T19:36:30.862+0000] {subprocess.py:93} INFO - 25/05/07 19:36:30 INFO MemoryStore: Block broadcast_5_piece0 stored as bytes in memory (estimated size 34.5 KiB, free 433.9 MiB)
[2025-05-07T19:36:30.863+0000] {subprocess.py:93} INFO - 25/05/07 19:36:30 INFO BlockManagerInfo: Added broadcast_5_piece0 in memory on 1a616c0a8036:40683 (size: 34.5 KiB, free: 434.3 MiB)
[2025-05-07T19:36:30.864+0000] {subprocess.py:93} INFO - 25/05/07 19:36:30 INFO SparkContext: Created broadcast 5 from collect at /opt/***/dags/CoronaProj/Spark_script_process.py:52
[2025-05-07T19:36:30.865+0000] {subprocess.py:93} INFO - 25/05/07 19:36:30 INFO FileSourceScanExec: Planning scan with bin packing, max size: 4194304 bytes, open cost is considered as scanning 4194304 bytes.
[2025-05-07T19:36:30.908+0000] {subprocess.py:93} INFO - 25/05/07 19:36:30 INFO DAGScheduler: Registering RDD 13 (collect at /opt/***/dags/CoronaProj/Spark_script_process.py:52) as input to shuffle 1
[2025-05-07T19:36:30.908+0000] {subprocess.py:93} INFO - 25/05/07 19:36:30 INFO DAGScheduler: Got map stage job 3 (collect at /opt/***/dags/CoronaProj/Spark_script_process.py:52) with 1 output partitions
[2025-05-07T19:36:30.908+0000] {subprocess.py:93} INFO - 25/05/07 19:36:30 INFO DAGScheduler: Final stage: ShuffleMapStage 4 (collect at /opt/***/dags/CoronaProj/Spark_script_process.py:52)
[2025-05-07T19:36:30.909+0000] {subprocess.py:93} INFO - 25/05/07 19:36:30 INFO DAGScheduler: Parents of final stage: List()
[2025-05-07T19:36:30.909+0000] {subprocess.py:93} INFO - 25/05/07 19:36:30 INFO DAGScheduler: Missing parents: List()
[2025-05-07T19:36:30.910+0000] {subprocess.py:93} INFO - 25/05/07 19:36:30 INFO DAGScheduler: Submitting ShuffleMapStage 4 (MapPartitionsRDD[13] at collect at /opt/***/dags/CoronaProj/Spark_script_process.py:52), which has no missing parents
[2025-05-07T19:36:30.912+0000] {subprocess.py:93} INFO - 25/05/07 19:36:30 INFO MemoryStore: Block broadcast_6 stored as values in memory (estimated size 46.0 KiB, free 433.9 MiB)
[2025-05-07T19:36:30.918+0000] {subprocess.py:93} INFO - 25/05/07 19:36:30 INFO MemoryStore: Block broadcast_6_piece0 stored as bytes in memory (estimated size 20.9 KiB, free 433.9 MiB)
[2025-05-07T19:36:30.919+0000] {subprocess.py:93} INFO - 25/05/07 19:36:30 INFO BlockManagerInfo: Added broadcast_6_piece0 in memory on 1a616c0a8036:40683 (size: 20.9 KiB, free: 434.3 MiB)
[2025-05-07T19:36:30.919+0000] {subprocess.py:93} INFO - 25/05/07 19:36:30 INFO SparkContext: Created broadcast 6 from broadcast at DAGScheduler.scala:1585
[2025-05-07T19:36:30.921+0000] {subprocess.py:93} INFO - 25/05/07 19:36:30 INFO DAGScheduler: Submitting 1 missing tasks from ShuffleMapStage 4 (MapPartitionsRDD[13] at collect at /opt/***/dags/CoronaProj/Spark_script_process.py:52) (first 15 tasks are for partitions Vector(0))
[2025-05-07T19:36:30.922+0000] {subprocess.py:93} INFO - 25/05/07 19:36:30 INFO TaskSchedulerImpl: Adding task set 4.0 with 1 tasks resource profile 0
[2025-05-07T19:36:30.923+0000] {subprocess.py:93} INFO - 25/05/07 19:36:30 INFO TaskSetManager: Starting task 0.0 in stage 4.0 (TID 3) (1a616c0a8036, executor driver, partition 0, PROCESS_LOCAL, 9596 bytes)
[2025-05-07T19:36:30.923+0000] {subprocess.py:93} INFO - 25/05/07 19:36:30 INFO Executor: Running task 0.0 in stage 4.0 (TID 3)
[2025-05-07T19:36:30.972+0000] {subprocess.py:93} INFO - 25/05/07 19:36:30 INFO CodeGenerator: Code generated in 37.450204 ms
[2025-05-07T19:36:30.985+0000] {subprocess.py:93} INFO - 25/05/07 19:36:30 INFO CodeGenerator: Code generated in 8.210787 ms
[2025-05-07T19:36:30.993+0000] {subprocess.py:93} INFO - 25/05/07 19:36:30 INFO CodeGenerator: Code generated in 4.778166 ms
[2025-05-07T19:36:31.010+0000] {subprocess.py:93} INFO - 25/05/07 19:36:31 INFO CodeGenerator: Code generated in 5.247583 ms
[2025-05-07T19:36:31.017+0000] {subprocess.py:93} INFO - 25/05/07 19:36:31 INFO FileScanRDD: Reading File path: file:///opt/***/dags/CoronaProj/data.json, range: 0-213782, partition values: [empty row]
[2025-05-07T19:36:31.108+0000] {subprocess.py:93} INFO - 25/05/07 19:36:31 INFO Executor: Finished task 0.0 in stage 4.0 (TID 3). 2864 bytes result sent to driver
[2025-05-07T19:36:31.111+0000] {subprocess.py:93} INFO - 25/05/07 19:36:31 INFO TaskSetManager: Finished task 0.0 in stage 4.0 (TID 3) in 188 ms on 1a616c0a8036 (executor driver) (1/1)
[2025-05-07T19:36:31.111+0000] {subprocess.py:93} INFO - 25/05/07 19:36:31 INFO TaskSchedulerImpl: Removed TaskSet 4.0, whose tasks have all completed, from pool
[2025-05-07T19:36:31.112+0000] {subprocess.py:93} INFO - 25/05/07 19:36:31 INFO DAGScheduler: ShuffleMapStage 4 (collect at /opt/***/dags/CoronaProj/Spark_script_process.py:52) finished in 0.203 s
[2025-05-07T19:36:31.114+0000] {subprocess.py:93} INFO - 25/05/07 19:36:31 INFO DAGScheduler: looking for newly runnable stages
[2025-05-07T19:36:31.114+0000] {subprocess.py:93} INFO - 25/05/07 19:36:31 INFO DAGScheduler: running: Set()
[2025-05-07T19:36:31.115+0000] {subprocess.py:93} INFO - 25/05/07 19:36:31 INFO DAGScheduler: waiting: Set()
[2025-05-07T19:36:31.115+0000] {subprocess.py:93} INFO - 25/05/07 19:36:31 INFO DAGScheduler: failed: Set()
[2025-05-07T19:36:31.122+0000] {subprocess.py:93} INFO - 25/05/07 19:36:31 INFO ShufflePartitionsUtil: For shuffle(1), advisory target size: 67108864, actual target size 1048576, minimum partition size: 1048576
[2025-05-07T19:36:31.170+0000] {subprocess.py:93} INFO - 25/05/07 19:36:31 INFO CodeGenerator: Code generated in 25.155876 ms
[2025-05-07T19:36:31.190+0000] {subprocess.py:93} INFO - 25/05/07 19:36:31 INFO DAGScheduler: Registering RDD 16 (collect at /opt/***/dags/CoronaProj/Spark_script_process.py:52) as input to shuffle 2
[2025-05-07T19:36:31.191+0000] {subprocess.py:93} INFO - 25/05/07 19:36:31 INFO DAGScheduler: Got map stage job 4 (collect at /opt/***/dags/CoronaProj/Spark_script_process.py:52) with 1 output partitions
[2025-05-07T19:36:31.192+0000] {subprocess.py:93} INFO - 25/05/07 19:36:31 INFO DAGScheduler: Final stage: ShuffleMapStage 6 (collect at /opt/***/dags/CoronaProj/Spark_script_process.py:52)
[2025-05-07T19:36:31.193+0000] {subprocess.py:93} INFO - 25/05/07 19:36:31 INFO DAGScheduler: Parents of final stage: List(ShuffleMapStage 5)
[2025-05-07T19:36:31.193+0000] {subprocess.py:93} INFO - 25/05/07 19:36:31 INFO DAGScheduler: Missing parents: List()
[2025-05-07T19:36:31.194+0000] {subprocess.py:93} INFO - 25/05/07 19:36:31 INFO DAGScheduler: Submitting ShuffleMapStage 6 (MapPartitionsRDD[16] at collect at /opt/***/dags/CoronaProj/Spark_script_process.py:52), which has no missing parents
[2025-05-07T19:36:31.205+0000] {subprocess.py:93} INFO - 25/05/07 19:36:31 INFO MemoryStore: Block broadcast_7 stored as values in memory (estimated size 57.0 KiB, free 433.8 MiB)
[2025-05-07T19:36:31.211+0000] {subprocess.py:93} INFO - 25/05/07 19:36:31 INFO MemoryStore: Block broadcast_7_piece0 stored as bytes in memory (estimated size 24.8 KiB, free 433.8 MiB)
[2025-05-07T19:36:31.211+0000] {subprocess.py:93} INFO - 25/05/07 19:36:31 INFO BlockManagerInfo: Added broadcast_7_piece0 in memory on 1a616c0a8036:40683 (size: 24.8 KiB, free: 434.3 MiB)
[2025-05-07T19:36:31.212+0000] {subprocess.py:93} INFO - 25/05/07 19:36:31 INFO SparkContext: Created broadcast 7 from broadcast at DAGScheduler.scala:1585
[2025-05-07T19:36:31.212+0000] {subprocess.py:93} INFO - 25/05/07 19:36:31 INFO BlockManagerInfo: Removed broadcast_6_piece0 on 1a616c0a8036:40683 in memory (size: 20.9 KiB, free: 434.3 MiB)
[2025-05-07T19:36:31.213+0000] {subprocess.py:93} INFO - 25/05/07 19:36:31 INFO DAGScheduler: Submitting 1 missing tasks from ShuffleMapStage 6 (MapPartitionsRDD[16] at collect at /opt/***/dags/CoronaProj/Spark_script_process.py:52) (first 15 tasks are for partitions Vector(0))
[2025-05-07T19:36:31.213+0000] {subprocess.py:93} INFO - 25/05/07 19:36:31 INFO TaskSchedulerImpl: Adding task set 6.0 with 1 tasks resource profile 0
[2025-05-07T19:36:31.215+0000] {subprocess.py:93} INFO - 25/05/07 19:36:31 INFO TaskSetManager: Starting task 0.0 in stage 6.0 (TID 4) (1a616c0a8036, executor driver, partition 0, NODE_LOCAL, 8988 bytes)
[2025-05-07T19:36:31.216+0000] {subprocess.py:93} INFO - 25/05/07 19:36:31 INFO Executor: Running task 0.0 in stage 6.0 (TID 4)
[2025-05-07T19:36:31.229+0000] {subprocess.py:93} INFO - 25/05/07 19:36:31 INFO ShuffleBlockFetcherIterator: Getting 1 (12.3 KiB) non-empty blocks including 1 (12.3 KiB) local and 0 (0.0 B) host-local and 0 (0.0 B) push-merged-local and 0 (0.0 B) remote blocks
[2025-05-07T19:36:31.229+0000] {subprocess.py:93} INFO - 25/05/07 19:36:31 INFO ShuffleBlockFetcherIterator: Started 0 remote fetches in 1 ms
[2025-05-07T19:36:31.254+0000] {subprocess.py:93} INFO - 25/05/07 19:36:31 INFO CodeGenerator: Code generated in 23.828531 ms
[2025-05-07T19:36:31.275+0000] {subprocess.py:93} INFO - 25/05/07 19:36:31 INFO Executor: Finished task 0.0 in stage 6.0 (TID 4). 5651 bytes result sent to driver
[2025-05-07T19:36:31.277+0000] {subprocess.py:93} INFO - 25/05/07 19:36:31 INFO TaskSetManager: Finished task 0.0 in stage 6.0 (TID 4) in 62 ms on 1a616c0a8036 (executor driver) (1/1)
[2025-05-07T19:36:31.277+0000] {subprocess.py:93} INFO - 25/05/07 19:36:31 INFO TaskSchedulerImpl: Removed TaskSet 6.0, whose tasks have all completed, from pool
[2025-05-07T19:36:31.278+0000] {subprocess.py:93} INFO - 25/05/07 19:36:31 INFO DAGScheduler: ShuffleMapStage 6 (collect at /opt/***/dags/CoronaProj/Spark_script_process.py:52) finished in 0.077 s
[2025-05-07T19:36:31.279+0000] {subprocess.py:93} INFO - 25/05/07 19:36:31 INFO DAGScheduler: looking for newly runnable stages
[2025-05-07T19:36:31.279+0000] {subprocess.py:93} INFO - 25/05/07 19:36:31 INFO DAGScheduler: running: Set()
[2025-05-07T19:36:31.280+0000] {subprocess.py:93} INFO - 25/05/07 19:36:31 INFO DAGScheduler: waiting: Set()
[2025-05-07T19:36:31.280+0000] {subprocess.py:93} INFO - 25/05/07 19:36:31 INFO DAGScheduler: failed: Set()
[2025-05-07T19:36:31.300+0000] {subprocess.py:93} INFO - 25/05/07 19:36:31 INFO CodeGenerator: Code generated in 5.867104 ms
[2025-05-07T19:36:31.314+0000] {subprocess.py:93} INFO - 25/05/07 19:36:31 INFO SparkContext: Starting job: collect at /opt/***/dags/CoronaProj/Spark_script_process.py:52
[2025-05-07T19:36:31.316+0000] {subprocess.py:93} INFO - 25/05/07 19:36:31 INFO DAGScheduler: Got job 5 (collect at /opt/***/dags/CoronaProj/Spark_script_process.py:52) with 1 output partitions
[2025-05-07T19:36:31.316+0000] {subprocess.py:93} INFO - 25/05/07 19:36:31 INFO DAGScheduler: Final stage: ResultStage 9 (collect at /opt/***/dags/CoronaProj/Spark_script_process.py:52)
[2025-05-07T19:36:31.317+0000] {subprocess.py:93} INFO - 25/05/07 19:36:31 INFO DAGScheduler: Parents of final stage: List(ShuffleMapStage 8)
[2025-05-07T19:36:31.317+0000] {subprocess.py:93} INFO - 25/05/07 19:36:31 INFO DAGScheduler: Missing parents: List()
[2025-05-07T19:36:31.318+0000] {subprocess.py:93} INFO - 25/05/07 19:36:31 INFO DAGScheduler: Submitting ResultStage 9 (MapPartitionsRDD[19] at collect at /opt/***/dags/CoronaProj/Spark_script_process.py:52), which has no missing parents
[2025-05-07T19:36:31.318+0000] {subprocess.py:93} INFO - 25/05/07 19:36:31 INFO MemoryStore: Block broadcast_8 stored as values in memory (estimated size 12.5 KiB, free 433.8 MiB)
[2025-05-07T19:36:31.319+0000] {subprocess.py:93} INFO - 25/05/07 19:36:31 INFO MemoryStore: Block broadcast_8_piece0 stored as bytes in memory (estimated size 5.9 KiB, free 433.8 MiB)
[2025-05-07T19:36:31.320+0000] {subprocess.py:93} INFO - 25/05/07 19:36:31 INFO BlockManagerInfo: Added broadcast_8_piece0 in memory on 1a616c0a8036:40683 (size: 5.9 KiB, free: 434.3 MiB)
[2025-05-07T19:36:31.321+0000] {subprocess.py:93} INFO - 25/05/07 19:36:31 INFO SparkContext: Created broadcast 8 from broadcast at DAGScheduler.scala:1585
[2025-05-07T19:36:31.322+0000] {subprocess.py:93} INFO - 25/05/07 19:36:31 INFO DAGScheduler: Submitting 1 missing tasks from ResultStage 9 (MapPartitionsRDD[19] at collect at /opt/***/dags/CoronaProj/Spark_script_process.py:52) (first 15 tasks are for partitions Vector(0))
[2025-05-07T19:36:31.323+0000] {subprocess.py:93} INFO - 25/05/07 19:36:31 INFO TaskSchedulerImpl: Adding task set 9.0 with 1 tasks resource profile 0
[2025-05-07T19:36:31.324+0000] {subprocess.py:93} INFO - 25/05/07 19:36:31 INFO TaskSetManager: Starting task 0.0 in stage 9.0 (TID 5) (1a616c0a8036, executor driver, partition 0, NODE_LOCAL, 8999 bytes)
[2025-05-07T19:36:31.326+0000] {subprocess.py:93} INFO - 25/05/07 19:36:31 INFO Executor: Running task 0.0 in stage 9.0 (TID 5)
[2025-05-07T19:36:31.331+0000] {subprocess.py:93} INFO - 25/05/07 19:36:31 INFO ShuffleBlockFetcherIterator: Getting 1 (60.0 B) non-empty blocks including 1 (60.0 B) local and 0 (0.0 B) host-local and 0 (0.0 B) push-merged-local and 0 (0.0 B) remote blocks
[2025-05-07T19:36:31.331+0000] {subprocess.py:93} INFO - 25/05/07 19:36:31 INFO ShuffleBlockFetcherIterator: Started 0 remote fetches in 0 ms
[2025-05-07T19:36:31.339+0000] {subprocess.py:93} INFO - 25/05/07 19:36:31 INFO CodeGenerator: Code generated in 7.713269 ms
[2025-05-07T19:36:31.349+0000] {subprocess.py:93} INFO - 25/05/07 19:36:31 INFO Executor: Finished task 0.0 in stage 9.0 (TID 5). 4081 bytes result sent to driver
[2025-05-07T19:36:31.349+0000] {subprocess.py:93} INFO - 25/05/07 19:36:31 INFO BlockManagerInfo: Removed broadcast_7_piece0 on 1a616c0a8036:40683 in memory (size: 24.8 KiB, free: 434.3 MiB)
[2025-05-07T19:36:31.350+0000] {subprocess.py:93} INFO - 25/05/07 19:36:31 INFO TaskSetManager: Finished task 0.0 in stage 9.0 (TID 5) in 27 ms on 1a616c0a8036 (executor driver) (1/1)
[2025-05-07T19:36:31.350+0000] {subprocess.py:93} INFO - 25/05/07 19:36:31 INFO TaskSchedulerImpl: Removed TaskSet 9.0, whose tasks have all completed, from pool
[2025-05-07T19:36:31.351+0000] {subprocess.py:93} INFO - 25/05/07 19:36:31 INFO DAGScheduler: ResultStage 9 (collect at /opt/***/dags/CoronaProj/Spark_script_process.py:52) finished in 0.034 s
[2025-05-07T19:36:31.352+0000] {subprocess.py:93} INFO - 25/05/07 19:36:31 INFO DAGScheduler: Job 5 is finished. Cancelling potential speculative or zombie tasks for this job
[2025-05-07T19:36:31.352+0000] {subprocess.py:93} INFO - 25/05/07 19:36:31 INFO TaskSchedulerImpl: Killing all running tasks in stage 9: Stage finished
[2025-05-07T19:36:31.353+0000] {subprocess.py:93} INFO - 25/05/07 19:36:31 INFO DAGScheduler: Job 5 finished: collect at /opt/***/dags/CoronaProj/Spark_script_process.py:52, took 0.037397 s
[2025-05-07T19:36:31.370+0000] {subprocess.py:93} INFO - countries are unqiue
[2025-05-07T19:36:31.537+0000] {subprocess.py:93} INFO - 25/05/07 19:36:31 INFO FileSourceStrategy: Pushed Filters: IsNotNull(cases),IsNotNull(deaths),IsNotNull(recovered),GreaterThanOrEqual(cases,0),GreaterThanOrEqual(deaths,0),GreaterThanOrEqual(recovered,0)
[2025-05-07T19:36:31.537+0000] {subprocess.py:93} INFO - 25/05/07 19:36:31 INFO FileSourceStrategy: Post-Scan Filters: isnotnull(cases#2L),isnotnull(deaths#9L),isnotnull(recovered#15L),(cases#2L >= 0),(deaths#9L >= 0),(recovered#15L >= 0),atleastnnonnulls(6, continent#4, country#5, cases#2L, deaths#9L, recovered#15L, cast(from_unixtime(cast((cast(updated#22L as double) / 1000.0) as bigint), yyyy-MM-dd HH:mm:ss, Some(Africa/Cairo)) as timestamp))
[2025-05-07T19:36:31.575+0000] {subprocess.py:93} INFO - 25/05/07 19:36:31 INFO ParquetUtils: Using default output committer for Parquet: org.apache.parquet.hadoop.ParquetOutputCommitter
[2025-05-07T19:36:31.587+0000] {subprocess.py:93} INFO - 25/05/07 19:36:31 INFO FileOutputCommitter: File Output Committer Algorithm version is 1
[2025-05-07T19:36:31.588+0000] {subprocess.py:93} INFO - 25/05/07 19:36:31 INFO FileOutputCommitter: FileOutputCommitter skip cleanup _temporary folders under output directory:false, ignore cleanup failures: false
[2025-05-07T19:36:31.588+0000] {subprocess.py:93} INFO - 25/05/07 19:36:31 INFO SQLHadoopMapReduceCommitProtocol: Using user defined output committer class org.apache.parquet.hadoop.ParquetOutputCommitter
[2025-05-07T19:36:31.589+0000] {subprocess.py:93} INFO - 25/05/07 19:36:31 INFO FileOutputCommitter: File Output Committer Algorithm version is 1
[2025-05-07T19:36:31.589+0000] {subprocess.py:93} INFO - 25/05/07 19:36:31 INFO FileOutputCommitter: FileOutputCommitter skip cleanup _temporary folders under output directory:false, ignore cleanup failures: false
[2025-05-07T19:36:31.590+0000] {subprocess.py:93} INFO - 25/05/07 19:36:31 INFO SQLHadoopMapReduceCommitProtocol: Using output committer class org.apache.parquet.hadoop.ParquetOutputCommitter
[2025-05-07T19:36:31.676+0000] {subprocess.py:93} INFO - 25/05/07 19:36:31 INFO CodeGenerator: Code generated in 16.873387 ms
[2025-05-07T19:36:31.680+0000] {subprocess.py:93} INFO - 25/05/07 19:36:31 INFO MemoryStore: Block broadcast_9 stored as values in memory (estimated size 200.1 KiB, free 433.7 MiB)
[2025-05-07T19:36:31.688+0000] {subprocess.py:93} INFO - 25/05/07 19:36:31 INFO MemoryStore: Block broadcast_9_piece0 stored as bytes in memory (estimated size 34.5 KiB, free 433.7 MiB)
[2025-05-07T19:36:31.689+0000] {subprocess.py:93} INFO - 25/05/07 19:36:31 INFO BlockManagerInfo: Added broadcast_9_piece0 in memory on 1a616c0a8036:40683 (size: 34.5 KiB, free: 434.3 MiB)
[2025-05-07T19:36:31.690+0000] {subprocess.py:93} INFO - 25/05/07 19:36:31 INFO SparkContext: Created broadcast 9 from save at NativeMethodAccessorImpl.java:0
[2025-05-07T19:36:31.691+0000] {subprocess.py:93} INFO - 25/05/07 19:36:31 INFO FileSourceScanExec: Planning scan with bin packing, max size: 4194304 bytes, open cost is considered as scanning 4194304 bytes.
[2025-05-07T19:36:31.701+0000] {subprocess.py:93} INFO - 25/05/07 19:36:31 INFO SparkContext: Starting job: save at NativeMethodAccessorImpl.java:0
[2025-05-07T19:36:31.703+0000] {subprocess.py:93} INFO - 25/05/07 19:36:31 INFO DAGScheduler: Got job 6 (save at NativeMethodAccessorImpl.java:0) with 1 output partitions
[2025-05-07T19:36:31.703+0000] {subprocess.py:93} INFO - 25/05/07 19:36:31 INFO DAGScheduler: Final stage: ResultStage 10 (save at NativeMethodAccessorImpl.java:0)
[2025-05-07T19:36:31.704+0000] {subprocess.py:93} INFO - 25/05/07 19:36:31 INFO DAGScheduler: Parents of final stage: List()
[2025-05-07T19:36:31.705+0000] {subprocess.py:93} INFO - 25/05/07 19:36:31 INFO DAGScheduler: Missing parents: List()
[2025-05-07T19:36:31.706+0000] {subprocess.py:93} INFO - 25/05/07 19:36:31 INFO DAGScheduler: Submitting ResultStage 10 (MapPartitionsRDD[23] at save at NativeMethodAccessorImpl.java:0), which has no missing parents
[2025-05-07T19:36:31.723+0000] {subprocess.py:93} INFO - 25/05/07 19:36:31 INFO MemoryStore: Block broadcast_10 stored as values in memory (estimated size 223.5 KiB, free 433.5 MiB)
[2025-05-07T19:36:31.725+0000] {subprocess.py:93} INFO - 25/05/07 19:36:31 INFO MemoryStore: Block broadcast_10_piece0 stored as bytes in memory (estimated size 80.4 KiB, free 433.4 MiB)
[2025-05-07T19:36:31.726+0000] {subprocess.py:93} INFO - 25/05/07 19:36:31 INFO BlockManagerInfo: Added broadcast_10_piece0 in memory on 1a616c0a8036:40683 (size: 80.4 KiB, free: 434.2 MiB)
[2025-05-07T19:36:31.727+0000] {subprocess.py:93} INFO - 25/05/07 19:36:31 INFO SparkContext: Created broadcast 10 from broadcast at DAGScheduler.scala:1585
[2025-05-07T19:36:31.727+0000] {subprocess.py:93} INFO - 25/05/07 19:36:31 INFO DAGScheduler: Submitting 1 missing tasks from ResultStage 10 (MapPartitionsRDD[23] at save at NativeMethodAccessorImpl.java:0) (first 15 tasks are for partitions Vector(0))
[2025-05-07T19:36:31.728+0000] {subprocess.py:93} INFO - 25/05/07 19:36:31 INFO TaskSchedulerImpl: Adding task set 10.0 with 1 tasks resource profile 0
[2025-05-07T19:36:31.728+0000] {subprocess.py:93} INFO - 25/05/07 19:36:31 INFO TaskSetManager: Starting task 0.0 in stage 10.0 (TID 6) (1a616c0a8036, executor driver, partition 0, PROCESS_LOCAL, 9607 bytes)
[2025-05-07T19:36:31.729+0000] {subprocess.py:93} INFO - 25/05/07 19:36:31 INFO Executor: Running task 0.0 in stage 10.0 (TID 6)
[2025-05-07T19:36:31.771+0000] {subprocess.py:93} INFO - 25/05/07 19:36:31 INFO CodeGenerator: Code generated in 14.3688 ms
[2025-05-07T19:36:31.773+0000] {subprocess.py:93} INFO - 25/05/07 19:36:31 INFO FileOutputCommitter: File Output Committer Algorithm version is 1
[2025-05-07T19:36:31.773+0000] {subprocess.py:93} INFO - 25/05/07 19:36:31 INFO FileOutputCommitter: FileOutputCommitter skip cleanup _temporary folders under output directory:false, ignore cleanup failures: false
[2025-05-07T19:36:31.773+0000] {subprocess.py:93} INFO - 25/05/07 19:36:31 INFO SQLHadoopMapReduceCommitProtocol: Using user defined output committer class org.apache.parquet.hadoop.ParquetOutputCommitter
[2025-05-07T19:36:31.774+0000] {subprocess.py:93} INFO - 25/05/07 19:36:31 INFO FileOutputCommitter: File Output Committer Algorithm version is 1
[2025-05-07T19:36:31.774+0000] {subprocess.py:93} INFO - 25/05/07 19:36:31 INFO FileOutputCommitter: FileOutputCommitter skip cleanup _temporary folders under output directory:false, ignore cleanup failures: false
[2025-05-07T19:36:31.774+0000] {subprocess.py:93} INFO - 25/05/07 19:36:31 INFO SQLHadoopMapReduceCommitProtocol: Using output committer class org.apache.parquet.hadoop.ParquetOutputCommitter
[2025-05-07T19:36:31.778+0000] {subprocess.py:93} INFO - 25/05/07 19:36:31 INFO CodecConfig: Compression: SNAPPY
[2025-05-07T19:36:31.781+0000] {subprocess.py:93} INFO - 25/05/07 19:36:31 INFO CodecConfig: Compression: SNAPPY
[2025-05-07T19:36:31.800+0000] {subprocess.py:93} INFO - 25/05/07 19:36:31 INFO ParquetOutputFormat: ParquetRecordWriter [block size: 134217728b, row group padding size: 8388608b, validating: false]
[2025-05-07T19:36:31.825+0000] {subprocess.py:93} INFO - 25/05/07 19:36:31 INFO ParquetWriteSupport: Initialized Parquet WriteSupport with Catalyst schema:
[2025-05-07T19:36:31.825+0000] {subprocess.py:93} INFO - {
[2025-05-07T19:36:31.826+0000] {subprocess.py:93} INFO -   "type" : "struct",
[2025-05-07T19:36:31.826+0000] {subprocess.py:93} INFO -   "fields" : [ {
[2025-05-07T19:36:31.826+0000] {subprocess.py:93} INFO -     "name" : "continent",
[2025-05-07T19:36:31.827+0000] {subprocess.py:93} INFO -     "type" : "string",
[2025-05-07T19:36:31.827+0000] {subprocess.py:93} INFO -     "nullable" : true,
[2025-05-07T19:36:31.827+0000] {subprocess.py:93} INFO -     "metadata" : { }
[2025-05-07T19:36:31.827+0000] {subprocess.py:93} INFO -   }, {
[2025-05-07T19:36:31.828+0000] {subprocess.py:93} INFO -     "name" : "country",
[2025-05-07T19:36:31.828+0000] {subprocess.py:93} INFO -     "type" : "string",
[2025-05-07T19:36:31.828+0000] {subprocess.py:93} INFO -     "nullable" : true,
[2025-05-07T19:36:31.828+0000] {subprocess.py:93} INFO -     "metadata" : { }
[2025-05-07T19:36:31.829+0000] {subprocess.py:93} INFO -   }, {
[2025-05-07T19:36:31.829+0000] {subprocess.py:93} INFO -     "name" : "cases",
[2025-05-07T19:36:31.829+0000] {subprocess.py:93} INFO -     "type" : "long",
[2025-05-07T19:36:31.829+0000] {subprocess.py:93} INFO -     "nullable" : true,
[2025-05-07T19:36:31.830+0000] {subprocess.py:93} INFO -     "metadata" : { }
[2025-05-07T19:36:31.830+0000] {subprocess.py:93} INFO -   }, {
[2025-05-07T19:36:31.830+0000] {subprocess.py:93} INFO -     "name" : "deaths",
[2025-05-07T19:36:31.831+0000] {subprocess.py:93} INFO -     "type" : "long",
[2025-05-07T19:36:31.831+0000] {subprocess.py:93} INFO -     "nullable" : true,
[2025-05-07T19:36:31.832+0000] {subprocess.py:93} INFO -     "metadata" : { }
[2025-05-07T19:36:31.832+0000] {subprocess.py:93} INFO -   }, {
[2025-05-07T19:36:31.832+0000] {subprocess.py:93} INFO -     "name" : "recovered",
[2025-05-07T19:36:31.833+0000] {subprocess.py:93} INFO -     "type" : "long",
[2025-05-07T19:36:31.833+0000] {subprocess.py:93} INFO -     "nullable" : true,
[2025-05-07T19:36:31.834+0000] {subprocess.py:93} INFO -     "metadata" : { }
[2025-05-07T19:36:31.834+0000] {subprocess.py:93} INFO -   }, {
[2025-05-07T19:36:31.834+0000] {subprocess.py:93} INFO -     "name" : "egypt_time",
[2025-05-07T19:36:31.834+0000] {subprocess.py:93} INFO -     "type" : "timestamp",
[2025-05-07T19:36:31.835+0000] {subprocess.py:93} INFO -     "nullable" : true,
[2025-05-07T19:36:31.835+0000] {subprocess.py:93} INFO -     "metadata" : { }
[2025-05-07T19:36:31.836+0000] {subprocess.py:93} INFO -   } ]
[2025-05-07T19:36:31.836+0000] {subprocess.py:93} INFO - }
[2025-05-07T19:36:31.836+0000] {subprocess.py:93} INFO - and corresponding Parquet message type:
[2025-05-07T19:36:31.837+0000] {subprocess.py:93} INFO - message spark_schema {
[2025-05-07T19:36:31.837+0000] {subprocess.py:93} INFO -   optional binary continent (STRING);
[2025-05-07T19:36:31.837+0000] {subprocess.py:93} INFO -   optional binary country (STRING);
[2025-05-07T19:36:31.838+0000] {subprocess.py:93} INFO -   optional int64 cases;
[2025-05-07T19:36:31.838+0000] {subprocess.py:93} INFO -   optional int64 deaths;
[2025-05-07T19:36:31.838+0000] {subprocess.py:93} INFO -   optional int64 recovered;
[2025-05-07T19:36:31.838+0000] {subprocess.py:93} INFO -   optional int96 egypt_time;
[2025-05-07T19:36:31.839+0000] {subprocess.py:93} INFO - }
[2025-05-07T19:36:31.839+0000] {subprocess.py:93} INFO - 
[2025-05-07T19:36:31.839+0000] {subprocess.py:93} INFO - 
[2025-05-07T19:36:31.947+0000] {subprocess.py:93} INFO - 25/05/07 19:36:31 INFO CodecPool: Got brand-new compressor [.snappy]
[2025-05-07T19:36:32.109+0000] {subprocess.py:93} INFO - 25/05/07 19:36:32 INFO FileScanRDD: Reading File path: file:///opt/***/dags/CoronaProj/data.json, range: 0-213782, partition values: [empty row]
[2025-05-07T19:36:32.493+0000] {subprocess.py:93} INFO - 25/05/07 19:36:32 INFO BlockManagerInfo: Removed broadcast_8_piece0 on 1a616c0a8036:40683 in memory (size: 5.9 KiB, free: 434.2 MiB)
[2025-05-07T19:36:32.500+0000] {subprocess.py:93} INFO - 25/05/07 19:36:32 INFO BlockManagerInfo: Removed broadcast_5_piece0 on 1a616c0a8036:40683 in memory (size: 34.5 KiB, free: 434.3 MiB)
[2025-05-07T19:36:32.566+0000] {subprocess.py:93} INFO - 25/05/07 19:36:32 INFO FileOutputCommitter: Saved output of task 'attempt_202505071936312504456159958374287_0010_m_000000_6' to file:/opt/***/dags/CoronaProj/GeneratedData/2025-05-07 19:36:31.470569/data.csv/_temporary/0/task_202505071936312504456159958374287_0010_m_000000
[2025-05-07T19:36:32.567+0000] {subprocess.py:93} INFO - 25/05/07 19:36:32 INFO SparkHadoopMapRedUtil: attempt_202505071936312504456159958374287_0010_m_000000_6: Committed. Elapsed time: 31 ms.
[2025-05-07T19:36:32.573+0000] {subprocess.py:93} INFO - 25/05/07 19:36:32 INFO Executor: Finished task 0.0 in stage 10.0 (TID 6). 2669 bytes result sent to driver
[2025-05-07T19:36:32.574+0000] {subprocess.py:93} INFO - 25/05/07 19:36:32 INFO TaskSetManager: Finished task 0.0 in stage 10.0 (TID 6) in 846 ms on 1a616c0a8036 (executor driver) (1/1)
[2025-05-07T19:36:32.574+0000] {subprocess.py:93} INFO - 25/05/07 19:36:32 INFO TaskSchedulerImpl: Removed TaskSet 10.0, whose tasks have all completed, from pool
[2025-05-07T19:36:32.575+0000] {subprocess.py:93} INFO - 25/05/07 19:36:32 INFO DAGScheduler: ResultStage 10 (save at NativeMethodAccessorImpl.java:0) finished in 0.870 s
[2025-05-07T19:36:32.575+0000] {subprocess.py:93} INFO - 25/05/07 19:36:32 INFO DAGScheduler: Job 6 is finished. Cancelling potential speculative or zombie tasks for this job
[2025-05-07T19:36:32.576+0000] {subprocess.py:93} INFO - 25/05/07 19:36:32 INFO TaskSchedulerImpl: Killing all running tasks in stage 10: Stage finished
[2025-05-07T19:36:32.576+0000] {subprocess.py:93} INFO - 25/05/07 19:36:32 INFO DAGScheduler: Job 6 finished: save at NativeMethodAccessorImpl.java:0, took 0.874533 s
[2025-05-07T19:36:32.577+0000] {subprocess.py:93} INFO - 25/05/07 19:36:32 INFO FileFormatWriter: Start to commit write Job 0f75727f-dee5-42cc-80c6-95a9f75efb93.
[2025-05-07T19:36:32.749+0000] {subprocess.py:93} INFO - 25/05/07 19:36:32 INFO FileFormatWriter: Write Job 0f75727f-dee5-42cc-80c6-95a9f75efb93 committed. Elapsed time: 170 ms.
[2025-05-07T19:36:32.751+0000] {subprocess.py:93} INFO - 25/05/07 19:36:32 INFO FileFormatWriter: Finished processing stats for write job 0f75727f-dee5-42cc-80c6-95a9f75efb93.
[2025-05-07T19:36:32.893+0000] {subprocess.py:93} INFO - Traceback (most recent call last):
[2025-05-07T19:36:32.894+0000] {subprocess.py:93} INFO -   File "/opt/***/dags/CoronaProj/Spark_script_process.py", line 118, in <module>
[2025-05-07T19:36:32.895+0000] {subprocess.py:93} INFO -     .save()
[2025-05-07T19:36:32.896+0000] {subprocess.py:93} INFO -   File "/home/***/.local/lib/python3.10/site-packages/pyspark/python/lib/pyspark.zip/pyspark/sql/readwriter.py", line 1461, in save
[2025-05-07T19:36:32.896+0000] {subprocess.py:93} INFO -   File "/home/***/.local/lib/python3.10/site-packages/pyspark/python/lib/py4j-0.10.9.7-src.zip/py4j/java_gateway.py", line 1322, in __call__
[2025-05-07T19:36:32.896+0000] {subprocess.py:93} INFO -   File "/home/***/.local/lib/python3.10/site-packages/pyspark/python/lib/pyspark.zip/pyspark/errors/exceptions/captured.py", line 179, in deco
[2025-05-07T19:36:32.897+0000] {subprocess.py:93} INFO -   File "/home/***/.local/lib/python3.10/site-packages/pyspark/python/lib/py4j-0.10.9.7-src.zip/py4j/protocol.py", line 326, in get_return_value
[2025-05-07T19:36:32.897+0000] {subprocess.py:93} INFO - py4j.protocol.Py4JJavaError: An error occurred while calling o87.save.
[2025-05-07T19:36:32.897+0000] {subprocess.py:93} INFO - : org.postgresql.util.PSQLException: Connection to localhost:5432 refused. Check that the hostname and port are correct and that the postmaster is accepting TCP/IP connections.
[2025-05-07T19:36:32.898+0000] {subprocess.py:93} INFO - 	at org.postgresql.core.v3.ConnectionFactoryImpl.openConnectionImpl(ConnectionFactoryImpl.java:352)
[2025-05-07T19:36:32.898+0000] {subprocess.py:93} INFO - 	at org.postgresql.core.ConnectionFactory.openConnection(ConnectionFactory.java:54)
[2025-05-07T19:36:32.898+0000] {subprocess.py:93} INFO - 	at org.postgresql.jdbc.PgConnection.<init>(PgConnection.java:273)
[2025-05-07T19:36:32.898+0000] {subprocess.py:93} INFO - 	at org.postgresql.Driver.makeConnection(Driver.java:446)
[2025-05-07T19:36:32.899+0000] {subprocess.py:93} INFO - 	at org.postgresql.Driver.connect(Driver.java:298)
[2025-05-07T19:36:32.899+0000] {subprocess.py:93} INFO - 	at org.apache.spark.sql.execution.datasources.jdbc.connection.BasicConnectionProvider.getConnection(BasicConnectionProvider.scala:49)
[2025-05-07T19:36:32.899+0000] {subprocess.py:93} INFO - 	at org.apache.spark.sql.execution.datasources.jdbc.connection.ConnectionProviderBase.create(ConnectionProvider.scala:102)
[2025-05-07T19:36:32.900+0000] {subprocess.py:93} INFO - 	at org.apache.spark.sql.jdbc.JdbcDialect.$anonfun$createConnectionFactory$1(JdbcDialects.scala:161)
[2025-05-07T19:36:32.900+0000] {subprocess.py:93} INFO - 	at org.apache.spark.sql.jdbc.JdbcDialect.$anonfun$createConnectionFactory$1$adapted(JdbcDialects.scala:157)
[2025-05-07T19:36:32.900+0000] {subprocess.py:93} INFO - 	at org.apache.spark.sql.execution.datasources.jdbc.JdbcRelationProvider.createRelation(JdbcRelationProvider.scala:50)
[2025-05-07T19:36:32.900+0000] {subprocess.py:93} INFO - 	at org.apache.spark.sql.execution.datasources.SaveIntoDataSourceCommand.run(SaveIntoDataSourceCommand.scala:48)
[2025-05-07T19:36:32.901+0000] {subprocess.py:93} INFO - 	at org.apache.spark.sql.execution.command.ExecutedCommandExec.sideEffectResult$lzycompute(commands.scala:75)
[2025-05-07T19:36:32.901+0000] {subprocess.py:93} INFO - 	at org.apache.spark.sql.execution.command.ExecutedCommandExec.sideEffectResult(commands.scala:73)
[2025-05-07T19:36:32.902+0000] {subprocess.py:93} INFO - 	at org.apache.spark.sql.execution.command.ExecutedCommandExec.executeCollect(commands.scala:84)
[2025-05-07T19:36:32.902+0000] {subprocess.py:93} INFO - 	at org.apache.spark.sql.execution.QueryExecution$$anonfun$eagerlyExecuteCommands$1.$anonfun$applyOrElse$1(QueryExecution.scala:107)
[2025-05-07T19:36:32.902+0000] {subprocess.py:93} INFO - 	at org.apache.spark.sql.execution.SQLExecution$.$anonfun$withNewExecutionId$6(SQLExecution.scala:125)
[2025-05-07T19:36:32.903+0000] {subprocess.py:93} INFO - 	at org.apache.spark.sql.execution.SQLExecution$.withSQLConfPropagated(SQLExecution.scala:201)
[2025-05-07T19:36:32.903+0000] {subprocess.py:93} INFO - 	at org.apache.spark.sql.execution.SQLExecution$.$anonfun$withNewExecutionId$1(SQLExecution.scala:108)
[2025-05-07T19:36:32.903+0000] {subprocess.py:93} INFO - 	at org.apache.spark.sql.SparkSession.withActive(SparkSession.scala:900)
[2025-05-07T19:36:32.904+0000] {subprocess.py:93} INFO - 	at org.apache.spark.sql.execution.SQLExecution$.withNewExecutionId(SQLExecution.scala:66)
[2025-05-07T19:36:32.904+0000] {subprocess.py:93} INFO - 	at org.apache.spark.sql.execution.QueryExecution$$anonfun$eagerlyExecuteCommands$1.applyOrElse(QueryExecution.scala:107)
[2025-05-07T19:36:32.904+0000] {subprocess.py:93} INFO - 	at org.apache.spark.sql.execution.QueryExecution$$anonfun$eagerlyExecuteCommands$1.applyOrElse(QueryExecution.scala:98)
[2025-05-07T19:36:32.904+0000] {subprocess.py:93} INFO - 	at org.apache.spark.sql.catalyst.trees.TreeNode.$anonfun$transformDownWithPruning$1(TreeNode.scala:461)
[2025-05-07T19:36:32.905+0000] {subprocess.py:93} INFO - 	at org.apache.spark.sql.catalyst.trees.CurrentOrigin$.withOrigin(origin.scala:76)
[2025-05-07T19:36:32.905+0000] {subprocess.py:93} INFO - 	at org.apache.spark.sql.catalyst.trees.TreeNode.transformDownWithPruning(TreeNode.scala:461)
[2025-05-07T19:36:32.905+0000] {subprocess.py:93} INFO - 	at org.apache.spark.sql.catalyst.plans.logical.LogicalPlan.org$apache$spark$sql$catalyst$plans$logical$AnalysisHelper$$super$transformDownWithPruning(LogicalPlan.scala:32)
[2025-05-07T19:36:32.906+0000] {subprocess.py:93} INFO - 	at org.apache.spark.sql.catalyst.plans.logical.AnalysisHelper.transformDownWithPruning(AnalysisHelper.scala:267)
[2025-05-07T19:36:32.906+0000] {subprocess.py:93} INFO - 	at org.apache.spark.sql.catalyst.plans.logical.AnalysisHelper.transformDownWithPruning$(AnalysisHelper.scala:263)
[2025-05-07T19:36:32.906+0000] {subprocess.py:93} INFO - 	at org.apache.spark.sql.catalyst.plans.logical.LogicalPlan.transformDownWithPruning(LogicalPlan.scala:32)
[2025-05-07T19:36:32.906+0000] {subprocess.py:93} INFO - 	at org.apache.spark.sql.catalyst.plans.logical.LogicalPlan.transformDownWithPruning(LogicalPlan.scala:32)
[2025-05-07T19:36:32.907+0000] {subprocess.py:93} INFO - 	at org.apache.spark.sql.catalyst.trees.TreeNode.transformDown(TreeNode.scala:437)
[2025-05-07T19:36:32.907+0000] {subprocess.py:93} INFO - 	at org.apache.spark.sql.execution.QueryExecution.eagerlyExecuteCommands(QueryExecution.scala:98)
[2025-05-07T19:36:32.907+0000] {subprocess.py:93} INFO - 	at org.apache.spark.sql.execution.QueryExecution.commandExecuted$lzycompute(QueryExecution.scala:85)
[2025-05-07T19:36:32.907+0000] {subprocess.py:93} INFO - 	at org.apache.spark.sql.execution.QueryExecution.commandExecuted(QueryExecution.scala:83)
[2025-05-07T19:36:32.908+0000] {subprocess.py:93} INFO - 	at org.apache.spark.sql.execution.QueryExecution.assertCommandExecuted(QueryExecution.scala:142)
[2025-05-07T19:36:32.908+0000] {subprocess.py:93} INFO - 	at org.apache.spark.sql.DataFrameWriter.runCommand(DataFrameWriter.scala:869)
[2025-05-07T19:36:32.908+0000] {subprocess.py:93} INFO - 	at org.apache.spark.sql.DataFrameWriter.saveToV1Source(DataFrameWriter.scala:391)
[2025-05-07T19:36:32.909+0000] {subprocess.py:93} INFO - 	at org.apache.spark.sql.DataFrameWriter.saveInternal(DataFrameWriter.scala:364)
[2025-05-07T19:36:32.909+0000] {subprocess.py:93} INFO - 	at org.apache.spark.sql.DataFrameWriter.save(DataFrameWriter.scala:251)
[2025-05-07T19:36:32.909+0000] {subprocess.py:93} INFO - 	at java.base/jdk.internal.reflect.NativeMethodAccessorImpl.invoke0(Native Method)
[2025-05-07T19:36:32.909+0000] {subprocess.py:93} INFO - 	at java.base/jdk.internal.reflect.NativeMethodAccessorImpl.invoke(NativeMethodAccessorImpl.java:77)
[2025-05-07T19:36:32.910+0000] {subprocess.py:93} INFO - 	at java.base/jdk.internal.reflect.DelegatingMethodAccessorImpl.invoke(DelegatingMethodAccessorImpl.java:43)
[2025-05-07T19:36:32.910+0000] {subprocess.py:93} INFO - 	at java.base/java.lang.reflect.Method.invoke(Method.java:569)
[2025-05-07T19:36:32.910+0000] {subprocess.py:93} INFO - 	at py4j.reflection.MethodInvoker.invoke(MethodInvoker.java:244)
[2025-05-07T19:36:32.911+0000] {subprocess.py:93} INFO - 	at py4j.reflection.ReflectionEngine.invoke(ReflectionEngine.java:374)
[2025-05-07T19:36:32.911+0000] {subprocess.py:93} INFO - 	at py4j.Gateway.invoke(Gateway.java:282)
[2025-05-07T19:36:32.911+0000] {subprocess.py:93} INFO - 	at py4j.commands.AbstractCommand.invokeMethod(AbstractCommand.java:132)
[2025-05-07T19:36:32.911+0000] {subprocess.py:93} INFO - 	at py4j.commands.CallCommand.execute(CallCommand.java:79)
[2025-05-07T19:36:32.912+0000] {subprocess.py:93} INFO - 	at py4j.ClientServerConnection.waitForCommands(ClientServerConnection.java:182)
[2025-05-07T19:36:32.912+0000] {subprocess.py:93} INFO - 	at py4j.ClientServerConnection.run(ClientServerConnection.java:106)
[2025-05-07T19:36:32.912+0000] {subprocess.py:93} INFO - 	at java.base/java.lang.Thread.run(Thread.java:840)
[2025-05-07T19:36:32.913+0000] {subprocess.py:93} INFO - Caused by: java.net.ConnectException: Connection refused
[2025-05-07T19:36:32.913+0000] {subprocess.py:93} INFO - 	at java.base/sun.nio.ch.Net.pollConnect(Native Method)
[2025-05-07T19:36:32.913+0000] {subprocess.py:93} INFO - 	at java.base/sun.nio.ch.Net.pollConnectNow(Net.java:672)
[2025-05-07T19:36:32.914+0000] {subprocess.py:93} INFO - 	at java.base/sun.nio.ch.NioSocketImpl.timedFinishConnect(NioSocketImpl.java:547)
[2025-05-07T19:36:32.914+0000] {subprocess.py:93} INFO - 	at java.base/sun.nio.ch.NioSocketImpl.connect(NioSocketImpl.java:602)
[2025-05-07T19:36:32.914+0000] {subprocess.py:93} INFO - 	at java.base/java.net.SocksSocketImpl.connect(SocksSocketImpl.java:327)
[2025-05-07T19:36:32.915+0000] {subprocess.py:93} INFO - 	at java.base/java.net.Socket.connect(Socket.java:633)
[2025-05-07T19:36:32.915+0000] {subprocess.py:93} INFO - 	at org.postgresql.core.PGStream.createSocket(PGStream.java:260)
[2025-05-07T19:36:32.915+0000] {subprocess.py:93} INFO - 	at org.postgresql.core.PGStream.<init>(PGStream.java:121)
[2025-05-07T19:36:32.915+0000] {subprocess.py:93} INFO - 	at org.postgresql.core.v3.ConnectionFactoryImpl.tryConnect(ConnectionFactoryImpl.java:140)
[2025-05-07T19:36:32.916+0000] {subprocess.py:93} INFO - 	at org.postgresql.core.v3.ConnectionFactoryImpl.openConnectionImpl(ConnectionFactoryImpl.java:268)
[2025-05-07T19:36:32.916+0000] {subprocess.py:93} INFO - 	... 50 more
[2025-05-07T19:36:32.916+0000] {subprocess.py:93} INFO - 
[2025-05-07T19:36:32.939+0000] {subprocess.py:93} INFO - 25/05/07 19:36:32 INFO SparkContext: Invoking stop() from shutdown hook
[2025-05-07T19:36:32.940+0000] {subprocess.py:93} INFO - 25/05/07 19:36:32 INFO SparkContext: SparkContext is stopping with exitCode 0.
[2025-05-07T19:36:32.948+0000] {subprocess.py:93} INFO - 25/05/07 19:36:32 INFO SparkUI: Stopped Spark web UI at http://1a616c0a8036:4040
[2025-05-07T19:36:32.957+0000] {subprocess.py:93} INFO - 25/05/07 19:36:32 INFO MapOutputTrackerMasterEndpoint: MapOutputTrackerMasterEndpoint stopped!
[2025-05-07T19:36:32.970+0000] {subprocess.py:93} INFO - 25/05/07 19:36:32 INFO MemoryStore: MemoryStore cleared
[2025-05-07T19:36:32.971+0000] {subprocess.py:93} INFO - 25/05/07 19:36:32 INFO BlockManager: BlockManager stopped
[2025-05-07T19:36:32.974+0000] {subprocess.py:93} INFO - 25/05/07 19:36:32 INFO BlockManagerMaster: BlockManagerMaster stopped
[2025-05-07T19:36:32.976+0000] {subprocess.py:93} INFO - 25/05/07 19:36:32 INFO OutputCommitCoordinator$OutputCommitCoordinatorEndpoint: OutputCommitCoordinator stopped!
[2025-05-07T19:36:32.983+0000] {subprocess.py:93} INFO - 25/05/07 19:36:32 INFO SparkContext: Successfully stopped SparkContext
[2025-05-07T19:36:32.983+0000] {subprocess.py:93} INFO - 25/05/07 19:36:32 INFO ShutdownHookManager: Shutdown hook called
[2025-05-07T19:36:32.984+0000] {subprocess.py:93} INFO - 25/05/07 19:36:32 INFO ShutdownHookManager: Deleting directory /tmp/spark-3d7c3520-8b5b-42a4-86b4-8caf97e316e2
[2025-05-07T19:36:32.987+0000] {subprocess.py:93} INFO - 25/05/07 19:36:32 INFO ShutdownHookManager: Deleting directory /tmp/spark-3d7c3520-8b5b-42a4-86b4-8caf97e316e2/pyspark-395df3c1-2a6c-41ba-b7b4-d622b7edbd46
[2025-05-07T19:36:32.991+0000] {subprocess.py:93} INFO - 25/05/07 19:36:32 INFO ShutdownHookManager: Deleting directory /tmp/spark-a4be107b-cb58-4d74-a6c8-8ad9ab2a5c5b
[2025-05-07T19:36:33.023+0000] {subprocess.py:97} INFO - Command exited with return code 1
[2025-05-07T19:36:33.032+0000] {taskinstance.py:2698} ERROR - Task failed with exception
Traceback (most recent call last):
  File "/home/airflow/.local/lib/python3.10/site-packages/airflow/models/taskinstance.py", line 433, in _execute_task
    result = execute_callable(context=context, **execute_callable_kwargs)
  File "/home/airflow/.local/lib/python3.10/site-packages/airflow/operators/bash.py", line 212, in execute
    raise AirflowException(
airflow.exceptions.AirflowException: Bash command failed. The command returned a non-zero exit code 1.
[2025-05-07T19:36:33.034+0000] {taskinstance.py:1138} INFO - Marking task as FAILED. dag_id=Simple_Corona_project, task_id=Spark_Processing, execution_date=20250507T193620, start_date=20250507T193623, end_date=20250507T193633
[2025-05-07T19:36:33.046+0000] {standard_task_runner.py:107} ERROR - Failed to execute job 39 for task Spark_Processing (Bash command failed. The command returned a non-zero exit code 1.; 783)
[2025-05-07T19:36:33.081+0000] {local_task_job_runner.py:234} INFO - Task exited with return code 1
[2025-05-07T19:36:33.094+0000] {taskinstance.py:3280} INFO - 0 downstream tasks scheduled from follow-on schedule check
