[2025-05-07T19:20:20.261+0000] {processor.py:161} INFO - Started process (PID=34) to work on /opt/airflow/dags/Project_tasks2.py
[2025-05-07T19:20:20.262+0000] {processor.py:830} INFO - Processing file /opt/airflow/dags/Project_tasks2.py for tasks to queue
[2025-05-07T19:20:20.265+0000] {logging_mixin.py:188} INFO - [2025-05-07T19:20:20.264+0000] {dagbag.py:538} INFO - Filling up the DagBag from /opt/airflow/dags/Project_tasks2.py
[2025-05-07T19:20:20.299+0000] {processor.py:840} INFO - DAG(s) 'Simple_Corona_project' retrieved from /opt/airflow/dags/Project_tasks2.py
[2025-05-07T19:20:20.562+0000] {logging_mixin.py:188} INFO - [2025-05-07T19:20:20.561+0000] {override.py:1769} INFO - Created Permission View: can delete on DAG:Simple_Corona_project
[2025-05-07T19:20:20.572+0000] {logging_mixin.py:188} INFO - [2025-05-07T19:20:20.572+0000] {override.py:1769} INFO - Created Permission View: can read on DAG:Simple_Corona_project
[2025-05-07T19:20:20.581+0000] {logging_mixin.py:188} INFO - [2025-05-07T19:20:20.581+0000] {override.py:1769} INFO - Created Permission View: can edit on DAG:Simple_Corona_project
[2025-05-07T19:20:20.582+0000] {logging_mixin.py:188} INFO - [2025-05-07T19:20:20.581+0000] {dag.py:3036} INFO - Sync 1 DAGs
[2025-05-07T19:20:20.596+0000] {logging_mixin.py:188} INFO - [2025-05-07T19:20:20.595+0000] {dag.py:3058} INFO - Creating ORM DAG for Simple_Corona_project
[2025-05-07T19:20:20.606+0000] {logging_mixin.py:188} INFO - [2025-05-07T19:20:20.606+0000] {dag.py:3823} INFO - Setting next_dagrun for Simple_Corona_project to 2025-05-07 18:40:00+00:00, run_after=2025-05-07 19:20:00+00:00
[2025-05-07T19:20:20.623+0000] {processor.py:183} INFO - Processing /opt/airflow/dags/Project_tasks2.py took 0.367 seconds
[2025-05-07T19:20:50.763+0000] {processor.py:161} INFO - Started process (PID=42) to work on /opt/airflow/dags/Project_tasks2.py
[2025-05-07T19:20:50.764+0000] {processor.py:830} INFO - Processing file /opt/airflow/dags/Project_tasks2.py for tasks to queue
[2025-05-07T19:20:50.765+0000] {logging_mixin.py:188} INFO - [2025-05-07T19:20:50.765+0000] {dagbag.py:538} INFO - Filling up the DagBag from /opt/airflow/dags/Project_tasks2.py
[2025-05-07T19:20:50.784+0000] {processor.py:840} INFO - DAG(s) 'Simple_Corona_project' retrieved from /opt/airflow/dags/Project_tasks2.py
[2025-05-07T19:20:50.812+0000] {logging_mixin.py:188} INFO - [2025-05-07T19:20:50.812+0000] {dag.py:3036} INFO - Sync 1 DAGs
[2025-05-07T19:20:50.836+0000] {logging_mixin.py:188} INFO - [2025-05-07T19:20:50.836+0000] {dag.py:3823} INFO - Setting next_dagrun for Simple_Corona_project to 2025-05-07 18:40:00+00:00, run_after=2025-05-07 19:20:00+00:00
[2025-05-07T19:20:50.855+0000] {processor.py:183} INFO - Processing /opt/airflow/dags/Project_tasks2.py took 0.095 seconds
[2025-05-07T19:21:21.196+0000] {processor.py:161} INFO - Started process (PID=50) to work on /opt/airflow/dags/Project_tasks2.py
[2025-05-07T19:21:21.197+0000] {processor.py:830} INFO - Processing file /opt/airflow/dags/Project_tasks2.py for tasks to queue
[2025-05-07T19:21:21.199+0000] {logging_mixin.py:188} INFO - [2025-05-07T19:21:21.199+0000] {dagbag.py:538} INFO - Filling up the DagBag from /opt/airflow/dags/Project_tasks2.py
[2025-05-07T19:21:21.216+0000] {processor.py:840} INFO - DAG(s) 'Simple_Corona_project' retrieved from /opt/airflow/dags/Project_tasks2.py
[2025-05-07T19:21:21.239+0000] {logging_mixin.py:188} INFO - [2025-05-07T19:21:21.239+0000] {dag.py:3036} INFO - Sync 1 DAGs
[2025-05-07T19:21:21.260+0000] {logging_mixin.py:188} INFO - [2025-05-07T19:21:21.260+0000] {dag.py:3823} INFO - Setting next_dagrun for Simple_Corona_project to 2025-05-07 19:20:00+00:00, run_after=2025-05-07 20:00:00+00:00
[2025-05-07T19:21:21.276+0000] {processor.py:183} INFO - Processing /opt/airflow/dags/Project_tasks2.py took 0.083 seconds
[2025-05-07T19:21:51.643+0000] {processor.py:161} INFO - Started process (PID=58) to work on /opt/airflow/dags/Project_tasks2.py
[2025-05-07T19:21:51.644+0000] {processor.py:830} INFO - Processing file /opt/airflow/dags/Project_tasks2.py for tasks to queue
[2025-05-07T19:21:51.646+0000] {logging_mixin.py:188} INFO - [2025-05-07T19:21:51.646+0000] {dagbag.py:538} INFO - Filling up the DagBag from /opt/airflow/dags/Project_tasks2.py
[2025-05-07T19:21:51.663+0000] {processor.py:840} INFO - DAG(s) 'Simple_Corona_project' retrieved from /opt/airflow/dags/Project_tasks2.py
[2025-05-07T19:21:51.687+0000] {logging_mixin.py:188} INFO - [2025-05-07T19:21:51.687+0000] {dag.py:3036} INFO - Sync 1 DAGs
[2025-05-07T19:21:51.709+0000] {logging_mixin.py:188} INFO - [2025-05-07T19:21:51.709+0000] {dag.py:3823} INFO - Setting next_dagrun for Simple_Corona_project to 2025-05-07 19:20:00+00:00, run_after=2025-05-07 20:00:00+00:00
[2025-05-07T19:21:51.726+0000] {processor.py:183} INFO - Processing /opt/airflow/dags/Project_tasks2.py took 0.086 seconds
[2025-05-07T19:22:22.072+0000] {processor.py:161} INFO - Started process (PID=66) to work on /opt/airflow/dags/Project_tasks2.py
[2025-05-07T19:22:22.073+0000] {processor.py:830} INFO - Processing file /opt/airflow/dags/Project_tasks2.py for tasks to queue
[2025-05-07T19:22:22.074+0000] {logging_mixin.py:188} INFO - [2025-05-07T19:22:22.074+0000] {dagbag.py:538} INFO - Filling up the DagBag from /opt/airflow/dags/Project_tasks2.py
[2025-05-07T19:22:22.090+0000] {processor.py:840} INFO - DAG(s) 'Simple_Corona_project' retrieved from /opt/airflow/dags/Project_tasks2.py
[2025-05-07T19:22:22.114+0000] {logging_mixin.py:188} INFO - [2025-05-07T19:22:22.114+0000] {dag.py:3036} INFO - Sync 1 DAGs
[2025-05-07T19:22:22.134+0000] {logging_mixin.py:188} INFO - [2025-05-07T19:22:22.134+0000] {dag.py:3823} INFO - Setting next_dagrun for Simple_Corona_project to 2025-05-07 19:20:00+00:00, run_after=2025-05-07 20:00:00+00:00
[2025-05-07T19:22:22.155+0000] {processor.py:183} INFO - Processing /opt/airflow/dags/Project_tasks2.py took 0.086 seconds
[2025-05-07T19:22:52.501+0000] {processor.py:161} INFO - Started process (PID=74) to work on /opt/airflow/dags/Project_tasks2.py
[2025-05-07T19:22:52.502+0000] {processor.py:830} INFO - Processing file /opt/airflow/dags/Project_tasks2.py for tasks to queue
[2025-05-07T19:22:52.504+0000] {logging_mixin.py:188} INFO - [2025-05-07T19:22:52.504+0000] {dagbag.py:538} INFO - Filling up the DagBag from /opt/airflow/dags/Project_tasks2.py
[2025-05-07T19:22:52.519+0000] {processor.py:840} INFO - DAG(s) 'Simple_Corona_project' retrieved from /opt/airflow/dags/Project_tasks2.py
[2025-05-07T19:22:52.541+0000] {logging_mixin.py:188} INFO - [2025-05-07T19:22:52.541+0000] {dag.py:3036} INFO - Sync 1 DAGs
[2025-05-07T19:22:52.563+0000] {logging_mixin.py:188} INFO - [2025-05-07T19:22:52.562+0000] {dag.py:3823} INFO - Setting next_dagrun for Simple_Corona_project to 2025-05-07 19:20:00+00:00, run_after=2025-05-07 20:00:00+00:00
[2025-05-07T19:22:52.579+0000] {processor.py:183} INFO - Processing /opt/airflow/dags/Project_tasks2.py took 0.082 seconds
[2025-05-07T19:23:22.912+0000] {processor.py:161} INFO - Started process (PID=82) to work on /opt/airflow/dags/Project_tasks2.py
[2025-05-07T19:23:22.913+0000] {processor.py:830} INFO - Processing file /opt/airflow/dags/Project_tasks2.py for tasks to queue
[2025-05-07T19:23:22.915+0000] {logging_mixin.py:188} INFO - [2025-05-07T19:23:22.915+0000] {dagbag.py:538} INFO - Filling up the DagBag from /opt/airflow/dags/Project_tasks2.py
[2025-05-07T19:23:22.931+0000] {processor.py:840} INFO - DAG(s) 'Simple_Corona_project' retrieved from /opt/airflow/dags/Project_tasks2.py
[2025-05-07T19:23:22.957+0000] {logging_mixin.py:188} INFO - [2025-05-07T19:23:22.957+0000] {dag.py:3036} INFO - Sync 1 DAGs
[2025-05-07T19:23:22.979+0000] {logging_mixin.py:188} INFO - [2025-05-07T19:23:22.979+0000] {dag.py:3823} INFO - Setting next_dagrun for Simple_Corona_project to 2025-05-07 19:20:00+00:00, run_after=2025-05-07 20:00:00+00:00
[2025-05-07T19:23:22.997+0000] {processor.py:183} INFO - Processing /opt/airflow/dags/Project_tasks2.py took 0.088 seconds
[2025-05-07T19:23:53.299+0000] {processor.py:161} INFO - Started process (PID=90) to work on /opt/airflow/dags/Project_tasks2.py
[2025-05-07T19:23:53.300+0000] {processor.py:830} INFO - Processing file /opt/airflow/dags/Project_tasks2.py for tasks to queue
[2025-05-07T19:23:53.301+0000] {logging_mixin.py:188} INFO - [2025-05-07T19:23:53.301+0000] {dagbag.py:538} INFO - Filling up the DagBag from /opt/airflow/dags/Project_tasks2.py
[2025-05-07T19:23:53.316+0000] {processor.py:840} INFO - DAG(s) 'Simple_Corona_project' retrieved from /opt/airflow/dags/Project_tasks2.py
[2025-05-07T19:23:53.342+0000] {logging_mixin.py:188} INFO - [2025-05-07T19:23:53.342+0000] {dag.py:3036} INFO - Sync 1 DAGs
[2025-05-07T19:23:53.364+0000] {logging_mixin.py:188} INFO - [2025-05-07T19:23:53.364+0000] {dag.py:3823} INFO - Setting next_dagrun for Simple_Corona_project to 2025-05-07 19:20:00+00:00, run_after=2025-05-07 20:00:00+00:00
[2025-05-07T19:23:53.380+0000] {processor.py:183} INFO - Processing /opt/airflow/dags/Project_tasks2.py took 0.085 seconds
[2025-05-07T19:24:23.679+0000] {processor.py:161} INFO - Started process (PID=98) to work on /opt/airflow/dags/Project_tasks2.py
[2025-05-07T19:24:23.680+0000] {processor.py:830} INFO - Processing file /opt/airflow/dags/Project_tasks2.py for tasks to queue
[2025-05-07T19:24:23.682+0000] {logging_mixin.py:188} INFO - [2025-05-07T19:24:23.682+0000] {dagbag.py:538} INFO - Filling up the DagBag from /opt/airflow/dags/Project_tasks2.py
[2025-05-07T19:24:23.699+0000] {processor.py:840} INFO - DAG(s) 'Simple_Corona_project' retrieved from /opt/airflow/dags/Project_tasks2.py
[2025-05-07T19:24:23.724+0000] {logging_mixin.py:188} INFO - [2025-05-07T19:24:23.724+0000] {dag.py:3036} INFO - Sync 1 DAGs
[2025-05-07T19:24:23.745+0000] {logging_mixin.py:188} INFO - [2025-05-07T19:24:23.745+0000] {dag.py:3823} INFO - Setting next_dagrun for Simple_Corona_project to 2025-05-07 19:20:00+00:00, run_after=2025-05-07 20:00:00+00:00
[2025-05-07T19:24:23.766+0000] {processor.py:183} INFO - Processing /opt/airflow/dags/Project_tasks2.py took 0.090 seconds
[2025-05-07T19:24:54.108+0000] {processor.py:161} INFO - Started process (PID=106) to work on /opt/airflow/dags/Project_tasks2.py
[2025-05-07T19:24:54.109+0000] {processor.py:830} INFO - Processing file /opt/airflow/dags/Project_tasks2.py for tasks to queue
[2025-05-07T19:24:54.110+0000] {logging_mixin.py:188} INFO - [2025-05-07T19:24:54.110+0000] {dagbag.py:538} INFO - Filling up the DagBag from /opt/airflow/dags/Project_tasks2.py
[2025-05-07T19:24:54.126+0000] {processor.py:840} INFO - DAG(s) 'Simple_Corona_project' retrieved from /opt/airflow/dags/Project_tasks2.py
[2025-05-07T19:24:54.149+0000] {logging_mixin.py:188} INFO - [2025-05-07T19:24:54.149+0000] {dag.py:3036} INFO - Sync 1 DAGs
[2025-05-07T19:24:54.170+0000] {logging_mixin.py:188} INFO - [2025-05-07T19:24:54.170+0000] {dag.py:3823} INFO - Setting next_dagrun for Simple_Corona_project to 2025-05-07 19:20:00+00:00, run_after=2025-05-07 20:00:00+00:00
[2025-05-07T19:24:54.186+0000] {processor.py:183} INFO - Processing /opt/airflow/dags/Project_tasks2.py took 0.082 seconds
[2025-05-07T19:25:25.112+0000] {processor.py:161} INFO - Started process (PID=115) to work on /opt/airflow/dags/Project_tasks2.py
[2025-05-07T19:25:25.112+0000] {processor.py:830} INFO - Processing file /opt/airflow/dags/Project_tasks2.py for tasks to queue
[2025-05-07T19:25:25.114+0000] {logging_mixin.py:188} INFO - [2025-05-07T19:25:25.114+0000] {dagbag.py:538} INFO - Filling up the DagBag from /opt/airflow/dags/Project_tasks2.py
[2025-05-07T19:25:25.130+0000] {processor.py:840} INFO - DAG(s) 'Simple_Corona_project' retrieved from /opt/airflow/dags/Project_tasks2.py
[2025-05-07T19:25:25.153+0000] {logging_mixin.py:188} INFO - [2025-05-07T19:25:25.152+0000] {dag.py:3036} INFO - Sync 1 DAGs
[2025-05-07T19:25:25.175+0000] {logging_mixin.py:188} INFO - [2025-05-07T19:25:25.174+0000] {dag.py:3823} INFO - Setting next_dagrun for Simple_Corona_project to 2025-05-07 19:20:00+00:00, run_after=2025-05-07 20:00:00+00:00
[2025-05-07T19:25:25.191+0000] {processor.py:183} INFO - Processing /opt/airflow/dags/Project_tasks2.py took 0.082 seconds
[2025-05-07T19:25:55.507+0000] {processor.py:161} INFO - Started process (PID=123) to work on /opt/airflow/dags/Project_tasks2.py
[2025-05-07T19:25:55.508+0000] {processor.py:830} INFO - Processing file /opt/airflow/dags/Project_tasks2.py for tasks to queue
[2025-05-07T19:25:55.510+0000] {logging_mixin.py:188} INFO - [2025-05-07T19:25:55.510+0000] {dagbag.py:538} INFO - Filling up the DagBag from /opt/airflow/dags/Project_tasks2.py
[2025-05-07T19:25:55.527+0000] {processor.py:840} INFO - DAG(s) 'Simple_Corona_project' retrieved from /opt/airflow/dags/Project_tasks2.py
[2025-05-07T19:25:55.550+0000] {logging_mixin.py:188} INFO - [2025-05-07T19:25:55.550+0000] {dag.py:3036} INFO - Sync 1 DAGs
[2025-05-07T19:25:55.570+0000] {logging_mixin.py:188} INFO - [2025-05-07T19:25:55.569+0000] {dag.py:3823} INFO - Setting next_dagrun for Simple_Corona_project to 2025-05-07 19:20:00+00:00, run_after=2025-05-07 20:00:00+00:00
[2025-05-07T19:25:55.585+0000] {processor.py:183} INFO - Processing /opt/airflow/dags/Project_tasks2.py took 0.083 seconds
[2025-05-07T19:26:25.892+0000] {processor.py:161} INFO - Started process (PID=131) to work on /opt/airflow/dags/Project_tasks2.py
[2025-05-07T19:26:25.893+0000] {processor.py:830} INFO - Processing file /opt/airflow/dags/Project_tasks2.py for tasks to queue
[2025-05-07T19:26:25.895+0000] {logging_mixin.py:188} INFO - [2025-05-07T19:26:25.895+0000] {dagbag.py:538} INFO - Filling up the DagBag from /opt/airflow/dags/Project_tasks2.py
[2025-05-07T19:26:25.911+0000] {processor.py:840} INFO - DAG(s) 'Simple_Corona_project' retrieved from /opt/airflow/dags/Project_tasks2.py
[2025-05-07T19:26:25.936+0000] {logging_mixin.py:188} INFO - [2025-05-07T19:26:25.935+0000] {dag.py:3036} INFO - Sync 1 DAGs
[2025-05-07T19:26:25.956+0000] {logging_mixin.py:188} INFO - [2025-05-07T19:26:25.956+0000] {dag.py:3823} INFO - Setting next_dagrun for Simple_Corona_project to 2025-05-07 19:20:00+00:00, run_after=2025-05-07 20:00:00+00:00
[2025-05-07T19:26:25.972+0000] {processor.py:183} INFO - Processing /opt/airflow/dags/Project_tasks2.py took 0.083 seconds
[2025-05-07T19:26:56.290+0000] {processor.py:161} INFO - Started process (PID=139) to work on /opt/airflow/dags/Project_tasks2.py
[2025-05-07T19:26:56.292+0000] {processor.py:830} INFO - Processing file /opt/airflow/dags/Project_tasks2.py for tasks to queue
[2025-05-07T19:26:56.294+0000] {logging_mixin.py:188} INFO - [2025-05-07T19:26:56.293+0000] {dagbag.py:538} INFO - Filling up the DagBag from /opt/airflow/dags/Project_tasks2.py
[2025-05-07T19:26:56.309+0000] {processor.py:840} INFO - DAG(s) 'Simple_Corona_project' retrieved from /opt/airflow/dags/Project_tasks2.py
[2025-05-07T19:26:56.334+0000] {logging_mixin.py:188} INFO - [2025-05-07T19:26:56.334+0000] {dag.py:3036} INFO - Sync 1 DAGs
[2025-05-07T19:26:56.356+0000] {logging_mixin.py:188} INFO - [2025-05-07T19:26:56.356+0000] {dag.py:3823} INFO - Setting next_dagrun for Simple_Corona_project to 2025-05-07 19:20:00+00:00, run_after=2025-05-07 20:00:00+00:00
[2025-05-07T19:26:56.375+0000] {processor.py:183} INFO - Processing /opt/airflow/dags/Project_tasks2.py took 0.087 seconds
[2025-05-07T19:27:26.707+0000] {processor.py:161} INFO - Started process (PID=147) to work on /opt/airflow/dags/Project_tasks2.py
[2025-05-07T19:27:26.708+0000] {processor.py:830} INFO - Processing file /opt/airflow/dags/Project_tasks2.py for tasks to queue
[2025-05-07T19:27:26.710+0000] {logging_mixin.py:188} INFO - [2025-05-07T19:27:26.709+0000] {dagbag.py:538} INFO - Filling up the DagBag from /opt/airflow/dags/Project_tasks2.py
[2025-05-07T19:27:26.725+0000] {processor.py:840} INFO - DAG(s) 'Simple_Corona_project' retrieved from /opt/airflow/dags/Project_tasks2.py
[2025-05-07T19:27:26.747+0000] {logging_mixin.py:188} INFO - [2025-05-07T19:27:26.747+0000] {dag.py:3036} INFO - Sync 1 DAGs
[2025-05-07T19:27:26.767+0000] {logging_mixin.py:188} INFO - [2025-05-07T19:27:26.767+0000] {dag.py:3823} INFO - Setting next_dagrun for Simple_Corona_project to 2025-05-07 19:20:00+00:00, run_after=2025-05-07 20:00:00+00:00
[2025-05-07T19:27:26.784+0000] {processor.py:183} INFO - Processing /opt/airflow/dags/Project_tasks2.py took 0.080 seconds
[2025-05-07T19:27:57.110+0000] {processor.py:161} INFO - Started process (PID=155) to work on /opt/airflow/dags/Project_tasks2.py
[2025-05-07T19:27:57.111+0000] {processor.py:830} INFO - Processing file /opt/airflow/dags/Project_tasks2.py for tasks to queue
[2025-05-07T19:27:57.113+0000] {logging_mixin.py:188} INFO - [2025-05-07T19:27:57.112+0000] {dagbag.py:538} INFO - Filling up the DagBag from /opt/airflow/dags/Project_tasks2.py
[2025-05-07T19:27:57.129+0000] {processor.py:840} INFO - DAG(s) 'Simple_Corona_project' retrieved from /opt/airflow/dags/Project_tasks2.py
[2025-05-07T19:27:57.157+0000] {logging_mixin.py:188} INFO - [2025-05-07T19:27:57.157+0000] {dag.py:3036} INFO - Sync 1 DAGs
[2025-05-07T19:27:57.183+0000] {logging_mixin.py:188} INFO - [2025-05-07T19:27:57.183+0000] {dag.py:3823} INFO - Setting next_dagrun for Simple_Corona_project to 2025-05-07 19:20:00+00:00, run_after=2025-05-07 20:00:00+00:00
[2025-05-07T19:27:57.202+0000] {processor.py:183} INFO - Processing /opt/airflow/dags/Project_tasks2.py took 0.095 seconds
[2025-05-07T19:28:27.534+0000] {processor.py:161} INFO - Started process (PID=163) to work on /opt/airflow/dags/Project_tasks2.py
[2025-05-07T19:28:27.535+0000] {processor.py:830} INFO - Processing file /opt/airflow/dags/Project_tasks2.py for tasks to queue
[2025-05-07T19:28:27.536+0000] {logging_mixin.py:188} INFO - [2025-05-07T19:28:27.536+0000] {dagbag.py:538} INFO - Filling up the DagBag from /opt/airflow/dags/Project_tasks2.py
[2025-05-07T19:28:27.552+0000] {processor.py:840} INFO - DAG(s) 'Simple_Corona_project' retrieved from /opt/airflow/dags/Project_tasks2.py
[2025-05-07T19:28:27.574+0000] {logging_mixin.py:188} INFO - [2025-05-07T19:28:27.574+0000] {dag.py:3036} INFO - Sync 1 DAGs
[2025-05-07T19:28:27.594+0000] {logging_mixin.py:188} INFO - [2025-05-07T19:28:27.594+0000] {dag.py:3823} INFO - Setting next_dagrun for Simple_Corona_project to 2025-05-07 19:20:00+00:00, run_after=2025-05-07 20:00:00+00:00
[2025-05-07T19:28:27.609+0000] {processor.py:183} INFO - Processing /opt/airflow/dags/Project_tasks2.py took 0.079 seconds
[2025-05-07T19:28:57.946+0000] {processor.py:161} INFO - Started process (PID=171) to work on /opt/airflow/dags/Project_tasks2.py
[2025-05-07T19:28:57.947+0000] {processor.py:830} INFO - Processing file /opt/airflow/dags/Project_tasks2.py for tasks to queue
[2025-05-07T19:28:57.949+0000] {logging_mixin.py:188} INFO - [2025-05-07T19:28:57.949+0000] {dagbag.py:538} INFO - Filling up the DagBag from /opt/airflow/dags/Project_tasks2.py
[2025-05-07T19:28:57.964+0000] {processor.py:840} INFO - DAG(s) 'Simple_Corona_project' retrieved from /opt/airflow/dags/Project_tasks2.py
[2025-05-07T19:28:57.987+0000] {logging_mixin.py:188} INFO - [2025-05-07T19:28:57.986+0000] {dag.py:3036} INFO - Sync 1 DAGs
[2025-05-07T19:28:58.006+0000] {logging_mixin.py:188} INFO - [2025-05-07T19:28:58.006+0000] {dag.py:3823} INFO - Setting next_dagrun for Simple_Corona_project to 2025-05-07 19:20:00+00:00, run_after=2025-05-07 20:00:00+00:00
[2025-05-07T19:28:58.022+0000] {processor.py:183} INFO - Processing /opt/airflow/dags/Project_tasks2.py took 0.078 seconds
[2025-05-07T19:29:28.348+0000] {processor.py:161} INFO - Started process (PID=179) to work on /opt/airflow/dags/Project_tasks2.py
[2025-05-07T19:29:28.349+0000] {processor.py:830} INFO - Processing file /opt/airflow/dags/Project_tasks2.py for tasks to queue
[2025-05-07T19:29:28.350+0000] {logging_mixin.py:188} INFO - [2025-05-07T19:29:28.350+0000] {dagbag.py:538} INFO - Filling up the DagBag from /opt/airflow/dags/Project_tasks2.py
[2025-05-07T19:29:28.366+0000] {processor.py:840} INFO - DAG(s) 'Simple_Corona_project' retrieved from /opt/airflow/dags/Project_tasks2.py
[2025-05-07T19:29:28.390+0000] {logging_mixin.py:188} INFO - [2025-05-07T19:29:28.389+0000] {dag.py:3036} INFO - Sync 1 DAGs
[2025-05-07T19:29:28.410+0000] {logging_mixin.py:188} INFO - [2025-05-07T19:29:28.410+0000] {dag.py:3823} INFO - Setting next_dagrun for Simple_Corona_project to 2025-05-07 19:20:00+00:00, run_after=2025-05-07 20:00:00+00:00
[2025-05-07T19:29:28.426+0000] {processor.py:183} INFO - Processing /opt/airflow/dags/Project_tasks2.py took 0.081 seconds
[2025-05-07T19:29:58.758+0000] {processor.py:161} INFO - Started process (PID=187) to work on /opt/airflow/dags/Project_tasks2.py
[2025-05-07T19:29:58.759+0000] {processor.py:830} INFO - Processing file /opt/airflow/dags/Project_tasks2.py for tasks to queue
[2025-05-07T19:29:58.761+0000] {logging_mixin.py:188} INFO - [2025-05-07T19:29:58.761+0000] {dagbag.py:538} INFO - Filling up the DagBag from /opt/airflow/dags/Project_tasks2.py
[2025-05-07T19:29:58.776+0000] {processor.py:840} INFO - DAG(s) 'Simple_Corona_project' retrieved from /opt/airflow/dags/Project_tasks2.py
[2025-05-07T19:29:58.799+0000] {logging_mixin.py:188} INFO - [2025-05-07T19:29:58.799+0000] {dag.py:3036} INFO - Sync 1 DAGs
[2025-05-07T19:29:58.819+0000] {logging_mixin.py:188} INFO - [2025-05-07T19:29:58.818+0000] {dag.py:3823} INFO - Setting next_dagrun for Simple_Corona_project to 2025-05-07 19:20:00+00:00, run_after=2025-05-07 20:00:00+00:00
[2025-05-07T19:29:58.834+0000] {processor.py:183} INFO - Processing /opt/airflow/dags/Project_tasks2.py took 0.079 seconds
[2025-05-07T19:30:29.697+0000] {processor.py:161} INFO - Started process (PID=195) to work on /opt/airflow/dags/Project_tasks2.py
[2025-05-07T19:30:29.698+0000] {processor.py:830} INFO - Processing file /opt/airflow/dags/Project_tasks2.py for tasks to queue
[2025-05-07T19:30:29.700+0000] {logging_mixin.py:188} INFO - [2025-05-07T19:30:29.700+0000] {dagbag.py:538} INFO - Filling up the DagBag from /opt/airflow/dags/Project_tasks2.py
[2025-05-07T19:30:29.717+0000] {processor.py:840} INFO - DAG(s) 'Simple_Corona_project' retrieved from /opt/airflow/dags/Project_tasks2.py
[2025-05-07T19:30:29.741+0000] {logging_mixin.py:188} INFO - [2025-05-07T19:30:29.741+0000] {dag.py:3036} INFO - Sync 1 DAGs
[2025-05-07T19:30:29.761+0000] {logging_mixin.py:188} INFO - [2025-05-07T19:30:29.761+0000] {dag.py:3823} INFO - Setting next_dagrun for Simple_Corona_project to 2025-05-07 19:20:00+00:00, run_after=2025-05-07 20:00:00+00:00
[2025-05-07T19:30:29.777+0000] {processor.py:183} INFO - Processing /opt/airflow/dags/Project_tasks2.py took 0.084 seconds
[2025-05-07T19:31:00.084+0000] {processor.py:161} INFO - Started process (PID=203) to work on /opt/airflow/dags/Project_tasks2.py
[2025-05-07T19:31:00.085+0000] {processor.py:830} INFO - Processing file /opt/airflow/dags/Project_tasks2.py for tasks to queue
[2025-05-07T19:31:00.087+0000] {logging_mixin.py:188} INFO - [2025-05-07T19:31:00.087+0000] {dagbag.py:538} INFO - Filling up the DagBag from /opt/airflow/dags/Project_tasks2.py
[2025-05-07T19:31:00.102+0000] {processor.py:840} INFO - DAG(s) 'Simple_Corona_project' retrieved from /opt/airflow/dags/Project_tasks2.py
[2025-05-07T19:31:00.125+0000] {logging_mixin.py:188} INFO - [2025-05-07T19:31:00.125+0000] {dag.py:3036} INFO - Sync 1 DAGs
[2025-05-07T19:31:00.147+0000] {logging_mixin.py:188} INFO - [2025-05-07T19:31:00.146+0000] {dag.py:3823} INFO - Setting next_dagrun for Simple_Corona_project to 2025-05-07 19:20:00+00:00, run_after=2025-05-07 20:00:00+00:00
[2025-05-07T19:31:00.163+0000] {processor.py:183} INFO - Processing /opt/airflow/dags/Project_tasks2.py took 0.082 seconds
[2025-05-07T19:31:24.447+0000] {processor.py:161} INFO - Started process (PID=211) to work on /opt/airflow/dags/Project_tasks2.py
[2025-05-07T19:31:24.448+0000] {processor.py:830} INFO - Processing file /opt/airflow/dags/Project_tasks2.py for tasks to queue
[2025-05-07T19:31:24.450+0000] {logging_mixin.py:188} INFO - [2025-05-07T19:31:24.450+0000] {dagbag.py:538} INFO - Filling up the DagBag from /opt/airflow/dags/Project_tasks2.py
[2025-05-07T19:31:24.471+0000] {processor.py:840} INFO - DAG(s) 'Simple_Corona_project' retrieved from /opt/airflow/dags/Project_tasks2.py
[2025-05-07T19:31:24.566+0000] {logging_mixin.py:188} INFO - [2025-05-07T19:31:24.566+0000] {dag.py:3036} INFO - Sync 1 DAGs
[2025-05-07T19:31:24.584+0000] {logging_mixin.py:188} INFO - [2025-05-07T19:31:24.584+0000] {dag.py:3823} INFO - Setting next_dagrun for Simple_Corona_project to 2025-05-07 19:20:00+00:00, run_after=2025-05-07 20:00:00+00:00
[2025-05-07T19:31:24.601+0000] {processor.py:183} INFO - Processing /opt/airflow/dags/Project_tasks2.py took 0.157 seconds
[2025-05-07T19:31:54.860+0000] {processor.py:161} INFO - Started process (PID=219) to work on /opt/airflow/dags/Project_tasks2.py
[2025-05-07T19:31:54.861+0000] {processor.py:830} INFO - Processing file /opt/airflow/dags/Project_tasks2.py for tasks to queue
[2025-05-07T19:31:54.863+0000] {logging_mixin.py:188} INFO - [2025-05-07T19:31:54.863+0000] {dagbag.py:538} INFO - Filling up the DagBag from /opt/airflow/dags/Project_tasks2.py
[2025-05-07T19:31:54.880+0000] {processor.py:840} INFO - DAG(s) 'Simple_Corona_project' retrieved from /opt/airflow/dags/Project_tasks2.py
[2025-05-07T19:31:54.907+0000] {logging_mixin.py:188} INFO - [2025-05-07T19:31:54.907+0000] {dag.py:3036} INFO - Sync 1 DAGs
[2025-05-07T19:31:54.930+0000] {logging_mixin.py:188} INFO - [2025-05-07T19:31:54.930+0000] {dag.py:3823} INFO - Setting next_dagrun for Simple_Corona_project to 2025-05-07 19:20:00+00:00, run_after=2025-05-07 20:00:00+00:00
[2025-05-07T19:31:54.947+0000] {processor.py:183} INFO - Processing /opt/airflow/dags/Project_tasks2.py took 0.091 seconds
[2025-05-07T19:32:25.325+0000] {processor.py:161} INFO - Started process (PID=227) to work on /opt/airflow/dags/Project_tasks2.py
[2025-05-07T19:32:25.326+0000] {processor.py:830} INFO - Processing file /opt/airflow/dags/Project_tasks2.py for tasks to queue
[2025-05-07T19:32:25.328+0000] {logging_mixin.py:188} INFO - [2025-05-07T19:32:25.327+0000] {dagbag.py:538} INFO - Filling up the DagBag from /opt/airflow/dags/Project_tasks2.py
[2025-05-07T19:32:25.343+0000] {processor.py:840} INFO - DAG(s) 'Simple_Corona_project' retrieved from /opt/airflow/dags/Project_tasks2.py
[2025-05-07T19:32:25.365+0000] {logging_mixin.py:188} INFO - [2025-05-07T19:32:25.365+0000] {dag.py:3036} INFO - Sync 1 DAGs
[2025-05-07T19:32:25.385+0000] {logging_mixin.py:188} INFO - [2025-05-07T19:32:25.384+0000] {dag.py:3823} INFO - Setting next_dagrun for Simple_Corona_project to 2025-05-07 19:20:00+00:00, run_after=2025-05-07 20:00:00+00:00
[2025-05-07T19:32:25.400+0000] {processor.py:183} INFO - Processing /opt/airflow/dags/Project_tasks2.py took 0.078 seconds
[2025-05-07T19:32:55.776+0000] {processor.py:161} INFO - Started process (PID=235) to work on /opt/airflow/dags/Project_tasks2.py
[2025-05-07T19:32:55.777+0000] {processor.py:830} INFO - Processing file /opt/airflow/dags/Project_tasks2.py for tasks to queue
[2025-05-07T19:32:55.779+0000] {logging_mixin.py:188} INFO - [2025-05-07T19:32:55.779+0000] {dagbag.py:538} INFO - Filling up the DagBag from /opt/airflow/dags/Project_tasks2.py
[2025-05-07T19:32:55.794+0000] {processor.py:840} INFO - DAG(s) 'Simple_Corona_project' retrieved from /opt/airflow/dags/Project_tasks2.py
[2025-05-07T19:32:55.816+0000] {logging_mixin.py:188} INFO - [2025-05-07T19:32:55.816+0000] {dag.py:3036} INFO - Sync 1 DAGs
[2025-05-07T19:32:55.836+0000] {logging_mixin.py:188} INFO - [2025-05-07T19:32:55.835+0000] {dag.py:3823} INFO - Setting next_dagrun for Simple_Corona_project to 2025-05-07 19:20:00+00:00, run_after=2025-05-07 20:00:00+00:00
[2025-05-07T19:32:55.852+0000] {processor.py:183} INFO - Processing /opt/airflow/dags/Project_tasks2.py took 0.080 seconds
[2025-05-07T19:33:26.223+0000] {processor.py:161} INFO - Started process (PID=243) to work on /opt/airflow/dags/Project_tasks2.py
[2025-05-07T19:33:26.223+0000] {processor.py:830} INFO - Processing file /opt/airflow/dags/Project_tasks2.py for tasks to queue
[2025-05-07T19:33:26.225+0000] {logging_mixin.py:188} INFO - [2025-05-07T19:33:26.225+0000] {dagbag.py:538} INFO - Filling up the DagBag from /opt/airflow/dags/Project_tasks2.py
[2025-05-07T19:33:26.239+0000] {processor.py:840} INFO - DAG(s) 'Simple_Corona_project' retrieved from /opt/airflow/dags/Project_tasks2.py
[2025-05-07T19:33:26.261+0000] {logging_mixin.py:188} INFO - [2025-05-07T19:33:26.261+0000] {dag.py:3036} INFO - Sync 1 DAGs
[2025-05-07T19:33:26.283+0000] {logging_mixin.py:188} INFO - [2025-05-07T19:33:26.283+0000] {dag.py:3823} INFO - Setting next_dagrun for Simple_Corona_project to 2025-05-07 19:20:00+00:00, run_after=2025-05-07 20:00:00+00:00
[2025-05-07T19:33:26.299+0000] {processor.py:183} INFO - Processing /opt/airflow/dags/Project_tasks2.py took 0.080 seconds
[2025-05-07T19:33:56.646+0000] {processor.py:161} INFO - Started process (PID=251) to work on /opt/airflow/dags/Project_tasks2.py
[2025-05-07T19:33:56.647+0000] {processor.py:830} INFO - Processing file /opt/airflow/dags/Project_tasks2.py for tasks to queue
[2025-05-07T19:33:56.649+0000] {logging_mixin.py:188} INFO - [2025-05-07T19:33:56.649+0000] {dagbag.py:538} INFO - Filling up the DagBag from /opt/airflow/dags/Project_tasks2.py
[2025-05-07T19:33:56.665+0000] {processor.py:840} INFO - DAG(s) 'Simple_Corona_project' retrieved from /opt/airflow/dags/Project_tasks2.py
[2025-05-07T19:33:56.687+0000] {logging_mixin.py:188} INFO - [2025-05-07T19:33:56.687+0000] {dag.py:3036} INFO - Sync 1 DAGs
[2025-05-07T19:33:56.709+0000] {logging_mixin.py:188} INFO - [2025-05-07T19:33:56.709+0000] {dag.py:3823} INFO - Setting next_dagrun for Simple_Corona_project to 2025-05-07 19:20:00+00:00, run_after=2025-05-07 20:00:00+00:00
[2025-05-07T19:33:56.725+0000] {processor.py:183} INFO - Processing /opt/airflow/dags/Project_tasks2.py took 0.082 seconds
[2025-05-07T19:34:27.122+0000] {processor.py:161} INFO - Started process (PID=259) to work on /opt/airflow/dags/Project_tasks2.py
[2025-05-07T19:34:27.123+0000] {processor.py:830} INFO - Processing file /opt/airflow/dags/Project_tasks2.py for tasks to queue
[2025-05-07T19:34:27.125+0000] {logging_mixin.py:188} INFO - [2025-05-07T19:34:27.125+0000] {dagbag.py:538} INFO - Filling up the DagBag from /opt/airflow/dags/Project_tasks2.py
[2025-05-07T19:34:27.140+0000] {processor.py:840} INFO - DAG(s) 'Simple_Corona_project' retrieved from /opt/airflow/dags/Project_tasks2.py
[2025-05-07T19:34:27.162+0000] {logging_mixin.py:188} INFO - [2025-05-07T19:34:27.162+0000] {dag.py:3036} INFO - Sync 1 DAGs
[2025-05-07T19:34:27.182+0000] {logging_mixin.py:188} INFO - [2025-05-07T19:34:27.182+0000] {dag.py:3823} INFO - Setting next_dagrun for Simple_Corona_project to 2025-05-07 19:20:00+00:00, run_after=2025-05-07 20:00:00+00:00
[2025-05-07T19:34:27.196+0000] {processor.py:183} INFO - Processing /opt/airflow/dags/Project_tasks2.py took 0.077 seconds
[2025-05-07T19:34:57.540+0000] {processor.py:161} INFO - Started process (PID=267) to work on /opt/airflow/dags/Project_tasks2.py
[2025-05-07T19:34:57.541+0000] {processor.py:830} INFO - Processing file /opt/airflow/dags/Project_tasks2.py for tasks to queue
[2025-05-07T19:34:57.543+0000] {logging_mixin.py:188} INFO - [2025-05-07T19:34:57.543+0000] {dagbag.py:538} INFO - Filling up the DagBag from /opt/airflow/dags/Project_tasks2.py
[2025-05-07T19:34:57.558+0000] {processor.py:840} INFO - DAG(s) 'Simple_Corona_project' retrieved from /opt/airflow/dags/Project_tasks2.py
[2025-05-07T19:34:57.580+0000] {logging_mixin.py:188} INFO - [2025-05-07T19:34:57.580+0000] {dag.py:3036} INFO - Sync 1 DAGs
[2025-05-07T19:34:57.599+0000] {logging_mixin.py:188} INFO - [2025-05-07T19:34:57.599+0000] {dag.py:3823} INFO - Setting next_dagrun for Simple_Corona_project to 2025-05-07 19:20:00+00:00, run_after=2025-05-07 20:00:00+00:00
[2025-05-07T19:34:57.615+0000] {processor.py:183} INFO - Processing /opt/airflow/dags/Project_tasks2.py took 0.078 seconds
[2025-05-07T19:35:28.601+0000] {processor.py:161} INFO - Started process (PID=275) to work on /opt/airflow/dags/Project_tasks2.py
[2025-05-07T19:35:28.601+0000] {processor.py:830} INFO - Processing file /opt/airflow/dags/Project_tasks2.py for tasks to queue
[2025-05-07T19:35:28.603+0000] {logging_mixin.py:188} INFO - [2025-05-07T19:35:28.603+0000] {dagbag.py:538} INFO - Filling up the DagBag from /opt/airflow/dags/Project_tasks2.py
[2025-05-07T19:35:28.618+0000] {processor.py:840} INFO - DAG(s) 'Simple_Corona_project' retrieved from /opt/airflow/dags/Project_tasks2.py
[2025-05-07T19:35:28.639+0000] {logging_mixin.py:188} INFO - [2025-05-07T19:35:28.639+0000] {dag.py:3036} INFO - Sync 1 DAGs
[2025-05-07T19:35:28.659+0000] {logging_mixin.py:188} INFO - [2025-05-07T19:35:28.659+0000] {dag.py:3823} INFO - Setting next_dagrun for Simple_Corona_project to 2025-05-07 19:20:00+00:00, run_after=2025-05-07 20:00:00+00:00
[2025-05-07T19:35:28.673+0000] {processor.py:183} INFO - Processing /opt/airflow/dags/Project_tasks2.py took 0.076 seconds
[2025-05-07T19:35:59.035+0000] {processor.py:161} INFO - Started process (PID=283) to work on /opt/airflow/dags/Project_tasks2.py
[2025-05-07T19:35:59.036+0000] {processor.py:830} INFO - Processing file /opt/airflow/dags/Project_tasks2.py for tasks to queue
[2025-05-07T19:35:59.038+0000] {logging_mixin.py:188} INFO - [2025-05-07T19:35:59.038+0000] {dagbag.py:538} INFO - Filling up the DagBag from /opt/airflow/dags/Project_tasks2.py
[2025-05-07T19:35:59.055+0000] {processor.py:840} INFO - DAG(s) 'Simple_Corona_project' retrieved from /opt/airflow/dags/Project_tasks2.py
[2025-05-07T19:35:59.077+0000] {logging_mixin.py:188} INFO - [2025-05-07T19:35:59.077+0000] {dag.py:3036} INFO - Sync 1 DAGs
[2025-05-07T19:35:59.097+0000] {logging_mixin.py:188} INFO - [2025-05-07T19:35:59.097+0000] {dag.py:3823} INFO - Setting next_dagrun for Simple_Corona_project to 2025-05-07 19:20:00+00:00, run_after=2025-05-07 20:00:00+00:00
[2025-05-07T19:35:59.111+0000] {processor.py:183} INFO - Processing /opt/airflow/dags/Project_tasks2.py took 0.079 seconds
[2025-05-07T19:36:29.444+0000] {processor.py:161} INFO - Started process (PID=291) to work on /opt/airflow/dags/Project_tasks2.py
[2025-05-07T19:36:29.445+0000] {processor.py:830} INFO - Processing file /opt/airflow/dags/Project_tasks2.py for tasks to queue
[2025-05-07T19:36:29.448+0000] {logging_mixin.py:188} INFO - [2025-05-07T19:36:29.447+0000] {dagbag.py:538} INFO - Filling up the DagBag from /opt/airflow/dags/Project_tasks2.py
[2025-05-07T19:36:29.468+0000] {processor.py:840} INFO - DAG(s) 'Simple_Corona_project' retrieved from /opt/airflow/dags/Project_tasks2.py
[2025-05-07T19:36:29.502+0000] {logging_mixin.py:188} INFO - [2025-05-07T19:36:29.502+0000] {dag.py:3036} INFO - Sync 1 DAGs
[2025-05-07T19:36:29.528+0000] {logging_mixin.py:188} INFO - [2025-05-07T19:36:29.528+0000] {dag.py:3823} INFO - Setting next_dagrun for Simple_Corona_project to 2025-05-07 19:20:00+00:00, run_after=2025-05-07 20:00:00+00:00
[2025-05-07T19:36:29.549+0000] {processor.py:183} INFO - Processing /opt/airflow/dags/Project_tasks2.py took 0.110 seconds
[2025-05-07T19:36:59.899+0000] {processor.py:161} INFO - Started process (PID=299) to work on /opt/airflow/dags/Project_tasks2.py
[2025-05-07T19:36:59.900+0000] {processor.py:830} INFO - Processing file /opt/airflow/dags/Project_tasks2.py for tasks to queue
[2025-05-07T19:36:59.902+0000] {logging_mixin.py:188} INFO - [2025-05-07T19:36:59.902+0000] {dagbag.py:538} INFO - Filling up the DagBag from /opt/airflow/dags/Project_tasks2.py
[2025-05-07T19:36:59.917+0000] {processor.py:840} INFO - DAG(s) 'Simple_Corona_project' retrieved from /opt/airflow/dags/Project_tasks2.py
[2025-05-07T19:36:59.938+0000] {logging_mixin.py:188} INFO - [2025-05-07T19:36:59.938+0000] {dag.py:3036} INFO - Sync 1 DAGs
[2025-05-07T19:36:59.957+0000] {logging_mixin.py:188} INFO - [2025-05-07T19:36:59.957+0000] {dag.py:3823} INFO - Setting next_dagrun for Simple_Corona_project to 2025-05-07 19:20:00+00:00, run_after=2025-05-07 20:00:00+00:00
[2025-05-07T19:36:59.971+0000] {processor.py:183} INFO - Processing /opt/airflow/dags/Project_tasks2.py took 0.074 seconds
[2025-05-07T19:37:30.328+0000] {processor.py:161} INFO - Started process (PID=307) to work on /opt/airflow/dags/Project_tasks2.py
[2025-05-07T19:37:30.329+0000] {processor.py:830} INFO - Processing file /opt/airflow/dags/Project_tasks2.py for tasks to queue
[2025-05-07T19:37:30.331+0000] {logging_mixin.py:188} INFO - [2025-05-07T19:37:30.331+0000] {dagbag.py:538} INFO - Filling up the DagBag from /opt/airflow/dags/Project_tasks2.py
[2025-05-07T19:37:30.346+0000] {processor.py:840} INFO - DAG(s) 'Simple_Corona_project' retrieved from /opt/airflow/dags/Project_tasks2.py
[2025-05-07T19:37:30.369+0000] {logging_mixin.py:188} INFO - [2025-05-07T19:37:30.369+0000] {dag.py:3036} INFO - Sync 1 DAGs
[2025-05-07T19:37:30.390+0000] {logging_mixin.py:188} INFO - [2025-05-07T19:37:30.390+0000] {dag.py:3823} INFO - Setting next_dagrun for Simple_Corona_project to 2025-05-07 19:20:00+00:00, run_after=2025-05-07 20:00:00+00:00
[2025-05-07T19:37:30.410+0000] {processor.py:183} INFO - Processing /opt/airflow/dags/Project_tasks2.py took 0.084 seconds
[2025-05-07T19:38:00.813+0000] {processor.py:161} INFO - Started process (PID=316) to work on /opt/airflow/dags/Project_tasks2.py
[2025-05-07T19:38:00.814+0000] {processor.py:830} INFO - Processing file /opt/airflow/dags/Project_tasks2.py for tasks to queue
[2025-05-07T19:38:00.815+0000] {logging_mixin.py:188} INFO - [2025-05-07T19:38:00.815+0000] {dagbag.py:538} INFO - Filling up the DagBag from /opt/airflow/dags/Project_tasks2.py
[2025-05-07T19:38:00.831+0000] {processor.py:840} INFO - DAG(s) 'Simple_Corona_project' retrieved from /opt/airflow/dags/Project_tasks2.py
[2025-05-07T19:38:00.853+0000] {logging_mixin.py:188} INFO - [2025-05-07T19:38:00.853+0000] {dag.py:3036} INFO - Sync 1 DAGs
[2025-05-07T19:38:00.873+0000] {logging_mixin.py:188} INFO - [2025-05-07T19:38:00.872+0000] {dag.py:3823} INFO - Setting next_dagrun for Simple_Corona_project to 2025-05-07 19:20:00+00:00, run_after=2025-05-07 20:00:00+00:00
[2025-05-07T19:38:00.889+0000] {processor.py:183} INFO - Processing /opt/airflow/dags/Project_tasks2.py took 0.080 seconds
[2025-05-07T19:38:31.242+0000] {processor.py:161} INFO - Started process (PID=324) to work on /opt/airflow/dags/Project_tasks2.py
[2025-05-07T19:38:31.243+0000] {processor.py:830} INFO - Processing file /opt/airflow/dags/Project_tasks2.py for tasks to queue
[2025-05-07T19:38:31.245+0000] {logging_mixin.py:188} INFO - [2025-05-07T19:38:31.245+0000] {dagbag.py:538} INFO - Filling up the DagBag from /opt/airflow/dags/Project_tasks2.py
[2025-05-07T19:38:31.262+0000] {processor.py:840} INFO - DAG(s) 'Simple_Corona_project' retrieved from /opt/airflow/dags/Project_tasks2.py
[2025-05-07T19:38:31.285+0000] {logging_mixin.py:188} INFO - [2025-05-07T19:38:31.284+0000] {dag.py:3036} INFO - Sync 1 DAGs
[2025-05-07T19:38:31.305+0000] {logging_mixin.py:188} INFO - [2025-05-07T19:38:31.305+0000] {dag.py:3823} INFO - Setting next_dagrun for Simple_Corona_project to 2025-05-07 19:20:00+00:00, run_after=2025-05-07 20:00:00+00:00
[2025-05-07T19:38:31.319+0000] {processor.py:183} INFO - Processing /opt/airflow/dags/Project_tasks2.py took 0.082 seconds
[2025-05-07T19:39:01.688+0000] {processor.py:161} INFO - Started process (PID=332) to work on /opt/airflow/dags/Project_tasks2.py
[2025-05-07T19:39:01.689+0000] {processor.py:830} INFO - Processing file /opt/airflow/dags/Project_tasks2.py for tasks to queue
[2025-05-07T19:39:01.691+0000] {logging_mixin.py:188} INFO - [2025-05-07T19:39:01.691+0000] {dagbag.py:538} INFO - Filling up the DagBag from /opt/airflow/dags/Project_tasks2.py
[2025-05-07T19:39:01.706+0000] {processor.py:840} INFO - DAG(s) 'Simple_Corona_project' retrieved from /opt/airflow/dags/Project_tasks2.py
[2025-05-07T19:39:01.728+0000] {logging_mixin.py:188} INFO - [2025-05-07T19:39:01.728+0000] {dag.py:3036} INFO - Sync 1 DAGs
[2025-05-07T19:39:01.747+0000] {logging_mixin.py:188} INFO - [2025-05-07T19:39:01.747+0000] {dag.py:3823} INFO - Setting next_dagrun for Simple_Corona_project to 2025-05-07 19:20:00+00:00, run_after=2025-05-07 20:00:00+00:00
[2025-05-07T19:39:01.762+0000] {processor.py:183} INFO - Processing /opt/airflow/dags/Project_tasks2.py took 0.077 seconds
[2025-05-07T19:39:32.090+0000] {processor.py:161} INFO - Started process (PID=346) to work on /opt/airflow/dags/Project_tasks2.py
[2025-05-07T19:39:32.091+0000] {processor.py:830} INFO - Processing file /opt/airflow/dags/Project_tasks2.py for tasks to queue
[2025-05-07T19:39:32.093+0000] {logging_mixin.py:188} INFO - [2025-05-07T19:39:32.093+0000] {dagbag.py:538} INFO - Filling up the DagBag from /opt/airflow/dags/Project_tasks2.py
[2025-05-07T19:39:32.109+0000] {processor.py:840} INFO - DAG(s) 'Simple_Corona_project' retrieved from /opt/airflow/dags/Project_tasks2.py
[2025-05-07T19:39:32.133+0000] {logging_mixin.py:188} INFO - [2025-05-07T19:39:32.133+0000] {dag.py:3036} INFO - Sync 1 DAGs
[2025-05-07T19:39:32.162+0000] {logging_mixin.py:188} INFO - [2025-05-07T19:39:32.162+0000] {dag.py:3823} INFO - Setting next_dagrun for Simple_Corona_project to 2025-05-07 19:20:00+00:00, run_after=2025-05-07 20:00:00+00:00
[2025-05-07T19:39:32.178+0000] {processor.py:183} INFO - Processing /opt/airflow/dags/Project_tasks2.py took 0.091 seconds
[2025-05-07T19:40:02.554+0000] {processor.py:161} INFO - Started process (PID=354) to work on /opt/airflow/dags/Project_tasks2.py
[2025-05-07T19:40:02.556+0000] {processor.py:830} INFO - Processing file /opt/airflow/dags/Project_tasks2.py for tasks to queue
[2025-05-07T19:40:02.559+0000] {logging_mixin.py:188} INFO - [2025-05-07T19:40:02.558+0000] {dagbag.py:538} INFO - Filling up the DagBag from /opt/airflow/dags/Project_tasks2.py
[2025-05-07T19:40:02.574+0000] {processor.py:840} INFO - DAG(s) 'Simple_Corona_project' retrieved from /opt/airflow/dags/Project_tasks2.py
[2025-05-07T19:40:02.595+0000] {logging_mixin.py:188} INFO - [2025-05-07T19:40:02.595+0000] {dag.py:3036} INFO - Sync 1 DAGs
[2025-05-07T19:40:02.614+0000] {logging_mixin.py:188} INFO - [2025-05-07T19:40:02.614+0000] {dag.py:3823} INFO - Setting next_dagrun for Simple_Corona_project to 2025-05-07 19:20:00+00:00, run_after=2025-05-07 20:00:00+00:00
[2025-05-07T19:40:02.629+0000] {processor.py:183} INFO - Processing /opt/airflow/dags/Project_tasks2.py took 0.081 seconds
[2025-05-07T19:40:32.750+0000] {processor.py:161} INFO - Started process (PID=525) to work on /opt/airflow/dags/Project_tasks2.py
[2025-05-07T19:40:32.751+0000] {processor.py:830} INFO - Processing file /opt/airflow/dags/Project_tasks2.py for tasks to queue
[2025-05-07T19:40:32.753+0000] {logging_mixin.py:188} INFO - [2025-05-07T19:40:32.753+0000] {dagbag.py:538} INFO - Filling up the DagBag from /opt/airflow/dags/Project_tasks2.py
[2025-05-07T19:40:32.768+0000] {processor.py:840} INFO - DAG(s) 'Simple_Corona_project' retrieved from /opt/airflow/dags/Project_tasks2.py
[2025-05-07T19:40:32.790+0000] {logging_mixin.py:188} INFO - [2025-05-07T19:40:32.790+0000] {dag.py:3036} INFO - Sync 1 DAGs
[2025-05-07T19:40:32.809+0000] {logging_mixin.py:188} INFO - [2025-05-07T19:40:32.809+0000] {dag.py:3823} INFO - Setting next_dagrun for Simple_Corona_project to 2025-05-07 19:20:00+00:00, run_after=2025-05-07 20:00:00+00:00
[2025-05-07T19:40:32.825+0000] {processor.py:183} INFO - Processing /opt/airflow/dags/Project_tasks2.py took 0.078 seconds
[2025-05-07T19:41:03.201+0000] {processor.py:161} INFO - Started process (PID=695) to work on /opt/airflow/dags/Project_tasks2.py
[2025-05-07T19:41:03.202+0000] {processor.py:830} INFO - Processing file /opt/airflow/dags/Project_tasks2.py for tasks to queue
[2025-05-07T19:41:03.205+0000] {logging_mixin.py:188} INFO - [2025-05-07T19:41:03.204+0000] {dagbag.py:538} INFO - Filling up the DagBag from /opt/airflow/dags/Project_tasks2.py
[2025-05-07T19:41:03.219+0000] {processor.py:840} INFO - DAG(s) 'Simple_Corona_project' retrieved from /opt/airflow/dags/Project_tasks2.py
[2025-05-07T19:41:03.242+0000] {logging_mixin.py:188} INFO - [2025-05-07T19:41:03.242+0000] {dag.py:3036} INFO - Sync 1 DAGs
[2025-05-07T19:41:03.263+0000] {logging_mixin.py:188} INFO - [2025-05-07T19:41:03.263+0000] {dag.py:3823} INFO - Setting next_dagrun for Simple_Corona_project to 2025-05-07 19:20:00+00:00, run_after=2025-05-07 20:00:00+00:00
[2025-05-07T19:41:03.278+0000] {processor.py:183} INFO - Processing /opt/airflow/dags/Project_tasks2.py took 0.080 seconds
[2025-05-07T19:41:04.328+0000] {processor.py:161} INFO - Started process (PID=696) to work on /opt/airflow/dags/Project_tasks2.py
[2025-05-07T19:41:04.329+0000] {processor.py:830} INFO - Processing file /opt/airflow/dags/Project_tasks2.py for tasks to queue
[2025-05-07T19:41:04.332+0000] {logging_mixin.py:188} INFO - [2025-05-07T19:41:04.331+0000] {dagbag.py:538} INFO - Filling up the DagBag from /opt/airflow/dags/Project_tasks2.py
[2025-05-07T19:41:04.353+0000] {processor.py:840} INFO - DAG(s) 'Simple_Corona_project' retrieved from /opt/airflow/dags/Project_tasks2.py
[2025-05-07T19:41:04.447+0000] {logging_mixin.py:188} INFO - [2025-05-07T19:41:04.447+0000] {dag.py:3036} INFO - Sync 1 DAGs
[2025-05-07T19:41:04.468+0000] {logging_mixin.py:188} INFO - [2025-05-07T19:41:04.468+0000] {dag.py:3823} INFO - Setting next_dagrun for Simple_Corona_project to 2025-05-07 19:20:00+00:00, run_after=2025-05-07 20:00:00+00:00
[2025-05-07T19:41:04.487+0000] {processor.py:183} INFO - Processing /opt/airflow/dags/Project_tasks2.py took 0.162 seconds
[2025-05-07T19:41:34.755+0000] {processor.py:161} INFO - Started process (PID=831) to work on /opt/airflow/dags/Project_tasks2.py
[2025-05-07T19:41:34.756+0000] {processor.py:830} INFO - Processing file /opt/airflow/dags/Project_tasks2.py for tasks to queue
[2025-05-07T19:41:34.758+0000] {logging_mixin.py:188} INFO - [2025-05-07T19:41:34.758+0000] {dagbag.py:538} INFO - Filling up the DagBag from /opt/airflow/dags/Project_tasks2.py
[2025-05-07T19:41:34.774+0000] {processor.py:840} INFO - DAG(s) 'Simple_Corona_project' retrieved from /opt/airflow/dags/Project_tasks2.py
[2025-05-07T19:41:34.799+0000] {logging_mixin.py:188} INFO - [2025-05-07T19:41:34.799+0000] {dag.py:3036} INFO - Sync 1 DAGs
[2025-05-07T19:41:34.820+0000] {logging_mixin.py:188} INFO - [2025-05-07T19:41:34.820+0000] {dag.py:3823} INFO - Setting next_dagrun for Simple_Corona_project to 2025-05-07 19:20:00+00:00, run_after=2025-05-07 20:00:00+00:00
[2025-05-07T19:41:34.837+0000] {processor.py:183} INFO - Processing /opt/airflow/dags/Project_tasks2.py took 0.085 seconds
[2025-05-07T19:42:05.288+0000] {processor.py:161} INFO - Started process (PID=875) to work on /opt/airflow/dags/Project_tasks2.py
[2025-05-07T19:42:05.289+0000] {processor.py:830} INFO - Processing file /opt/airflow/dags/Project_tasks2.py for tasks to queue
[2025-05-07T19:42:05.292+0000] {logging_mixin.py:188} INFO - [2025-05-07T19:42:05.292+0000] {dagbag.py:538} INFO - Filling up the DagBag from /opt/airflow/dags/Project_tasks2.py
[2025-05-07T19:42:05.310+0000] {processor.py:840} INFO - DAG(s) 'Simple_Corona_project' retrieved from /opt/airflow/dags/Project_tasks2.py
[2025-05-07T19:42:05.338+0000] {logging_mixin.py:188} INFO - [2025-05-07T19:42:05.338+0000] {dag.py:3036} INFO - Sync 1 DAGs
[2025-05-07T19:42:05.363+0000] {logging_mixin.py:188} INFO - [2025-05-07T19:42:05.363+0000] {dag.py:3823} INFO - Setting next_dagrun for Simple_Corona_project to 2025-05-07 19:20:00+00:00, run_after=2025-05-07 20:00:00+00:00
[2025-05-07T19:42:05.385+0000] {processor.py:183} INFO - Processing /opt/airflow/dags/Project_tasks2.py took 0.101 seconds
[2025-05-07T19:42:35.848+0000] {processor.py:161} INFO - Started process (PID=1045) to work on /opt/airflow/dags/Project_tasks2.py
[2025-05-07T19:42:35.849+0000] {processor.py:830} INFO - Processing file /opt/airflow/dags/Project_tasks2.py for tasks to queue
[2025-05-07T19:42:35.851+0000] {logging_mixin.py:188} INFO - [2025-05-07T19:42:35.851+0000] {dagbag.py:538} INFO - Filling up the DagBag from /opt/airflow/dags/Project_tasks2.py
[2025-05-07T19:42:35.865+0000] {processor.py:840} INFO - DAG(s) 'Simple_Corona_project' retrieved from /opt/airflow/dags/Project_tasks2.py
[2025-05-07T19:42:35.887+0000] {logging_mixin.py:188} INFO - [2025-05-07T19:42:35.887+0000] {dag.py:3036} INFO - Sync 1 DAGs
[2025-05-07T19:42:35.906+0000] {logging_mixin.py:188} INFO - [2025-05-07T19:42:35.906+0000] {dag.py:3823} INFO - Setting next_dagrun for Simple_Corona_project to 2025-05-07 19:20:00+00:00, run_after=2025-05-07 20:00:00+00:00
[2025-05-07T19:42:35.922+0000] {processor.py:183} INFO - Processing /opt/airflow/dags/Project_tasks2.py took 0.076 seconds
[2025-05-07T19:43:06.179+0000] {processor.py:161} INFO - Started process (PID=1379) to work on /opt/airflow/dags/Project_tasks2.py
[2025-05-07T19:43:06.180+0000] {processor.py:830} INFO - Processing file /opt/airflow/dags/Project_tasks2.py for tasks to queue
[2025-05-07T19:43:06.182+0000] {logging_mixin.py:188} INFO - [2025-05-07T19:43:06.181+0000] {dagbag.py:538} INFO - Filling up the DagBag from /opt/airflow/dags/Project_tasks2.py
[2025-05-07T19:43:06.197+0000] {processor.py:840} INFO - DAG(s) 'Simple_Corona_project' retrieved from /opt/airflow/dags/Project_tasks2.py
[2025-05-07T19:43:06.220+0000] {logging_mixin.py:188} INFO - [2025-05-07T19:43:06.220+0000] {dag.py:3036} INFO - Sync 1 DAGs
[2025-05-07T19:43:06.240+0000] {logging_mixin.py:188} INFO - [2025-05-07T19:43:06.240+0000] {dag.py:3823} INFO - Setting next_dagrun for Simple_Corona_project to 2025-05-07 19:20:00+00:00, run_after=2025-05-07 20:00:00+00:00
[2025-05-07T19:43:06.256+0000] {processor.py:183} INFO - Processing /opt/airflow/dags/Project_tasks2.py took 0.081 seconds
[2025-05-07T19:43:36.526+0000] {processor.py:161} INFO - Started process (PID=1550) to work on /opt/airflow/dags/Project_tasks2.py
[2025-05-07T19:43:36.527+0000] {processor.py:830} INFO - Processing file /opt/airflow/dags/Project_tasks2.py for tasks to queue
[2025-05-07T19:43:36.529+0000] {logging_mixin.py:188} INFO - [2025-05-07T19:43:36.529+0000] {dagbag.py:538} INFO - Filling up the DagBag from /opt/airflow/dags/Project_tasks2.py
[2025-05-07T19:43:36.544+0000] {processor.py:840} INFO - DAG(s) 'Simple_Corona_project' retrieved from /opt/airflow/dags/Project_tasks2.py
[2025-05-07T19:43:36.568+0000] {logging_mixin.py:188} INFO - [2025-05-07T19:43:36.568+0000] {dag.py:3036} INFO - Sync 1 DAGs
[2025-05-07T19:43:36.588+0000] {logging_mixin.py:188} INFO - [2025-05-07T19:43:36.588+0000] {dag.py:3823} INFO - Setting next_dagrun for Simple_Corona_project to 2025-05-07 19:20:00+00:00, run_after=2025-05-07 20:00:00+00:00
[2025-05-07T19:43:36.603+0000] {processor.py:183} INFO - Processing /opt/airflow/dags/Project_tasks2.py took 0.080 seconds
[2025-05-07T19:44:06.653+0000] {processor.py:161} INFO - Started process (PID=1720) to work on /opt/airflow/dags/Project_tasks2.py
[2025-05-07T19:44:06.654+0000] {processor.py:830} INFO - Processing file /opt/airflow/dags/Project_tasks2.py for tasks to queue
[2025-05-07T19:44:06.656+0000] {logging_mixin.py:188} INFO - [2025-05-07T19:44:06.656+0000] {dagbag.py:538} INFO - Filling up the DagBag from /opt/airflow/dags/Project_tasks2.py
[2025-05-07T19:44:06.671+0000] {processor.py:840} INFO - DAG(s) 'Simple_Corona_project' retrieved from /opt/airflow/dags/Project_tasks2.py
[2025-05-07T19:44:06.693+0000] {logging_mixin.py:188} INFO - [2025-05-07T19:44:06.692+0000] {dag.py:3036} INFO - Sync 1 DAGs
[2025-05-07T19:44:06.712+0000] {logging_mixin.py:188} INFO - [2025-05-07T19:44:06.712+0000] {dag.py:3823} INFO - Setting next_dagrun for Simple_Corona_project to 2025-05-07 19:20:00+00:00, run_after=2025-05-07 20:00:00+00:00
[2025-05-07T19:44:06.735+0000] {processor.py:183} INFO - Processing /opt/airflow/dags/Project_tasks2.py took 0.085 seconds
[2025-05-07T19:44:37.116+0000] {processor.py:161} INFO - Started process (PID=1890) to work on /opt/airflow/dags/Project_tasks2.py
[2025-05-07T19:44:37.117+0000] {processor.py:830} INFO - Processing file /opt/airflow/dags/Project_tasks2.py for tasks to queue
[2025-05-07T19:44:37.118+0000] {logging_mixin.py:188} INFO - [2025-05-07T19:44:37.118+0000] {dagbag.py:538} INFO - Filling up the DagBag from /opt/airflow/dags/Project_tasks2.py
[2025-05-07T19:44:37.133+0000] {processor.py:840} INFO - DAG(s) 'Simple_Corona_project' retrieved from /opt/airflow/dags/Project_tasks2.py
[2025-05-07T19:44:37.154+0000] {logging_mixin.py:188} INFO - [2025-05-07T19:44:37.154+0000] {dag.py:3036} INFO - Sync 1 DAGs
[2025-05-07T19:44:37.173+0000] {logging_mixin.py:188} INFO - [2025-05-07T19:44:37.173+0000] {dag.py:3823} INFO - Setting next_dagrun for Simple_Corona_project to 2025-05-07 19:20:00+00:00, run_after=2025-05-07 20:00:00+00:00
[2025-05-07T19:44:37.188+0000] {processor.py:183} INFO - Processing /opt/airflow/dags/Project_tasks2.py took 0.076 seconds
[2025-05-07T19:45:07.593+0000] {processor.py:161} INFO - Started process (PID=2019) to work on /opt/airflow/dags/Project_tasks2.py
[2025-05-07T19:45:07.594+0000] {processor.py:830} INFO - Processing file /opt/airflow/dags/Project_tasks2.py for tasks to queue
[2025-05-07T19:45:07.596+0000] {logging_mixin.py:188} INFO - [2025-05-07T19:45:07.596+0000] {dagbag.py:538} INFO - Filling up the DagBag from /opt/airflow/dags/Project_tasks2.py
[2025-05-07T19:45:07.614+0000] {processor.py:840} INFO - DAG(s) 'Simple_Corona_project' retrieved from /opt/airflow/dags/Project_tasks2.py
[2025-05-07T19:45:07.641+0000] {logging_mixin.py:188} INFO - [2025-05-07T19:45:07.641+0000] {dag.py:3036} INFO - Sync 1 DAGs
[2025-05-07T19:45:07.667+0000] {logging_mixin.py:188} INFO - [2025-05-07T19:45:07.667+0000] {dag.py:3823} INFO - Setting next_dagrun for Simple_Corona_project to 2025-05-07 19:20:00+00:00, run_after=2025-05-07 20:00:00+00:00
[2025-05-07T19:45:07.685+0000] {processor.py:183} INFO - Processing /opt/airflow/dags/Project_tasks2.py took 0.096 seconds
[2025-05-07T19:45:38.688+0000] {processor.py:161} INFO - Started process (PID=2070) to work on /opt/airflow/dags/Project_tasks2.py
[2025-05-07T19:45:38.689+0000] {processor.py:830} INFO - Processing file /opt/airflow/dags/Project_tasks2.py for tasks to queue
[2025-05-07T19:45:38.691+0000] {logging_mixin.py:188} INFO - [2025-05-07T19:45:38.691+0000] {dagbag.py:538} INFO - Filling up the DagBag from /opt/airflow/dags/Project_tasks2.py
[2025-05-07T19:45:38.707+0000] {processor.py:840} INFO - DAG(s) 'Simple_Corona_project' retrieved from /opt/airflow/dags/Project_tasks2.py
[2025-05-07T19:45:38.731+0000] {logging_mixin.py:188} INFO - [2025-05-07T19:45:38.731+0000] {dag.py:3036} INFO - Sync 1 DAGs
[2025-05-07T19:45:38.752+0000] {logging_mixin.py:188} INFO - [2025-05-07T19:45:38.752+0000] {dag.py:3823} INFO - Setting next_dagrun for Simple_Corona_project to 2025-05-07 19:20:00+00:00, run_after=2025-05-07 20:00:00+00:00
[2025-05-07T19:45:38.768+0000] {processor.py:183} INFO - Processing /opt/airflow/dags/Project_tasks2.py took 0.083 seconds
[2025-05-07T19:46:09.216+0000] {processor.py:161} INFO - Started process (PID=2238) to work on /opt/airflow/dags/Project_tasks2.py
[2025-05-07T19:46:09.217+0000] {processor.py:830} INFO - Processing file /opt/airflow/dags/Project_tasks2.py for tasks to queue
[2025-05-07T19:46:09.219+0000] {logging_mixin.py:188} INFO - [2025-05-07T19:46:09.219+0000] {dagbag.py:538} INFO - Filling up the DagBag from /opt/airflow/dags/Project_tasks2.py
[2025-05-07T19:46:09.233+0000] {processor.py:840} INFO - DAG(s) 'Simple_Corona_project' retrieved from /opt/airflow/dags/Project_tasks2.py
[2025-05-07T19:46:09.255+0000] {logging_mixin.py:188} INFO - [2025-05-07T19:46:09.254+0000] {dag.py:3036} INFO - Sync 1 DAGs
[2025-05-07T19:46:09.274+0000] {logging_mixin.py:188} INFO - [2025-05-07T19:46:09.273+0000] {dag.py:3823} INFO - Setting next_dagrun for Simple_Corona_project to 2025-05-07 19:20:00+00:00, run_after=2025-05-07 20:00:00+00:00
[2025-05-07T19:46:09.288+0000] {processor.py:183} INFO - Processing /opt/airflow/dags/Project_tasks2.py took 0.075 seconds
[2025-05-07T19:46:39.743+0000] {processor.py:161} INFO - Started process (PID=2409) to work on /opt/airflow/dags/Project_tasks2.py
[2025-05-07T19:46:39.744+0000] {processor.py:830} INFO - Processing file /opt/airflow/dags/Project_tasks2.py for tasks to queue
[2025-05-07T19:46:39.745+0000] {logging_mixin.py:188} INFO - [2025-05-07T19:46:39.745+0000] {dagbag.py:538} INFO - Filling up the DagBag from /opt/airflow/dags/Project_tasks2.py
[2025-05-07T19:46:39.760+0000] {processor.py:840} INFO - DAG(s) 'Simple_Corona_project' retrieved from /opt/airflow/dags/Project_tasks2.py
[2025-05-07T19:46:39.782+0000] {logging_mixin.py:188} INFO - [2025-05-07T19:46:39.782+0000] {dag.py:3036} INFO - Sync 1 DAGs
[2025-05-07T19:46:39.801+0000] {logging_mixin.py:188} INFO - [2025-05-07T19:46:39.801+0000] {dag.py:3823} INFO - Setting next_dagrun for Simple_Corona_project to 2025-05-07 19:20:00+00:00, run_after=2025-05-07 20:00:00+00:00
[2025-05-07T19:46:39.824+0000] {processor.py:183} INFO - Processing /opt/airflow/dags/Project_tasks2.py took 0.086 seconds
[2025-05-07T19:47:09.927+0000] {processor.py:161} INFO - Started process (PID=2579) to work on /opt/airflow/dags/Project_tasks2.py
[2025-05-07T19:47:09.928+0000] {processor.py:830} INFO - Processing file /opt/airflow/dags/Project_tasks2.py for tasks to queue
[2025-05-07T19:47:09.931+0000] {logging_mixin.py:188} INFO - [2025-05-07T19:47:09.930+0000] {dagbag.py:538} INFO - Filling up the DagBag from /opt/airflow/dags/Project_tasks2.py
[2025-05-07T19:47:09.945+0000] {processor.py:840} INFO - DAG(s) 'Simple_Corona_project' retrieved from /opt/airflow/dags/Project_tasks2.py
[2025-05-07T19:47:09.967+0000] {logging_mixin.py:188} INFO - [2025-05-07T19:47:09.967+0000] {dag.py:3036} INFO - Sync 1 DAGs
[2025-05-07T19:47:09.986+0000] {logging_mixin.py:188} INFO - [2025-05-07T19:47:09.986+0000] {dag.py:3823} INFO - Setting next_dagrun for Simple_Corona_project to 2025-05-07 19:20:00+00:00, run_after=2025-05-07 20:00:00+00:00
[2025-05-07T19:47:10.001+0000] {processor.py:183} INFO - Processing /opt/airflow/dags/Project_tasks2.py took 0.077 seconds
[2025-05-07T19:47:40.273+0000] {processor.py:161} INFO - Started process (PID=2751) to work on /opt/airflow/dags/Project_tasks2.py
[2025-05-07T19:47:40.274+0000] {processor.py:830} INFO - Processing file /opt/airflow/dags/Project_tasks2.py for tasks to queue
[2025-05-07T19:47:40.275+0000] {logging_mixin.py:188} INFO - [2025-05-07T19:47:40.275+0000] {dagbag.py:538} INFO - Filling up the DagBag from /opt/airflow/dags/Project_tasks2.py
[2025-05-07T19:47:40.290+0000] {processor.py:840} INFO - DAG(s) 'Simple_Corona_project' retrieved from /opt/airflow/dags/Project_tasks2.py
[2025-05-07T19:47:40.312+0000] {logging_mixin.py:188} INFO - [2025-05-07T19:47:40.312+0000] {dag.py:3036} INFO - Sync 1 DAGs
[2025-05-07T19:47:40.332+0000] {logging_mixin.py:188} INFO - [2025-05-07T19:47:40.331+0000] {dag.py:3823} INFO - Setting next_dagrun for Simple_Corona_project to 2025-05-07 19:20:00+00:00, run_after=2025-05-07 20:00:00+00:00
[2025-05-07T19:47:40.346+0000] {processor.py:183} INFO - Processing /opt/airflow/dags/Project_tasks2.py took 0.077 seconds
[2025-05-07T19:48:10.427+0000] {processor.py:161} INFO - Started process (PID=2922) to work on /opt/airflow/dags/Project_tasks2.py
[2025-05-07T19:48:10.428+0000] {processor.py:830} INFO - Processing file /opt/airflow/dags/Project_tasks2.py for tasks to queue
[2025-05-07T19:48:10.430+0000] {logging_mixin.py:188} INFO - [2025-05-07T19:48:10.430+0000] {dagbag.py:538} INFO - Filling up the DagBag from /opt/airflow/dags/Project_tasks2.py
[2025-05-07T19:48:10.445+0000] {processor.py:840} INFO - DAG(s) 'Simple_Corona_project' retrieved from /opt/airflow/dags/Project_tasks2.py
[2025-05-07T19:48:10.468+0000] {logging_mixin.py:188} INFO - [2025-05-07T19:48:10.467+0000] {dag.py:3036} INFO - Sync 1 DAGs
[2025-05-07T19:48:10.487+0000] {logging_mixin.py:188} INFO - [2025-05-07T19:48:10.487+0000] {dag.py:3823} INFO - Setting next_dagrun for Simple_Corona_project to 2025-05-07 19:20:00+00:00, run_after=2025-05-07 20:00:00+00:00
[2025-05-07T19:48:10.502+0000] {processor.py:183} INFO - Processing /opt/airflow/dags/Project_tasks2.py took 0.078 seconds
[2025-05-07T19:48:40.569+0000] {processor.py:161} INFO - Started process (PID=3091) to work on /opt/airflow/dags/Project_tasks2.py
[2025-05-07T19:48:40.570+0000] {processor.py:830} INFO - Processing file /opt/airflow/dags/Project_tasks2.py for tasks to queue
[2025-05-07T19:48:40.572+0000] {logging_mixin.py:188} INFO - [2025-05-07T19:48:40.572+0000] {dagbag.py:538} INFO - Filling up the DagBag from /opt/airflow/dags/Project_tasks2.py
[2025-05-07T19:48:40.587+0000] {processor.py:840} INFO - DAG(s) 'Simple_Corona_project' retrieved from /opt/airflow/dags/Project_tasks2.py
[2025-05-07T19:48:40.609+0000] {logging_mixin.py:188} INFO - [2025-05-07T19:48:40.609+0000] {dag.py:3036} INFO - Sync 1 DAGs
[2025-05-07T19:48:40.628+0000] {logging_mixin.py:188} INFO - [2025-05-07T19:48:40.628+0000] {dag.py:3823} INFO - Setting next_dagrun for Simple_Corona_project to 2025-05-07 19:20:00+00:00, run_after=2025-05-07 20:00:00+00:00
[2025-05-07T19:48:40.642+0000] {processor.py:183} INFO - Processing /opt/airflow/dags/Project_tasks2.py took 0.077 seconds
[2025-05-07T19:49:10.747+0000] {processor.py:161} INFO - Started process (PID=3261) to work on /opt/airflow/dags/Project_tasks2.py
[2025-05-07T19:49:10.748+0000] {processor.py:830} INFO - Processing file /opt/airflow/dags/Project_tasks2.py for tasks to queue
[2025-05-07T19:49:10.750+0000] {logging_mixin.py:188} INFO - [2025-05-07T19:49:10.750+0000] {dagbag.py:538} INFO - Filling up the DagBag from /opt/airflow/dags/Project_tasks2.py
[2025-05-07T19:49:10.765+0000] {processor.py:840} INFO - DAG(s) 'Simple_Corona_project' retrieved from /opt/airflow/dags/Project_tasks2.py
[2025-05-07T19:49:10.787+0000] {logging_mixin.py:188} INFO - [2025-05-07T19:49:10.787+0000] {dag.py:3036} INFO - Sync 1 DAGs
[2025-05-07T19:49:10.806+0000] {logging_mixin.py:188} INFO - [2025-05-07T19:49:10.806+0000] {dag.py:3823} INFO - Setting next_dagrun for Simple_Corona_project to 2025-05-07 19:20:00+00:00, run_after=2025-05-07 20:00:00+00:00
[2025-05-07T19:49:10.823+0000] {processor.py:183} INFO - Processing /opt/airflow/dags/Project_tasks2.py took 0.079 seconds
[2025-05-07T19:49:41.269+0000] {processor.py:161} INFO - Started process (PID=3390) to work on /opt/airflow/dags/Project_tasks2.py
[2025-05-07T19:49:41.270+0000] {processor.py:830} INFO - Processing file /opt/airflow/dags/Project_tasks2.py for tasks to queue
[2025-05-07T19:49:41.271+0000] {logging_mixin.py:188} INFO - [2025-05-07T19:49:41.271+0000] {dagbag.py:538} INFO - Filling up the DagBag from /opt/airflow/dags/Project_tasks2.py
[2025-05-07T19:49:41.287+0000] {processor.py:840} INFO - DAG(s) 'Simple_Corona_project' retrieved from /opt/airflow/dags/Project_tasks2.py
[2025-05-07T19:49:41.311+0000] {logging_mixin.py:188} INFO - [2025-05-07T19:49:41.311+0000] {dag.py:3036} INFO - Sync 1 DAGs
[2025-05-07T19:49:41.333+0000] {logging_mixin.py:188} INFO - [2025-05-07T19:49:41.333+0000] {dag.py:3823} INFO - Setting next_dagrun for Simple_Corona_project to 2025-05-07 19:20:00+00:00, run_after=2025-05-07 20:00:00+00:00
[2025-05-07T19:49:41.351+0000] {processor.py:183} INFO - Processing /opt/airflow/dags/Project_tasks2.py took 0.086 seconds
[2025-05-07T19:50:11.806+0000] {processor.py:161} INFO - Started process (PID=3439) to work on /opt/airflow/dags/Project_tasks2.py
[2025-05-07T19:50:11.807+0000] {processor.py:830} INFO - Processing file /opt/airflow/dags/Project_tasks2.py for tasks to queue
[2025-05-07T19:50:11.810+0000] {logging_mixin.py:188} INFO - [2025-05-07T19:50:11.809+0000] {dagbag.py:538} INFO - Filling up the DagBag from /opt/airflow/dags/Project_tasks2.py
[2025-05-07T19:50:11.825+0000] {processor.py:840} INFO - DAG(s) 'Simple_Corona_project' retrieved from /opt/airflow/dags/Project_tasks2.py
[2025-05-07T19:50:11.846+0000] {logging_mixin.py:188} INFO - [2025-05-07T19:50:11.846+0000] {dag.py:3036} INFO - Sync 1 DAGs
[2025-05-07T19:50:11.866+0000] {logging_mixin.py:188} INFO - [2025-05-07T19:50:11.866+0000] {dag.py:3823} INFO - Setting next_dagrun for Simple_Corona_project to 2025-05-07 19:20:00+00:00, run_after=2025-05-07 20:00:00+00:00
[2025-05-07T19:50:11.881+0000] {processor.py:183} INFO - Processing /opt/airflow/dags/Project_tasks2.py took 0.078 seconds
