[2025-05-07T19:41:11.268+0000] {taskinstance.py:1956} INFO - Dependencies all met for dep_context=non-requeueable deps ti=<TaskInstance: Simple_Corona_project.Spark_Processing manual__2025-05-07T19:41:09.434137+00:00 [queued]>
[2025-05-07T19:41:11.275+0000] {taskinstance.py:1956} INFO - Dependencies all met for dep_context=requeueable deps ti=<TaskInstance: Simple_Corona_project.Spark_Processing manual__2025-05-07T19:41:09.434137+00:00 [queued]>
[2025-05-07T19:41:11.275+0000] {taskinstance.py:2170} INFO - Starting attempt 1 of 1
[2025-05-07T19:41:11.287+0000] {taskinstance.py:2191} INFO - Executing <Task(BashOperator): Spark_Processing> on 2025-05-07 19:41:09.434137+00:00
[2025-05-07T19:41:11.291+0000] {standard_task_runner.py:60} INFO - Started process 1605 to run task
[2025-05-07T19:41:11.294+0000] {standard_task_runner.py:87} INFO - Running: ['***', 'tasks', 'run', 'Simple_Corona_project', 'Spark_Processing', 'manual__2025-05-07T19:41:09.434137+00:00', '--job-id', '45', '--raw', '--subdir', 'DAGS_FOLDER/Project_tasks2.py', '--cfg-path', '/tmp/tmpva2jn6d9']
[2025-05-07T19:41:11.296+0000] {standard_task_runner.py:88} INFO - Job 45: Subtask Spark_Processing
[2025-05-07T19:41:11.336+0000] {task_command.py:423} INFO - Running <TaskInstance: Simple_Corona_project.Spark_Processing manual__2025-05-07T19:41:09.434137+00:00 [running]> on host 1a616c0a8036
[2025-05-07T19:41:11.405+0000] {taskinstance.py:2480} INFO - Exporting env vars: AIRFLOW_CTX_DAG_OWNER='***' AIRFLOW_CTX_DAG_ID='Simple_Corona_project' AIRFLOW_CTX_TASK_ID='Spark_Processing' AIRFLOW_CTX_EXECUTION_DATE='2025-05-07T19:41:09.434137+00:00' AIRFLOW_CTX_TRY_NUMBER='1' AIRFLOW_CTX_DAG_RUN_ID='manual__2025-05-07T19:41:09.434137+00:00'
[2025-05-07T19:41:11.407+0000] {subprocess.py:63} INFO - Tmp dir root location: /tmp
[2025-05-07T19:41:11.408+0000] {subprocess.py:75} INFO - Running command: ['/usr/bin/bash', '-c', '\n        cd /opt/***/dags/CoronaProj/\n        spark-submit --jars "/opt/***/dags/CoronaProj/postgresql-42.7.5.jar" Spark_script_process.py\n        ']
[2025-05-07T19:41:11.416+0000] {subprocess.py:86} INFO - Output:
[2025-05-07T19:41:13.103+0000] {subprocess.py:93} INFO - 25/05/07 19:41:13 WARN NativeCodeLoader: Unable to load native-hadoop library for your platform... using builtin-java classes where applicable
[2025-05-07T19:41:13.987+0000] {subprocess.py:93} INFO - 25/05/07 19:41:13 INFO SparkContext: Running Spark version 3.5.5
[2025-05-07T19:41:13.988+0000] {subprocess.py:93} INFO - 25/05/07 19:41:13 INFO SparkContext: OS info Linux, 5.15.153.1-microsoft-standard-WSL2, amd64
[2025-05-07T19:41:13.988+0000] {subprocess.py:93} INFO - 25/05/07 19:41:13 INFO SparkContext: Java version 17.0.14
[2025-05-07T19:41:14.017+0000] {subprocess.py:93} INFO - 25/05/07 19:41:14 INFO ResourceUtils: ==============================================================
[2025-05-07T19:41:14.018+0000] {subprocess.py:93} INFO - 25/05/07 19:41:14 INFO ResourceUtils: No custom resources configured for spark.driver.
[2025-05-07T19:41:14.018+0000] {subprocess.py:93} INFO - 25/05/07 19:41:14 INFO ResourceUtils: ==============================================================
[2025-05-07T19:41:14.019+0000] {subprocess.py:93} INFO - 25/05/07 19:41:14 INFO SparkContext: Submitted application: CoronaProj
[2025-05-07T19:41:14.036+0000] {subprocess.py:93} INFO - 25/05/07 19:41:14 INFO ResourceProfile: Default ResourceProfile created, executor resources: Map(cores -> name: cores, amount: 1, script: , vendor: , memory -> name: memory, amount: 1024, script: , vendor: , offHeap -> name: offHeap, amount: 0, script: , vendor: ), task resources: Map(cpus -> name: cpus, amount: 1.0)
[2025-05-07T19:41:14.046+0000] {subprocess.py:93} INFO - 25/05/07 19:41:14 INFO ResourceProfile: Limiting resource is cpu
[2025-05-07T19:41:14.046+0000] {subprocess.py:93} INFO - 25/05/07 19:41:14 INFO ResourceProfileManager: Added ResourceProfile id: 0
[2025-05-07T19:41:14.094+0000] {subprocess.py:93} INFO - 25/05/07 19:41:14 INFO SecurityManager: Changing view acls to: ***
[2025-05-07T19:41:14.094+0000] {subprocess.py:93} INFO - 25/05/07 19:41:14 INFO SecurityManager: Changing modify acls to: ***
[2025-05-07T19:41:14.095+0000] {subprocess.py:93} INFO - 25/05/07 19:41:14 INFO SecurityManager: Changing view acls groups to:
[2025-05-07T19:41:14.095+0000] {subprocess.py:93} INFO - 25/05/07 19:41:14 INFO SecurityManager: Changing modify acls groups to:
[2025-05-07T19:41:14.095+0000] {subprocess.py:93} INFO - 25/05/07 19:41:14 INFO SecurityManager: SecurityManager: authentication disabled; ui acls disabled; users with view permissions: ***; groups with view permissions: EMPTY; users with modify permissions: ***; groups with modify permissions: EMPTY
[2025-05-07T19:41:14.285+0000] {subprocess.py:93} INFO - 25/05/07 19:41:14 INFO Utils: Successfully started service 'sparkDriver' on port 44853.
[2025-05-07T19:41:14.305+0000] {subprocess.py:93} INFO - 25/05/07 19:41:14 INFO SparkEnv: Registering MapOutputTracker
[2025-05-07T19:41:14.333+0000] {subprocess.py:93} INFO - 25/05/07 19:41:14 INFO SparkEnv: Registering BlockManagerMaster
[2025-05-07T19:41:14.349+0000] {subprocess.py:93} INFO - 25/05/07 19:41:14 INFO BlockManagerMasterEndpoint: Using org.apache.spark.storage.DefaultTopologyMapper for getting topology information
[2025-05-07T19:41:14.350+0000] {subprocess.py:93} INFO - 25/05/07 19:41:14 INFO BlockManagerMasterEndpoint: BlockManagerMasterEndpoint up
[2025-05-07T19:41:14.354+0000] {subprocess.py:93} INFO - 25/05/07 19:41:14 INFO SparkEnv: Registering BlockManagerMasterHeartbeat
[2025-05-07T19:41:14.374+0000] {subprocess.py:93} INFO - 25/05/07 19:41:14 INFO DiskBlockManager: Created local directory at /tmp/blockmgr-68812bf2-00af-4c70-9554-513cc4e066c9
[2025-05-07T19:41:14.385+0000] {subprocess.py:93} INFO - 25/05/07 19:41:14 INFO MemoryStore: MemoryStore started with capacity 434.4 MiB
[2025-05-07T19:41:14.403+0000] {subprocess.py:93} INFO - 25/05/07 19:41:14 INFO SparkEnv: Registering OutputCommitCoordinator
[2025-05-07T19:41:14.500+0000] {subprocess.py:93} INFO - 25/05/07 19:41:14 INFO JettyUtils: Start Jetty 0.0.0.0:4040 for SparkUI
[2025-05-07T19:41:14.568+0000] {subprocess.py:93} INFO - 25/05/07 19:41:14 INFO Utils: Successfully started service 'SparkUI' on port 4040.
[2025-05-07T19:41:14.602+0000] {subprocess.py:93} INFO - 25/05/07 19:41:14 INFO SparkContext: Added JAR /opt/***/dags/CoronaProj/postgresql-42.7.5.jar at spark://1a616c0a8036:44853/jars/postgresql-42.7.5.jar with timestamp 1746646873980
[2025-05-07T19:41:14.650+0000] {subprocess.py:93} INFO - 25/05/07 19:41:14 INFO Executor: Starting executor ID driver on host 1a616c0a8036
[2025-05-07T19:41:14.651+0000] {subprocess.py:93} INFO - 25/05/07 19:41:14 INFO Executor: OS info Linux, 5.15.153.1-microsoft-standard-WSL2, amd64
[2025-05-07T19:41:14.652+0000] {subprocess.py:93} INFO - 25/05/07 19:41:14 INFO Executor: Java version 17.0.14
[2025-05-07T19:41:14.656+0000] {subprocess.py:93} INFO - 25/05/07 19:41:14 INFO Executor: Starting executor with user classpath (userClassPathFirst = false): ''
[2025-05-07T19:41:14.657+0000] {subprocess.py:93} INFO - 25/05/07 19:41:14 INFO Executor: Created or updated repl class loader org.apache.spark.util.MutableURLClassLoader@70b569c3 for default.
[2025-05-07T19:41:14.669+0000] {subprocess.py:93} INFO - 25/05/07 19:41:14 INFO Executor: Fetching spark://1a616c0a8036:44853/jars/postgresql-42.7.5.jar with timestamp 1746646873980
[2025-05-07T19:41:14.708+0000] {subprocess.py:93} INFO - 25/05/07 19:41:14 INFO TransportClientFactory: Successfully created connection to 1a616c0a8036/172.18.0.5:44853 after 19 ms (0 ms spent in bootstraps)
[2025-05-07T19:41:14.712+0000] {subprocess.py:93} INFO - 25/05/07 19:41:14 INFO Utils: Fetching spark://1a616c0a8036:44853/jars/postgresql-42.7.5.jar to /tmp/spark-66eac987-3a61-41fd-87a7-2445a8937643/userFiles-88b2ecbc-a12f-44dc-8be7-c1bdfc2eb226/fetchFileTemp16401421562084868017.tmp
[2025-05-07T19:41:14.740+0000] {subprocess.py:93} INFO - 25/05/07 19:41:14 INFO Executor: Adding file:/tmp/spark-66eac987-3a61-41fd-87a7-2445a8937643/userFiles-88b2ecbc-a12f-44dc-8be7-c1bdfc2eb226/postgresql-42.7.5.jar to class loader default
[2025-05-07T19:41:14.747+0000] {subprocess.py:93} INFO - 25/05/07 19:41:14 INFO Utils: Successfully started service 'org.apache.spark.network.netty.NettyBlockTransferService' on port 37353.
[2025-05-07T19:41:14.748+0000] {subprocess.py:93} INFO - 25/05/07 19:41:14 INFO NettyBlockTransferService: Server created on 1a616c0a8036:37353
[2025-05-07T19:41:14.749+0000] {subprocess.py:93} INFO - 25/05/07 19:41:14 INFO BlockManager: Using org.apache.spark.storage.RandomBlockReplicationPolicy for block replication policy
[2025-05-07T19:41:14.753+0000] {subprocess.py:93} INFO - 25/05/07 19:41:14 INFO BlockManagerMaster: Registering BlockManager BlockManagerId(driver, 1a616c0a8036, 37353, None)
[2025-05-07T19:41:14.756+0000] {subprocess.py:93} INFO - 25/05/07 19:41:14 INFO BlockManagerMasterEndpoint: Registering block manager 1a616c0a8036:37353 with 434.4 MiB RAM, BlockManagerId(driver, 1a616c0a8036, 37353, None)
[2025-05-07T19:41:14.758+0000] {subprocess.py:93} INFO - 25/05/07 19:41:14 INFO BlockManagerMaster: Registered BlockManager BlockManagerId(driver, 1a616c0a8036, 37353, None)
[2025-05-07T19:41:14.759+0000] {subprocess.py:93} INFO - 25/05/07 19:41:14 INFO BlockManager: Initialized BlockManager: BlockManagerId(driver, 1a616c0a8036, 37353, None)
[2025-05-07T19:41:15.039+0000] {subprocess.py:93} INFO - 25/05/07 19:41:15 INFO SharedState: Setting hive.metastore.warehouse.dir ('null') to the value of spark.sql.warehouse.dir.
[2025-05-07T19:41:15.041+0000] {subprocess.py:93} INFO - 25/05/07 19:41:15 INFO SharedState: Warehouse path is 'file:/opt/***/dags/CoronaProj/spark-warehouse'.
[2025-05-07T19:41:15.628+0000] {subprocess.py:93} INFO - 25/05/07 19:41:15 INFO InMemoryFileIndex: It took 33 ms to list leaf files for 1 paths.
[2025-05-07T19:41:15.749+0000] {subprocess.py:93} INFO - 25/05/07 19:41:15 INFO MemoryStore: Block broadcast_0 stored as values in memory (estimated size 200.8 KiB, free 434.2 MiB)
[2025-05-07T19:41:15.796+0000] {subprocess.py:93} INFO - 25/05/07 19:41:15 INFO MemoryStore: Block broadcast_0_piece0 stored as bytes in memory (estimated size 34.6 KiB, free 434.2 MiB)
[2025-05-07T19:41:15.798+0000] {subprocess.py:93} INFO - 25/05/07 19:41:15 INFO BlockManagerInfo: Added broadcast_0_piece0 in memory on 1a616c0a8036:37353 (size: 34.6 KiB, free: 434.4 MiB)
[2025-05-07T19:41:15.801+0000] {subprocess.py:93} INFO - 25/05/07 19:41:15 INFO SparkContext: Created broadcast 0 from json at NativeMethodAccessorImpl.java:0
[2025-05-07T19:41:16.075+0000] {subprocess.py:93} INFO - 25/05/07 19:41:16 INFO FileInputFormat: Total input files to process : 1
[2025-05-07T19:41:16.079+0000] {subprocess.py:93} INFO - 25/05/07 19:41:16 INFO FileInputFormat: Total input files to process : 1
[2025-05-07T19:41:16.090+0000] {subprocess.py:93} INFO - 25/05/07 19:41:16 INFO SparkContext: Starting job: json at NativeMethodAccessorImpl.java:0
[2025-05-07T19:41:16.102+0000] {subprocess.py:93} INFO - 25/05/07 19:41:16 INFO DAGScheduler: Got job 0 (json at NativeMethodAccessorImpl.java:0) with 1 output partitions
[2025-05-07T19:41:16.103+0000] {subprocess.py:93} INFO - 25/05/07 19:41:16 INFO DAGScheduler: Final stage: ResultStage 0 (json at NativeMethodAccessorImpl.java:0)
[2025-05-07T19:41:16.104+0000] {subprocess.py:93} INFO - 25/05/07 19:41:16 INFO DAGScheduler: Parents of final stage: List()
[2025-05-07T19:41:16.105+0000] {subprocess.py:93} INFO - 25/05/07 19:41:16 INFO DAGScheduler: Missing parents: List()
[2025-05-07T19:41:16.108+0000] {subprocess.py:93} INFO - 25/05/07 19:41:16 INFO DAGScheduler: Submitting ResultStage 0 (MapPartitionsRDD[2] at json at NativeMethodAccessorImpl.java:0), which has no missing parents
[2025-05-07T19:41:16.146+0000] {subprocess.py:93} INFO - 25/05/07 19:41:16 INFO MemoryStore: Block broadcast_1 stored as values in memory (estimated size 9.3 KiB, free 434.2 MiB)
[2025-05-07T19:41:16.151+0000] {subprocess.py:93} INFO - 25/05/07 19:41:16 INFO MemoryStore: Block broadcast_1_piece0 stored as bytes in memory (estimated size 5.0 KiB, free 434.2 MiB)
[2025-05-07T19:41:16.152+0000] {subprocess.py:93} INFO - 25/05/07 19:41:16 INFO BlockManagerInfo: Added broadcast_1_piece0 in memory on 1a616c0a8036:37353 (size: 5.0 KiB, free: 434.4 MiB)
[2025-05-07T19:41:16.153+0000] {subprocess.py:93} INFO - 25/05/07 19:41:16 INFO SparkContext: Created broadcast 1 from broadcast at DAGScheduler.scala:1585
[2025-05-07T19:41:16.167+0000] {subprocess.py:93} INFO - 25/05/07 19:41:16 INFO DAGScheduler: Submitting 1 missing tasks from ResultStage 0 (MapPartitionsRDD[2] at json at NativeMethodAccessorImpl.java:0) (first 15 tasks are for partitions Vector(0))
[2025-05-07T19:41:16.169+0000] {subprocess.py:93} INFO - 25/05/07 19:41:16 INFO TaskSchedulerImpl: Adding task set 0.0 with 1 tasks resource profile 0
[2025-05-07T19:41:16.211+0000] {subprocess.py:93} INFO - 25/05/07 19:41:16 INFO TaskSetManager: Starting task 0.0 in stage 0.0 (TID 0) (1a616c0a8036, executor driver, partition 0, PROCESS_LOCAL, 9314 bytes)
[2025-05-07T19:41:16.224+0000] {subprocess.py:93} INFO - 25/05/07 19:41:16 INFO Executor: Running task 0.0 in stage 0.0 (TID 0)
[2025-05-07T19:41:16.288+0000] {subprocess.py:93} INFO - 25/05/07 19:41:16 INFO BinaryFileRDD: Input split: Paths:/opt/***/dags/CoronaProj/data.json:0+213782
[2025-05-07T19:41:16.429+0000] {subprocess.py:93} INFO - 25/05/07 19:41:16 INFO Executor: Finished task 0.0 in stage 0.0 (TID 0). 2671 bytes result sent to driver
[2025-05-07T19:41:16.437+0000] {subprocess.py:93} INFO - 25/05/07 19:41:16 INFO TaskSetManager: Finished task 0.0 in stage 0.0 (TID 0) in 238 ms on 1a616c0a8036 (executor driver) (1/1)
[2025-05-07T19:41:16.439+0000] {subprocess.py:93} INFO - 25/05/07 19:41:16 INFO TaskSchedulerImpl: Removed TaskSet 0.0, whose tasks have all completed, from pool
[2025-05-07T19:41:16.443+0000] {subprocess.py:93} INFO - 25/05/07 19:41:16 INFO DAGScheduler: ResultStage 0 (json at NativeMethodAccessorImpl.java:0) finished in 0.325 s
[2025-05-07T19:41:16.446+0000] {subprocess.py:93} INFO - 25/05/07 19:41:16 INFO DAGScheduler: Job 0 is finished. Cancelling potential speculative or zombie tasks for this job
[2025-05-07T19:41:16.447+0000] {subprocess.py:93} INFO - 25/05/07 19:41:16 INFO TaskSchedulerImpl: Killing all running tasks in stage 0: Stage finished
[2025-05-07T19:41:16.449+0000] {subprocess.py:93} INFO - 25/05/07 19:41:16 INFO DAGScheduler: Job 0 finished: json at NativeMethodAccessorImpl.java:0, took 0.357868 s
[2025-05-07T19:41:16.727+0000] {subprocess.py:93} INFO - 25/05/07 19:41:16 INFO BlockManagerInfo: Removed broadcast_0_piece0 on 1a616c0a8036:37353 in memory (size: 34.6 KiB, free: 434.4 MiB)
[2025-05-07T19:41:16.732+0000] {subprocess.py:93} INFO - 25/05/07 19:41:16 INFO BlockManagerInfo: Removed broadcast_1_piece0 on 1a616c0a8036:37353 in memory (size: 5.0 KiB, free: 434.4 MiB)
[2025-05-07T19:41:17.566+0000] {subprocess.py:93} INFO - 25/05/07 19:41:17 INFO FileSourceStrategy: Pushed Filters: IsNotNull(cases),IsNotNull(deaths),IsNotNull(recovered),GreaterThanOrEqual(cases,0),GreaterThanOrEqual(deaths,0),GreaterThanOrEqual(recovered,0)
[2025-05-07T19:41:17.567+0000] {subprocess.py:93} INFO - 25/05/07 19:41:17 INFO FileSourceStrategy: Post-Scan Filters: isnotnull(cases#2L),isnotnull(deaths#9L),isnotnull(recovered#15L),(cases#2L >= 0),(deaths#9L >= 0),(recovered#15L >= 0),atleastnnonnulls(6, continent#4, country#5, cases#2L, deaths#9L, recovered#15L, cast(from_unixtime(cast((cast(updated#22L as double) / 1000.0) as bigint), yyyy-MM-dd HH:mm:ss, Some(Africa/Cairo)) as timestamp))
[2025-05-07T19:41:17.912+0000] {subprocess.py:93} INFO - 25/05/07 19:41:17 INFO CodeGenerator: Code generated in 162.783764 ms
[2025-05-07T19:41:17.919+0000] {subprocess.py:93} INFO - 25/05/07 19:41:17 INFO MemoryStore: Block broadcast_2 stored as values in memory (estimated size 200.2 KiB, free 434.2 MiB)
[2025-05-07T19:41:17.935+0000] {subprocess.py:93} INFO - 25/05/07 19:41:17 INFO MemoryStore: Block broadcast_2_piece0 stored as bytes in memory (estimated size 34.6 KiB, free 434.2 MiB)
[2025-05-07T19:41:17.936+0000] {subprocess.py:93} INFO - 25/05/07 19:41:17 INFO BlockManagerInfo: Added broadcast_2_piece0 in memory on 1a616c0a8036:37353 (size: 34.6 KiB, free: 434.4 MiB)
[2025-05-07T19:41:17.937+0000] {subprocess.py:93} INFO - 25/05/07 19:41:17 INFO SparkContext: Created broadcast 2 from count at NativeMethodAccessorImpl.java:0
[2025-05-07T19:41:17.952+0000] {subprocess.py:93} INFO - 25/05/07 19:41:17 INFO FileSourceScanExec: Planning scan with bin packing, max size: 4194304 bytes, open cost is considered as scanning 4194304 bytes.
[2025-05-07T19:41:17.985+0000] {subprocess.py:93} INFO - 25/05/07 19:41:17 INFO DAGScheduler: Registering RDD 6 (count at NativeMethodAccessorImpl.java:0) as input to shuffle 0
[2025-05-07T19:41:17.989+0000] {subprocess.py:93} INFO - 25/05/07 19:41:17 INFO DAGScheduler: Got map stage job 1 (count at NativeMethodAccessorImpl.java:0) with 1 output partitions
[2025-05-07T19:41:17.989+0000] {subprocess.py:93} INFO - 25/05/07 19:41:17 INFO DAGScheduler: Final stage: ShuffleMapStage 1 (count at NativeMethodAccessorImpl.java:0)
[2025-05-07T19:41:17.989+0000] {subprocess.py:93} INFO - 25/05/07 19:41:17 INFO DAGScheduler: Parents of final stage: List()
[2025-05-07T19:41:17.990+0000] {subprocess.py:93} INFO - 25/05/07 19:41:17 INFO DAGScheduler: Missing parents: List()
[2025-05-07T19:41:17.991+0000] {subprocess.py:93} INFO - 25/05/07 19:41:17 INFO DAGScheduler: Submitting ShuffleMapStage 1 (MapPartitionsRDD[6] at count at NativeMethodAccessorImpl.java:0), which has no missing parents
[2025-05-07T19:41:18.026+0000] {subprocess.py:93} INFO - 25/05/07 19:41:18 INFO MemoryStore: Block broadcast_3 stored as values in memory (estimated size 22.5 KiB, free 434.1 MiB)
[2025-05-07T19:41:18.031+0000] {subprocess.py:93} INFO - 25/05/07 19:41:18 INFO MemoryStore: Block broadcast_3_piece0 stored as bytes in memory (estimated size 10.3 KiB, free 434.1 MiB)
[2025-05-07T19:41:18.032+0000] {subprocess.py:93} INFO - 25/05/07 19:41:18 INFO BlockManagerInfo: Added broadcast_3_piece0 in memory on 1a616c0a8036:37353 (size: 10.3 KiB, free: 434.4 MiB)
[2025-05-07T19:41:18.033+0000] {subprocess.py:93} INFO - 25/05/07 19:41:18 INFO SparkContext: Created broadcast 3 from broadcast at DAGScheduler.scala:1585
[2025-05-07T19:41:18.035+0000] {subprocess.py:93} INFO - 25/05/07 19:41:18 INFO DAGScheduler: Submitting 1 missing tasks from ShuffleMapStage 1 (MapPartitionsRDD[6] at count at NativeMethodAccessorImpl.java:0) (first 15 tasks are for partitions Vector(0))
[2025-05-07T19:41:18.035+0000] {subprocess.py:93} INFO - 25/05/07 19:41:18 INFO TaskSchedulerImpl: Adding task set 1.0 with 1 tasks resource profile 0
[2025-05-07T19:41:18.040+0000] {subprocess.py:93} INFO - 25/05/07 19:41:18 INFO TaskSetManager: Starting task 0.0 in stage 1.0 (TID 1) (1a616c0a8036, executor driver, partition 0, PROCESS_LOCAL, 9776 bytes)
[2025-05-07T19:41:18.041+0000] {subprocess.py:93} INFO - 25/05/07 19:41:18 INFO Executor: Running task 0.0 in stage 1.0 (TID 1)
[2025-05-07T19:41:18.118+0000] {subprocess.py:93} INFO - 25/05/07 19:41:18 INFO CodeGenerator: Code generated in 41.048903 ms
[2025-05-07T19:41:18.131+0000] {subprocess.py:93} INFO - 25/05/07 19:41:18 INFO FileScanRDD: Reading File path: file:///opt/***/dags/CoronaProj/data.json, range: 0-213782, partition values: [empty row]
[2025-05-07T19:41:18.156+0000] {subprocess.py:93} INFO - 25/05/07 19:41:18 INFO CodeGenerator: Code generated in 16.64651 ms
[2025-05-07T19:41:18.177+0000] {subprocess.py:93} INFO - 25/05/07 19:41:18 INFO CodeGenerator: Code generated in 7.621779 ms
[2025-05-07T19:41:18.186+0000] {subprocess.py:93} INFO - 25/05/07 19:41:18 INFO CodeGenerator: Code generated in 6.28483 ms
[2025-05-07T19:41:18.194+0000] {subprocess.py:93} INFO - 25/05/07 19:41:18 INFO CodeGenerator: Code generated in 5.105187 ms
[2025-05-07T19:41:18.285+0000] {subprocess.py:93} INFO - 25/05/07 19:41:18 INFO Executor: Finished task 0.0 in stage 1.0 (TID 1). 2027 bytes result sent to driver
[2025-05-07T19:41:18.288+0000] {subprocess.py:93} INFO - 25/05/07 19:41:18 INFO TaskSetManager: Finished task 0.0 in stage 1.0 (TID 1) in 251 ms on 1a616c0a8036 (executor driver) (1/1)
[2025-05-07T19:41:18.288+0000] {subprocess.py:93} INFO - 25/05/07 19:41:18 INFO TaskSchedulerImpl: Removed TaskSet 1.0, whose tasks have all completed, from pool
[2025-05-07T19:41:18.290+0000] {subprocess.py:93} INFO - 25/05/07 19:41:18 INFO DAGScheduler: ShuffleMapStage 1 (count at NativeMethodAccessorImpl.java:0) finished in 0.297 s
[2025-05-07T19:41:18.291+0000] {subprocess.py:93} INFO - 25/05/07 19:41:18 INFO DAGScheduler: looking for newly runnable stages
[2025-05-07T19:41:18.292+0000] {subprocess.py:93} INFO - 25/05/07 19:41:18 INFO DAGScheduler: running: Set()
[2025-05-07T19:41:18.293+0000] {subprocess.py:93} INFO - 25/05/07 19:41:18 INFO DAGScheduler: waiting: Set()
[2025-05-07T19:41:18.294+0000] {subprocess.py:93} INFO - 25/05/07 19:41:18 INFO DAGScheduler: failed: Set()
[2025-05-07T19:41:18.329+0000] {subprocess.py:93} INFO - 25/05/07 19:41:18 INFO CodeGenerator: Code generated in 8.174699 ms
[2025-05-07T19:41:18.353+0000] {subprocess.py:93} INFO - 25/05/07 19:41:18 INFO SparkContext: Starting job: count at NativeMethodAccessorImpl.java:0
[2025-05-07T19:41:18.356+0000] {subprocess.py:93} INFO - 25/05/07 19:41:18 INFO DAGScheduler: Got job 2 (count at NativeMethodAccessorImpl.java:0) with 1 output partitions
[2025-05-07T19:41:18.357+0000] {subprocess.py:93} INFO - 25/05/07 19:41:18 INFO DAGScheduler: Final stage: ResultStage 3 (count at NativeMethodAccessorImpl.java:0)
[2025-05-07T19:41:18.358+0000] {subprocess.py:93} INFO - 25/05/07 19:41:18 INFO DAGScheduler: Parents of final stage: List(ShuffleMapStage 2)
[2025-05-07T19:41:18.358+0000] {subprocess.py:93} INFO - 25/05/07 19:41:18 INFO DAGScheduler: Missing parents: List()
[2025-05-07T19:41:18.359+0000] {subprocess.py:93} INFO - 25/05/07 19:41:18 INFO DAGScheduler: Submitting ResultStage 3 (MapPartitionsRDD[9] at count at NativeMethodAccessorImpl.java:0), which has no missing parents
[2025-05-07T19:41:18.365+0000] {subprocess.py:93} INFO - 25/05/07 19:41:18 INFO MemoryStore: Block broadcast_4 stored as values in memory (estimated size 12.5 KiB, free 434.1 MiB)
[2025-05-07T19:41:18.371+0000] {subprocess.py:93} INFO - 25/05/07 19:41:18 INFO MemoryStore: Block broadcast_4_piece0 stored as bytes in memory (estimated size 5.9 KiB, free 434.1 MiB)
[2025-05-07T19:41:18.373+0000] {subprocess.py:93} INFO - 25/05/07 19:41:18 INFO BlockManagerInfo: Added broadcast_4_piece0 in memory on 1a616c0a8036:37353 (size: 5.9 KiB, free: 434.4 MiB)
[2025-05-07T19:41:18.373+0000] {subprocess.py:93} INFO - 25/05/07 19:41:18 INFO BlockManagerInfo: Removed broadcast_3_piece0 on 1a616c0a8036:37353 in memory (size: 10.3 KiB, free: 434.4 MiB)
[2025-05-07T19:41:18.374+0000] {subprocess.py:93} INFO - 25/05/07 19:41:18 INFO SparkContext: Created broadcast 4 from broadcast at DAGScheduler.scala:1585
[2025-05-07T19:41:18.374+0000] {subprocess.py:93} INFO - 25/05/07 19:41:18 INFO DAGScheduler: Submitting 1 missing tasks from ResultStage 3 (MapPartitionsRDD[9] at count at NativeMethodAccessorImpl.java:0) (first 15 tasks are for partitions Vector(0))
[2025-05-07T19:41:18.375+0000] {subprocess.py:93} INFO - 25/05/07 19:41:18 INFO TaskSchedulerImpl: Adding task set 3.0 with 1 tasks resource profile 0
[2025-05-07T19:41:18.379+0000] {subprocess.py:93} INFO - 25/05/07 19:41:18 INFO TaskSetManager: Starting task 0.0 in stage 3.0 (TID 2) (1a616c0a8036, executor driver, partition 0, NODE_LOCAL, 9179 bytes)
[2025-05-07T19:41:18.380+0000] {subprocess.py:93} INFO - 25/05/07 19:41:18 INFO Executor: Running task 0.0 in stage 3.0 (TID 2)
[2025-05-07T19:41:18.413+0000] {subprocess.py:93} INFO - 25/05/07 19:41:18 INFO ShuffleBlockFetcherIterator: Getting 1 (60.0 B) non-empty blocks including 1 (60.0 B) local and 0 (0.0 B) host-local and 0 (0.0 B) push-merged-local and 0 (0.0 B) remote blocks
[2025-05-07T19:41:18.415+0000] {subprocess.py:93} INFO - 25/05/07 19:41:18 INFO ShuffleBlockFetcherIterator: Started 0 remote fetches in 8 ms
[2025-05-07T19:41:18.429+0000] {subprocess.py:93} INFO - 25/05/07 19:41:18 INFO CodeGenerator: Code generated in 11.310115 ms
[2025-05-07T19:41:18.441+0000] {subprocess.py:93} INFO - 25/05/07 19:41:18 INFO Executor: Finished task 0.0 in stage 3.0 (TID 2). 4038 bytes result sent to driver
[2025-05-07T19:41:18.444+0000] {subprocess.py:93} INFO - 25/05/07 19:41:18 INFO TaskSetManager: Finished task 0.0 in stage 3.0 (TID 2) in 65 ms on 1a616c0a8036 (executor driver) (1/1)
[2025-05-07T19:41:18.444+0000] {subprocess.py:93} INFO - 25/05/07 19:41:18 INFO TaskSchedulerImpl: Removed TaskSet 3.0, whose tasks have all completed, from pool
[2025-05-07T19:41:18.445+0000] {subprocess.py:93} INFO - 25/05/07 19:41:18 INFO DAGScheduler: ResultStage 3 (count at NativeMethodAccessorImpl.java:0) finished in 0.082 s
[2025-05-07T19:41:18.446+0000] {subprocess.py:93} INFO - 25/05/07 19:41:18 INFO DAGScheduler: Job 2 is finished. Cancelling potential speculative or zombie tasks for this job
[2025-05-07T19:41:18.446+0000] {subprocess.py:93} INFO - 25/05/07 19:41:18 INFO TaskSchedulerImpl: Killing all running tasks in stage 3: Stage finished
[2025-05-07T19:41:18.447+0000] {subprocess.py:93} INFO - 25/05/07 19:41:18 INFO DAGScheduler: Job 2 finished: count at NativeMethodAccessorImpl.java:0, took 0.092534 s
[2025-05-07T19:41:18.537+0000] {subprocess.py:93} INFO - 25/05/07 19:41:18 INFO FileSourceStrategy: Pushed Filters: IsNotNull(cases),IsNotNull(deaths),IsNotNull(recovered),GreaterThanOrEqual(cases,0),GreaterThanOrEqual(deaths,0),GreaterThanOrEqual(recovered,0)
[2025-05-07T19:41:18.538+0000] {subprocess.py:93} INFO - 25/05/07 19:41:18 INFO FileSourceStrategy: Post-Scan Filters: isnotnull(cases#2L),isnotnull(deaths#9L),isnotnull(recovered#15L),(cases#2L >= 0),(deaths#9L >= 0),(recovered#15L >= 0),atleastnnonnulls(6, continent#4, country#5, cases#2L, deaths#9L, recovered#15L, cast(from_unixtime(cast((cast(updated#22L as double) / 1000.0) as bigint), yyyy-MM-dd HH:mm:ss, Some(Africa/Cairo)) as timestamp))
[2025-05-07T19:41:18.657+0000] {subprocess.py:93} INFO - 25/05/07 19:41:18 INFO CodeGenerator: Code generated in 62.944906 ms
[2025-05-07T19:41:18.661+0000] {subprocess.py:93} INFO - 25/05/07 19:41:18 INFO MemoryStore: Block broadcast_5 stored as values in memory (estimated size 200.2 KiB, free 434.0 MiB)
[2025-05-07T19:41:18.672+0000] {subprocess.py:93} INFO - 25/05/07 19:41:18 INFO BlockManagerInfo: Removed broadcast_4_piece0 on 1a616c0a8036:37353 in memory (size: 5.9 KiB, free: 434.4 MiB)
[2025-05-07T19:41:18.675+0000] {subprocess.py:93} INFO - 25/05/07 19:41:18 INFO MemoryStore: Block broadcast_5_piece0 stored as bytes in memory (estimated size 34.6 KiB, free 433.9 MiB)
[2025-05-07T19:41:18.675+0000] {subprocess.py:93} INFO - 25/05/07 19:41:18 INFO BlockManagerInfo: Added broadcast_5_piece0 in memory on 1a616c0a8036:37353 (size: 34.6 KiB, free: 434.3 MiB)
[2025-05-07T19:41:18.676+0000] {subprocess.py:93} INFO - 25/05/07 19:41:18 INFO SparkContext: Created broadcast 5 from collect at /opt/***/dags/CoronaProj/Spark_script_process.py:52
[2025-05-07T19:41:18.677+0000] {subprocess.py:93} INFO - 25/05/07 19:41:18 INFO FileSourceScanExec: Planning scan with bin packing, max size: 4194304 bytes, open cost is considered as scanning 4194304 bytes.
[2025-05-07T19:41:18.718+0000] {subprocess.py:93} INFO - 25/05/07 19:41:18 INFO DAGScheduler: Registering RDD 13 (collect at /opt/***/dags/CoronaProj/Spark_script_process.py:52) as input to shuffle 1
[2025-05-07T19:41:18.719+0000] {subprocess.py:93} INFO - 25/05/07 19:41:18 INFO DAGScheduler: Got map stage job 3 (collect at /opt/***/dags/CoronaProj/Spark_script_process.py:52) with 1 output partitions
[2025-05-07T19:41:18.719+0000] {subprocess.py:93} INFO - 25/05/07 19:41:18 INFO DAGScheduler: Final stage: ShuffleMapStage 4 (collect at /opt/***/dags/CoronaProj/Spark_script_process.py:52)
[2025-05-07T19:41:18.720+0000] {subprocess.py:93} INFO - 25/05/07 19:41:18 INFO DAGScheduler: Parents of final stage: List()
[2025-05-07T19:41:18.720+0000] {subprocess.py:93} INFO - 25/05/07 19:41:18 INFO DAGScheduler: Missing parents: List()
[2025-05-07T19:41:18.721+0000] {subprocess.py:93} INFO - 25/05/07 19:41:18 INFO DAGScheduler: Submitting ShuffleMapStage 4 (MapPartitionsRDD[13] at collect at /opt/***/dags/CoronaProj/Spark_script_process.py:52), which has no missing parents
[2025-05-07T19:41:18.727+0000] {subprocess.py:93} INFO - 25/05/07 19:41:18 INFO MemoryStore: Block broadcast_6 stored as values in memory (estimated size 46.0 KiB, free 433.9 MiB)
[2025-05-07T19:41:18.732+0000] {subprocess.py:93} INFO - 25/05/07 19:41:18 INFO MemoryStore: Block broadcast_6_piece0 stored as bytes in memory (estimated size 20.9 KiB, free 433.9 MiB)
[2025-05-07T19:41:18.733+0000] {subprocess.py:93} INFO - 25/05/07 19:41:18 INFO BlockManagerInfo: Added broadcast_6_piece0 in memory on 1a616c0a8036:37353 (size: 20.9 KiB, free: 434.3 MiB)
[2025-05-07T19:41:18.733+0000] {subprocess.py:93} INFO - 25/05/07 19:41:18 INFO SparkContext: Created broadcast 6 from broadcast at DAGScheduler.scala:1585
[2025-05-07T19:41:18.734+0000] {subprocess.py:93} INFO - 25/05/07 19:41:18 INFO DAGScheduler: Submitting 1 missing tasks from ShuffleMapStage 4 (MapPartitionsRDD[13] at collect at /opt/***/dags/CoronaProj/Spark_script_process.py:52) (first 15 tasks are for partitions Vector(0))
[2025-05-07T19:41:18.734+0000] {subprocess.py:93} INFO - 25/05/07 19:41:18 INFO TaskSchedulerImpl: Adding task set 4.0 with 1 tasks resource profile 0
[2025-05-07T19:41:18.735+0000] {subprocess.py:93} INFO - 25/05/07 19:41:18 INFO TaskSetManager: Starting task 0.0 in stage 4.0 (TID 3) (1a616c0a8036, executor driver, partition 0, PROCESS_LOCAL, 9776 bytes)
[2025-05-07T19:41:18.736+0000] {subprocess.py:93} INFO - 25/05/07 19:41:18 INFO Executor: Running task 0.0 in stage 4.0 (TID 3)
[2025-05-07T19:41:18.789+0000] {subprocess.py:93} INFO - 25/05/07 19:41:18 INFO CodeGenerator: Code generated in 34.027547 ms
[2025-05-07T19:41:18.804+0000] {subprocess.py:93} INFO - 25/05/07 19:41:18 INFO CodeGenerator: Code generated in 8.438909 ms
[2025-05-07T19:41:18.811+0000] {subprocess.py:93} INFO - 25/05/07 19:41:18 INFO CodeGenerator: Code generated in 4.716973 ms
[2025-05-07T19:41:18.836+0000] {subprocess.py:93} INFO - 25/05/07 19:41:18 INFO CodeGenerator: Code generated in 10.10307 ms
[2025-05-07T19:41:18.845+0000] {subprocess.py:93} INFO - 25/05/07 19:41:18 INFO FileScanRDD: Reading File path: file:///opt/***/dags/CoronaProj/data.json, range: 0-213782, partition values: [empty row]
[2025-05-07T19:41:18.952+0000] {subprocess.py:93} INFO - 25/05/07 19:41:18 INFO Executor: Finished task 0.0 in stage 4.0 (TID 3). 2821 bytes result sent to driver
[2025-05-07T19:41:18.955+0000] {subprocess.py:93} INFO - 25/05/07 19:41:18 INFO TaskSetManager: Finished task 0.0 in stage 4.0 (TID 3) in 220 ms on 1a616c0a8036 (executor driver) (1/1)
[2025-05-07T19:41:18.956+0000] {subprocess.py:93} INFO - 25/05/07 19:41:18 INFO TaskSchedulerImpl: Removed TaskSet 4.0, whose tasks have all completed, from pool
[2025-05-07T19:41:18.956+0000] {subprocess.py:93} INFO - 25/05/07 19:41:18 INFO DAGScheduler: ShuffleMapStage 4 (collect at /opt/***/dags/CoronaProj/Spark_script_process.py:52) finished in 0.235 s
[2025-05-07T19:41:18.957+0000] {subprocess.py:93} INFO - 25/05/07 19:41:18 INFO DAGScheduler: looking for newly runnable stages
[2025-05-07T19:41:18.957+0000] {subprocess.py:93} INFO - 25/05/07 19:41:18 INFO DAGScheduler: running: Set()
[2025-05-07T19:41:18.958+0000] {subprocess.py:93} INFO - 25/05/07 19:41:18 INFO DAGScheduler: waiting: Set()
[2025-05-07T19:41:18.958+0000] {subprocess.py:93} INFO - 25/05/07 19:41:18 INFO DAGScheduler: failed: Set()
[2025-05-07T19:41:18.965+0000] {subprocess.py:93} INFO - 25/05/07 19:41:18 INFO ShufflePartitionsUtil: For shuffle(1), advisory target size: 67108864, actual target size 1048576, minimum partition size: 1048576
[2025-05-07T19:41:19.031+0000] {subprocess.py:93} INFO - 25/05/07 19:41:19 INFO CodeGenerator: Code generated in 32.999109 ms
[2025-05-07T19:41:19.063+0000] {subprocess.py:93} INFO - 25/05/07 19:41:19 INFO DAGScheduler: Registering RDD 16 (collect at /opt/***/dags/CoronaProj/Spark_script_process.py:52) as input to shuffle 2
[2025-05-07T19:41:19.064+0000] {subprocess.py:93} INFO - 25/05/07 19:41:19 INFO DAGScheduler: Got map stage job 4 (collect at /opt/***/dags/CoronaProj/Spark_script_process.py:52) with 1 output partitions
[2025-05-07T19:41:19.065+0000] {subprocess.py:93} INFO - 25/05/07 19:41:19 INFO DAGScheduler: Final stage: ShuffleMapStage 6 (collect at /opt/***/dags/CoronaProj/Spark_script_process.py:52)
[2025-05-07T19:41:19.066+0000] {subprocess.py:93} INFO - 25/05/07 19:41:19 INFO DAGScheduler: Parents of final stage: List(ShuffleMapStage 5)
[2025-05-07T19:41:19.066+0000] {subprocess.py:93} INFO - 25/05/07 19:41:19 INFO DAGScheduler: Missing parents: List()
[2025-05-07T19:41:19.067+0000] {subprocess.py:93} INFO - 25/05/07 19:41:19 INFO DAGScheduler: Submitting ShuffleMapStage 6 (MapPartitionsRDD[16] at collect at /opt/***/dags/CoronaProj/Spark_script_process.py:52), which has no missing parents
[2025-05-07T19:41:19.079+0000] {subprocess.py:93} INFO - 25/05/07 19:41:19 INFO MemoryStore: Block broadcast_7 stored as values in memory (estimated size 57.0 KiB, free 433.8 MiB)
[2025-05-07T19:41:19.086+0000] {subprocess.py:93} INFO - 25/05/07 19:41:19 INFO MemoryStore: Block broadcast_7_piece0 stored as bytes in memory (estimated size 24.8 KiB, free 433.8 MiB)
[2025-05-07T19:41:19.086+0000] {subprocess.py:93} INFO - 25/05/07 19:41:19 INFO BlockManagerInfo: Added broadcast_7_piece0 in memory on 1a616c0a8036:37353 (size: 24.8 KiB, free: 434.3 MiB)
[2025-05-07T19:41:19.087+0000] {subprocess.py:93} INFO - 25/05/07 19:41:19 INFO BlockManagerInfo: Removed broadcast_6_piece0 on 1a616c0a8036:37353 in memory (size: 20.9 KiB, free: 434.3 MiB)
[2025-05-07T19:41:19.088+0000] {subprocess.py:93} INFO - 25/05/07 19:41:19 INFO SparkContext: Created broadcast 7 from broadcast at DAGScheduler.scala:1585
[2025-05-07T19:41:19.088+0000] {subprocess.py:93} INFO - 25/05/07 19:41:19 INFO DAGScheduler: Submitting 1 missing tasks from ShuffleMapStage 6 (MapPartitionsRDD[16] at collect at /opt/***/dags/CoronaProj/Spark_script_process.py:52) (first 15 tasks are for partitions Vector(0))
[2025-05-07T19:41:19.089+0000] {subprocess.py:93} INFO - 25/05/07 19:41:19 INFO TaskSchedulerImpl: Adding task set 6.0 with 1 tasks resource profile 0
[2025-05-07T19:41:19.090+0000] {subprocess.py:93} INFO - 25/05/07 19:41:19 INFO TaskSetManager: Starting task 0.0 in stage 6.0 (TID 4) (1a616c0a8036, executor driver, partition 0, NODE_LOCAL, 9168 bytes)
[2025-05-07T19:41:19.091+0000] {subprocess.py:93} INFO - 25/05/07 19:41:19 INFO Executor: Running task 0.0 in stage 6.0 (TID 4)
[2025-05-07T19:41:19.109+0000] {subprocess.py:93} INFO - 25/05/07 19:41:19 INFO ShuffleBlockFetcherIterator: Getting 1 (12.3 KiB) non-empty blocks including 1 (12.3 KiB) local and 0 (0.0 B) host-local and 0 (0.0 B) push-merged-local and 0 (0.0 B) remote blocks
[2025-05-07T19:41:19.110+0000] {subprocess.py:93} INFO - 25/05/07 19:41:19 INFO ShuffleBlockFetcherIterator: Started 0 remote fetches in 2 ms
[2025-05-07T19:41:19.140+0000] {subprocess.py:93} INFO - 25/05/07 19:41:19 INFO CodeGenerator: Code generated in 30.205507 ms
[2025-05-07T19:41:19.168+0000] {subprocess.py:93} INFO - 25/05/07 19:41:19 INFO Executor: Finished task 0.0 in stage 6.0 (TID 4). 5694 bytes result sent to driver
[2025-05-07T19:41:19.170+0000] {subprocess.py:93} INFO - 25/05/07 19:41:19 INFO TaskSetManager: Finished task 0.0 in stage 6.0 (TID 4) in 80 ms on 1a616c0a8036 (executor driver) (1/1)
[2025-05-07T19:41:19.171+0000] {subprocess.py:93} INFO - 25/05/07 19:41:19 INFO TaskSchedulerImpl: Removed TaskSet 6.0, whose tasks have all completed, from pool
[2025-05-07T19:41:19.172+0000] {subprocess.py:93} INFO - 25/05/07 19:41:19 INFO DAGScheduler: ShuffleMapStage 6 (collect at /opt/***/dags/CoronaProj/Spark_script_process.py:52) finished in 0.096 s
[2025-05-07T19:41:19.173+0000] {subprocess.py:93} INFO - 25/05/07 19:41:19 INFO DAGScheduler: looking for newly runnable stages
[2025-05-07T19:41:19.173+0000] {subprocess.py:93} INFO - 25/05/07 19:41:19 INFO DAGScheduler: running: Set()
[2025-05-07T19:41:19.174+0000] {subprocess.py:93} INFO - 25/05/07 19:41:19 INFO DAGScheduler: waiting: Set()
[2025-05-07T19:41:19.174+0000] {subprocess.py:93} INFO - 25/05/07 19:41:19 INFO DAGScheduler: failed: Set()
[2025-05-07T19:41:19.194+0000] {subprocess.py:93} INFO - 25/05/07 19:41:19 INFO CodeGenerator: Code generated in 6.888853 ms
[2025-05-07T19:41:19.205+0000] {subprocess.py:93} INFO - 25/05/07 19:41:19 INFO SparkContext: Starting job: collect at /opt/***/dags/CoronaProj/Spark_script_process.py:52
[2025-05-07T19:41:19.207+0000] {subprocess.py:93} INFO - 25/05/07 19:41:19 INFO DAGScheduler: Got job 5 (collect at /opt/***/dags/CoronaProj/Spark_script_process.py:52) with 1 output partitions
[2025-05-07T19:41:19.208+0000] {subprocess.py:93} INFO - 25/05/07 19:41:19 INFO DAGScheduler: Final stage: ResultStage 9 (collect at /opt/***/dags/CoronaProj/Spark_script_process.py:52)
[2025-05-07T19:41:19.209+0000] {subprocess.py:93} INFO - 25/05/07 19:41:19 INFO DAGScheduler: Parents of final stage: List(ShuffleMapStage 8)
[2025-05-07T19:41:19.209+0000] {subprocess.py:93} INFO - 25/05/07 19:41:19 INFO DAGScheduler: Missing parents: List()
[2025-05-07T19:41:19.209+0000] {subprocess.py:93} INFO - 25/05/07 19:41:19 INFO DAGScheduler: Submitting ResultStage 9 (MapPartitionsRDD[19] at collect at /opt/***/dags/CoronaProj/Spark_script_process.py:52), which has no missing parents
[2025-05-07T19:41:19.210+0000] {subprocess.py:93} INFO - 25/05/07 19:41:19 INFO MemoryStore: Block broadcast_8 stored as values in memory (estimated size 12.5 KiB, free 433.8 MiB)
[2025-05-07T19:41:19.217+0000] {subprocess.py:93} INFO - 25/05/07 19:41:19 INFO MemoryStore: Block broadcast_8_piece0 stored as bytes in memory (estimated size 5.9 KiB, free 433.8 MiB)
[2025-05-07T19:41:19.218+0000] {subprocess.py:93} INFO - 25/05/07 19:41:19 INFO BlockManagerInfo: Added broadcast_8_piece0 in memory on 1a616c0a8036:37353 (size: 5.9 KiB, free: 434.3 MiB)
[2025-05-07T19:41:19.218+0000] {subprocess.py:93} INFO - 25/05/07 19:41:19 INFO BlockManagerInfo: Removed broadcast_7_piece0 on 1a616c0a8036:37353 in memory (size: 24.8 KiB, free: 434.3 MiB)
[2025-05-07T19:41:19.219+0000] {subprocess.py:93} INFO - 25/05/07 19:41:19 INFO SparkContext: Created broadcast 8 from broadcast at DAGScheduler.scala:1585
[2025-05-07T19:41:19.219+0000] {subprocess.py:93} INFO - 25/05/07 19:41:19 INFO DAGScheduler: Submitting 1 missing tasks from ResultStage 9 (MapPartitionsRDD[19] at collect at /opt/***/dags/CoronaProj/Spark_script_process.py:52) (first 15 tasks are for partitions Vector(0))
[2025-05-07T19:41:19.220+0000] {subprocess.py:93} INFO - 25/05/07 19:41:19 INFO TaskSchedulerImpl: Adding task set 9.0 with 1 tasks resource profile 0
[2025-05-07T19:41:19.221+0000] {subprocess.py:93} INFO - 25/05/07 19:41:19 INFO TaskSetManager: Starting task 0.0 in stage 9.0 (TID 5) (1a616c0a8036, executor driver, partition 0, NODE_LOCAL, 9179 bytes)
[2025-05-07T19:41:19.222+0000] {subprocess.py:93} INFO - 25/05/07 19:41:19 INFO Executor: Running task 0.0 in stage 9.0 (TID 5)
[2025-05-07T19:41:19.226+0000] {subprocess.py:93} INFO - 25/05/07 19:41:19 INFO ShuffleBlockFetcherIterator: Getting 1 (60.0 B) non-empty blocks including 1 (60.0 B) local and 0 (0.0 B) host-local and 0 (0.0 B) push-merged-local and 0 (0.0 B) remote blocks
[2025-05-07T19:41:19.226+0000] {subprocess.py:93} INFO - 25/05/07 19:41:19 INFO ShuffleBlockFetcherIterator: Started 0 remote fetches in 0 ms
[2025-05-07T19:41:19.234+0000] {subprocess.py:93} INFO - 25/05/07 19:41:19 INFO CodeGenerator: Code generated in 7.536476 ms
[2025-05-07T19:41:19.238+0000] {subprocess.py:93} INFO - 25/05/07 19:41:19 INFO Executor: Finished task 0.0 in stage 9.0 (TID 5). 3995 bytes result sent to driver
[2025-05-07T19:41:19.240+0000] {subprocess.py:93} INFO - 25/05/07 19:41:19 INFO TaskSetManager: Finished task 0.0 in stage 9.0 (TID 5) in 19 ms on 1a616c0a8036 (executor driver) (1/1)
[2025-05-07T19:41:19.240+0000] {subprocess.py:93} INFO - 25/05/07 19:41:19 INFO TaskSchedulerImpl: Removed TaskSet 9.0, whose tasks have all completed, from pool
[2025-05-07T19:41:19.241+0000] {subprocess.py:93} INFO - 25/05/07 19:41:19 INFO DAGScheduler: ResultStage 9 (collect at /opt/***/dags/CoronaProj/Spark_script_process.py:52) finished in 0.031 s
[2025-05-07T19:41:19.242+0000] {subprocess.py:93} INFO - 25/05/07 19:41:19 INFO DAGScheduler: Job 5 is finished. Cancelling potential speculative or zombie tasks for this job
[2025-05-07T19:41:19.242+0000] {subprocess.py:93} INFO - 25/05/07 19:41:19 INFO TaskSchedulerImpl: Killing all running tasks in stage 9: Stage finished
[2025-05-07T19:41:19.244+0000] {subprocess.py:93} INFO - 25/05/07 19:41:19 INFO DAGScheduler: Job 5 finished: collect at /opt/***/dags/CoronaProj/Spark_script_process.py:52, took 0.036770 s
[2025-05-07T19:41:19.264+0000] {subprocess.py:93} INFO - countries are unqiue
[2025-05-07T19:41:19.429+0000] {subprocess.py:93} INFO - 25/05/07 19:41:19 INFO FileSourceStrategy: Pushed Filters: IsNotNull(cases),IsNotNull(deaths),IsNotNull(recovered),GreaterThanOrEqual(cases,0),GreaterThanOrEqual(deaths,0),GreaterThanOrEqual(recovered,0)
[2025-05-07T19:41:19.430+0000] {subprocess.py:93} INFO - 25/05/07 19:41:19 INFO FileSourceStrategy: Post-Scan Filters: isnotnull(cases#2L),isnotnull(deaths#9L),isnotnull(recovered#15L),(cases#2L >= 0),(deaths#9L >= 0),(recovered#15L >= 0),atleastnnonnulls(6, continent#4, country#5, cases#2L, deaths#9L, recovered#15L, cast(from_unixtime(cast((cast(updated#22L as double) / 1000.0) as bigint), yyyy-MM-dd HH:mm:ss, Some(Africa/Cairo)) as timestamp))
[2025-05-07T19:41:19.460+0000] {subprocess.py:93} INFO - 25/05/07 19:41:19 INFO ParquetUtils: Using default output committer for Parquet: org.apache.parquet.hadoop.ParquetOutputCommitter
[2025-05-07T19:41:19.469+0000] {subprocess.py:93} INFO - 25/05/07 19:41:19 INFO FileOutputCommitter: File Output Committer Algorithm version is 1
[2025-05-07T19:41:19.469+0000] {subprocess.py:93} INFO - 25/05/07 19:41:19 INFO FileOutputCommitter: FileOutputCommitter skip cleanup _temporary folders under output directory:false, ignore cleanup failures: false
[2025-05-07T19:41:19.470+0000] {subprocess.py:93} INFO - 25/05/07 19:41:19 INFO SQLHadoopMapReduceCommitProtocol: Using user defined output committer class org.apache.parquet.hadoop.ParquetOutputCommitter
[2025-05-07T19:41:19.471+0000] {subprocess.py:93} INFO - 25/05/07 19:41:19 INFO FileOutputCommitter: File Output Committer Algorithm version is 1
[2025-05-07T19:41:19.471+0000] {subprocess.py:93} INFO - 25/05/07 19:41:19 INFO FileOutputCommitter: FileOutputCommitter skip cleanup _temporary folders under output directory:false, ignore cleanup failures: false
[2025-05-07T19:41:19.472+0000] {subprocess.py:93} INFO - 25/05/07 19:41:19 INFO SQLHadoopMapReduceCommitProtocol: Using output committer class org.apache.parquet.hadoop.ParquetOutputCommitter
[2025-05-07T19:41:19.547+0000] {subprocess.py:93} INFO - 25/05/07 19:41:19 INFO CodeGenerator: Code generated in 17.398237 ms
[2025-05-07T19:41:19.551+0000] {subprocess.py:93} INFO - 25/05/07 19:41:19 INFO MemoryStore: Block broadcast_9 stored as values in memory (estimated size 200.2 KiB, free 433.7 MiB)
[2025-05-07T19:41:19.561+0000] {subprocess.py:93} INFO - 25/05/07 19:41:19 INFO MemoryStore: Block broadcast_9_piece0 stored as bytes in memory (estimated size 34.6 KiB, free 433.7 MiB)
[2025-05-07T19:41:19.561+0000] {subprocess.py:93} INFO - 25/05/07 19:41:19 INFO BlockManagerInfo: Added broadcast_9_piece0 in memory on 1a616c0a8036:37353 (size: 34.6 KiB, free: 434.3 MiB)
[2025-05-07T19:41:19.562+0000] {subprocess.py:93} INFO - 25/05/07 19:41:19 INFO SparkContext: Created broadcast 9 from save at NativeMethodAccessorImpl.java:0
[2025-05-07T19:41:19.564+0000] {subprocess.py:93} INFO - 25/05/07 19:41:19 INFO FileSourceScanExec: Planning scan with bin packing, max size: 4194304 bytes, open cost is considered as scanning 4194304 bytes.
[2025-05-07T19:41:19.577+0000] {subprocess.py:93} INFO - 25/05/07 19:41:19 INFO SparkContext: Starting job: save at NativeMethodAccessorImpl.java:0
[2025-05-07T19:41:19.578+0000] {subprocess.py:93} INFO - 25/05/07 19:41:19 INFO DAGScheduler: Got job 6 (save at NativeMethodAccessorImpl.java:0) with 1 output partitions
[2025-05-07T19:41:19.579+0000] {subprocess.py:93} INFO - 25/05/07 19:41:19 INFO DAGScheduler: Final stage: ResultStage 10 (save at NativeMethodAccessorImpl.java:0)
[2025-05-07T19:41:19.580+0000] {subprocess.py:93} INFO - 25/05/07 19:41:19 INFO DAGScheduler: Parents of final stage: List()
[2025-05-07T19:41:19.580+0000] {subprocess.py:93} INFO - 25/05/07 19:41:19 INFO DAGScheduler: Missing parents: List()
[2025-05-07T19:41:19.581+0000] {subprocess.py:93} INFO - 25/05/07 19:41:19 INFO DAGScheduler: Submitting ResultStage 10 (MapPartitionsRDD[23] at save at NativeMethodAccessorImpl.java:0), which has no missing parents
[2025-05-07T19:41:19.603+0000] {subprocess.py:93} INFO - 25/05/07 19:41:19 INFO MemoryStore: Block broadcast_10 stored as values in memory (estimated size 223.6 KiB, free 433.5 MiB)
[2025-05-07T19:41:19.604+0000] {subprocess.py:93} INFO - 25/05/07 19:41:19 INFO MemoryStore: Block broadcast_10_piece0 stored as bytes in memory (estimated size 80.4 KiB, free 433.4 MiB)
[2025-05-07T19:41:19.605+0000] {subprocess.py:93} INFO - 25/05/07 19:41:19 INFO BlockManagerInfo: Added broadcast_10_piece0 in memory on 1a616c0a8036:37353 (size: 80.4 KiB, free: 434.2 MiB)
[2025-05-07T19:41:19.606+0000] {subprocess.py:93} INFO - 25/05/07 19:41:19 INFO SparkContext: Created broadcast 10 from broadcast at DAGScheduler.scala:1585
[2025-05-07T19:41:19.607+0000] {subprocess.py:93} INFO - 25/05/07 19:41:19 INFO DAGScheduler: Submitting 1 missing tasks from ResultStage 10 (MapPartitionsRDD[23] at save at NativeMethodAccessorImpl.java:0) (first 15 tasks are for partitions Vector(0))
[2025-05-07T19:41:19.607+0000] {subprocess.py:93} INFO - 25/05/07 19:41:19 INFO TaskSchedulerImpl: Adding task set 10.0 with 1 tasks resource profile 0
[2025-05-07T19:41:19.608+0000] {subprocess.py:93} INFO - 25/05/07 19:41:19 INFO TaskSetManager: Starting task 0.0 in stage 10.0 (TID 6) (1a616c0a8036, executor driver, partition 0, PROCESS_LOCAL, 9787 bytes)
[2025-05-07T19:41:19.609+0000] {subprocess.py:93} INFO - 25/05/07 19:41:19 INFO Executor: Running task 0.0 in stage 10.0 (TID 6)
[2025-05-07T19:41:19.644+0000] {subprocess.py:93} INFO - 25/05/07 19:41:19 INFO CodeGenerator: Code generated in 13.737803 ms
[2025-05-07T19:41:19.646+0000] {subprocess.py:93} INFO - 25/05/07 19:41:19 INFO FileOutputCommitter: File Output Committer Algorithm version is 1
[2025-05-07T19:41:19.646+0000] {subprocess.py:93} INFO - 25/05/07 19:41:19 INFO FileOutputCommitter: FileOutputCommitter skip cleanup _temporary folders under output directory:false, ignore cleanup failures: false
[2025-05-07T19:41:19.646+0000] {subprocess.py:93} INFO - 25/05/07 19:41:19 INFO SQLHadoopMapReduceCommitProtocol: Using user defined output committer class org.apache.parquet.hadoop.ParquetOutputCommitter
[2025-05-07T19:41:19.648+0000] {subprocess.py:93} INFO - 25/05/07 19:41:19 INFO FileOutputCommitter: File Output Committer Algorithm version is 1
[2025-05-07T19:41:19.649+0000] {subprocess.py:93} INFO - 25/05/07 19:41:19 INFO FileOutputCommitter: FileOutputCommitter skip cleanup _temporary folders under output directory:false, ignore cleanup failures: false
[2025-05-07T19:41:19.649+0000] {subprocess.py:93} INFO - 25/05/07 19:41:19 INFO SQLHadoopMapReduceCommitProtocol: Using output committer class org.apache.parquet.hadoop.ParquetOutputCommitter
[2025-05-07T19:41:19.650+0000] {subprocess.py:93} INFO - 25/05/07 19:41:19 INFO CodecConfig: Compression: SNAPPY
[2025-05-07T19:41:19.652+0000] {subprocess.py:93} INFO - 25/05/07 19:41:19 INFO CodecConfig: Compression: SNAPPY
[2025-05-07T19:41:19.667+0000] {subprocess.py:93} INFO - 25/05/07 19:41:19 INFO ParquetOutputFormat: ParquetRecordWriter [block size: 134217728b, row group padding size: 8388608b, validating: false]
[2025-05-07T19:41:19.689+0000] {subprocess.py:93} INFO - 25/05/07 19:41:19 INFO ParquetWriteSupport: Initialized Parquet WriteSupport with Catalyst schema:
[2025-05-07T19:41:19.689+0000] {subprocess.py:93} INFO - {
[2025-05-07T19:41:19.689+0000] {subprocess.py:93} INFO -   "type" : "struct",
[2025-05-07T19:41:19.690+0000] {subprocess.py:93} INFO -   "fields" : [ {
[2025-05-07T19:41:19.690+0000] {subprocess.py:93} INFO -     "name" : "continent",
[2025-05-07T19:41:19.690+0000] {subprocess.py:93} INFO -     "type" : "string",
[2025-05-07T19:41:19.691+0000] {subprocess.py:93} INFO -     "nullable" : true,
[2025-05-07T19:41:19.691+0000] {subprocess.py:93} INFO -     "metadata" : { }
[2025-05-07T19:41:19.691+0000] {subprocess.py:93} INFO -   }, {
[2025-05-07T19:41:19.692+0000] {subprocess.py:93} INFO -     "name" : "country",
[2025-05-07T19:41:19.692+0000] {subprocess.py:93} INFO -     "type" : "string",
[2025-05-07T19:41:19.692+0000] {subprocess.py:93} INFO -     "nullable" : true,
[2025-05-07T19:41:19.692+0000] {subprocess.py:93} INFO -     "metadata" : { }
[2025-05-07T19:41:19.693+0000] {subprocess.py:93} INFO -   }, {
[2025-05-07T19:41:19.693+0000] {subprocess.py:93} INFO -     "name" : "cases",
[2025-05-07T19:41:19.693+0000] {subprocess.py:93} INFO -     "type" : "long",
[2025-05-07T19:41:19.694+0000] {subprocess.py:93} INFO -     "nullable" : true,
[2025-05-07T19:41:19.694+0000] {subprocess.py:93} INFO -     "metadata" : { }
[2025-05-07T19:41:19.694+0000] {subprocess.py:93} INFO -   }, {
[2025-05-07T19:41:19.694+0000] {subprocess.py:93} INFO -     "name" : "deaths",
[2025-05-07T19:41:19.695+0000] {subprocess.py:93} INFO -     "type" : "long",
[2025-05-07T19:41:19.695+0000] {subprocess.py:93} INFO -     "nullable" : true,
[2025-05-07T19:41:19.695+0000] {subprocess.py:93} INFO -     "metadata" : { }
[2025-05-07T19:41:19.696+0000] {subprocess.py:93} INFO -   }, {
[2025-05-07T19:41:19.696+0000] {subprocess.py:93} INFO -     "name" : "recovered",
[2025-05-07T19:41:19.696+0000] {subprocess.py:93} INFO -     "type" : "long",
[2025-05-07T19:41:19.696+0000] {subprocess.py:93} INFO -     "nullable" : true,
[2025-05-07T19:41:19.697+0000] {subprocess.py:93} INFO -     "metadata" : { }
[2025-05-07T19:41:19.697+0000] {subprocess.py:93} INFO -   }, {
[2025-05-07T19:41:19.697+0000] {subprocess.py:93} INFO -     "name" : "egypt_time",
[2025-05-07T19:41:19.697+0000] {subprocess.py:93} INFO -     "type" : "timestamp",
[2025-05-07T19:41:19.698+0000] {subprocess.py:93} INFO -     "nullable" : true,
[2025-05-07T19:41:19.698+0000] {subprocess.py:93} INFO -     "metadata" : { }
[2025-05-07T19:41:19.698+0000] {subprocess.py:93} INFO -   } ]
[2025-05-07T19:41:19.698+0000] {subprocess.py:93} INFO - }
[2025-05-07T19:41:19.699+0000] {subprocess.py:93} INFO - and corresponding Parquet message type:
[2025-05-07T19:41:19.699+0000] {subprocess.py:93} INFO - message spark_schema {
[2025-05-07T19:41:19.699+0000] {subprocess.py:93} INFO -   optional binary continent (STRING);
[2025-05-07T19:41:19.700+0000] {subprocess.py:93} INFO -   optional binary country (STRING);
[2025-05-07T19:41:19.700+0000] {subprocess.py:93} INFO -   optional int64 cases;
[2025-05-07T19:41:19.700+0000] {subprocess.py:93} INFO -   optional int64 deaths;
[2025-05-07T19:41:19.700+0000] {subprocess.py:93} INFO -   optional int64 recovered;
[2025-05-07T19:41:19.701+0000] {subprocess.py:93} INFO -   optional int96 egypt_time;
[2025-05-07T19:41:19.701+0000] {subprocess.py:93} INFO - }
[2025-05-07T19:41:19.701+0000] {subprocess.py:93} INFO - 
[2025-05-07T19:41:19.702+0000] {subprocess.py:93} INFO - 
[2025-05-07T19:41:19.783+0000] {subprocess.py:93} INFO - 25/05/07 19:41:19 INFO CodecPool: Got brand-new compressor [.snappy]
[2025-05-07T19:41:19.918+0000] {subprocess.py:93} INFO - 25/05/07 19:41:19 INFO FileScanRDD: Reading File path: file:///opt/***/dags/CoronaProj/data.json, range: 0-213782, partition values: [empty row]
[2025-05-07T19:41:20.302+0000] {subprocess.py:93} INFO - 25/05/07 19:41:20 INFO FileOutputCommitter: Saved output of task 'attempt_20250507194119315695038482148406_0010_m_000000_6' to file:/opt/***/dags/CoronaProj/GeneratedData/2025-05-07 19:41:19.361030/data.csv/_temporary/0/task_20250507194119315695038482148406_0010_m_000000
[2025-05-07T19:41:20.303+0000] {subprocess.py:93} INFO - 25/05/07 19:41:20 INFO SparkHadoopMapRedUtil: attempt_20250507194119315695038482148406_0010_m_000000_6: Committed. Elapsed time: 33 ms.
[2025-05-07T19:41:20.309+0000] {subprocess.py:93} INFO - 25/05/07 19:41:20 INFO Executor: Finished task 0.0 in stage 10.0 (TID 6). 2626 bytes result sent to driver
[2025-05-07T19:41:20.310+0000] {subprocess.py:93} INFO - 25/05/07 19:41:20 INFO TaskSetManager: Finished task 0.0 in stage 10.0 (TID 6) in 702 ms on 1a616c0a8036 (executor driver) (1/1)
[2025-05-07T19:41:20.310+0000] {subprocess.py:93} INFO - 25/05/07 19:41:20 INFO TaskSchedulerImpl: Removed TaskSet 10.0, whose tasks have all completed, from pool
[2025-05-07T19:41:20.311+0000] {subprocess.py:93} INFO - 25/05/07 19:41:20 INFO DAGScheduler: ResultStage 10 (save at NativeMethodAccessorImpl.java:0) finished in 0.729 s
[2025-05-07T19:41:20.312+0000] {subprocess.py:93} INFO - 25/05/07 19:41:20 INFO DAGScheduler: Job 6 is finished. Cancelling potential speculative or zombie tasks for this job
[2025-05-07T19:41:20.312+0000] {subprocess.py:93} INFO - 25/05/07 19:41:20 INFO TaskSchedulerImpl: Killing all running tasks in stage 10: Stage finished
[2025-05-07T19:41:20.313+0000] {subprocess.py:93} INFO - 25/05/07 19:41:20 INFO DAGScheduler: Job 6 finished: save at NativeMethodAccessorImpl.java:0, took 0.734752 s
[2025-05-07T19:41:20.314+0000] {subprocess.py:93} INFO - 25/05/07 19:41:20 INFO FileFormatWriter: Start to commit write Job f8a80535-96d1-4e4a-8f9a-8d9f4ef8e300.
[2025-05-07T19:41:20.472+0000] {subprocess.py:93} INFO - 25/05/07 19:41:20 INFO FileFormatWriter: Write Job f8a80535-96d1-4e4a-8f9a-8d9f4ef8e300 committed. Elapsed time: 157 ms.
[2025-05-07T19:41:20.476+0000] {subprocess.py:93} INFO - 25/05/07 19:41:20 INFO FileFormatWriter: Finished processing stats for write job f8a80535-96d1-4e4a-8f9a-8d9f4ef8e300.
[2025-05-07T19:41:20.606+0000] {subprocess.py:93} INFO - Traceback (most recent call last):
[2025-05-07T19:41:20.606+0000] {subprocess.py:93} INFO -   File "/opt/***/dags/CoronaProj/Spark_script_process.py", line 118, in <module>
[2025-05-07T19:41:20.607+0000] {subprocess.py:93} INFO -     .save()
[2025-05-07T19:41:20.608+0000] {subprocess.py:93} INFO -   File "/home/***/.local/lib/python3.10/site-packages/pyspark/python/lib/pyspark.zip/pyspark/sql/readwriter.py", line 1461, in save
[2025-05-07T19:41:20.608+0000] {subprocess.py:93} INFO -   File "/home/***/.local/lib/python3.10/site-packages/pyspark/python/lib/py4j-0.10.9.7-src.zip/py4j/java_gateway.py", line 1322, in __call__
[2025-05-07T19:41:20.608+0000] {subprocess.py:93} INFO -   File "/home/***/.local/lib/python3.10/site-packages/pyspark/python/lib/pyspark.zip/pyspark/errors/exceptions/captured.py", line 179, in deco
[2025-05-07T19:41:20.608+0000] {subprocess.py:93} INFO -   File "/home/***/.local/lib/python3.10/site-packages/pyspark/python/lib/py4j-0.10.9.7-src.zip/py4j/protocol.py", line 326, in get_return_value
[2025-05-07T19:41:20.609+0000] {subprocess.py:93} INFO - py4j.protocol.Py4JJavaError: An error occurred while calling o87.save.
[2025-05-07T19:41:20.609+0000] {subprocess.py:93} INFO - : org.postgresql.util.PSQLException: Connection to localhost:5432 refused. Check that the hostname and port are correct and that the postmaster is accepting TCP/IP connections.
[2025-05-07T19:41:20.609+0000] {subprocess.py:93} INFO - 	at org.postgresql.core.v3.ConnectionFactoryImpl.openConnectionImpl(ConnectionFactoryImpl.java:352)
[2025-05-07T19:41:20.610+0000] {subprocess.py:93} INFO - 	at org.postgresql.core.ConnectionFactory.openConnection(ConnectionFactory.java:54)
[2025-05-07T19:41:20.610+0000] {subprocess.py:93} INFO - 	at org.postgresql.jdbc.PgConnection.<init>(PgConnection.java:273)
[2025-05-07T19:41:20.610+0000] {subprocess.py:93} INFO - 	at org.postgresql.Driver.makeConnection(Driver.java:446)
[2025-05-07T19:41:20.611+0000] {subprocess.py:93} INFO - 	at org.postgresql.Driver.connect(Driver.java:298)
[2025-05-07T19:41:20.611+0000] {subprocess.py:93} INFO - 	at org.apache.spark.sql.execution.datasources.jdbc.connection.BasicConnectionProvider.getConnection(BasicConnectionProvider.scala:49)
[2025-05-07T19:41:20.611+0000] {subprocess.py:93} INFO - 	at org.apache.spark.sql.execution.datasources.jdbc.connection.ConnectionProviderBase.create(ConnectionProvider.scala:102)
[2025-05-07T19:41:20.611+0000] {subprocess.py:93} INFO - 	at org.apache.spark.sql.jdbc.JdbcDialect.$anonfun$createConnectionFactory$1(JdbcDialects.scala:161)
[2025-05-07T19:41:20.612+0000] {subprocess.py:93} INFO - 	at org.apache.spark.sql.jdbc.JdbcDialect.$anonfun$createConnectionFactory$1$adapted(JdbcDialects.scala:157)
[2025-05-07T19:41:20.612+0000] {subprocess.py:93} INFO - 	at org.apache.spark.sql.execution.datasources.jdbc.JdbcRelationProvider.createRelation(JdbcRelationProvider.scala:50)
[2025-05-07T19:41:20.612+0000] {subprocess.py:93} INFO - 	at org.apache.spark.sql.execution.datasources.SaveIntoDataSourceCommand.run(SaveIntoDataSourceCommand.scala:48)
[2025-05-07T19:41:20.613+0000] {subprocess.py:93} INFO - 	at org.apache.spark.sql.execution.command.ExecutedCommandExec.sideEffectResult$lzycompute(commands.scala:75)
[2025-05-07T19:41:20.613+0000] {subprocess.py:93} INFO - 	at org.apache.spark.sql.execution.command.ExecutedCommandExec.sideEffectResult(commands.scala:73)
[2025-05-07T19:41:20.613+0000] {subprocess.py:93} INFO - 	at org.apache.spark.sql.execution.command.ExecutedCommandExec.executeCollect(commands.scala:84)
[2025-05-07T19:41:20.614+0000] {subprocess.py:93} INFO - 	at org.apache.spark.sql.execution.QueryExecution$$anonfun$eagerlyExecuteCommands$1.$anonfun$applyOrElse$1(QueryExecution.scala:107)
[2025-05-07T19:41:20.614+0000] {subprocess.py:93} INFO - 	at org.apache.spark.sql.execution.SQLExecution$.$anonfun$withNewExecutionId$6(SQLExecution.scala:125)
[2025-05-07T19:41:20.614+0000] {subprocess.py:93} INFO - 	at org.apache.spark.sql.execution.SQLExecution$.withSQLConfPropagated(SQLExecution.scala:201)
[2025-05-07T19:41:20.614+0000] {subprocess.py:93} INFO - 	at org.apache.spark.sql.execution.SQLExecution$.$anonfun$withNewExecutionId$1(SQLExecution.scala:108)
[2025-05-07T19:41:20.615+0000] {subprocess.py:93} INFO - 	at org.apache.spark.sql.SparkSession.withActive(SparkSession.scala:900)
[2025-05-07T19:41:20.615+0000] {subprocess.py:93} INFO - 	at org.apache.spark.sql.execution.SQLExecution$.withNewExecutionId(SQLExecution.scala:66)
[2025-05-07T19:41:20.615+0000] {subprocess.py:93} INFO - 	at org.apache.spark.sql.execution.QueryExecution$$anonfun$eagerlyExecuteCommands$1.applyOrElse(QueryExecution.scala:107)
[2025-05-07T19:41:20.615+0000] {subprocess.py:93} INFO - 	at org.apache.spark.sql.execution.QueryExecution$$anonfun$eagerlyExecuteCommands$1.applyOrElse(QueryExecution.scala:98)
[2025-05-07T19:41:20.616+0000] {subprocess.py:93} INFO - 	at org.apache.spark.sql.catalyst.trees.TreeNode.$anonfun$transformDownWithPruning$1(TreeNode.scala:461)
[2025-05-07T19:41:20.616+0000] {subprocess.py:93} INFO - 	at org.apache.spark.sql.catalyst.trees.CurrentOrigin$.withOrigin(origin.scala:76)
[2025-05-07T19:41:20.616+0000] {subprocess.py:93} INFO - 	at org.apache.spark.sql.catalyst.trees.TreeNode.transformDownWithPruning(TreeNode.scala:461)
[2025-05-07T19:41:20.617+0000] {subprocess.py:93} INFO - 	at org.apache.spark.sql.catalyst.plans.logical.LogicalPlan.org$apache$spark$sql$catalyst$plans$logical$AnalysisHelper$$super$transformDownWithPruning(LogicalPlan.scala:32)
[2025-05-07T19:41:20.617+0000] {subprocess.py:93} INFO - 	at org.apache.spark.sql.catalyst.plans.logical.AnalysisHelper.transformDownWithPruning(AnalysisHelper.scala:267)
[2025-05-07T19:41:20.617+0000] {subprocess.py:93} INFO - 	at org.apache.spark.sql.catalyst.plans.logical.AnalysisHelper.transformDownWithPruning$(AnalysisHelper.scala:263)
[2025-05-07T19:41:20.617+0000] {subprocess.py:93} INFO - 	at org.apache.spark.sql.catalyst.plans.logical.LogicalPlan.transformDownWithPruning(LogicalPlan.scala:32)
[2025-05-07T19:41:20.618+0000] {subprocess.py:93} INFO - 	at org.apache.spark.sql.catalyst.plans.logical.LogicalPlan.transformDownWithPruning(LogicalPlan.scala:32)
[2025-05-07T19:41:20.618+0000] {subprocess.py:93} INFO - 	at org.apache.spark.sql.catalyst.trees.TreeNode.transformDown(TreeNode.scala:437)
[2025-05-07T19:41:20.618+0000] {subprocess.py:93} INFO - 	at org.apache.spark.sql.execution.QueryExecution.eagerlyExecuteCommands(QueryExecution.scala:98)
[2025-05-07T19:41:20.619+0000] {subprocess.py:93} INFO - 	at org.apache.spark.sql.execution.QueryExecution.commandExecuted$lzycompute(QueryExecution.scala:85)
[2025-05-07T19:41:20.619+0000] {subprocess.py:93} INFO - 	at org.apache.spark.sql.execution.QueryExecution.commandExecuted(QueryExecution.scala:83)
[2025-05-07T19:41:20.619+0000] {subprocess.py:93} INFO - 	at org.apache.spark.sql.execution.QueryExecution.assertCommandExecuted(QueryExecution.scala:142)
[2025-05-07T19:41:20.620+0000] {subprocess.py:93} INFO - 	at org.apache.spark.sql.DataFrameWriter.runCommand(DataFrameWriter.scala:869)
[2025-05-07T19:41:20.620+0000] {subprocess.py:93} INFO - 	at org.apache.spark.sql.DataFrameWriter.saveToV1Source(DataFrameWriter.scala:391)
[2025-05-07T19:41:20.620+0000] {subprocess.py:93} INFO - 	at org.apache.spark.sql.DataFrameWriter.saveInternal(DataFrameWriter.scala:364)
[2025-05-07T19:41:20.620+0000] {subprocess.py:93} INFO - 	at org.apache.spark.sql.DataFrameWriter.save(DataFrameWriter.scala:251)
[2025-05-07T19:41:20.621+0000] {subprocess.py:93} INFO - 	at java.base/jdk.internal.reflect.NativeMethodAccessorImpl.invoke0(Native Method)
[2025-05-07T19:41:20.621+0000] {subprocess.py:93} INFO - 	at java.base/jdk.internal.reflect.NativeMethodAccessorImpl.invoke(NativeMethodAccessorImpl.java:77)
[2025-05-07T19:41:20.621+0000] {subprocess.py:93} INFO - 	at java.base/jdk.internal.reflect.DelegatingMethodAccessorImpl.invoke(DelegatingMethodAccessorImpl.java:43)
[2025-05-07T19:41:20.622+0000] {subprocess.py:93} INFO - 	at java.base/java.lang.reflect.Method.invoke(Method.java:569)
[2025-05-07T19:41:20.622+0000] {subprocess.py:93} INFO - 	at py4j.reflection.MethodInvoker.invoke(MethodInvoker.java:244)
[2025-05-07T19:41:20.622+0000] {subprocess.py:93} INFO - 	at py4j.reflection.ReflectionEngine.invoke(ReflectionEngine.java:374)
[2025-05-07T19:41:20.622+0000] {subprocess.py:93} INFO - 	at py4j.Gateway.invoke(Gateway.java:282)
[2025-05-07T19:41:20.623+0000] {subprocess.py:93} INFO - 	at py4j.commands.AbstractCommand.invokeMethod(AbstractCommand.java:132)
[2025-05-07T19:41:20.623+0000] {subprocess.py:93} INFO - 	at py4j.commands.CallCommand.execute(CallCommand.java:79)
[2025-05-07T19:41:20.623+0000] {subprocess.py:93} INFO - 	at py4j.ClientServerConnection.waitForCommands(ClientServerConnection.java:182)
[2025-05-07T19:41:20.623+0000] {subprocess.py:93} INFO - 	at py4j.ClientServerConnection.run(ClientServerConnection.java:106)
[2025-05-07T19:41:20.624+0000] {subprocess.py:93} INFO - 	at java.base/java.lang.Thread.run(Thread.java:840)
[2025-05-07T19:41:20.624+0000] {subprocess.py:93} INFO - Caused by: java.net.ConnectException: Connection refused
[2025-05-07T19:41:20.624+0000] {subprocess.py:93} INFO - 	at java.base/sun.nio.ch.Net.pollConnect(Native Method)
[2025-05-07T19:41:20.624+0000] {subprocess.py:93} INFO - 	at java.base/sun.nio.ch.Net.pollConnectNow(Net.java:672)
[2025-05-07T19:41:20.625+0000] {subprocess.py:93} INFO - 	at java.base/sun.nio.ch.NioSocketImpl.timedFinishConnect(NioSocketImpl.java:547)
[2025-05-07T19:41:20.625+0000] {subprocess.py:93} INFO - 	at java.base/sun.nio.ch.NioSocketImpl.connect(NioSocketImpl.java:602)
[2025-05-07T19:41:20.625+0000] {subprocess.py:93} INFO - 	at java.base/java.net.SocksSocketImpl.connect(SocksSocketImpl.java:327)
[2025-05-07T19:41:20.626+0000] {subprocess.py:93} INFO - 	at java.base/java.net.Socket.connect(Socket.java:633)
[2025-05-07T19:41:20.626+0000] {subprocess.py:93} INFO - 	at org.postgresql.core.PGStream.createSocket(PGStream.java:260)
[2025-05-07T19:41:20.626+0000] {subprocess.py:93} INFO - 	at org.postgresql.core.PGStream.<init>(PGStream.java:121)
[2025-05-07T19:41:20.626+0000] {subprocess.py:93} INFO - 	at org.postgresql.core.v3.ConnectionFactoryImpl.tryConnect(ConnectionFactoryImpl.java:140)
[2025-05-07T19:41:20.627+0000] {subprocess.py:93} INFO - 	at org.postgresql.core.v3.ConnectionFactoryImpl.openConnectionImpl(ConnectionFactoryImpl.java:268)
[2025-05-07T19:41:20.627+0000] {subprocess.py:93} INFO - 	... 50 more
[2025-05-07T19:41:20.627+0000] {subprocess.py:93} INFO - 
[2025-05-07T19:41:20.648+0000] {subprocess.py:93} INFO - 25/05/07 19:41:20 INFO SparkContext: Invoking stop() from shutdown hook
[2025-05-07T19:41:20.649+0000] {subprocess.py:93} INFO - 25/05/07 19:41:20 INFO SparkContext: SparkContext is stopping with exitCode 0.
[2025-05-07T19:41:20.657+0000] {subprocess.py:93} INFO - 25/05/07 19:41:20 INFO SparkUI: Stopped Spark web UI at http://1a616c0a8036:4040
[2025-05-07T19:41:20.665+0000] {subprocess.py:93} INFO - 25/05/07 19:41:20 INFO MapOutputTrackerMasterEndpoint: MapOutputTrackerMasterEndpoint stopped!
[2025-05-07T19:41:20.677+0000] {subprocess.py:93} INFO - 25/05/07 19:41:20 INFO MemoryStore: MemoryStore cleared
[2025-05-07T19:41:20.678+0000] {subprocess.py:93} INFO - 25/05/07 19:41:20 INFO BlockManager: BlockManager stopped
[2025-05-07T19:41:20.685+0000] {subprocess.py:93} INFO - 25/05/07 19:41:20 INFO BlockManagerMaster: BlockManagerMaster stopped
[2025-05-07T19:41:20.687+0000] {subprocess.py:93} INFO - 25/05/07 19:41:20 INFO OutputCommitCoordinator$OutputCommitCoordinatorEndpoint: OutputCommitCoordinator stopped!
[2025-05-07T19:41:20.694+0000] {subprocess.py:93} INFO - 25/05/07 19:41:20 INFO SparkContext: Successfully stopped SparkContext
[2025-05-07T19:41:20.694+0000] {subprocess.py:93} INFO - 25/05/07 19:41:20 INFO ShutdownHookManager: Shutdown hook called
[2025-05-07T19:41:20.695+0000] {subprocess.py:93} INFO - 25/05/07 19:41:20 INFO ShutdownHookManager: Deleting directory /tmp/spark-66eac987-3a61-41fd-87a7-2445a8937643
[2025-05-07T19:41:20.698+0000] {subprocess.py:93} INFO - 25/05/07 19:41:20 INFO ShutdownHookManager: Deleting directory /tmp/spark-7b607e5f-c0a4-4764-b570-e65153588b5f
[2025-05-07T19:41:20.701+0000] {subprocess.py:93} INFO - 25/05/07 19:41:20 INFO ShutdownHookManager: Deleting directory /tmp/spark-66eac987-3a61-41fd-87a7-2445a8937643/pyspark-4eee8b36-604f-45be-a4f3-5b7af28a412b
[2025-05-07T19:41:20.732+0000] {subprocess.py:97} INFO - Command exited with return code 1
[2025-05-07T19:41:20.742+0000] {taskinstance.py:2698} ERROR - Task failed with exception
Traceback (most recent call last):
  File "/home/airflow/.local/lib/python3.10/site-packages/airflow/models/taskinstance.py", line 433, in _execute_task
    result = execute_callable(context=context, **execute_callable_kwargs)
  File "/home/airflow/.local/lib/python3.10/site-packages/airflow/operators/bash.py", line 212, in execute
    raise AirflowException(
airflow.exceptions.AirflowException: Bash command failed. The command returned a non-zero exit code 1.
[2025-05-07T19:41:20.745+0000] {taskinstance.py:1138} INFO - Marking task as FAILED. dag_id=Simple_Corona_project, task_id=Spark_Processing, execution_date=20250507T194109, start_date=20250507T194111, end_date=20250507T194120
[2025-05-07T19:41:20.756+0000] {standard_task_runner.py:107} ERROR - Failed to execute job 45 for task Spark_Processing (Bash command failed. The command returned a non-zero exit code 1.; 1605)
[2025-05-07T19:41:20.775+0000] {local_task_job_runner.py:234} INFO - Task exited with return code 1
[2025-05-07T19:41:20.788+0000] {taskinstance.py:3280} INFO - 0 downstream tasks scheduled from follow-on schedule check
